123456788 8 8
910SPI1
flash1
H3lis331
icm20948
Lps25hb
Timer Start!
WhoAmI:50
H3LIS331 is OK
WhoAmI:189
LPS25HB is OK
WhoAmI:1
ICM20948 is NG
flashReadSPIFlashLatestAddress: 256
0..........
flashReadSPIFlashLatestAddress: 512
63..........
flashReadSPIFlashLatestAddress: 768
92..........
flashReadSPIFlashLatestAddress: 1024
55..........
flashReadSPIFlashLatestAddress: 1280
86..........
flashReadSPIFlashLatestAddress: 1536
115..........
flashReadSPIFlashLatestAddress: 1792
88..........
flashReadSPIFlashLatestAddress: 2048
115..........
flashReadSPIFlashLatestAddress: 2304
82..........
flashReadSPIFlashLatestAddress: 2560
106..........
flashReadSPIFlashLatestAddress: 2816
125..........
flashReadSPIFlashLatestAddress: 3072
103..........
flashReadSPIFlashLatestAddress: 3328
141..........
flashReadSPIFlashLatestAddress: 3584
104..........
flashReadSPIFlashLatestAddress: 3840
136..........
flashReadSPIFlashLatestAddress: 4096
167..........
flashReadSPIFlashLatestAddress: 4352
139..........
flashReadSPIFlashLatestAddress: 4608
163..........
flashReadSPIFlashLatestAddress: 4864
143..........
flashReadSPIFlashLatestAddress: 5120
159..........
flashReadSPIFlashLatestAddress: 5376
188..........
flashReadSPIFlashLatestAddress: 5632
155..........
flashReadSPIFlashLatestAddress: 5888
186..........
flashReadSPIFlashLatestAddress: 6144
161..........
flashReadSPIFlashLatestAddress: 6400
188..........
flashReadSPIFlashLatestAddress: 6656
215..........
flashReadSPIFlashLatestAddress: 6912
179..........
flashReadSPIFlashLatestAddress: 7168
204..........
flashReadSPIFlashLatestAddress: 7424
189..........
flashReadSPIFlashLatestAddress: 7680
215..........
flashReadSPIFlashLatestAddress: 7936
248..........
flashReadSPIFlashLatestAddress: 8192
215..........
flashReadSPIFlashLatestAddress: 8448
245..........
flashReadSPIFlashLatestAddress: 8704
225..........
flashReadSPIFlashLatestAddress: 8960
250..........
flashReadSPIFlashLatestAddress: 9216
18..........
flashReadSPIFlashLatestAddress: 9472
0..........
flashReadSPIFlashLatestAddress: 9728
16..........
flashReadSPIFlashLatestAddress: 9984
250..........
flashReadSPIFlashLatestAddress: 10240
16..........
flashReadSPIFlashLatestAddress: 10496
53..........
flashReadSPIFlashLatestAddress: 10752
30..........
flashReadSPIFlashLatestAddress: 11008
57..........
flashReadSPIFlashLatestAddress: 11264
29..........
flashReadSPIFlashLatestAddress: 11520
45........