09:00:15.031 > H3lis331
09:00:15.128 > icm20948
09:00:15.240 > Lps25hb
09:00:15.675 > Timer Start!
09:00:15.675 > WhoAmI:50
09:00:15.675 > H3LIS331 is OK
09:00:15.675 > WhoAmI:189
09:00:15.675 > LPS25HB is OK
09:00:15.675 > WhoAmI:1
09:00:15.675 > ICM20948 is NG
09:00:15.675 > flashReadSPIFlashLatestAddress: 256
09:00:15.675 > 0
09:00:15.675 > flashReadSPIFlashLatestAddress: 512
09:00:15.675 > 0
09:00:15.675 > flashReadSPIFlashLatestAddress: 768
09:00:15.675 > 0
09:00:15.675 > flashReadSPIFlashLatestAddress: 1024
09:00:15.675 > 0
09:00:15.675 > flashReadSPIFlashLatestAddress: 1280
09:00:15.675 > 0
09:00:15.675 > flashReadSPIFlashLatestAddress: 1536
09:00:15.675 > 0
09:00:15.675 > flashReadSPIFlashLatestAddress: 1792
09:00:15.675 > 0
09:00:15.675 > flashReadSPIFlashLatestAddress: 2048
09:00:15.675 > 0
09:00:15.675 > flashReadSPIFlashLatestAddress: 2304
09:00:15.675 > 0
09:00:15.675 > flashReadSPIFlashLatestAddress: 2560
09:00:15.675 > 0
09:00:15.675 > flashReadSPIFlashLatestAddress: 2816
09:00:15.675 > 0
09:00:15.675 > flashReadSPIFlashLatestAddress: 3072
09:00:15.675 > 0
09:00:15.675 > flashReadSPIFlashLatestAddress: 3328
09:00:15.675 > 0
09:00:15.675 > flashReadSPIFlashLatestAddress: 3584
09:00:15.675 > 0
09:00:15.675 > flashReadSPIFlashLatestAddress: 3840
09:00:15.675 > 0
09:00:15.675 > flashReadSPIFlashLatestAddress: 4096
09:00:15.675 > 0
09:00:15.675 > flashReadSPIFlashLatestAddress: 4352
09:00:15.675 > 0
09:00:15.675 > flashReadSPIFlashLatestAddress: 4608
09:00:15.675 > 0
09:00:15.675 > flashReadSPIFlashLatestAddress: 4864
09:00:15.675 > 0
09:00:15.675 > flashReadSPIFlashLatestAddress: 5120
09:00:15.675 > 0
09:00:15.675 > flashReadSPIFlashLatestAddress: 5376
09:00:15.675 > 0
09:00:15.675 > flashReadSPIFlashLatestAddress: 5632
09:00:15.675 > 0
09:00:15.675 > flashReadSPIFlashLatestAddress: 5888
09:00:15.675 > 0
09:00:15.675 > flashReadSPIFlashLatestAddress: 6144
09:00:15.675 > 0
09:00:15.675 > flashReadSPIFlashLatestAddress: 6400
09:00:15.675 > 0
09:00:15.675 > flashReadSPIFlashLatestAddress: 6656
09:00:15.675 > 0
09:00:15.675 > flashReadSPIFlashLatestAddress: 6912
09:00:15.675 > 0
09:00:15.675 > flashReadSPIFlashLatestAddress: 7168
09:00:15.675 > 0
09:00:15.675 > flashReadSPIFlashLatestAddress: 7424
09:00:15.675 > 0
09:00:15.675 > flashReadSPIFlashLatestAddress: 7680
09:00:15.675 > 0
09:00:15.675 > flashReadSPIFlashLatestAddress: 7936
09:00:15.675 > 0
09:00:15.675 > flashReadSPIFlashLatestAddress: 8192
09:00:15.675 > 0
09:00:15.675 > flashReadSPIFlashLatestAddress: 8448
09:00:15.675 > 0
09:00:15.675 > flashReadSPIFlashLatestAddress: 8704
09:00:15.675 > 0
09:00:15.675 > flashReadSPIFlashLatestAddress: 8960
09:00:15.675 > 0
09:00:15.675 > flashReadSPIFlashLatestAddress: 9216
09:00:15.675 > 0
09:00:15.675 > flashReadSPIFlashLatestAddress: 9472
09:00:15.675 > 0
09:00:15.675 > flashReadSPIFlashLatestAddress: 9728
09:00:15.675 > 0
09:00:15.675 > flashReadSPIFlashLatestAddress: 9984
09:00:15.675 > 0
09:00:15.675 > flashReadSPIFlashLatestAddress: 10240
09:00:15.675 > 0
09:00:15.675 > flashReadSPIFlashLatestAddress: 10496
09:00:15.675 > 0
09:00:15.675 > flashReadSPIFlashLatestAddress: 10752
09:00:15.675 > 0
09:00:15.675 > flashReadSPIFlashLatestAddress: 11008
09:00:15.675 > 0
09:00:15.675 > flashReadSPIFlashLatestAddress: 11264
09:00:15.675 > 0
09:00:15.675 > flashReadSPIFlashLatestAddress: 11520
09:00:15.675 > 0
09:00:15.675 > flashReadSPIFlashLatestAddress: 11776
09:00:15.675 > 0
09:00:15.675 > flashReadSPIFlashLatestAddress: 12032
09:00:15.675 > 0
09:00:15.675 > flashReadSPIFlashLatestAddress: 12288
09:00:15.675 > 0
09:00:15.675 > flashReadSPIFlashLatestAddress: 12544
09:00:15.675 > 0
09:00:15.675 > flashReadSPIFlashLatestAddress: 12800
09:00:15.675 > 0
09:00:15.675 > flashReadSPIFlashLatestAddress: 13056
09:00:15.675 > 0
09:00:15.675 > flashReadSPIFlashLatestAddress: 13312
09:00:15.675 > 0
09:00:15.675 > flashReadSPIFlashLatestAddress: 13568
09:00:15.675 > 0
09:00:15.675 > flashReadSPIFlashLatestAddress: 13824
09:00:15.675 > 0
09:00:15.675 > flashReadSPIFlashLatestAddress: 14080
09:00:15.675 > 0
09:00:15.675 > flashReadSPIFlashLatestAddress: 14336
09:00:15.675 > 0
09:00:15.675 > flashReadSPIFlashLatestAddress: 14592
09:00:15.675 > 0
09:00:15.675 > flashReadSPIFlashLatestAddress: 14848
09:00:15.675 > 0
09:00:15.675 > flashReadSPIFlashLatestAddress: 15104
09:00:15.675 > 0
09:00:15.675 > flashReadSPIFlashLatestAddress: 15360
09:00:15.675 > 0
09:00:15.675 > flashReadSPIFlashLatestAddress: 15616
09:00:15.675 > 0
09:00:15.675 > flashReadSPIFlashLatestAddress: 15872
09:00:15.675 > 0
09:00:15.675 > flashReadSPIFlashLatestAddress: 16128
09:00:15.675 > 0
09:00:15.675 > flashReadSPIFlashLatestAddress: 16384
09:00:15.675 > 0
09:00:15.675 > flashReadSPIFlashLatestAddress: 16640
09:00:15.675 > 0
09:00:15.675 > flashReadSPIFlashLatestAddress: 16896
09:00:15.675 > 0
09:00:15.675 > flashReadSPIFlashLatestAddress: 17152
09:00:15.675 > 0
09:00:15.675 > flashReadSPIFlashLatestAddress: 17408
09:00:15.675 > 0
09:00:15.675 > flashReadSPIFlashLatestAddress: 17664
09:00:15.675 > 0
09:00:15.675 > flashReadSPIFlashLatestAddress: 17920
09:00:15.675 > 0
09:00:15.675 > flashReadSPIFlashLatestAddress: 18176
09:00:15.675 > 0
09:00:15.675 > flashReadSPIFlashLatestAddress: 18432
09:00:15.675 > 0
09:00:15.675 > flashReadSPIFlashLatestAddress: 18688
09:00:15.675 > 0
09:00:15.675 > flashReadSPIFlashLatestAddress: 18944
09:00:15.675 > 0
09:00:15.675 > flashReadSPIFlashLatestAddress: 19200
09:00:15.675 > 0
09:00:15.675 > flashReadSPIFlashLatestAddress: 19456
09:00:15.675 > 0
09:00:15.675 > flashReadSPIFlashLatestAddress: 19712
09:00:15.675 > 0
09:00:15.675 > flashReadSPIFlashLatestAddress: 19968
09:00:15.675 > 0
09:00:15.675 > flashReadSPIFlashLatestAddress: 20224
09:00:15.675 > 0
09:00:15.675 > flashReadSPIFlashLatestAddress: 20480
09:00:15.675 > 0
09:00:15.675 > flashReadSPIFlashLatestAddress: 20736
09:00:15.675 > 0
09:00:15.675 > flashReadSPIFlashLatestAddress: 20992
09:00:15.675 > 0
09:00:15.675 > flashReadSPIFlashLatestAddress: 21248
09:00:15.675 > 0
09:00:15.675 > flashReadSPIFlashLatestAddress: 21504
09:00:15.675 > 0
09:00:15.675 > flashReadSPIFlashLatestAddress: 21760
09:00:15.675 > 0
09:00:15.675 > flashReadSPIFlashLatestAddress: 22016
09:00:15.675 > 0
09:00:15.675 > flashReadSPIFlashLatestAddress: 22272
09:00:15.675 > 0
09:00:15.675 > flashReadSPIFlashLatestAddress: 22528
09:00:15.675 > 0
09:00:15.675 > flashReadSPIFlashLatestAddress: 22784
09:00:15.675 > 0
09:00:15.675 > flashReadSPIFlashLatestAddress: 23040
09:00:15.675 > 0
09:00:15.675 > flashReadSPIFlashLatestAddress: 23296
09:00:15.675 > 0
09:00:15.675 > flashReadSPIFlashLatestAddress: 23552
09:00:15.675 > 0
09:00:15.675 > flashReadSPIFlashLatestAddress: 23808
09:00:15.675 > 0
09:00:15.675 > flashReadSPIFlashLatestAddress: 24064
09:00:15.675 > 0
09:00:15.675 > flashReadSPIFlashLatestAddress: 24320
09:00:15.675 > 0
09:00:15.675 > flashReadSPIFlashLatestAddress: 24576
09:00:15.675 > 0
09:00:15.675 > flashReadSPIFlashLatestAddress: 24832
09:00:15.675 > 0
09:00:15.675 > flashReadSPIFlashLatestAddress: 25088
09:00:16.013 > 0
09:00:16.013 > flashReadSPIFlashLatestAddress: 25344
09:00:16.013 > 0
09:00:16.013 > flashReadSPIFlashLatestAddress: 25600
09:00:16.013 > 0
09:00:16.013 > flashReadSPIFlashLatestAddress: 25856
09:00:16.013 > 0
09:00:16.013 > flashReadSPIFlashLatestAddress: 26112
09:00:16.013 > 0
09:00:16.013 > flashReadSPIFlashLatestAddress: 26368
09:00:16.013 > 0
09:00:16.013 > flashReadSPIFlashLatestAddress: 26624
09:00:16.013 > 0
09:00:16.013 > flashReadSPIFlashLatestAddress: 26880
09:00:16.013 > 0
09:00:16.013 > flashReadSPIFlashLatestAddress: 27136
09:00:16.013 > 0
09:00:16.013 > flashReadSPIFlashLatestAddress: 27392
09:00:16.013 > 0
09:00:16.013 > flashReadSPIFlashLatestAddress: 27648
09:00:16.013 > 0
09:00:16.013 > flashReadSPIFlashLatestAddress: 27904
09:00:16.013 > 0
09:00:16.013 > flashReadSPIFlashLatestAddress: 28160
09:00:16.013 > 0
09:00:16.013 > flashReadSPIFlashLatestAddress: 28416
09:00:16.013 > 0
09:00:16.013 > flashReadSPIFlashLatestAddress: 28672
09:00:16.013 > 0
09:00:16.013 > flashReadSPIFlashLatestAddress: 28928
09:00:16.013 > 0
09:00:16.013 > flashReadSPIFlashLatestAddress: 29184
09:00:16.013 > 0
09:00:16.013 > flashReadSPIFlashLatestAddress: 29440
09:00:16.013 > 0
09:00:16.013 > flashReadSPIFlashLatestAddress: 29696
09:00:16.013 > 0
09:00:16.013 > flashReadSPIFlashLatestAddress: 29952
09:00:16.013 > 0
09:00:16.013 > flashReadSPIFlashLatestAddress: 30208
09:00:16.013 > 0
09:00:16.013 > flashReadSPIFlashLatestAddress: 30464
09:00:16.013 > 0
09:00:16.013 > flashReadSPIFlashLatestAddress: 30720
09:00:16.013 > 0
09:00:16.013 > flashReadSPIFlashLatestAddress: 30976
09:00:16.013 > 0
09:00:16.013 > flashReadSPIFlashLatestAddress: 31232
09:00:16.013 > 0
09:00:16.013 > flashReadSPIFlashLatestAddress: 31488
09:00:16.013 > 0
09:00:16.013 > flashReadSPIFlashLatestAddress: 31744
09:00:16.013 > 0
09:00:16.013 > flashReadSPIFlashLatestAddress: 32000
09:00:16.013 > 0
09:00:16.013 > flashReadSPIFlashLatestAddress: 32256
09:00:16.013 > 0
09:00:16.013 > flashReadSPIFlashLatestAddress: 32512
09:00:16.013 > 0
09:00:16.013 > flashReadSPIFlashLatestAddress: 32768
09:00:16.013 > 0
09:00:16.013 > flashReadSPIFlashLatestAddress: 33024
09:00:16.013 > 0
09:00:16.013 > flashReadSPIFlashLatestAddress: 33280
09:00:16.013 > 0
09:00:16.013 > flashReadSPIFlashLatestAddress: 33536
09:00:16.013 > 0
09:00:16.013 > flashReadSPIFlashLatestAddress: 33792
09:00:16.013 > 0
09:00:16.013 > flashReadSPIFlashLatestAddress: 34048
09:00:16.013 > 0
09:00:16.013 > flashReadSPIFlashLatestAddress: 34304
09:00:16.013 > 0
09:00:16.013 > flashReadSPIFlashLatestAddress: 34560
09:00:16.013 > 0
09:00:16.013 > flashReadSPIFlashLatestAddress: 34816
09:00:16.013 > 0
09:00:16.013 > flashReadSPIFlashLatestAddress: 35072
09:00:16.013 > 0
09:00:16.013 > flashReadSPIFlashLatestAddress: 35328
09:00:16.013 > 0
09:00:16.013 > flashReadSPIFlashLatestAddress: 35584
09:00:16.013 > 0
09:00:16.013 > flashReadSPIFlashLatestAddress: 35840
09:00:16.013 > 0
09:00:16.013 > flashReadSPIFlashLatestAddress: 36096
09:00:16.013 > 0
09:00:16.013 > flashReadSPIFlashLatestAddress: 36352
09:00:16.013 > 0
09:00:16.013 > flashReadSPIFlashLatestAddress: 36608
09:00:16.013 > 0
09:00:16.013 > flashReadSPIFlashLatestAddress: 36864
09:00:16.013 > 0
09:00:16.013 > flashReadSPIFlashLatestAddress: 37120
09:00:16.013 > 0
09:00:16.013 > flashReadSPIFlashLatestAddress: 37376
09:00:16.013 > 0
09:00:16.013 > flashReadSPIFlashLatestAddress: 37632
09:00:16.013 > 0
09:00:16.013 > flashReadSPIFlashLatestAddress: 37888
09:00:16.013 > 0
09:00:16.013 > flashReadSPIFlashLatestAddress: 38144
09:00:16.013 > 0
09:00:16.013 > flashReadSPIFlashLatestAddress: 38400
09:00:16.013 > 0
09:00:16.013 > flashReadSPIFlashLatestAddress: 38656
09:00:16.013 > 0
09:00:16.013 > flashReadSPIFlashLatestAddress: 38912
09:00:16.013 > 0
09:00:16.013 > flashReadSPIFlashLatestAddress: 39168
09:00:16.013 > 0
09:00:16.013 > flashReadSPIFlashLatestAddress: 39424
09:00:16.013 > 0
09:00:16.013 > flashReadSPIFlashLatestAddress: 39680
09:00:16.013 > 0
09:00:16.013 > flashReadSPIFlashLatestAddress: 39936
09:00:16.013 > 0
09:00:16.013 > flashReadSPIFlashLatestAddress: 40192
09:00:16.013 > 0
09:00:16.013 > flashReadSPIFlashLatestAddress: 40448
09:00:16.013 > 0
09:00:16.013 > flashReadSPIFlashLatestAddress: 40704
09:00:16.013 > 0
09:00:16.013 > flashReadSPIFlashLatestAddress: 40960
09:00:16.013 > 0
09:00:16.013 > flashReadSPIFlashLatestAddress: 41216
09:00:16.013 > 0
09:00:16.013 > flashReadSPIFlashLatestAddress: 41472
09:00:16.013 > 0
09:00:16.013 > flashReadSPIFlashLatestAddress: 41728
09:00:16.013 > 0
09:00:16.013 > flashReadSPIFlashLatestAddress: 41984
09:00:16.013 > 0
09:00:16.013 > flashReadSPIFlashLatestAddress: 42240
09:00:16.013 > 0
09:00:16.013 > flashReadSPIFlashLatestAddress: 42496
09:00:16.013 > 0
09:00:16.013 > flashReadSPIFlashLatestAddress: 42752
09:00:16.013 > 0
09:00:16.013 > flashReadSPIFlashLatestAddress: 43008
09:00:16.013 > 0
09:00:16.013 > flashReadSPIFlashLatestAddress: 43264
09:00:16.013 > 0
09:00:16.013 > flashReadSPIFlashLatestAddress: 43520
09:00:16.013 > 0
09:00:16.013 > flashReadSPIFlashLatestAddress: 43776
09:00:16.013 > 0
09:00:16.013 > flashReadSPIFlashLatestAddress: 44032
09:00:16.013 > 0
09:00:16.013 > flashReadSPIFlashLatestAddress: 44288
09:00:16.013 > 0
09:00:16.013 > flashReadSPIFlashLatestAddress: 44544
09:00:16.013 > 0
09:00:16.013 > flashReadSPIFlashLatestAddress: 44800
09:00:16.013 > 0
09:00:16.013 > flashReadSPIFlashLatestAddress: 45056
09:00:16.013 > 0
09:00:16.013 > flashReadSPIFlashLatestAddress: 45312
09:00:16.013 > 0
09:00:16.013 > flashReadSPIFlashLatestAddress: 45568
09:00:16.013 > 0
09:00:16.013 > flashReadSPIFlashLatestAddress: 45824
09:00:16.013 > 0
09:00:16.013 > flashReadSPIFlashLatestAddress: 46080
09:00:16.013 > 0
09:00:16.013 > flashReadSPIFlashLatestAddress: 46336
09:00:16.013 > 0
09:00:16.013 > flashReadSPIFlashLatestAddress: 46592
09:00:16.013 > 0
09:00:16.013 > flashReadSPIFlashLatestAddress: 46848
09:00:16.013 > 0
09:00:16.013 > flashReadSPIFlashLatestAddress: 47104
09:00:16.013 > 0
09:00:16.013 > flashReadSPIFlashLatestAddress: 47360
09:00:16.013 > 0
09:00:16.013 > flashReadSPIFlashLatestAddress: 47616
09:00:16.013 > 0
09:00:16.013 > flashReadSPIFlashLatestAddress: 47872
09:00:16.013 > 0
09:00:16.013 > flashReadSPIFlashLatestAddress: 48128
09:00:16.013 > 0
09:00:16.013 > flashReadSPIFlashLatestAddress: 48384
09:00:16.013 > 0
09:00:16.013 > flashReadSPIFlashLatestAddress: 48640
09:00:16.013 > 0
09:00:16.013 > flashReadSPIFlashLatestAddress: 48896
09:00:16.013 > 0
09:00:16.013 > flashReadSPIFlashLatestAddress: 49152
09:00:16.013 > 0
09:00:16.013 > flashReadSPIFlashLatestAddress: 49408
09:00:16.013 > 0
09:00:16.013 > flashReadSPIFlashLatestAddress: 49664
09:00:16.013 > 0
09:00:16.013 > flashReadSPIFlashLatestAddress: 49920
09:00:16.013 > 0
09:00:16.013 > flashReadSPIFlashLatestAddress: 50176
09:00:16.013 > 0
09:00:16.013 > flashReadSPIFlashLatestAddress: 50432
09:00:16.013 > 0
09:00:16.013 > flashReadSPIFlashLatestAddress: 50688
09:00:16.357 > 0
09:00:16.357 > flashReadSPIFlashLatestAddress: 50944
09:00:16.357 > 0
09:00:16.357 > flashReadSPIFlashLatestAddress: 51200
09:00:16.357 > 0
09:00:16.357 > flashReadSPIFlashLatestAddress: 51456
09:00:16.357 > 0
09:00:16.357 > flashReadSPIFlashLatestAddress: 51712
09:00:16.357 > 0
09:00:16.357 > flashReadSPIFlashLatestAddress: 51968
09:00:16.357 > 0
09:00:16.357 > flashReadSPIFlashLatestAddress: 52224
09:00:16.357 > 0
09:00:16.357 > flashReadSPIFlashLatestAddress: 52480
09:00:16.357 > 0
09:00:16.357 > flashReadSPIFlashLatestAddress: 52736
09:00:16.357 > 0
09:00:16.357 > flashReadSPIFlashLatestAddress: 52992
09:00:16.357 > 0
09:00:16.357 > flashReadSPIFlashLatestAddress: 53248
09:00:16.357 > 0
09:00:16.357 > flashReadSPIFlashLatestAddress: 53504
09:00:16.357 > 0
09:00:16.357 > flashReadSPIFlashLatestAddress: 53760
09:00:16.357 > 0
09:00:16.357 > flashReadSPIFlashLatestAddress: 54016
09:00:16.357 > 0
09:00:16.357 > flashReadSPIFlashLatestAddress: 54272
09:00:16.357 > 0
09:00:16.357 > flashReadSPIFlashLatestAddress: 54528
09:00:16.357 > 0
09:00:16.357 > flashReadSPIFlashLatestAddress: 54784
09:00:16.357 > 0
09:00:16.357 > flashReadSPIFlashLatestAddress: 55040
09:00:16.357 > 0
09:00:16.357 > flashReadSPIFlashLatestAddress: 55296
09:00:16.357 > 0
09:00:16.357 > flashReadSPIFlashLatestAddress: 55552
09:00:16.357 > 0
09:00:16.357 > flashReadSPIFlashLatestAddress: 55808
09:00:16.357 > 0
09:00:16.357 > flashReadSPIFlashLatestAddress: 56064
09:00:16.357 > 0
09:00:16.357 > flashReadSPIFlashLatestAddress: 56320
09:00:16.357 > 0
09:00:16.357 > flashReadSPIFlashLatestAddress: 56576
09:00:16.357 > 0
09:00:16.357 > flashReadSPIFlashLatestAddress: 56832
09:00:16.357 > 0
09:00:16.357 > flashReadSPIFlashLatestAddress: 57088
09:00:16.357 > 0
09:00:16.357 > flashReadSPIFlashLatestAddress: 57344
09:00:16.357 > 0
09:00:16.357 > flashReadSPIFlashLatestAddress: 57600
09:00:16.357 > 0
09:00:16.357 > flashReadSPIFlashLatestAddress: 57856
09:00:16.357 > 0
09:00:16.357 > flashReadSPIFlashLatestAddress: 58112
09:00:16.357 > 0
09:00:16.357 > flashReadSPIFlashLatestAddress: 58368
09:00:16.357 > 0
09:00:16.357 > flashReadSPIFlashLatestAddress: 58624
09:00:16.357 > 0
09:00:16.357 > flashReadSPIFlashLatestAddress: 58880
09:00:16.357 > 0
09:00:16.357 > flashReadSPIFlashLatestAddress: 59136
09:00:16.357 > 0
09:00:16.357 > flashReadSPIFlashLatestAddress: 59392
09:00:16.357 > 0
09:00:16.357 > flashReadSPIFlashLatestAddress: 59648
09:00:16.357 > 0
09:00:16.357 > flashReadSPIFlashLatestAddress: 59904
09:00:16.357 > 0
09:00:16.357 > flashReadSPIFlashLatestAddress: 60160
09:00:16.357 > 0
09:00:16.357 > flashReadSPIFlashLatestAddress: 60416
09:00:16.357 > 0
09:00:16.357 > flashReadSPIFlashLatestAddress: 60672
09:00:16.357 > 0
09:00:16.357 > flashReadSPIFlashLatestAddress: 60928
09:00:16.357 > 0
09:00:16.357 > flashReadSPIFlashLatestAddress: 61184
09:00:16.357 > 0
09:00:16.357 > flashReadSPIFlashLatestAddress: 61440
09:00:16.357 > 0
09:00:16.357 > flashReadSPIFlashLatestAddress: 61696
09:00:16.357 > 0
09:00:16.357 > flashReadSPIFlashLatestAddress: 61952
09:00:16.357 > 0
09:00:16.357 > flashReadSPIFlashLatestAddress: 62208
09:00:16.357 > 0
09:00:16.357 > flashReadSPIFlashLatestAddress: 62464
09:00:16.357 > 0
09:00:16.357 > flashReadSPIFlashLatestAddress: 62720
09:00:16.357 > 0
09:00:16.357 > flashReadSPIFlashLatestAddress: 62976
09:00:16.357 > 0
09:00:16.357 > flashReadSPIFlashLatestAddress: 63232
09:00:16.357 > 0
09:00:16.357 > flashReadSPIFlashLatestAddress: 63488
09:00:16.357 > 0
09:00:16.357 > flashReadSPIFlashLatestAddress: 63744
09:00:16.357 > 0
09:00:16.357 > flashReadSPIFlashLatestAddress: 64000
09:00:16.357 > 0
09:00:16.357 > flashReadSPIFlashLatestAddress: 64256
09:00:16.357 > 0
09:00:16.357 > flashReadSPIFlashLatestAddress: 64512
09:00:16.357 > 0
09:00:16.357 > flashReadSPIFlashLatestAddress: 64768
09:00:16.357 > 0
09:00:16.357 > flashReadSPIFlashLatestAddress: 65024
09:00:16.357 > 0
09:00:16.357 > flashReadSPIFlashLatestAddress: 65280
09:00:16.357 > 0
09:00:16.357 > flashReadSPIFlashLatestAddress: 65536
09:00:16.357 > 0
09:00:16.357 > flashReadSPIFlashLatestAddress: 65792
09:00:16.357 > 0
09:00:16.357 > flashReadSPIFlashLatestAddress: 66048
09:00:16.357 > 0
09:00:16.357 > flashReadSPIFlashLatestAddress: 66304
09:00:16.357 > 0
09:00:16.357 > flashReadSPIFlashLatestAddress: 66560
09:00:16.357 > 0
09:00:16.357 > flashReadSPIFlashLatestAddress: 66816
09:00:16.357 > 0
09:00:16.357 > flashReadSPIFlashLatestAddress: 67072
09:00:16.357 > 0
09:00:16.357 > flashReadSPIFlashLatestAddress: 67328
09:00:16.357 > 0
09:00:16.357 > flashReadSPIFlashLatestAddress: 67584
09:00:16.357 > 0
09:00:16.357 > flashReadSPIFlashLatestAddress: 67840
09:00:16.357 > 0
09:00:16.357 > flashReadSPIFlashLatestAddress: 68096
09:00:16.357 > 0
09:00:16.357 > flashReadSPIFlashLatestAddress: 68352
09:00:16.357 > 0
09:00:16.357 > flashReadSPIFlashLatestAddress: 68608
09:00:16.357 > 0
09:00:16.357 > flashReadSPIFlashLatestAddress: 68864
09:00:16.357 > 0
09:00:16.357 > flashReadSPIFlashLatestAddress: 69120
09:00:16.357 > 0
09:00:16.357 > flashReadSPIFlashLatestAddress: 69376
09:00:16.357 > 0
09:00:16.357 > flashReadSPIFlashLatestAddress: 69632
09:00:16.357 > 0
09:00:16.357 > flashReadSPIFlashLatestAddress: 69888
09:00:16.357 > 0
09:00:16.357 > flashReadSPIFlashLatestAddress: 70144
09:00:16.357 > 0
09:00:16.357 > flashReadSPIFlashLatestAddress: 70400
09:00:16.357 > 0
09:00:16.357 > flashReadSPIFlashLatestAddress: 70656
09:00:16.357 > 0
09:00:16.357 > flashReadSPIFlashLatestAddress: 70912
09:00:16.357 > 0
09:00:16.357 > flashReadSPIFlashLatestAddress: 71168
09:00:16.357 > 0
09:00:16.357 > flashReadSPIFlashLatestAddress: 71424
09:00:16.357 > 0
09:00:16.357 > flashReadSPIFlashLatestAddress: 71680
09:00:16.357 > 0
09:00:16.357 > flashReadSPIFlashLatestAddress: 71936
09:00:16.357 > 0
09:00:16.357 > flashReadSPIFlashLatestAddress: 72192
09:00:16.357 > 0
09:00:16.357 > flashReadSPIFlashLatestAddress: 72448
09:00:16.357 > 0
09:00:16.357 > flashReadSPIFlashLatestAddress: 72704
09:00:16.357 > 0
09:00:16.357 > flashReadSPIFlashLatestAddress: 72960
09:00:16.357 > 0
09:00:16.357 > flashReadSPIFlashLatestAddress: 73216
09:00:16.357 > 0
09:00:16.357 > flashReadSPIFlashLatestAddress: 73472
09:00:16.357 > 0
09:00:16.357 > flashReadSPIFlashLatestAddress: 73728
09:00:16.357 > 0
09:00:16.357 > flashReadSPIFlashLatestAddress: 73984
09:00:16.357 > 0
09:00:16.357 > flashReadSPIFlashLatestAddress: 74240
09:00:16.357 > 0
09:00:16.357 > flashReadSPIFlashLatestAddress: 74496
09:00:16.357 > 0
09:00:16.357 > flashReadSPIFlashLatestAddress: 74752
09:00:16.357 > 0
09:00:16.357 > flashReadSPIFlashLatestAddress: 75008
09:00:16.357 > 0
09:00:16.357 > flashReadSPIFlashLatestAddress: 75264
09:00:16.357 > 0
09:00:16.357 > flashReadSPIFlashLatestAddress: 75520
09:00:16.357 > 0
09:00:16.357 > flashReadSPIFlashLatestAddress: 75776
09:00:16.357 > 0
09:00:16.357 > flashReadSPIFlashLatestAddress: 76032
09:00:16.702 > 0
09:00:16.702 > flashReadSPIFlashLatestAddress: 76288
09:00:16.702 > 0
09:00:16.702 > flashReadSPIFlashLatestAddress: 76544
09:00:16.702 > 0
09:00:16.702 > flashReadSPIFlashLatestAddress: 76800
09:00:16.702 > 0
09:00:16.702 > flashReadSPIFlashLatestAddress: 77056
09:00:16.702 > 0
09:00:16.702 > flashReadSPIFlashLatestAddress: 77312
09:00:16.702 > 0
09:00:16.702 > flashReadSPIFlashLatestAddress: 77568
09:00:16.702 > 0
09:00:16.702 > flashReadSPIFlashLatestAddress: 77824
09:00:16.702 > 0
09:00:16.702 > flashReadSPIFlashLatestAddress: 78080
09:00:16.702 > 0
09:00:16.702 > flashReadSPIFlashLatestAddress: 78336
09:00:16.702 > 0
09:00:16.702 > flashReadSPIFlashLatestAddress: 78592
09:00:16.702 > 0
09:00:16.702 > flashReadSPIFlashLatestAddress: 78848
09:00:16.702 > 0
09:00:16.702 > flashReadSPIFlashLatestAddress: 79104
09:00:16.702 > 0
09:00:16.702 > flashReadSPIFlashLatestAddress: 79360
09:00:16.702 > 0
09:00:16.702 > flashReadSPIFlashLatestAddress: 79616
09:00:16.702 > 0
09:00:16.702 > flashReadSPIFlashLatestAddress: 79872
09:00:16.702 > 0
09:00:16.702 > flashReadSPIFlashLatestAddress: 80128
09:00:16.702 > 0
09:00:16.702 > flashReadSPIFlashLatestAddress: 80384
09:00:16.702 > 0
09:00:16.702 > flashReadSPIFlashLatestAddress: 80640
09:00:16.702 > 0
09:00:16.702 > flashReadSPIFlashLatestAddress: 80896
09:00:16.702 > 0
09:00:16.702 > flashReadSPIFlashLatestAddress: 81152
09:00:16.702 > 0
09:00:16.702 > flashReadSPIFlashLatestAddress: 81408
09:00:16.702 > 0
09:00:16.702 > flashReadSPIFlashLatestAddress: 81664
09:00:16.702 > 0
09:00:16.702 > flashReadSPIFlashLatestAddress: 81920
09:00:16.702 > 0
09:00:16.702 > flashReadSPIFlashLatestAddress: 82176
09:00:16.702 > 0
09:00:16.702 > flashReadSPIFlashLatestAddress: 82432
09:00:16.702 > 0
09:00:16.702 > flashReadSPIFlashLatestAddress: 82688
09:00:16.702 > 0
09:00:16.702 > flashReadSPIFlashLatestAddress: 82944
09:00:16.702 > 0
09:00:16.702 > flashReadSPIFlashLatestAddress: 83200
09:00:16.702 > 0
09:00:16.702 > flashReadSPIFlashLatestAddress: 83456
09:00:16.702 > 0
09:00:16.702 > flashReadSPIFlashLatestAddress: 83712
09:00:16.702 > 0
09:00:16.702 > flashReadSPIFlashLatestAddress: 83968
09:00:16.702 > 0
09:00:16.702 > flashReadSPIFlashLatestAddress: 84224
09:00:16.702 > 0
09:00:16.702 > flashReadSPIFlashLatestAddress: 84480
09:00:16.702 > 0
09:00:16.702 > flashReadSPIFlashLatestAddress: 84736
09:00:16.702 > 0
09:00:16.702 > flashReadSPIFlashLatestAddress: 84992
09:00:16.702 > 0
09:00:16.702 > flashReadSPIFlashLatestAddress: 85248
09:00:16.702 > 0
09:00:16.702 > flashReadSPIFlashLatestAddress: 85504
09:00:16.702 > 0
09:00:16.702 > flashReadSPIFlashLatestAddress: 85760
09:00:16.702 > 0
09:00:16.702 > flashReadSPIFlashLatestAddress: 86016
09:00:16.702 > 0
09:00:16.702 > flashReadSPIFlashLatestAddress: 86272
09:00:16.702 > 0
09:00:16.702 > flashReadSPIFlashLatestAddress: 86528
09:00:16.702 > 0
09:00:16.702 > flashReadSPIFlashLatestAddress: 86784
09:00:16.702 > 0
09:00:16.702 > flashReadSPIFlashLatestAddress: 87040
09:00:16.702 > 0
09:00:16.702 > flashReadSPIFlashLatestAddress: 87296
09:00:16.702 > 0
09:00:16.702 > flashReadSPIFlashLatestAddress: 87552
09:00:16.702 > 0
09:00:16.702 > flashReadSPIFlashLatestAddress: 87808
09:00:16.702 > 0
09:00:16.702 > flashReadSPIFlashLatestAddress: 88064
09:00:16.702 > 0
09:00:16.702 > flashReadSPIFlashLatestAddress: 88320
09:00:16.702 > 0
09:00:16.702 > flashReadSPIFlashLatestAddress: 88576
09:00:16.702 > 0
09:00:16.702 > flashReadSPIFlashLatestAddress: 88832
09:00:16.702 > 0
09:00:16.702 > flashReadSPIFlashLatestAddress: 89088
09:00:16.702 > 0
09:00:16.702 > flashReadSPIFlashLatestAddress: 89344
09:00:16.702 > 0
09:00:16.702 > flashReadSPIFlashLatestAddress: 89600
09:00:16.702 > 0
09:00:16.702 > flashReadSPIFlashLatestAddress: 89856
09:00:16.702 > 0
09:00:16.702 > flashReadSPIFlashLatestAddress: 90112
09:00:16.702 > 0
09:00:16.702 > flashReadSPIFlashLatestAddress: 90368
09:00:16.702 > 0
09:00:16.702 > flashReadSPIFlashLatestAddress: 90624
09:00:16.702 > 0
09:00:16.702 > flashReadSPIFlashLatestAddress: 90880
09:00:16.702 > 0
09:00:16.702 > flashReadSPIFlashLatestAddress: 91136
09:00:16.702 > 0
09:00:16.702 > flashReadSPIFlashLatestAddress: 91392
09:00:16.702 > 0
09:00:16.702 > flashReadSPIFlashLatestAddress: 91648
09:00:16.702 > 0
09:00:16.702 > flashReadSPIFlashLatestAddress: 91904
09:00:16.702 > 0
09:00:16.702 > flashReadSPIFlashLatestAddress: 92160
09:00:16.702 > 0
09:00:16.702 > flashReadSPIFlashLatestAddress: 92416
09:00:16.702 > 0
09:00:16.702 > flashReadSPIFlashLatestAddress: 92672
09:00:16.702 > 0
09:00:16.702 > flashReadSPIFlashLatestAddress: 92928
09:00:16.702 > 0
09:00:16.702 > flashReadSPIFlashLatestAddress: 93184
09:00:16.702 > 0
09:00:16.702 > flashReadSPIFlashLatestAddress: 93440
09:00:16.702 > 0
09:00:16.702 > flashReadSPIFlashLatestAddress: 93696
09:00:16.702 > 0
09:00:16.702 > flashReadSPIFlashLatestAddress: 93952
09:00:16.702 > 0
09:00:16.702 > flashReadSPIFlashLatestAddress: 94208
09:00:16.702 > 0
09:00:16.702 > flashReadSPIFlashLatestAddress: 94464
09:00:16.702 > 0
09:00:16.702 > flashReadSPIFlashLatestAddress: 94720
09:00:16.702 > 0
09:00:16.702 > flashReadSPIFlashLatestAddress: 94976
09:00:16.702 > 0
09:00:16.702 > flashReadSPIFlashLatestAddress: 95232
09:00:16.702 > 0
09:00:16.702 > flashReadSPIFlashLatestAddress: 95488
09:00:16.702 > 0
09:00:16.702 > flashReadSPIFlashLatestAddress: 95744
09:00:16.702 > 0
09:00:16.702 > flashReadSPIFlashLatestAddress: 96000
09:00:16.702 > 0
09:00:16.702 > flashReadSPIFlashLatestAddress: 96256
09:00:16.702 > 0
09:00:16.702 > flashReadSPIFlashLatestAddress: 96512
09:00:16.702 > 0
09:00:16.702 > flashReadSPIFlashLatestAddress: 96768
09:00:16.702 > 0
09:00:16.702 > flashReadSPIFlashLatestAddress: 97024
09:00:16.702 > 0
09:00:16.702 > flashReadSPIFlashLatestAddress: 97280
09:00:16.702 > 0
09:00:16.702 > flashReadSPIFlashLatestAddress: 97536
09:00:16.702 > 0
09:00:16.702 > flashReadSPIFlashLatestAddress: 97792
09:00:16.702 > 0
09:00:16.702 > flashReadSPIFlashLatestAddress: 98048
09:00:16.702 > 0
09:00:16.702 > flashReadSPIFlashLatestAddress: 98304
09:00:16.702 > 0
09:00:16.702 > flashReadSPIFlashLatestAddress: 98560
09:00:16.702 > 0
09:00:16.702 > flashReadSPIFlashLatestAddress: 98816
09:00:16.702 > 0
09:00:16.702 > flashReadSPIFlashLatestAddress: 99072
09:00:16.702 > 0
09:00:16.702 > flashReadSPIFlashLatestAddress: 99328
09:00:16.702 > 0
09:00:16.702 > flashReadSPIFlashLatestAddress: 99584
09:00:16.702 > 0
09:00:16.702 > flashReadSPIFlashLatestAddress: 99840
09:00:16.702 > 0
09:00:16.702 > flashReadSPIFlashLatestAddress: 100096
09:00:16.702 > 0
09:00:16.702 > flashReadSPIFlashLatestAddress: 100352
09:00:16.702 > 0
09:00:16.702 > flashReadSPIFlashLatestAddress: 100608
09:00:16.702 > 0
09:00:16.702 > flashReadSPIFlashLatestAddress: 100864
09:00:16.702 > 0
09:00:16.702 > flashReadSPIFlashLatestAddress: 101120
09:00:16.702 > 0
09:00:16.702 > flashReadSPIFlashLatestAddress: 101376
09:00:17.049 > 0
09:00:17.049 > flashReadSPIFlashLatestAddress: 101632
09:00:17.049 > 0
09:00:17.049 > flashReadSPIFlashLatestAddress: 101888
09:00:17.049 > 0
09:00:17.049 > flashReadSPIFlashLatestAddress: 102144
09:00:17.049 > 0
09:00:17.049 > flashReadSPIFlashLatestAddress: 102400
09:00:17.049 > 0
09:00:17.049 > flashReadSPIFlashLatestAddress: 102656
09:00:17.049 > 0
09:00:17.049 > flashReadSPIFlashLatestAddress: 102912
09:00:17.049 > 0
09:00:17.049 > flashReadSPIFlashLatestAddress: 103168
09:00:17.049 > 0
09:00:17.049 > flashReadSPIFlashLatestAddress: 103424
09:00:17.049 > 0
09:00:17.049 > flashReadSPIFlashLatestAddress: 103680
09:00:17.049 > 0
09:00:17.049 > flashReadSPIFlashLatestAddress: 103936
09:00:17.049 > 0
09:00:17.049 > flashReadSPIFlashLatestAddress: 104192
09:00:17.049 > 0
09:00:17.049 > flashReadSPIFlashLatestAddress: 104448
09:00:17.049 > 0
09:00:17.049 > flashReadSPIFlashLatestAddress: 104704
09:00:17.049 > 0
09:00:17.049 > flashReadSPIFlashLatestAddress: 104960
09:00:17.049 > 0
09:00:17.049 > flashReadSPIFlashLatestAddress: 105216
09:00:17.049 > 0
09:00:17.049 > flashReadSPIFlashLatestAddress: 105472
09:00:17.049 > 0
09:00:17.049 > flashReadSPIFlashLatestAddress: 105728
09:00:17.049 > 0
09:00:17.049 > flashReadSPIFlashLatestAddress: 105984
09:00:17.049 > 0
09:00:17.049 > flashReadSPIFlashLatestAddress: 106240
09:00:17.049 > 0
09:00:17.049 > flashReadSPIFlashLatestAddress: 106496
09:00:17.049 > 0
09:00:17.049 > flashReadSPIFlashLatestAddress: 106752
09:00:17.049 > 0
09:00:17.049 > flashReadSPIFlashLatestAddress: 107008
09:00:17.049 > 0
09:00:17.049 > flashReadSPIFlashLatestAddress: 107264
09:00:17.049 > 0
09:00:17.049 > flashReadSPIFlashLatestAddress: 107520
09:00:17.049 > 0
09:00:17.049 > flashReadSPIFlashLatestAddress: 107776
09:00:17.049 > 0
09:00:17.049 > flashReadSPIFlashLatestAddress: 108032
09:00:17.049 > 0
09:00:17.049 > flashReadSPIFlashLatestAddress: 108288
09:00:17.049 > 0
09:00:17.049 > flashReadSPIFlashLatestAddress: 108544
09:00:17.049 > 0
09:00:17.049 > flashReadSPIFlashLatestAddress: 108800
09:00:17.049 > 0
09:00:17.049 > flashReadSPIFlashLatestAddress: 109056
09:00:17.049 > 0
09:00:17.049 > flashReadSPIFlashLatestAddress: 109312
09:00:17.049 > 0
09:00:17.049 > flashReadSPIFlashLatestAddress: 109568
09:00:17.049 > 0
09:00:17.049 > flashReadSPIFlashLatestAddress: 109824
09:00:17.049 > 0
09:00:17.049 > flashReadSPIFlashLatestAddress: 110080
09:00:17.049 > 0
09:00:17.049 > flashReadSPIFlashLatestAddress: 110336
09:00:17.049 > 0
09:00:17.049 > flashReadSPIFlashLatestAddress: 110592
09:00:17.049 > 0
09:00:17.049 > flashReadSPIFlashLatestAddress: 110848
09:00:17.049 > 0
09:00:17.049 > flashReadSPIFlashLatestAddress: 111104
09:00:17.049 > 0
09:00:17.049 > flashReadSPIFlashLatestAddress: 111360
09:00:17.049 > 0
09:00:17.049 > flashReadSPIFlashLatestAddress: 111616
09:00:17.049 > 0
09:00:17.049 > flashReadSPIFlashLatestAddress: 111872
09:00:17.049 > 0
09:00:17.049 > flashReadSPIFlashLatestAddress: 112128
09:00:17.049 > 0
09:00:17.049 > flashReadSPIFlashLatestAddress: 112384
09:00:17.049 > 0
09:00:17.049 > flashReadSPIFlashLatestAddress: 112640
09:00:17.049 > 0
09:00:17.049 > flashReadSPIFlashLatestAddress: 112896
09:00:17.049 > 0
09:00:17.049 > flashReadSPIFlashLatestAddress: 113152
09:00:17.049 > 0
09:00:17.049 > flashReadSPIFlashLatestAddress: 113408
09:00:17.049 > 0
09:00:17.049 > flashReadSPIFlashLatestAddress: 113664
09:00:17.049 > 0
09:00:17.049 > flashReadSPIFlashLatestAddress: 113920
09:00:17.049 > 0
09:00:17.049 > flashReadSPIFlashLatestAddress: 114176
09:00:17.049 > 0
09:00:17.049 > flashReadSPIFlashLatestAddress: 114432
09:00:17.049 > 0
09:00:17.049 > flashReadSPIFlashLatestAddress: 114688
09:00:17.049 > 0
09:00:17.049 > flashReadSPIFlashLatestAddress: 114944
09:00:17.049 > 0
09:00:17.049 > flashReadSPIFlashLatestAddress: 115200
09:00:17.049 > 0
09:00:17.049 > flashReadSPIFlashLatestAddress: 115456
09:00:17.049 > 0
09:00:17.049 > flashReadSPIFlashLatestAddress: 115712
09:00:17.049 > 0
09:00:17.049 > flashReadSPIFlashLatestAddress: 115968
09:00:17.049 > 0
09:00:17.049 > flashReadSPIFlashLatestAddress: 116224
09:00:17.049 > 0
09:00:17.049 > flashReadSPIFlashLatestAddress: 116480
09:00:17.049 > 0
09:00:17.049 > flashReadSPIFlashLatestAddress: 116736
09:00:17.049 > 0
09:00:17.049 > flashReadSPIFlashLatestAddress: 116992
09:00:17.049 > 0
09:00:17.049 > flashReadSPIFlashLatestAddress: 117248
09:00:17.049 > 0
09:00:17.049 > flashReadSPIFlashLatestAddress: 117504
09:00:17.049 > 0
09:00:17.049 > flashReadSPIFlashLatestAddress: 117760
09:00:17.049 > 0
09:00:17.049 > flashReadSPIFlashLatestAddress: 118016
09:00:17.049 > 0
09:00:17.049 > flashReadSPIFlashLatestAddress: 118272
09:00:17.049 > 0
09:00:17.049 > flashReadSPIFlashLatestAddress: 118528
09:00:17.049 > 0
09:00:17.049 > flashReadSPIFlashLatestAddress: 118784
09:00:17.049 > 0
09:00:17.049 > flashReadSPIFlashLatestAddress: 119040
09:00:17.049 > 0
09:00:17.049 > flashReadSPIFlashLatestAddress: 119296
09:00:17.049 > 0
09:00:17.049 > flashReadSPIFlashLatestAddress: 119552
09:00:17.049 > 0
09:00:17.049 > flashReadSPIFlashLatestAddress: 119808
09:00:17.049 > 0
09:00:17.049 > flashReadSPIFlashLatestAddress: 120064
09:00:17.049 > 0
09:00:17.049 > flashReadSPIFlashLatestAddress: 120320
09:00:17.049 > 0
09:00:17.049 > flashReadSPIFlashLatestAddress: 120576
09:00:17.049 > 0
09:00:17.049 > flashReadSPIFlashLatestAddress: 120832
09:00:17.049 > 0
09:00:17.049 > flashReadSPIFlashLatestAddress: 121088
09:00:17.049 > 0
09:00:17.049 > flashReadSPIFlashLatestAddress: 121344
09:00:17.049 > 0
09:00:17.049 > flashReadSPIFlashLatestAddress: 121600
09:00:17.049 > 0
09:00:17.049 > flashReadSPIFlashLatestAddress: 121856
09:00:17.049 > 0
09:00:17.049 > flashReadSPIFlashLatestAddress: 122112
09:00:17.049 > 0
09:00:17.049 > flashReadSPIFlashLatestAddress: 122368
09:00:17.049 > 0
09:00:17.049 > flashReadSPIFlashLatestAddress: 122624
09:00:17.049 > 0
09:00:17.049 > flashReadSPIFlashLatestAddress: 122880
09:00:17.049 > 0
09:00:17.049 > flashReadSPIFlashLatestAddress: 123136
09:00:17.049 > 0
09:00:17.049 > flashReadSPIFlashLatestAddress: 123392
09:00:17.049 > 0
09:00:17.049 > flashReadSPIFlashLatestAddress: 123648
09:00:17.049 > 0
09:00:17.049 > flashReadSPIFlashLatestAddress: 123904
09:00:17.049 > 0
09:00:17.049 > flashReadSPIFlashLatestAddress: 124160
09:00:17.049 > 0
09:00:17.049 > flashReadSPIFlashLatestAddress: 124416
09:00:17.049 > 0
09:00:17.049 > flashReadSPIFlashLatestAddress: 124672
09:00:17.049 > 0
09:00:17.049 > flashReadSPIFlashLatestAddress: 124928
09:00:17.049 > 0
09:00:17.049 > flashReadSPIFlashLatestAddress: 125184
09:00:17.049 > 0
09:00:17.049 > flashReadSPIFlashLatestAddress: 125440
09:00:17.049 > 0
09:00:17.049 > flashReadSPIFlashLatestAddress: 125696
09:00:17.049 > 0
09:00:17.049 > flashReadSPIFlashLatestAddress: 125952
09:00:17.049 > 0
09:00:17.049 > flashReadSPIFlashLatestAddress: 126208
09:00:17.395 > 0
09:00:17.395 > flashReadSPIFlashLatestAddress: 126464
09:00:17.395 > 0
09:00:17.395 > flashReadSPIFlashLatestAddress: 126720
09:00:17.395 > 0
09:00:17.395 > flashReadSPIFlashLatestAddress: 126976
09:00:17.395 > 0
09:00:17.395 > flashReadSPIFlashLatestAddress: 127232
09:00:17.395 > 0
09:00:17.395 > flashReadSPIFlashLatestAddress: 127488
09:00:17.395 > 0
09:00:17.395 > flashReadSPIFlashLatestAddress: 127744
09:00:17.395 > 0
09:00:17.395 > flashReadSPIFlashLatestAddress: 128000
09:00:17.395 > 0
09:00:17.395 > flashReadSPIFlashLatestAddress: 128256
09:00:17.395 > 0
09:00:17.395 > flashReadSPIFlashLatestAddress: 128512
09:00:17.395 > 0
09:00:17.395 > flashReadSPIFlashLatestAddress: 128768
09:00:17.395 > 0
09:00:17.395 > flashReadSPIFlashLatestAddress: 129024
09:00:17.395 > 0
09:00:17.395 > flashReadSPIFlashLatestAddress: 129280
09:00:17.395 > 0
09:00:17.395 > flashReadSPIFlashLatestAddress: 129536
09:00:17.395 > 0
09:00:17.395 > flashReadSPIFlashLatestAddress: 129792
09:00:17.395 > 0
09:00:17.395 > flashReadSPIFlashLatestAddress: 130048
09:00:17.395 > 0
09:00:17.395 > flashReadSPIFlashLatestAddress: 130304
09:00:17.395 > 0
09:00:17.395 > flashReadSPIFlashLatestAddress: 130560
09:00:17.395 > 0
09:00:17.395 > flashReadSPIFlashLatestAddress: 130816
09:00:17.395 > 0
09:00:17.395 > flashReadSPIFlashLatestAddress: 131072
09:00:17.395 > 0
09:00:17.395 > flashReadSPIFlashLatestAddress: 131328
09:00:17.395 > 0
09:00:17.395 > flashReadSPIFlashLatestAddress: 131584
09:00:17.395 > 0
09:00:17.395 > flashReadSPIFlashLatestAddress: 131840
09:00:17.395 > 0
09:00:17.395 > flashReadSPIFlashLatestAddress: 132096
09:00:17.395 > 0
09:00:17.395 > flashReadSPIFlashLatestAddress: 132352
09:00:17.395 > 0
09:00:17.395 > flashReadSPIFlashLatestAddress: 132608
09:00:17.395 > 0
09:00:17.395 > flashReadSPIFlashLatestAddress: 132864
09:00:17.395 > 0
09:00:17.395 > flashReadSPIFlashLatestAddress: 133120
09:00:17.395 > 0
09:00:17.395 > flashReadSPIFlashLatestAddress: 133376
09:00:17.395 > 0
09:00:17.395 > flashReadSPIFlashLatestAddress: 133632
09:00:17.395 > 0
09:00:17.395 > flashReadSPIFlashLatestAddress: 133888
09:00:17.395 > 0
09:00:17.395 > flashReadSPIFlashLatestAddress: 134144
09:00:17.395 > 0
09:00:17.395 > flashReadSPIFlashLatestAddress: 134400
09:00:17.395 > 0
09:00:17.395 > flashReadSPIFlashLatestAddress: 134656
09:00:17.395 > 0
09:00:17.395 > flashReadSPIFlashLatestAddress: 134912
09:00:17.395 > 0
09:00:17.395 > flashReadSPIFlashLatestAddress: 135168
09:00:17.395 > 0
09:00:17.395 > flashReadSPIFlashLatestAddress: 135424
09:00:17.395 > 0
09:00:17.395 > flashReadSPIFlashLatestAddress: 135680
09:00:17.395 > 0
09:00:17.395 > flashReadSPIFlashLatestAddress: 135936
09:00:17.395 > 0
09:00:17.395 > flashReadSPIFlashLatestAddress: 136192
09:00:17.395 > 0
09:00:17.395 > flashReadSPIFlashLatestAddress: 136448
09:00:17.395 > 0
09:00:17.395 > flashReadSPIFlashLatestAddress: 136704
09:00:17.395 > 0
09:00:17.395 > flashReadSPIFlashLatestAddress: 136960
09:00:17.395 > 0
09:00:17.395 > flashReadSPIFlashLatestAddress: 137216
09:00:17.395 > 0
09:00:17.395 > flashReadSPIFlashLatestAddress: 137472
09:00:17.395 > 0
09:00:17.395 > flashReadSPIFlashLatestAddress: 137728
09:00:17.395 > 0
09:00:17.395 > flashReadSPIFlashLatestAddress: 137984
09:00:17.395 > 0
09:00:17.395 > flashReadSPIFlashLatestAddress: 138240
09:00:17.395 > 0
09:00:17.395 > flashReadSPIFlashLatestAddress: 138496
09:00:17.395 > 0
09:00:17.395 > flashReadSPIFlashLatestAddress: 138752
09:00:17.395 > 0
09:00:17.395 > flashReadSPIFlashLatestAddress: 139008
09:00:17.395 > 0
09:00:17.395 > flashReadSPIFlashLatestAddress: 139264
09:00:17.395 > 0
09:00:17.395 > flashReadSPIFlashLatestAddress: 139520
09:00:17.395 > 0
09:00:17.395 > flashReadSPIFlashLatestAddress: 139776
09:00:17.395 > 0
09:00:17.395 > flashReadSPIFlashLatestAddress: 140032
09:00:17.395 > 0
09:00:17.395 > flashReadSPIFlashLatestAddress: 140288
09:00:17.395 > 0
09:00:17.395 > flashReadSPIFlashLatestAddress: 140544
09:00:17.395 > 0
09:00:17.395 > flashReadSPIFlashLatestAddress: 140800
09:00:17.395 > 0
09:00:17.395 > flashReadSPIFlashLatestAddress: 141056
09:00:17.395 > 0
09:00:17.395 > flashReadSPIFlashLatestAddress: 141312
09:00:17.395 > 0
09:00:17.395 > flashReadSPIFlashLatestAddress: 141568
09:00:17.395 > 0
09:00:17.395 > flashReadSPIFlashLatestAddress: 141824
09:00:17.395 > 0
09:00:17.395 > flashReadSPIFlashLatestAddress: 142080
09:00:17.395 > 0
09:00:17.395 > flashReadSPIFlashLatestAddress: 142336
09:00:17.395 > 0
09:00:17.395 > flashReadSPIFlashLatestAddress: 142592
09:00:17.395 > 0
09:00:17.395 > flashReadSPIFlashLatestAddress: 142848
09:00:17.395 > 0
09:00:17.395 > flashReadSPIFlashLatestAddress: 143104
09:00:17.395 > 0
09:00:17.395 > flashReadSPIFlashLatestAddress: 143360
09:00:17.395 > 0
09:00:17.395 > flashReadSPIFlashLatestAddress: 143616
09:00:17.395 > 0
09:00:17.395 > flashReadSPIFlashLatestAddress: 143872
09:00:17.395 > 0
09:00:17.395 > flashReadSPIFlashLatestAddress: 144128
09:00:17.395 > 0
09:00:17.395 > flashReadSPIFlashLatestAddress: 144384
09:00:17.395 > 0
09:00:17.395 > flashReadSPIFlashLatestAddress: 144640
09:00:17.395 > 0
09:00:17.395 > flashReadSPIFlashLatestAddress: 144896
09:00:17.395 > 0
09:00:17.395 > flashReadSPIFlashLatestAddress: 145152
09:00:17.395 > 0
09:00:17.395 > flashReadSPIFlashLatestAddress: 145408
09:00:17.395 > 0
09:00:17.395 > flashReadSPIFlashLatestAddress: 145664
09:00:17.395 > 0
09:00:17.395 > flashReadSPIFlashLatestAddress: 145920
09:00:17.395 > 0
09:00:17.395 > flashReadSPIFlashLatestAddress: 146176
09:00:17.395 > 0
09:00:17.395 > flashReadSPIFlashLatestAddress: 146432
09:00:17.395 > 0
09:00:17.395 > flashReadSPIFlashLatestAddress: 146688
09:00:17.395 > 0
09:00:17.395 > flashReadSPIFlashLatestAddress: 146944
09:00:17.395 > 0
09:00:17.395 > flashReadSPIFlashLatestAddress: 147200
09:00:17.395 > 0
09:00:17.395 > flashReadSPIFlashLatestAddress: 147456
09:00:17.395 > 0
09:00:17.395 > flashReadSPIFlashLatestAddress: 147712
09:00:17.395 > 0
09:00:17.395 > flashReadSPIFlashLatestAddress: 147968
09:00:17.395 > 0
09:00:17.395 > flashReadSPIFlashLatestAddress: 148224
09:00:17.395 > 0
09:00:17.395 > flashReadSPIFlashLatestAddress: 148480
09:00:17.395 > 0
09:00:17.395 > flashReadSPIFlashLatestAddress: 148736
09:00:17.395 > 0
09:00:17.395 > flashReadSPIFlashLatestAddress: 148992
09:00:17.395 > 0
09:00:17.395 > flashReadSPIFlashLatestAddress: 149248
09:00:17.395 > 0
09:00:17.395 > flashReadSPIFlashLatestAddress: 149504
09:00:17.395 > 0
09:00:17.395 > flashReadSPIFlashLatestAddress: 149760
09:00:17.395 > 0
09:00:17.395 > flashReadSPIFlashLatestAddress: 150016
09:00:17.395 > 0
09:00:17.395 > flashReadSPIFlashLatestAddress: 150272
09:00:17.395 > 0
09:00:17.395 > flashReadSPIFlashLatestAddress: 150528
09:00:17.395 > 0
09:00:17.395 > flashReadSPIFlashLatestAddress: 150784
09:00:17.742 > 0
09:00:17.742 > flashReadSPIFlashLatestAddress: 151040
09:00:17.742 > 0
09:00:17.742 > flashReadSPIFlashLatestAddress: 151296
09:00:17.742 > 0
09:00:17.742 > flashReadSPIFlashLatestAddress: 151552
09:00:17.742 > 0
09:00:17.742 > flashReadSPIFlashLatestAddress: 151808
09:00:17.742 > 0
09:00:17.742 > flashReadSPIFlashLatestAddress: 152064
09:00:17.742 > 0
09:00:17.742 > flashReadSPIFlashLatestAddress: 152320
09:00:17.742 > 0
09:00:17.742 > flashReadSPIFlashLatestAddress: 152576
09:00:17.742 > 0
09:00:17.742 > flashReadSPIFlashLatestAddress: 152832
09:00:17.742 > 0
09:00:17.742 > flashReadSPIFlashLatestAddress: 153088
09:00:17.742 > 0
09:00:17.742 > flashReadSPIFlashLatestAddress: 153344
09:00:17.742 > 0
09:00:17.742 > flashReadSPIFlashLatestAddress: 153600
09:00:17.742 > 0
09:00:17.742 > flashReadSPIFlashLatestAddress: 153856
09:00:17.742 > 0
09:00:17.742 > flashReadSPIFlashLatestAddress: 154112
09:00:17.742 > 0
09:00:17.742 > flashReadSPIFlashLatestAddress: 154368
09:00:17.742 > 0
09:00:17.742 > flashReadSPIFlashLatestAddress: 154624
09:00:17.742 > 0
09:00:17.742 > flashReadSPIFlashLatestAddress: 154880
09:00:17.742 > 0
09:00:17.742 > flashReadSPIFlashLatestAddress: 155136
09:00:17.742 > 0
09:00:17.742 > flashReadSPIFlashLatestAddress: 155392
09:00:17.742 > 0
09:00:17.742 > flashReadSPIFlashLatestAddress: 155648
09:00:17.742 > 0
09:00:17.742 > flashReadSPIFlashLatestAddress: 155904
09:00:17.742 > 0
09:00:17.742 > flashReadSPIFlashLatestAddress: 156160
09:00:17.742 > 0
09:00:17.742 > flashReadSPIFlashLatestAddress: 156416
09:00:17.742 > 0
09:00:17.742 > flashReadSPIFlashLatestAddress: 156672
09:00:17.742 > 0
09:00:17.742 > flashReadSPIFlashLatestAddress: 156928
09:00:17.742 > 0
09:00:17.742 > flashReadSPIFlashLatestAddress: 157184
09:00:17.742 > 0
09:00:17.742 > flashReadSPIFlashLatestAddress: 157440
09:00:17.742 > 0
09:00:17.742 > flashReadSPIFlashLatestAddress: 157696
09:00:17.742 > 0
09:00:17.742 > flashReadSPIFlashLatestAddress: 157952
09:00:17.742 > 0
09:00:17.742 > flashReadSPIFlashLatestAddress: 158208
09:00:17.742 > 0
09:00:17.742 > flashReadSPIFlashLatestAddress: 158464
09:00:17.742 > 0
09:00:17.742 > flashReadSPIFlashLatestAddress: 158720
09:00:17.742 > 0
09:00:17.742 > flashReadSPIFlashLatestAddress: 158976
09:00:17.742 > 0
09:00:17.742 > flashReadSPIFlashLatestAddress: 159232
09:00:17.742 > 0
09:00:17.742 > flashReadSPIFlashLatestAddress: 159488
09:00:17.742 > 0
09:00:17.742 > flashReadSPIFlashLatestAddress: 159744
09:00:17.742 > 0
09:00:17.742 > flashReadSPIFlashLatestAddress: 160000
09:00:17.742 > 0
09:00:17.742 > flashReadSPIFlashLatestAddress: 160256
09:00:17.742 > 0
09:00:17.742 > flashReadSPIFlashLatestAddress: 160512
09:00:17.742 > 0
09:00:17.742 > flashReadSPIFlashLatestAddress: 160768
09:00:17.742 > 0
09:00:17.742 > flashReadSPIFlashLatestAddress: 161024
09:00:17.742 > 0
09:00:17.742 > flashReadSPIFlashLatestAddress: 161280
09:00:17.742 > 0
09:00:17.742 > flashReadSPIFlashLatestAddress: 161536
09:00:17.742 > 0
09:00:17.742 > flashReadSPIFlashLatestAddress: 161792
09:00:17.742 > 0
09:00:17.742 > flashReadSPIFlashLatestAddress: 162048
09:00:17.742 > 0
09:00:17.742 > flashReadSPIFlashLatestAddress: 162304
09:00:17.742 > 0
09:00:17.742 > flashReadSPIFlashLatestAddress: 162560
09:00:17.742 > 0
09:00:17.742 > flashReadSPIFlashLatestAddress: 162816
09:00:17.742 > 0
09:00:17.742 > flashReadSPIFlashLatestAddress: 163072
09:00:17.742 > 0
09:00:17.742 > flashReadSPIFlashLatestAddress: 163328
09:00:17.742 > 0
09:00:17.742 > flashReadSPIFlashLatestAddress: 163584
09:00:17.742 > 0
09:00:17.742 > flashReadSPIFlashLatestAddress: 163840
09:00:17.742 > 0
09:00:17.742 > flashReadSPIFlashLatestAddress: 164096
09:00:17.742 > 0
09:00:17.742 > flashReadSPIFlashLatestAddress: 164352
09:00:17.742 > 0
09:00:17.742 > flashReadSPIFlashLatestAddress: 164608
09:00:17.742 > 0
09:00:17.742 > flashReadSPIFlashLatestAddress: 164864
09:00:17.742 > 0
09:00:17.742 > flashReadSPIFlashLatestAddress: 165120
09:00:17.742 > 0
09:00:17.742 > flashReadSPIFlashLatestAddress: 165376
09:00:17.742 > 0
09:00:17.742 > flashReadSPIFlashLatestAddress: 165632
09:00:17.742 > 0
09:00:17.742 > flashReadSPIFlashLatestAddress: 165888
09:00:17.742 > 0
09:00:17.742 > flashReadSPIFlashLatestAddress: 166144
09:00:17.742 > 0
09:00:17.742 > flashReadSPIFlashLatestAddress: 166400
09:00:17.742 > 0
09:00:17.742 > flashReadSPIFlashLatestAddress: 166656
09:00:17.742 > 0
09:00:17.742 > flashReadSPIFlashLatestAddress: 166912
09:00:17.742 > 0
09:00:17.742 > flashReadSPIFlashLatestAddress: 167168
09:00:17.742 > 0
09:00:17.742 > flashReadSPIFlashLatestAddress: 167424
09:00:17.742 > 0
09:00:17.742 > flashReadSPIFlashLatestAddress: 167680
09:00:17.742 > 0
09:00:17.742 > flashReadSPIFlashLatestAddress: 167936
09:00:17.742 > 0
09:00:17.742 > flashReadSPIFlashLatestAddress: 168192
09:00:17.742 > 0
09:00:17.742 > flashReadSPIFlashLatestAddress: 168448
09:00:17.742 > 0
09:00:17.742 > flashReadSPIFlashLatestAddress: 168704
09:00:17.742 > 0
09:00:17.742 > flashReadSPIFlashLatestAddress: 168960
09:00:17.742 > 0
09:00:17.742 > flashReadSPIFlashLatestAddress: 169216
09:00:17.742 > 0
09:00:17.742 > flashReadSPIFlashLatestAddress: 169472
09:00:17.742 > 0
09:00:17.742 > flashReadSPIFlashLatestAddress: 169728
09:00:17.742 > 0
09:00:17.742 > flashReadSPIFlashLatestAddress: 169984
09:00:17.742 > 0
09:00:17.742 > flashReadSPIFlashLatestAddress: 170240
09:00:17.742 > 0
09:00:17.742 > flashReadSPIFlashLatestAddress: 170496
09:00:17.742 > 0
09:00:17.742 > flashReadSPIFlashLatestAddress: 170752
09:00:17.742 > 0
09:00:17.742 > flashReadSPIFlashLatestAddress: 171008
09:00:17.742 > 0
09:00:17.742 > flashReadSPIFlashLatestAddress: 171264
09:00:17.742 > 0
09:00:17.742 > flashReadSPIFlashLatestAddress: 171520
09:00:17.742 > 0
09:00:17.742 > flashReadSPIFlashLatestAddress: 171776
09:00:17.742 > 0
09:00:17.742 > flashReadSPIFlashLatestAddress: 172032
09:00:17.742 > 0
09:00:17.742 > flashReadSPIFlashLatestAddress: 172288
09:00:17.742 > 0
09:00:17.742 > flashReadSPIFlashLatestAddress: 172544
09:00:17.742 > 0
09:00:17.742 > flashReadSPIFlashLatestAddress: 172800
09:00:17.742 > 0
09:00:17.742 > flashReadSPIFlashLatestAddress: 173056
09:00:17.742 > 0
09:00:17.742 > flashReadSPIFlashLatestAddress: 173312
09:00:17.742 > 0
09:00:17.742 > flashReadSPIFlashLatestAddress: 173568
09:00:17.742 > 0
09:00:17.742 > flashReadSPIFlashLatestAddress: 173824
09:00:17.742 > 0
09:00:17.742 > flashReadSPIFlashLatestAddress: 174080
09:00:17.742 > 0
09:00:17.742 > flashReadSPIFlashLatestAddress: 174336
09:00:17.742 > 0
09:00:17.742 > flashReadSPIFlashLatestAddress: 174592
09:00:17.742 > 0
09:00:17.742 > flashReadSPIFlashLatestAddress: 174848
09:00:17.742 > 0
09:00:17.742 > flashReadSPIFlashLatestAddress: 175104
09:00:17.742 > 0
09:00:17.742 > flashReadSPIFlashLatestAddress: 175360
09:00:17.742 > 0
09:00:17.742 > flashReadSPIFlashLatestAddress: 175616
09:00:18.086 > 0
09:00:18.086 > flashReadSPIFlashLatestAddress: 175872
09:00:18.086 > 0
09:00:18.086 > flashReadSPIFlashLatestAddress: 176128
09:00:18.086 > 0
09:00:18.086 > flashReadSPIFlashLatestAddress: 176384
09:00:18.086 > 0
09:00:18.086 > flashReadSPIFlashLatestAddress: 176640
09:00:18.086 > 0
09:00:18.086 > flashReadSPIFlashLatestAddress: 176896
09:00:18.086 > 0
09:00:18.086 > flashReadSPIFlashLatestAddress: 177152
09:00:18.086 > 0
09:00:18.086 > flashReadSPIFlashLatestAddress: 177408
09:00:18.086 > 0
09:00:18.086 > flashReadSPIFlashLatestAddress: 177664
09:00:18.086 > 0
09:00:18.086 > flashReadSPIFlashLatestAddress: 177920
09:00:18.086 > 0
09:00:18.086 > flashReadSPIFlashLatestAddress: 178176
09:00:18.086 > 0
09:00:18.086 > flashReadSPIFlashLatestAddress: 178432
09:00:18.086 > 0
09:00:18.086 > flashReadSPIFlashLatestAddress: 178688
09:00:18.086 > 0
09:00:18.086 > flashReadSPIFlashLatestAddress: 178944
09:00:18.086 > 0
09:00:18.086 > flashReadSPIFlashLatestAddress: 179200
09:00:18.086 > 0
09:00:18.086 > flashReadSPIFlashLatestAddress: 179456
09:00:18.086 > 0
09:00:18.086 > flashReadSPIFlashLatestAddress: 179712
09:00:18.086 > 0
09:00:18.086 > flashReadSPIFlashLatestAddress: 179968
09:00:18.086 > 0
09:00:18.086 > flashReadSPIFlashLatestAddress: 180224
09:00:18.086 > 0
09:00:18.086 > flashReadSPIFlashLatestAddress: 180480
09:00:18.086 > 0
09:00:18.086 > flashReadSPIFlashLatestAddress: 180736
09:00:18.086 > 0
09:00:18.086 > flashReadSPIFlashLatestAddress: 180992
09:00:18.086 > 0
09:00:18.086 > flashReadSPIFlashLatestAddress: 181248
09:00:18.086 > 0
09:00:18.086 > flashReadSPIFlashLatestAddress: 181504
09:00:18.086 > 0
09:00:18.086 > flashReadSPIFlashLatestAddress: 181760
09:00:18.086 > 0
09:00:18.086 > flashReadSPIFlashLatestAddress: 182016
09:00:18.086 > 0
09:00:18.086 > flashReadSPIFlashLatestAddress: 182272
09:00:18.086 > 0
09:00:18.086 > flashReadSPIFlashLatestAddress: 182528
09:00:18.086 > 0
09:00:18.086 > flashReadSPIFlashLatestAddress: 182784
09:00:18.086 > 0
09:00:18.086 > flashReadSPIFlashLatestAddress: 183040
09:00:18.086 > 0
09:00:18.086 > flashReadSPIFlashLatestAddress: 183296
09:00:18.086 > 0
09:00:18.086 > flashReadSPIFlashLatestAddress: 183552
09:00:18.086 > 0
09:00:18.086 > flashReadSPIFlashLatestAddress: 183808
09:00:18.086 > 0
09:00:18.086 > flashReadSPIFlashLatestAddress: 184064
09:00:18.086 > 0
09:00:18.086 > flashReadSPIFlashLatestAddress: 184320
09:00:18.086 > 0
09:00:18.086 > flashReadSPIFlashLatestAddress: 184576
09:00:18.086 > 0
09:00:18.086 > flashReadSPIFlashLatestAddress: 184832
09:00:18.086 > 0
09:00:18.086 > flashReadSPIFlashLatestAddress: 185088
09:00:18.086 > 0
09:00:18.086 > flashReadSPIFlashLatestAddress: 185344
09:00:18.086 > 0
09:00:18.086 > flashReadSPIFlashLatestAddress: 185600
09:00:18.086 > 0
09:00:18.086 > flashReadSPIFlashLatestAddress: 185856
09:00:18.086 > 0
09:00:18.086 > flashReadSPIFlashLatestAddress: 186112
09:00:18.086 > 0
09:00:18.086 > flashReadSPIFlashLatestAddress: 186368
09:00:18.086 > 0
09:00:18.086 > flashReadSPIFlashLatestAddress: 186624
09:00:18.086 > 0
09:00:18.086 > flashReadSPIFlashLatestAddress: 186880
09:00:18.086 > 0
09:00:18.086 > flashReadSPIFlashLatestAddress: 187136
09:00:18.086 > 0
09:00:18.086 > flashReadSPIFlashLatestAddress: 187392
09:00:18.086 > 0
09:00:18.086 > flashReadSPIFlashLatestAddress: 187648
09:00:18.086 > 0
09:00:18.086 > flashReadSPIFlashLatestAddress: 187904
09:00:18.086 > 0
09:00:18.086 > flashReadSPIFlashLatestAddress: 188160
09:00:18.086 > 0
09:00:18.086 > flashReadSPIFlashLatestAddress: 188416
09:00:18.086 > 0
09:00:18.086 > flashReadSPIFlashLatestAddress: 188672
09:00:18.086 > 0
09:00:18.086 > flashReadSPIFlashLatestAddress: 188928
09:00:18.086 > 0
09:00:18.086 > flashReadSPIFlashLatestAddress: 189184
09:00:18.086 > 0
09:00:18.086 > flashReadSPIFlashLatestAddress: 189440
09:00:18.086 > 0
09:00:18.086 > flashReadSPIFlashLatestAddress: 189696
09:00:18.086 > 0
09:00:18.086 > flashReadSPIFlashLatestAddress: 189952
09:00:18.086 > 0
09:00:18.086 > flashReadSPIFlashLatestAddress: 190208
09:00:18.086 > 0
09:00:18.086 > flashReadSPIFlashLatestAddress: 190464
09:00:18.086 > 0
09:00:18.086 > flashReadSPIFlashLatestAddress: 190720
09:00:18.086 > 0
09:00:18.086 > flashReadSPIFlashLatestAddress: 190976
09:00:18.086 > 0
09:00:18.086 > flashReadSPIFlashLatestAddress: 191232
09:00:18.086 > 0
09:00:18.086 > flashReadSPIFlashLatestAddress: 191488
09:00:18.086 > 0
09:00:18.086 > flashReadSPIFlashLatestAddress: 191744
09:00:18.086 > 0
09:00:18.086 > flashReadSPIFlashLatestAddress: 192000
09:00:18.086 > 0
09:00:18.086 > flashReadSPIFlashLatestAddress: 192256
09:00:18.086 > 0
09:00:18.086 > flashReadSPIFlashLatestAddress: 192512
09:00:18.086 > 0
09:00:18.086 > flashReadSPIFlashLatestAddress: 192768
09:00:18.086 > 0
09:00:18.086 > flashReadSPIFlashLatestAddress: 193024
09:00:18.086 > 0
09:00:18.086 > flashReadSPIFlashLatestAddress: 193280
09:00:18.086 > 0
09:00:18.086 > flashReadSPIFlashLatestAddress: 193536
09:00:18.086 > 0
09:00:18.086 > flashReadSPIFlashLatestAddress: 193792
09:00:18.086 > 0
09:00:18.086 > flashReadSPIFlashLatestAddress: 194048
09:00:18.086 > 0
09:00:18.086 > flashReadSPIFlashLatestAddress: 194304
09:00:18.086 > 0
09:00:18.086 > flashReadSPIFlashLatestAddress: 194560
09:00:18.086 > 0
09:00:18.086 > flashReadSPIFlashLatestAddress: 194816
09:00:18.086 > 0
09:00:18.086 > flashReadSPIFlashLatestAddress: 195072
09:00:18.086 > 0
09:00:18.086 > flashReadSPIFlashLatestAddress: 195328
09:00:18.086 > 0
09:00:18.086 > flashReadSPIFlashLatestAddress: 195584
09:00:18.086 > 0
09:00:18.086 > flashReadSPIFlashLatestAddress: 195840
09:00:18.086 > 0
09:00:18.086 > flashReadSPIFlashLatestAddress: 196096
09:00:18.086 > 0
09:00:18.086 > flashReadSPIFlashLatestAddress: 196352
09:00:18.086 > 0
09:00:18.086 > flashReadSPIFlashLatestAddress: 196608
09:00:18.086 > 0
09:00:18.086 > flashReadSPIFlashLatestAddress: 196864
09:00:18.086 > 0
09:00:18.086 > flashReadSPIFlashLatestAddress: 197120
09:00:18.086 > 0
09:00:18.086 > flashReadSPIFlashLatestAddress: 197376
09:00:18.086 > 0
09:00:18.086 > flashReadSPIFlashLatestAddress: 197632
09:00:18.086 > 0
09:00:18.086 > flashReadSPIFlashLatestAddress: 197888
09:00:18.086 > 0
09:00:18.086 > flashReadSPIFlashLatestAddress: 198144
09:00:18.086 > 0
09:00:18.086 > flashReadSPIFlashLatestAddress: 198400
09:00:18.086 > 0
09:00:18.086 > flashReadSPIFlashLatestAddress: 198656
09:00:18.086 > 0
09:00:18.086 > flashReadSPIFlashLatestAddress: 198912
09:00:18.086 > 0
09:00:18.086 > flashReadSPIFlashLatestAddress: 199168
09:00:18.086 > 0
09:00:18.086 > flashReadSPIFlashLatestAddress: 199424
09:00:18.086 > 0
09:00:18.086 > flashReadSPIFlashLatestAddress: 199680
09:00:18.086 > 0
09:00:18.086 > flashReadSPIFlashLatestAddress: 199936
09:00:18.086 > 0
09:00:18.086 > flashReadSPIFlashLatestAddress: 200192
09:00:18.086 > 0
09:00:18.086 > flashReadSPIFlashLatestAddress: 200448
09:00:18.427 > 0
09:00:18.427 > flashReadSPIFlashLatestAddress: 200704
09:00:18.427 > 0
09:00:18.427 > flashReadSPIFlashLatestAddress: 200960
09:00:18.427 > 0
09:00:18.427 > flashReadSPIFlashLatestAddress: 201216
09:00:18.427 > 0
09:00:18.427 > flashReadSPIFlashLatestAddress: 201472
09:00:18.427 > 0
09:00:18.427 > flashReadSPIFlashLatestAddress: 201728
09:00:18.427 > 0
09:00:18.427 > flashReadSPIFlashLatestAddress: 201984
09:00:18.427 > 0
09:00:18.427 > flashReadSPIFlashLatestAddress: 202240
09:00:18.427 > 0
09:00:18.427 > flashReadSPIFlashLatestAddress: 202496
09:00:18.427 > 0
09:00:18.427 > flashReadSPIFlashLatestAddress: 202752
09:00:18.427 > 0
09:00:18.427 > flashReadSPIFlashLatestAddress: 203008
09:00:18.427 > 0
09:00:18.427 > flashReadSPIFlashLatestAddress: 203264
09:00:18.427 > 0
09:00:18.427 > flashReadSPIFlashLatestAddress: 203520
09:00:18.427 > 0
09:00:18.427 > flashReadSPIFlashLatestAddress: 203776
09:00:18.427 > 0
09:00:18.427 > flashReadSPIFlashLatestAddress: 204032
09:00:18.427 > 0
09:00:18.427 > flashReadSPIFlashLatestAddress: 204288
09:00:18.427 > 0
09:00:18.427 > flashReadSPIFlashLatestAddress: 204544
09:00:18.427 > 0
09:00:18.427 > flashReadSPIFlashLatestAddress: 204800
09:00:18.427 > 0
09:00:18.427 > flashReadSPIFlashLatestAddress: 205056
09:00:18.427 > 0
09:00:18.427 > flashReadSPIFlashLatestAddress: 205312
09:00:18.427 > 0
09:00:18.427 > flashReadSPIFlashLatestAddress: 205568
09:00:18.427 > 0
09:00:18.427 > flashReadSPIFlashLatestAddress: 205824
09:00:18.427 > 0
09:00:18.427 > flashReadSPIFlashLatestAddress: 206080
09:00:18.427 > 207
09:00:18.427 > flashReadSPIFlashLatestAddress: 206336
09:00:18.427 > 163
09:00:18.427 > flashReadSPIFlashLatestAddress: 206592
09:00:18.427 > 173
09:00:18.427 > flashReadSPIFlashLatestAddress: 206848
09:00:18.427 > 185
09:00:18.427 > flashReadSPIFlashLatestAddress: 207104
09:00:18.427 > 138
09:00:18.427 > flashReadSPIFlashLatestAddress: 207360
09:00:18.427 > 140
09:00:18.427 > flashReadSPIFlashLatestAddress: 207616
09:00:18.427 > 90
09:00:18.427 > flashReadSPIFlashLatestAddress: 207872
09:00:18.427 > 107
09:00:18.427 > flashReadSPIFlashLatestAddress: 208128
09:00:18.427 > 111
09:00:18.427 > flashReadSPIFlashLatestAddress: 208384
09:00:18.427 > 65
09:00:18.427 > flashReadSPIFlashLatestAddress: 208640
09:00:18.427 > 68
09:00:18.427 > flashReadSPIFlashLatestAddress: 208896
09:00:18.427 > 25
09:00:18.427 > flashReadSPIFlashLatestAddress: 209152
09:00:18.427 > 34
09:00:18.427 > flashReadSPIFlashLatestAddress: 209408
09:00:18.427 > 42
09:00:18.427 > flashReadSPIFlashLatestAddress: 209664
09:00:18.427 > 250
09:00:18.427 > flashReadSPIFlashLatestAddress: 209920
09:00:18.427 > 254
09:00:18.427 > flashReadSPIFlashLatestAddress: 210176
09:00:18.427 > 203
09:00:18.427 > flashReadSPIFlashLatestAddress: 210432
09:00:18.427 > 204
09:00:18.427 > flashReadSPIFlashLatestAddress: 210688
09:00:18.427 > 212
09:00:18.427 > flashReadSPIFlashLatestAddress: 210944
09:00:18.427 > 162
09:00:18.427 > flashReadSPIFlashLatestAddress: 211200
09:00:18.427 > 167
09:00:18.427 > flashReadSPIFlashLatestAddress: 211456
09:00:18.427 > 115
09:00:18.427 > flashReadSPIFlashLatestAddress: 211712
09:00:18.427 > 118
09:00:18.427 > flashReadSPIFlashLatestAddress: 211968
09:00:18.427 > 121
09:00:18.427 > flashReadSPIFlashLatestAddress: 212224
09:00:18.427 > 76
09:00:18.427 > flashReadSPIFlashLatestAddress: 212480
09:00:18.427 > 86
09:00:18.427 > flashReadSPIFlashLatestAddress: 212736
09:00:18.427 > 39
09:00:18.427 > flashReadSPIFlashLatestAddress: 212992
09:00:18.427 > 43
09:00:18.427 > flashReadSPIFlashLatestAddress: 213248
09:00:18.427 > 46
09:00:18.427 > flashReadSPIFlashLatestAddress: 213504
09:00:18.427 > 2
09:00:18.427 > flashReadSPIFlashLatestAddress: 213760
09:00:18.427 > 10
09:00:18.427 > flashReadSPIFlashLatestAddress: 214016
09:00:18.427 > 223
09:00:18.427 > flashReadSPIFlashLatestAddress: 214272
09:00:18.427 > 228
09:00:18.427 > flashReadSPIFlashLatestAddress: 214528
09:00:18.427 > 232
09:00:18.427 > flashReadSPIFlashLatestAddress: 214784
09:00:18.427 > 187
09:00:18.427 > flashReadSPIFlashLatestAddress: 215040
09:00:18.427 > 196
09:00:18.427 > flashReadSPIFlashLatestAddress: 215296
09:00:18.427 > 154
09:00:18.427 > flashReadSPIFlashLatestAddress: 215552
09:00:18.427 > 157
09:00:18.427 > flashReadSPIFlashLatestAddress: 215808
09:00:18.427 > 160
09:00:18.427 > flashReadSPIFlashLatestAddress: 216064
09:00:18.427 > 107
09:00:18.427 > flashReadSPIFlashLatestAddress: 216320
09:00:18.427 > 115
09:00:18.427 > flashReadSPIFlashLatestAddress: 216576
09:00:18.427 > 76
09:00:18.427 > flashReadSPIFlashLatestAddress: 216832
09:00:18.427 > 78
09:00:18.427 > flashReadSPIFlashLatestAddress: 217088
09:00:18.427 > 84
09:00:18.427 > flashReadSPIFlashLatestAddress: 217344
09:00:18.427 > 39
09:00:18.427 > flashReadSPIFlashLatestAddress: 217600
09:00:18.427 > 47
09:00:18.427 > flashReadSPIFlashLatestAddress: 217856
09:00:18.427 > 250
09:00:18.427 > flashReadSPIFlashLatestAddress: 218112
09:00:18.427 > 251
09:00:18.427 > flashReadSPIFlashLatestAddress: 218368
09:00:18.427 > 6
09:00:18.427 > flashReadSPIFlashLatestAddress: 218624
09:00:18.427 > 212
09:00:18.427 > flashReadSPIFlashLatestAddress: 218880
09:00:18.427 > 215
09:00:18.427 > flashReadSPIFlashLatestAddress: 219136
09:00:18.427 > 171
09:00:18.427 > flashReadSPIFlashLatestAddress: 219392
09:00:18.427 > 181
09:00:18.427 > flashReadSPIFlashLatestAddress: 219648
09:00:18.427 > 193
09:00:18.427 > flashReadSPIFlashLatestAddress: 219904
09:00:18.427 > 146
09:00:18.427 > flashReadSPIFlashLatestAddress: 220160
09:00:18.427 > 148
09:00:18.427 > flashReadSPIFlashLatestAddress: 220416
09:00:18.427 > 98
09:00:18.427 > flashReadSPIFlashLatestAddress: 220672
09:00:18.427 > 115
09:00:18.427 > flashReadSPIFlashLatestAddress: 220928
09:00:18.427 > 119
09:00:18.427 > flashReadSPIFlashLatestAddress: 221184
09:00:18.427 > 73
09:00:18.427 > flashReadSPIFlashLatestAddress: 221440
09:00:18.427 > 76
09:00:18.427 > flashReadSPIFlashLatestAddress: 221696
09:00:18.427 > 33
09:00:18.427 > flashReadSPIFlashLatestAddress: 221952
09:00:18.427 > 42
09:00:18.427 > flashReadSPIFlashLatestAddress: 222208
09:00:18.427 > 50
09:00:18.427 > flashReadSPIFlashLatestAddress: 222464
09:00:18.427 > 2
09:00:18.427 > flashReadSPIFlashLatestAddress: 222720
09:00:18.427 > 6
09:00:18.427 > flashReadSPIFlashLatestAddress: 222976
09:00:18.427 > 211
09:00:18.427 > flashReadSPIFlashLatestAddress: 223232
09:00:18.427 > 212
09:00:18.427 > flashReadSPIFlashLatestAddress: 223488
09:00:18.427 > 220
09:00:18.427 > flashReadSPIFlashLatestAddress: 223744
09:00:18.427 > 170
09:00:18.427 > flashReadSPIFlashLatestAddress: 224000
09:00:18.427 > 175
09:00:18.427 > flashReadSPIFlashLatestAddress: 224256
09:00:18.427 > 123
09:00:18.427 > flashReadSPIFlashLatestAddress: 224512
09:00:18.775 > 126
09:00:18.775 > flashReadSPIFlashLatestAddress: 224768
09:00:18.775 > 129
09:00:18.775 > flashReadSPIFlashLatestAddress: 225024
09:00:18.775 > 84
09:00:18.775 > flashReadSPIFlashLatestAddress: 225280
09:00:18.775 > 94
09:00:18.775 > flashReadSPIFlashLatestAddress: 225536
09:00:18.775 > 47
09:00:18.775 > flashReadSPIFlashLatestAddress: 225792
09:00:18.775 > 51
09:00:18.775 > flashReadSPIFlashLatestAddress: 226048
09:00:18.775 > 54
09:00:18.775 > flashReadSPIFlashLatestAddress: 226304
09:00:18.775 > 10
09:00:18.775 > flashReadSPIFlashLatestAddress: 226560
09:00:18.775 > 18
09:00:18.775 > flashReadSPIFlashLatestAddress: 226816
09:00:18.775 > 231
09:00:18.775 > flashReadSPIFlashLatestAddress: 227072
09:00:18.775 > 236
09:00:18.775 > flashReadSPIFlashLatestAddress: 227328
09:00:18.775 > 240
09:00:18.775 > flashReadSPIFlashLatestAddress: 227584
09:00:18.775 > 195
09:00:18.775 > flashReadSPIFlashLatestAddress: 227840
09:00:18.775 > 204
09:00:18.775 > flashReadSPIFlashLatestAddress: 228096
09:00:18.775 > 162
09:00:18.775 > flashReadSPIFlashLatestAddress: 228352
09:00:18.775 > 165
09:00:18.775 > flashReadSPIFlashLatestAddress: 228608
09:00:18.775 > 168
09:00:18.775 > flashReadSPIFlashLatestAddress: 228864
09:00:18.775 > 115
09:00:18.775 > flashReadSPIFlashLatestAddress: 229120
09:00:18.775 > 123
09:00:18.775 > flashReadSPIFlashLatestAddress: 229376
09:00:18.775 > 84
09:00:18.775 > flashReadSPIFlashLatestAddress: 229632
09:00:18.775 > 86
09:00:18.775 > flashReadSPIFlashLatestAddress: 229888
09:00:18.775 > 92
09:00:18.775 > flashReadSPIFlashLatestAddress: 230144
09:00:18.775 > 47
09:00:18.775 > flashReadSPIFlashLatestAddress: 230400
09:00:18.775 > 55
09:00:18.775 > flashReadSPIFlashLatestAddress: 230656
09:00:18.775 > 2
09:00:18.775 > flashReadSPIFlashLatestAddress: 230912
09:00:18.775 > 3
09:00:18.775 > flashReadSPIFlashLatestAddress: 231168
09:00:18.775 > 14
09:00:18.775 > flashReadSPIFlashLatestAddress: 231424
09:00:18.775 > 220
09:00:18.775 > flashReadSPIFlashLatestAddress: 231680
09:00:18.775 > 223
09:00:18.775 > flashReadSPIFlashLatestAddress: 231936
09:00:18.775 > 179
09:00:18.775 > flashReadSPIFlashLatestAddress: 232192
09:00:18.775 > 189
09:00:18.775 > flashReadSPIFlashLatestAddress: 232448
09:00:18.775 > 201
09:00:18.775 > flashReadSPIFlashLatestAddress: 232704
09:00:18.775 > 154
09:00:18.775 > flashReadSPIFlashLatestAddress: 232960
09:00:18.775 > 156
09:00:18.775 > flashReadSPIFlashLatestAddress: 233216
09:00:18.775 > 106
09:00:18.775 > flashReadSPIFlashLatestAddress: 233472
09:00:18.775 > 123
09:00:18.775 > flashReadSPIFlashLatestAddress: 233728
09:00:18.775 > 127
09:00:18.775 > flashReadSPIFlashLatestAddress: 233984
09:00:18.775 > 81
09:00:18.775 > flashReadSPIFlashLatestAddress: 234240
09:00:18.775 > 84
09:00:18.775 > flashReadSPIFlashLatestAddress: 234496
09:00:18.775 > 41
09:00:18.775 > flashReadSPIFlashLatestAddress: 234752
09:00:18.775 > 50
09:00:18.775 > flashReadSPIFlashLatestAddress: 235008
09:00:18.775 > 58
09:00:18.775 > flashReadSPIFlashLatestAddress: 235264
09:00:18.775 > 10
09:00:18.775 > flashReadSPIFlashLatestAddress: 235520
09:00:18.775 > 14
09:00:18.775 > flashReadSPIFlashLatestAddress: 235776
09:00:18.775 > 219
09:00:18.775 > flashReadSPIFlashLatestAddress: 236032
09:00:18.775 > 220
09:00:18.775 > flashReadSPIFlashLatestAddress: 236288
09:00:18.775 > 228
09:00:18.775 > flashReadSPIFlashLatestAddress: 236544
09:00:18.775 > 178
09:00:18.775 > flashReadSPIFlashLatestAddress: 236800
09:00:18.775 > 183
09:00:18.775 > flashReadSPIFlashLatestAddress: 237056
09:00:18.775 > 131
09:00:18.775 > flashReadSPIFlashLatestAddress: 237312
09:00:18.775 > 134
09:00:18.775 > flashReadSPIFlashLatestAddress: 237568
09:00:18.775 > 137
09:00:18.775 > flashReadSPIFlashLatestAddress: 237824
09:00:18.775 > 92
09:00:18.775 > flashReadSPIFlashLatestAddress: 238080
09:00:18.775 > 102
09:00:18.775 > flashReadSPIFlashLatestAddress: 238336
09:00:18.775 > 55
09:00:18.775 > flashReadSPIFlashLatestAddress: 238592
09:00:18.775 > 59
09:00:18.775 > flashReadSPIFlashLatestAddress: 238848
09:00:18.775 > 62
09:00:18.775 > flashReadSPIFlashLatestAddress: 239104
09:00:18.775 > 18
09:00:18.775 > flashReadSPIFlashLatestAddress: 239360
09:00:18.775 > 26
09:00:18.775 > flashReadSPIFlashLatestAddress: 239616
09:00:18.775 > 239
09:00:18.775 > flashReadSPIFlashLatestAddress: 239872
09:00:18.775 > 244
09:00:18.775 > flashReadSPIFlashLatestAddress: 240128
09:00:18.775 > 248
09:00:18.775 > flashReadSPIFlashLatestAddress: 240384
09:00:18.775 > 203
09:00:18.775 > flashReadSPIFlashLatestAddress: 240640
09:00:18.775 > 212
09:00:18.775 > flashReadSPIFlashLatestAddress: 240896
09:00:18.775 > 170
09:00:18.775 > flashReadSPIFlashLatestAddress: 241152
09:00:18.775 > 173
09:00:18.775 > flashReadSPIFlashLatestAddress: 241408
09:00:18.775 > 176
09:00:18.775 > flashReadSPIFlashLatestAddress: 241664
09:00:18.775 > 123
09:00:18.775 > flashReadSPIFlashLatestAddress: 241920
09:00:18.775 > 131
09:00:18.775 > flashReadSPIFlashLatestAddress: 242176
09:00:18.775 > 92
09:00:18.775 > flashReadSPIFlashLatestAddress: 242432
09:00:18.775 > 94
09:00:18.775 > flashReadSPIFlashLatestAddress: 242688
09:00:18.775 > 100
09:00:18.775 > flashReadSPIFlashLatestAddress: 242944
09:00:18.775 > 55
09:00:18.775 > flashReadSPIFlashLatestAddress: 243200
09:00:18.775 > 63
09:00:18.775 > flashReadSPIFlashLatestAddress: 243456
09:00:18.775 > 10
09:00:18.775 > flashReadSPIFlashLatestAddress: 243712
09:00:18.775 > 11
09:00:18.775 > flashReadSPIFlashLatestAddress: 243968
09:00:18.775 > 22
09:00:18.775 > flashReadSPIFlashLatestAddress: 244224
09:00:18.775 > 228
09:00:18.775 > flashReadSPIFlashLatestAddress: 244480
09:00:18.775 > 231
09:00:18.775 > flashReadSPIFlashLatestAddress: 244736
09:00:18.775 > 187
09:00:18.775 > flashReadSPIFlashLatestAddress: 244992
09:00:18.775 > 197
09:00:18.775 > flashReadSPIFlashLatestAddress: 245248
09:00:18.775 > 209
09:00:18.775 > flashReadSPIFlashLatestAddress: 245504
09:00:18.775 > 162
09:00:18.775 > flashReadSPIFlashLatestAddress: 245760
09:00:18.775 > 164
09:00:18.775 > flashReadSPIFlashLatestAddress: 246016
09:00:18.775 > 114
09:00:18.775 > flashReadSPIFlashLatestAddress: 246272
09:00:18.775 > 131
09:00:18.775 > flashReadSPIFlashLatestAddress: 246528
09:00:18.775 > 135
09:00:18.775 > flashReadSPIFlashLatestAddress: 246784
09:00:18.775 > 89
09:00:18.775 > flashReadSPIFlashLatestAddress: 247040
09:00:18.775 > 92
09:00:18.775 > flashReadSPIFlashLatestAddress: 247296
09:00:18.775 > 49
09:00:18.775 > flashReadSPIFlashLatestAddress: 247552
09:00:18.775 > 58
09:00:18.775 > flashReadSPIFlashLatestAddress: 247808
09:00:18.775 > 66
09:00:18.775 > flashReadSPIFlashLatestAddress: 248064
09:00:18.775 > 18
09:00:18.775 > flashReadSPIFlashLatestAddress: 248320
09:00:19.034 > 22
09:00:19.034 > flashReadSPIFlashLatestAddress: 248576
09:00:19.034 > 227
09:00:19.034 > flashReadSPIFlashLatestAddress: 248832
09:00:19.034 > 228
09:00:19.034 > flashReadSPIFlashLatestAddress: 249088
09:00:19.034 > 236
09:00:19.034 > flashReadSPIFlashLatestAddress: 249344
09:00:19.034 > 186
09:00:19.034 > flashReadSPIFlashLatestAddress: 249600
09:00:19.034 > 191
09:00:19.034 > flashReadSPIFlashLatestAddress: 249856
09:00:19.034 > 139
09:00:19.034 > flashReadSPIFlashLatestAddress: 250112
09:00:19.034 > 142
09:00:19.034 > flashReadSPIFlashLatestAddress: 250368
09:00:19.034 > 145
09:00:19.034 > flashReadSPIFlashLatestAddress: 250624
09:00:19.034 > 100
09:00:19.034 > flashReadSPIFlashLatestAddress: 250880
09:00:19.034 > 110
09:00:19.034 > flashReadSPIFlashLatestAddress: 251136
09:00:19.034 > 63
09:00:19.034 > flashReadSPIFlashLatestAddress: 251392
09:00:19.034 > 67
09:00:19.034 > flashReadSPIFlashLatestAddress: 251648
09:00:19.034 > 70
09:00:19.034 > flashReadSPIFlashLatestAddress: 251904
09:00:19.034 > 26
09:00:19.034 > flashReadSPIFlashLatestAddress: 252160
09:00:19.034 > 34
09:00:19.034 > flashReadSPIFlashLatestAddress: 252416
09:00:19.034 > 247
09:00:19.034 > flashReadSPIFlashLatestAddress: 252672
09:00:19.034 > 252
09:00:19.034 > flashReadSPIFlashLatestAddress: 252928
09:00:19.034 > 0
09:00:19.034 > flashReadSPIFlashLatestAddress: 253184
09:00:19.034 > 211
09:00:19.034 > flashReadSPIFlashLatestAddress: 253440
09:00:19.034 > 220
09:00:19.034 > flashReadSPIFlashLatestAddress: 253696
09:00:19.034 > 178
09:00:19.034 > flashReadSPIFlashLatestAddress: 253952
09:00:19.034 > 181
09:00:19.034 > flashReadSPIFlashLatestAddress: 254208
09:00:19.034 > 184
09:00:19.034 > flashReadSPIFlashLatestAddress: 254464
09:00:19.034 > 131
09:00:19.034 > flashReadSPIFlashLatestAddress: 254720
09:00:19.034 > 139
09:00:19.034 > flashReadSPIFlashLatestAddress: 254976
09:00:19.034 > 100
09:00:19.034 > flashReadSPIFlashLatestAddress: 255232
09:00:19.034 > 102
09:00:19.034 > flashReadSPIFlashLatestAddress: 255488
09:00:19.034 > 108
09:00:19.034 > flashReadSPIFlashLatestAddress: 255744
09:00:19.034 > 63
09:00:19.034 > flashReadSPIFlashLatestAddress: 256000
09:00:19.034 > 71
09:00:19.034 > flashReadSPIFlashLatestAddress: 256256
09:00:19.034 > 18
09:00:19.034 > flashReadSPIFlashLatestAddress: 256512
09:00:19.034 > 19
09:00:19.034 > flashReadSPIFlashLatestAddress: 256768
09:00:19.034 > 30
09:00:19.034 > flashReadSPIFlashLatestAddress: 257024
09:00:19.034 > 236
09:00:19.034 > flashReadSPIFlashLatestAddress: 257280
09:00:19.034 > 239
09:00:19.034 > flashReadSPIFlashLatestAddress: 257536
09:00:19.034 > 195
09:00:19.034 > flashReadSPIFlashLatestAddress: 257792
09:00:19.034 > 205
09:00:19.034 > flashReadSPIFlashLatestAddress: 258048
09:00:19.034 > 217
09:00:19.034 > flashReadSPIFlashLatestAddress: 258304
09:00:19.034 > 170
09:00:19.034 > flashReadSPIFlashLatestAddress: 258560
09:00:19.034 > 172
09:00:19.034 > flashReadSPIFlashLatestAddress: 258816
09:00:19.034 > 122
09:00:19.034 > flashReadSPIFlashLatestAddress: 259072
09:00:19.034 > 139
09:00:19.034 > flashReadSPIFlashLatestAddress: 259328
09:00:19.034 > 143
09:00:19.034 > flashReadSPIFlashLatestAddress: 259584
09:00:19.034 > 97
09:00:19.034 > flashReadSPIFlashLatestAddress: 259840
09:00:19.034 > 100
09:00:19.034 > flashReadSPIFlashLatestAddress: 260096
09:00:19.034 > 57
09:00:19.034 > flashReadSPIFlashLatestAddress: 260352
09:00:19.034 > 66
09:00:19.034 > flashReadSPIFlashLatestAddress: 260608
09:00:19.034 > 74
09:00:19.034 > flashReadSPIFlashLatestAddress: 260864
09:00:19.034 > 26
09:00:19.034 > flashReadSPIFlashLatestAddress: 261120
09:00:19.034 > 30
09:00:19.034 > flashReadSPIFlashLatestAddress: 261376
09:00:19.034 > 235
09:00:19.034 > flashReadSPIFlashLatestAddress: 261632
09:00:19.034 > 236
09:00:19.034 > flashReadSPIFlashLatestAddress: 261888
09:00:19.034 > 244
09:00:19.034 > flashReadSPIFlashLatestAddress: 262144
09:00:19.034 > 194
09:00:19.034 > flashReadSPIFlashLatestAddress: 262400
09:00:19.034 > 199
09:00:19.034 > flashReadSPIFlashLatestAddress: 262656
09:00:19.034 > 147
09:00:19.034 > flashReadSPIFlashLatestAddress: 262912
09:00:19.034 > 150
09:00:19.034 > flashReadSPIFlashLatestAddress: 263168
09:00:19.034 > 153
09:00:19.034 > flashReadSPIFlashLatestAddress: 263424
09:00:19.034 > 108
09:00:19.034 > flashReadSPIFlashLatestAddress: 263680
09:00:19.034 > 118
09:00:19.034 > flashReadSPIFlashLatestAddress: 263936
09:00:19.034 > 71
09:00:19.034 > flashReadSPIFlashLatestAddress: 264192
09:00:19.034 > 75
09:00:19.034 > flashReadSPIFlashLatestAddress: 264448
09:00:19.034 > 78
09:00:19.034 > flashReadSPIFlashLatestAddress: 264704
09:00:19.034 > 34
09:00:19.034 > flashReadSPIFlashLatestAddress: 264960
09:00:19.034 > 42
09:00:19.034 > flashReadSPIFlashLatestAddress: 265216
09:00:19.034 > 255
09:00:19.034 > 255
09:00:25.558 > pPreparation mode
09:00:26.629 > dDelete mode
09:00:26.648 > start erase
09:00:26.648 > ,,,,,,,,,,,,,,,,,,,,,,,,,,,,,,,,,,,,,,,,,,,,,,,,,,,,,,,,,,,,,,,,,,,,,,,,,,,,,,,,,,,,,,,,,,,,,,,,,,,,,,,,,,,,,,,,,,,,,,,,,,,,,,,,,,,,,,,,,,,,,,,,,,,,,,,,,,,,,,,,,,,,,,,,,,,,,,,,,,,,,,,,,,,,,,,,,,,,,,,,,,,,,,,,,,,,,,,,,,,,,,,,,,,,,,,,,,,,,,,,,,,,,,,,,,,,,,,,,,,,,,,,,,,,,,,,,,,,,,,,,,,,,,,,,,,,,,,,,,,,,,,,,,,,,,,,,,,,,,,,,,,,,,,,,,,,,,,,,,,,,,,,,,,,,,,,,,,,,,,,,,,,,,,,,,,,,,,,,,,,,,,,,,,,,,,,,,,,,,,,,,,,,,,,,,,,,,,,,,,,,,,,,,,,,,,,,,,,,,,,,,,,,,,,,,,,,,,,,,,,,,,,,,,,,,,,,,,,,,,,,,,,,,,,,,,,,,,,,,,,,,,,,,,,,,,,,,,,,,,,,,,,,,,,,,,,,,,,,,,,,,,,,,,,,,,,,,,,,,,,,,,,,,,,,,,,,,,,,,,,,,,,,,,,,,,,,,,,,,,,,,,,,,,,,,,,,,,,,,,,,,,,,,,,,,,,,,,,,,,,,,,,,,,,,,,,,,,,,,,,,,,,,,,,,,,,,,,,,,,,,,,,,,,,,,,,,,,,,,,,,,,,,,,,,,,,,,,,,,,,,,,,,,,,,,,,,,,,,,,,,,,,,,,,,,,,,,,,,,,,,,,,,,,,,,,,,,,,,,,,,,,,,,,,,,,,,,,,,,,,,,,,,,,,,,,,,,,,,,,,,,,,,,,,,,,,,,,,,,,,,,,,,,,,,,,,,,,,,,,,,,,,,,,,,,,,,,,,,,,,,,,,,,,,,,,,,,,,,,,,,,,,,,,,,,,,,,,,,,,,,,,,,,,,,,,,,,,,,,,,,,,,,,,,,,,,,,,,,,,,,,,,,,,,,,,,,,,,,,,,,,,,,,,,,,,,,,,,,,,,,,,,,,,,,,,,,,,,,,,,,,,,,,,,,,,,,,,,,,,,,,,,,,,,,,,,,,,,,,,,,,,,,,,,,,,,,,,,,,,,,,,,,,,,,,,,,,,,,,,,,,,,,,,,,,,,,,,,,,,,,,,,,,,,,,,,,,,,,,,,,,,,,,,,,,,,,,,,,,,,,,,,,,,,,,,,,,,,,,,,,,,,,,,,,,,,,,,,,,,,,,,,,,,,,,,,,,,,,,,,,,Bulk Erased
09:02:48.183 > pPreparation mode
09:03:10.633 > lLogging mode
09:04:12.435 > sStop logging
