ets Jul 29 2019 12:21:46

rst:0x1 (POWERON_RESET),boot:0x13 (SPI_FAST_FLASH_BOOT)
configsip: 0, SPIWP:0xee
clk_drv:0x00,q_drv:0x00,d_drv:0x00,cs0_drv:0x00,hd_drv:0x00,wp_drv:0x00
mode:DIO, clock div:2
load:0x3fff0030,len:1184
load:0x40078000,len:12776
load:0x40080400,len:3032
entry 0x400805e4
start
No Data
.....
time
255,255,255,255
acceleration
255,255,255,255,255,255
MPU_Acceleration
255,255,255,255,255,255
MPU_Angular_Velocity
255,255,255,255,255,255
MPU_Magnetic_Field
255,255,255,255,255,255
LPS_Pressure
255,255,255
time
255,255,255,255
acceleration
255,255,255,255,255,255
MPU_Acceleration
255,255,255,255,255,255
MPU_Angular_Velocity
255,255,255,255,255,255
MPU_Magnetic_Field
255,255,255,255,255,255
LPS_Pressure
255,255,255
time
255,255,255,255
acceleration
255,255,255,255,255,255
MPU_Acceleration
255,255,255,255,255,255
MPU_Angular_Velocity
255,255,255,255,255,255
MPU_Magnetic_Field
255,255,255,255,255,255
LPS_Pressure
255,255,255
time
255,255,255,255
acceleration
255,255,255,255,255,255
MPU_Acceleration
255,255,255,255,255,255
MPU_Angular_Velocity
255,255,255,255,255,255
MPU_Magnetic_Field
255,255,255,255,255,255
LPS_Pressure
255,255,255
time
255,255,255,255
acceleration
255,255,255,255,255,255
MPU_Acceleration
255,255,255,255,255,255
MPU_Angular_Velocity
255,255,255,255,255,255
MPU_Magnetic_Field
255,255,255,255,255,255
LPS_Pressure
255,255,255
time
255,255,255,255
acceleration
255,255,255,255,255,255
MPU_Acceleration
255,255,255,255,255,255
MPU_Angular_Velocity
255,255,255,255,255,255
MPU_Magnetic_Field
255,255,255,255,255,255
LPS_Pressure
255,255,255
time
255,255,255,255
acceleration
255,255,255,255,255,255
MPU_Acceleration
255,255,255,255,255,255
MPU_Angular_Velocity
255,255,255,255,255,255
MPU_Magnetic_Field
255,255,255,255,255,255
LPS_Pressure
255,255,255
time
255,255,255,255
acceleration
255,255,255,255,255,255
MPU_Acceleration
255,255,255,255,255,255
MPU_Angular_Velocity
255,255,255,255,255,255
MPU_Magnetic_Field
255,255,255,255,255,255
LPS_Pressure
255,255,255
2nd CountH3LIS331DataSetExistInBuff_READ == 8
start
time
0,0,0,0
acceleration
240,254,48,255,80,0
MPU_Acceleration
0,0,0,0,0,0
MPU_Angular_Velocity
0,0,0,0,0,0
MPU_Magnetic_Field
0,0,0,0,0,0
LPS_Pressure

time
1,0,0,0
acceleration
32,255,32,255,160,0
MPU_Acceleration
0,0,0,0,0,0
MPU_Angular_Velocity
0,0,0,0,0,0
MPU_Magnetic_Field
0,0,0,0,0,0
LPS_Pressure

time
2,0,0,0
acceleration
128,255,96,255,192,0
MPU_Acceleration
0,0,0,0,0,0
MPU_Angular_Velocity
0,0,0,0,0,0
MPU_Magnetic_Field
0,0,0,0,0,0
LPS_Pressure

time
3,0,0,0
acceleration
32,255,0,255,0,1
MPU_Acceleration
0,0,0,0,0,0
MPU_Angular_Velocity
0,0,0,0,0,0
MPU_Magnetic_Field
0,0,0,0,0,0
LPS_Pressure

time
4,0,0,0
acceleration
176,254,16,255,208,0
MPU_Acceleration
0,0,0,0,0,0
MPU_Angular_Velocity
0,0,0,0,0,0
MPU_Magnetic_Field
0,0,0,0,0,0
LPS_Pressure

time
5,0,0,0
acceleration
48,255,160,255,144,0
MPU_Acceleration
0,0,0,0,0,0
MPU_Angular_Velocity
0,0,0,0,0,0
MPU_Magnetic_Field
0,0,0,0,0,0
LPS_Pressure

time
6,0,0,0
acceleration
240,254,80,255,160,0
MPU_Acceleration
0,0,0,0,0,0
MPU_Angular_Velocity
0,0,0,0,0,0
MPU_Magnetic_Field
0,0,0,0,0,0
LPS_Pressure

time
7,0,0,0
acceleration
48,255,64,255,16,1
MPU_Acceleration
0,0,0,0,0,0
MPU_Angular_Velocity
0,0,0,0,0,0
MPU_Magnetic_Field
0,0,0,0,0,0
LPS_Pressure

2nd CountH3LIS331DataSetExistInBuff_READ == 8
start
time
0,0,0,0
acceleration
32,255,16,255,0,1
MPU_Acceleration
0,0,0,0,0,0
MPU_Angular_Velocity
0,0,0,0,0,0
MPU_Magnetic_Field
0,0,0,0,0,0
LPS_Pressure

time
9,0,0,0
acceleration
80,255,0,255,176,0
MPU_Acceleration
0,0,0,0,0,0
MPU_Angular_Velocity
0,0,0,0,0,0
MPU_Magnetic_Field
0,0,0,0,0,0
LPS_Pressure

time
10,0,0,0
acceleration
48,255,240,254,48,1
MPU_Acceleration
0,0,0,0,0,0
MPU_Angular_Velocity
0,0,0,0,0,0
MPU_Magnetic_Field
0,0,0,0,0,0
LPS_Pressure

time
11,0,0,0
acceleration
0,255,0,255,240,0
MPU_Acceleration
0,0,0,0,0,0
MPU_Angular_Velocity
0,0,0,0,0,0
MPU_Magnetic_Field
0,0,0,0,0,0
LPS_Pressure

time
12,0,0,0
acceleration
240,254,32,255,176,0
MPU_Acceleration
0,0,0,0,0,0
MPU_Angular_Velocity
0,0,0,0,0,0
MPU_Magnetic_Field
0,0,0,0,0,0
LPS_Pressure

time
13,0,0,0
acceleration
16,255,64,255,80,0
MPU_Acceleration
0,0,0,0,0,0
MPU_Angular_Velocity
0,0,0,0,0,0
MPU_Magnetic_Field
0,0,0,0,0,0
LPS_Pressure

time
14,0,0,0
acceleration
128,255,80,255,96,0
MPU_Acceleration
0,0,0,0,0,0
MPU_Angular_Velocity
0,0,0,0,0,0
MPU_Magnetic_Field
0,0,0,0,0,0
LPS_Pressure

time
15,0,0,0
acceleration
80,255,16,255,80,0
MPU_Acceleration
0,0,0,0,0,0
MPU_Angular_Velocity
0,0,0,0,0,0
MPU_Magnetic_Field
0,0,0,0,0,0
LPS_Pressure

2nd CountH3LIS331DataSetExistInBuff_READ == 8
start
time
0,0,0,0
acceleration
0,255,240,254,176,0
MPU_Acceleration
0,0,0,0,0,0
MPU_Angular_Velocity
0,0,0,0,0,0
MPU_Magnetic_Field
0,0,0,0,0,0
LPS_Pressure

time
17,0,0,0
acceleration
240,254,64,255,128,0
MPU_Acceleration
0,0,0,0,0,0
MPU_Angular_Velocity
0,0,0,0,0,0
MPU_Magnetic_Field
0,0,0,0,0,0
LPS_Pressure

time
18,0,0,0
acceleration
32,255,96,255,96,0
MPU_Acceleration
0,0,0,0,0,0
MPU_Angular_Velocity
0,0,0,0,0,0
MPU_Magnetic_Field
0,0,0,0,0,0
LPS_Pressure

time
19,0,0,0
acceleration
192,254,16,255,176,0
MPU_Acceleration
0,0,0,0,0,0
MPU_Angular_Velocity
0,0,0,0,0,0
MPU_Magnetic_Field
0,0,0,0,0,0
LPS_Pressure

time
20,0,0,0
acceleration
48,255,32,255,96,0
MPU_Acceleration
0,0,0,0,0,0
MPU_Angular_Velocity
0,0,0,0,0,0
MPU_Magnetic_Field
0,0,0,0,0,0
LPS_Pressure

time
21,0,0,0
acceleration
64,255,160,254,208,0
MPU_Acceleration
0,0,0,0,0,0
MPU_Angular_Velocity
0,0,0,0,0,0
MPU_Magnetic_Field
0,0,0,0,0,0
LPS_Pressure

time
22,0,0,0
acceleration
192,254,224,255,96,0
MPU_Acceleration
0,0,0,0,0,0
MPU_Angular_Velocity
0,0,0,0,0,0
MPU_Magnetic_Field
0,0,0,0,0,0
LPS_Pressure

time
23,0,0,0
acceleration
224,254,32,255,16,0
MPU_Acceleration
0,0,0,0,0,0
MPU_Angular_Velocity
0,0,0,0,0,0
MPU_Magnetic_Field
0,0,0,0,0,0
LPS_Pressure

2nd CountH3LIS331DataSetExistInBuff_READ == 8
start
time
0,0,0,0
acceleration
32,254,224,254,80,0
MPU_Acceleration
0,0,0,0,0,0
MPU_Angular_Velocity
0,0,0,0,0,0
MPU_Magnetic_Field
0,0,0,0,0,0
LPS_Pressure

time
25,0,0,0
acceleration
96,255,240,254,160,0
MPU_Acceleration
0,0,0,0,0,0
MPU_Angular_Velocity
0,0,0,0,0,0
MPU_Magnetic_Field
0,0,0,0,0,0
LPS_Pressure

time
26,0,0,0
acceleration
240,254,192,254,208,0
MPU_Acceleration
0,0,0,0,0,0
MPU_Angular_Velocity
0,0,0,0,0,0
MPU_Magnetic_Field
0,0,0,0,0,0
LPS_Pressure

time
27,0,0,0
acceleration
80,255,240,254,160,0
MPU_Acceleration
0,0,0,0,0,0
MPU_Angular_Velocity
0,0,0,0,0,0
MPU_Magnetic_Field
0,0,0,0,0,0
LPS_Pressure

time
28,0,0,0
acceleration
16,255,32,255,112,0
MPU_Acceleration
0,0,0,0,0,0
MPU_Angular_Velocity
0,0,0,0,0,0
MPU_Magnetic_Field
0,0,0,0,0,0
LPS_Pressure

time
29,0,0,0
acceleration
224,254,48,255,0,1
MPU_Acceleration
0,0,0,0,0,0
MPU_Angular_Velocity
0,0,0,0,0,0
MPU_Magnetic_Field
0,0,0,0,0,0
LPS_Pressure

time
30,0,0,0
acceleration
224,254,240,254,192,1
MPU_Acceleration
0,0,0,0,0,0
MPU_Angular_Velocity
0,0,0,0,0,0
MPU_Magnetic_Field
0,0,0,0,0,0
LPS_Pressure

time
31,0,0,0
acceleration
64,255,48,255,224,0
MPU_Acceleration
0,0,0,0,0,0
MPU_Angular_Velocity
0,0,0,0,0,0
MPU_Magnetic_Field
0,0,0,0,0,0
LPS_Pressure

2nd CountH3LIS331DataSetExistInBuff_READ == 8
start
time
0,0,0,0
acceleration
80,255,240,254,176,0
MPU_Acceleration
0,0,0,0,0,0
MPU_Angular_Velocity
0,0,0,0,0,0
MPU_Magnetic_Field
0,0,0,0,0,0
LPS_Pressure

time
33,0,0,0
acceleration
224,254,112,255,160,0
MPU_Acceleration
0,0,0,0,0,0
MPU_Angular_Velocity
0,0,0,0,0,0
MPU_Magnetic_Field
0,0,0,0,0,0
LPS_Pressure

time
34,0,0,0
acceleration
144,255,0,255,0,1
MPU_Acceleration
0,0,0,0,0,0
MPU_Angular_Velocity
0,0,0,0,0,0
MPU_Magnetic_Field
0,0,0,0,0,0
LPS_Pressure

time
35,0,0,0
acceleration
192,254,16,255,128,0
MPU_Acceleration
0,0,0,0,0,0
MPU_Angular_Velocity
0,0,0,0,0,0
MPU_Magnetic_Field
0,0,0,0,0,0
LPS_Pressure

time
36,0,0,0
acceleration
32,254,192,254,144,0
MPU_Acceleration
0,0,0,0,0,0
MPU_Angular_Velocity
0,0,0,0,0,0
MPU_Magnetic_Field
0,0,0,0,0,0
LPS_Pressure

time
37,0,0,0
acceleration
0,255,208,254,224,0
MPU_Acceleration
0,0,0,0,0,0
MPU_Angular_Velocity
0,0,0,0,0,0
MPU_Magnetic_Field
0,0,0,0,0,0
LPS_Pressure

time
38,0,0,0
acceleration
80,255,32,255,160,0
MPU_Acceleration
0,0,0,0,0,0
MPU_Angular_Velocity
0,0,0,0,0,0
MPU_Magnetic_Field
0,0,0,0,0,0
LPS_Pressure

time
39,0,0,0
acceleration
144,254,16,255,144,0
MPU_Acceleration
0,0,0,0,0,0
MPU_Angular_Velocity
0,0,0,0,0,0
MPU_Magnetic_Field
0,0,0,0,0,0
LPS_Pressure

2nd CountH3LIS331DataSetExistInBuff_READ == 8
start
time
0,0,0,0
acceleration
64,255,0,255,80,0
MPU_Acceleration
0,0,0,0,0,0
MPU_Angular_Velocity
0,0,0,0,0,0
MPU_Magnetic_Field
0,0,0,0,0,0
LPS_Pressure

time
41,0,0,0
acceleration
224,254,208,254,160,0
MPU_Acceleration
0,0,0,0,0,0
MPU_Angular_Velocity
0,0,0,0,0,0
MPU_Magnetic_Field
0,0,0,0,0,0
LPS_Pressure

time
42,0,0,0
acceleration
0,255,32,255,32,1
MPU_Acceleration
0,0,0,0,0,0
MPU_Angular_Velocity
0,0,0,0,0,0
MPU_Magnetic_Field
0,0,0,0,0,0
LPS_Pressure

time
43,0,0,0
acceleration
64,255,96,255,80,1
MPU_Acceleration
0,0,0,0,0,0
MPU_Angular_Velocity
0,0,0,0,0,0
MPU_Magnetic_Field
0,0,0,0,0,0
LPS_Pressure

time
44,0,0,0
acceleration
176,255,0,255,176,0
MPU_Acceleration
0,0,0,0,0,0
MPU_Angular_Velocity
0,0,0,0,0,0
MPU_Magnetic_Field
0,0,0,0,0,0
LPS_Pressure

time
45,0,0,0
acceleration
96,255,224,254,160,0
MPU_Acceleration
0,0,0,0,0,0
MPU_Angular_Velocity
0,0,0,0,0,0
MPU_Magnetic_Field
0,0,0,0,0,0
LPS_Pressure

time
46,0,0,0
acceleration
112,255,32,255,208,0
MPU_Acceleration
0,0,0,0,0,0
MPU_Angular_Velocity
0,0,0,0,0,0
MPU_Magnetic_Field
0,0,0,0,0,0
LPS_Pressure

time
47,0,0,0
acceleration
160,255,128,255,0,1
MPU_Acceleration
0,0,0,0,0,0
MPU_Angular_Velocity
0,0,0,0,0,0
MPU_Magnetic_Field
0,0,0,0,0,0
LPS_Pressure

2nd CountH3LIS331DataSetExistInBuff_READ == 8
start
time
0,0,0,0
acceleration
32,255,160,255,96,0
MPU_Acceleration
0,0,0,0,0,0
MPU_Angular_Velocity
0,0,0,0,0,0
MPU_Magnetic_Field
0,0,0,0,0,0
LPS_Pressure

time
49,0,0,0
acceleration
96,255,80,255,96,0
MPU_Acceleration
0,0,0,0,0,0
MPU_Angular_Velocity
0,0,0,0,0,0
MPU_Magnetic_Field
0,0,0,0,0,0
LPS_Pressure

time
50,0,0,0
acceleration
208,254,240,254,32,1
MPU_Acceleration
0,0,0,0,0,0
MPU_Angular_Velocity
0,0,0,0,0,0
MPU_Magnetic_Field
0,0,0,0,0,0
LPS_Pressure

time
51,0,0,0
acceleration
224,254,32,255,112,0
MPU_Acceleration
0,0,0,0,0,0
MPU_Angular_Velocity
0,0,0,0,0,0
MPU_Magnetic_Field
0,0,0,0,0,0
LPS_Pressure

time
52,0,0,0
acceleration
0,255,0,255,192,0
MPU_Acceleration
0,0,0,0,0,0
MPU_Angular_Velocity
0,0,0,0,0,0
MPU_Magnetic_Field
0,0,0,0,0,0
LPS_Pressure

time
53,0,0,0
acceleration
32,255,224,254,192,0
MPU_Acceleration
0,0,0,0,0,0
MPU_Angular_Velocity
0,0,0,0,0,0
MPU_Magnetic_Field
0,0,0,0,0,0
LPS_Pressure

time
54,0,0,0
acceleration
224,255,64,255,176,0
MPU_Acceleration
0,0,0,0,0,0
MPU_Angular_Velocity
0,0,0,0,0,0
MPU_Magnetic_Field
0,0,0,0,0,0
LPS_Pressure

time
55,0,0,0
acceleration
48,255,176,254,160,0
MPU_Acceleration
0,0,0,0,0,0
MPU_Angular_Velocity
0,0,0,0,0,0
MPU_Magnetic_Field
0,0,0,0,0,0
LPS_Pressure

2nd CountH3LIS331DataSetExistInBuff_READ == 8
start
time
0,0,0,0
acceleration
96,255,16,255,80,0
MPU_Acceleration
0,0,0,0,0,0
MPU_Angular_Velocity
0,0,0,0,0,0
MPU_Magnetic_Field
0,0,0,0,0,0
LPS_Pressure

time
57,0,0,0
acceleration
48,255,96,255,16,1
MPU_Acceleration
0,0,0,0,0,0
MPU_Angular_Velocity
0,0,0,0,0,0
MPU_Magnetic_Field
0,0,0,0,0,0
LPS_Pressure

time
58,0,0,0
acceleration
64,255,32,255,144,0
MPU_Acceleration
0,0,0,0,0,0
MPU_Angular_Velocity
0,0,0,0,0,0
MPU_Magnetic_Field
0,0,0,0,0,0
LPS_Pressure

time
59,0,0,0
acceleration
80,255,16,255,96,0
MPU_Acceleration
0,0,0,0,0,0
MPU_Angular_Velocity
0,0,0,0,0,0
MPU_Magnetic_Field
0,0,0,0,0,0
LPS_Pressure

time
60,0,0,0
acceleration
16,255,80,255,160,0
MPU_Acceleration
0,0,0,0,0,0
MPU_Angular_Velocity
0,0,0,0,0,0
MPU_Magnetic_Field
0,0,0,0,0,0
LPS_Pressure

time
61,0,0,0
acceleration
48,255,80,255,96,0
MPU_Acceleration
0,0,0,0,0,0
MPU_Angular_Velocity
0,0,0,0,0,0
MPU_Magnetic_Field
0,0,0,0,0,0
LPS_Pressure

time
62,0,0,0
acceleration
16,255,192,254,0,0
MPU_Acceleration
0,0,0,0,0,0
MPU_Angular_Velocity
0,0,0,0,0,0
MPU_Magnetic_Field
0,0,0,0,0,0
LPS_Pressure

time
63,0,0,0
acceleration
32,255,64,255,96,0
MPU_Acceleration
0,0,0,0,0,0
MPU_Angular_Velocity
0,0,0,0,0,0
MPU_Magnetic_Field
0,0,0,0,0,0
LPS_Pressure

2nd CountH3LIS331DataSetExistInBuff_READ == 8
start
time
0,0,0,0
acceleration
240,254,80,255,176,0
MPU_Acceleration
0,0,0,0,0,0
MPU_Angular_Velocity
0,0,0,0,0,0
MPU_Magnetic_Field
0,0,0,0,0,0
LPS_Pressure

time
65,0,0,0
acceleration
128,255,80,255,80,0
MPU_Acceleration
0,0,0,0,0,0
MPU_Angular_Velocity
0,0,0,0,0,0
MPU_Magnetic_Field
0,0,0,0,0,0
LPS_Pressure

time
66,0,0,0
acceleration
48,255,208,254,208,0
MPU_Acceleration
0,0,0,0,0,0
MPU_Angular_Velocity
0,0,0,0,0,0
MPU_Magnetic_Field
0,0,0,0,0,0
LPS_Pressure

time
67,0,0,0
acceleration
128,255,240,254,48,1
MPU_Acceleration
0,0,0,0,0,0
MPU_Angular_Velocity
0,0,0,0,0,0
MPU_Magnetic_Field
0,0,0,0,0,0
LPS_Pressure

time
68,0,0,0
acceleration
240,254,32,255,128,0
MPU_Acceleration
0,0,0,0,0,0
MPU_Angular_Velocity
0,0,0,0,0,0
MPU_Magnetic_Field
0,0,0,0,0,0
LPS_Pressure

time
69,0,0,0
acceleration
192,255,224,255,112,1
MPU_Acceleration
0,0,0,0,0,0
MPU_Angular_Velocity
0,0,0,0,0,0
MPU_Magnetic_Field
0,0,0,0,0,0
LPS_Pressure

time
70,0,0,0
acceleration
0,255,208,254,80,0
MPU_Acceleration
0,0,0,0,0,0
MPU_Angular_Velocity
0,0,0,0,0,0
MPU_Magnetic_Field
0,0,0,0,0,0
LPS_Pressure

time
71,0,0,0
acceleration
64,255,240,254,240,0
MPU_Acceleration
0,0,0,0,0,0
MPU_Angular_Velocity
0,0,0,0,0,0
MPU_Magnetic_Field
0,0,0,0,0,0
LPS_Pressure

2nd CountH3LIS331DataSetExistInBuff_READ == 8
start
time
0,0,0,0
acceleration
224,254,32,255,160,0
MPU_Acceleration
0,0,0,0,0,0
MPU_Angular_Velocity
0,0,0,0,0,0
MPU_Magnetic_Field
0,0,0,0,0,0
LPS_Pressure

time
73,0,0,0
acceleration
176,254,16,255,144,0
MPU_Acceleration
0,0,0,0,0,0
MPU_Angular_Velocity
0,0,0,0,0,0
MPU_Magnetic_Field
0,0,0,0,0,0
LPS_Pressure

time
74,0,0,0
acceleration
240,254,48,255,128,0
MPU_Acceleration
0,0,0,0,0,0
MPU_Angular_Velocity
0,0,0,0,0,0
MPU_Magnetic_Field
0,0,0,0,0,0
LPS_Pressure

time
75,0,0,0
acceleration
240,254,112,255,224,0
MPU_Acceleration
0,0,0,0,0,0
MPU_Angular_Velocity
0,0,0,0,0,0
MPU_Magnetic_Field
0,0,0,0,0,0
LPS_Pressure

time
76,0,0,0
acceleration
64,255,240,254,192,0
MPU_Acceleration
0,0,0,0,0,0
MPU_Angular_Velocity
0,0,0,0,0,0
MPU_Magnetic_Field
0,0,0,0,0,0
LPS_Pressure

time
77,0,0,0
acceleration
0,255,240,254,128,0
MPU_Acceleration
0,0,0,0,0,0
MPU_Angular_Velocity
0,0,0,0,0,0
MPU_Magnetic_Field
0,0,0,0,0,0
LPS_Pressure

time
78,0,0,0
acceleration
64,255,32,255,240,0
MPU_Acceleration
0,0,0,0,0,0
MPU_Angular_Velocity
0,0,0,0,0,0
MPU_Magnetic_Field
0,0,0,0,0,0
LPS_Pressure

time
79,0,0,0
acceleration
240,254,96,255,16,0
MPU_Acceleration
0,0,0,0,0,0
MPU_Angular_Velocity
0,0,0,0,0,0
MPU_Magnetic_Field
0,0,0,0,0,0
LPS_Pressure

2nd CountH3LIS331DataSetExistInBuff_READ == 8
start
time
0,0,0,0
acceleration
240,254,32,255,160,0
MPU_Acceleration
0,0,0,0,0,0
MPU_Angular_Velocity
0,0,0,0,0,0
MPU_Magnetic_Field
0,0,0,0,0,0
LPS_Pressure

time
81,0,0,0
acceleration
32,255,96,255,96,0
MPU_Acceleration
0,0,0,0,0,0
MPU_Angular_Velocity
0,0,0,0,0,0
MPU_Magnetic_Field
0,0,0,0,0,0
LPS_Pressure

time
82,0,0,0
acceleration
112,255,128,255,0,1
MPU_Acceleration
0,0,0,0,0,0
MPU_Angular_Velocity
0,0,0,0,0,0
MPU_Magnetic_Field
0,0,0,0,0,0
LPS_Pressure

time
83,0,0,0
acceleration
16,255,64,255,80,0
MPU_Acceleration
0,0,0,0,0,0
MPU_Angular_Velocity
0,0,0,0,0,0
MPU_Magnetic_Field
0,0,0,0,0,0
LPS_Pressure

time
84,0,0,0
acceleration
240,254,48,255,176,0
MPU_Acceleration
0,0,0,0,0,0
MPU_Angular_Velocity
0,0,0,0,0,0
MPU_Magnetic_Field
0,0,0,0,0,0
LPS_Pressure

time
85,0,0,0
acceleration
64,255,224,254,176,0
MPU_Acceleration
0,0,0,0,0,0
MPU_Angular_Velocity
0,0,0,0,0,0
MPU_Magnetic_Field
0,0,0,0,0,0
LPS_Pressure

time
86,0,0,0
acceleration
48,255,16,255,144,0
MPU_Acceleration
0,0,0,0,0,0
MPU_Angular_Velocity
0,0,0,0,0,0
MPU_Magnetic_Field
0,0,0,0,0,0
LPS_Pressure

time
87,0,0,0
acceleration
192,254,176,254,144,0
MPU_Acceleration
0,0,0,0,0,0
MPU_Angular_Velocity
0,0,0,0,0,0
MPU_Magnetic_Field
0,0,0,0,0,0
LPS_Pressure

2nd CountH3LIS331DataSetExistInBuff_READ == 8
start
time
0,0,0,0
acceleration
64,255,64,255,240,0
MPU_Acceleration
0,0,0,0,0,0
MPU_Angular_Velocity
0,0,0,0,0,0
MPU_Magnetic_Field
0,0,0,0,0,0
LPS_Pressure

time
89,0,0,0
acceleration
16,255,96,255,0,1
MPU_Acceleration
0,0,0,0,0,0
MPU_Angular_Velocity
0,0,0,0,0,0
MPU_Magnetic_Field
0,0,0,0,0,0
LPS_Pressure

time
90,0,0,0
acceleration
144,255,48,255,80,0
MPU_Acceleration
0,0,0,0,0,0
MPU_Angular_Velocity
0,0,0,0,0,0
MPU_Magnetic_Field
0,0,0,0,0,0
LPS_Pressure

time
91,0,0,0
acceleration
128,255,80,255,176,0
MPU_Acceleration
0,0,0,0,0,0
MPU_Angular_Velocity
0,0,0,0,0,0
MPU_Magnetic_Field
0,0,0,0,0,0
LPS_Pressure

time
92,0,0,0
acceleration
80,255,240,254,208,0
MPU_Acceleration
0,0,0,0,0,0
MPU_Angular_Velocity
0,0,0,0,0,0
MPU_Magnetic_Field
0,0,0,0,0,0
LPS_Pressure

time
93,0,0,0
acceleration
240,254,32,255,192,0
MPU_Acceleration
0,0,0,0,0,0
MPU_Angular_Velocity
0,0,0,0,0,0
MPU_Magnetic_Field
0,0,0,0,0,0
LPS_Pressure

time
94,0,0,0
acceleration
48,255,32,255,192,0
MPU_Acceleration
0,0,0,0,0,0
MPU_Angular_Velocity
0,0,0,0,0,0
MPU_Magnetic_Field
0,0,0,0,0,0
LPS_Pressure

time
95,0,0,0
acceleration
80,255,64,255,48,1
MPU_Acceleration
0,0,0,0,0,0
MPU_Angular_Velocity
0,0,0,0,0,0
MPU_Magnetic_Field
0,0,0,0,0,0
LPS_Pressure

2nd CountH3LIS331DataSetExistInBuff_READ == 8
start
time
0,0,0,0
acceleration
32,255,96,255,0,1
MPU_Acceleration
0,0,0,0,0,0
MPU_Angular_Velocity
0,0,0,0,0,0
MPU_Magnetic_Field
0,0,0,0,0,0
LPS_Pressure

time
97,0,0,0
acceleration
64,255,32,255,224,0
MPU_Acceleration
0,0,0,0,0,0
MPU_Angular_Velocity
0,0,0,0,0,0
MPU_Magnetic_Field
0,0,0,0,0,0
LPS_Pressure

time
98,0,0,0
acceleration
112,255,80,255,192,0
MPU_Acceleration
0,0,0,0,0,0
MPU_Angular_Velocity
0,0,0,0,0,0
MPU_Magnetic_Field
0,0,0,0,0,0
LPS_Pressure

time
99,0,0,0
acceleration
224,254,240,254,128,0
MPU_Acceleration
0,0,0,0,0,0
MPU_Angular_Velocity
0,0,0,0,0,0
MPU_Magnetic_Field
0,0,0,0,0,0
LPS_Pressure

time
100,0,0,0
acceleration
48,255,32,255,208,0
MPU_Acceleration
0,0,0,0,0,0
MPU_Angular_Velocity
0,0,0,0,0,0
MPU_Magnetic_Field
0,0,0,0,0,0
LPS_Pressure

time
101,0,0,0
acceleration
144,255,32,255,176,0
MPU_Acceleration
0,0,0,0,0,0
MPU_Angular_Velocity
0,0,0,0,0,0
MPU_Magnetic_Field
0,0,0,0,0,0
LPS_Pressure

time
102,0,0,0
acceleration
32,255,96,255,16,1
MPU_Acceleration
0,0,0,0,0,0
MPU_Angular_Velocity
0,0,0,0,0,0
MPU_Magnetic_Field
0,0,0,0,0,0
LPS_Pressure

time
103,0,0,0
acceleration
48,255,128,255,80,0
MPU_Acceleration
0,0,0,0,0,0
MPU_Angular_Velocity
0,0,0,0,0,0
MPU_Magnetic_Field
0,0,0,0,0,0
LPS_Pressure

2nd CountH3LIS331DataSetExistInBuff_READ == 8
start
time
0,0,0,0
acceleration
160,254,0,255,144,0
MPU_Acceleration
0,0,0,0,0,0
MPU_Angular_Velocity
0,0,0,0,0,0
MPU_Magnetic_Field
0,0,0,0,0,0
LPS_Pressure

time
105,0,0,0
acceleration
96,255,240,254,128,0
MPU_Acceleration
0,0,0,0,0,0
MPU_Angular_Velocity
0,0,0,0,0,0
MPU_Magnetic_Field
0,0,0,0,0,0
LPS_Pressure

time
106,0,0,0
acceleration
224,255,160,255,160,0
MPU_Acceleration
0,0,0,0,0,0
MPU_Angular_Velocity
0,0,0,0,0,0
MPU_Magnetic_Field
0,0,0,0,0,0
LPS_Pressure

time
107,0,0,0
acceleration
240,254,32,255,112,0
MPU_Acceleration
0,0,0,0,0,0
MPU_Angular_Velocity
0,0,0,0,0,0
MPU_Magnetic_Field
0,0,0,0,0,0
LPS_Pressure

time
108,0,0,0
acceleration
32,255,192,254,208,0
MPU_Acceleration
0,0,0,0,0,0
MPU_Angular_Velocity
0,0,0,0,0,0
MPU_Magnetic_Field
0,0,0,0,0,0
LPS_Pressure

time
109,0,0,0
acceleration
192,255,16,255,176,0
MPU_Acceleration
0,0,0,0,0,0
MPU_Angular_Velocity
0,0,0,0,0,0
MPU_Magnetic_Field
0,0,0,0,0,0
LPS_Pressure

time
110,0,0,0
acceleration
80,255,240,254,144,0
MPU_Acceleration
0,0,0,0,0,0
MPU_Angular_Velocity
0,0,0,0,0,0
MPU_Magnetic_Field
0,0,0,0,0,0
LPS_Pressure

time
111,0,0,0
acceleration
64,255,240,254,176,0
MPU_Acceleration
0,0,0,0,0,0
MPU_Angular_Velocity
0,0,0,0,0,0
MPU_Magnetic_Field
0,0,0,0,0,0
LPS_Pressure

2nd CountH3LIS331DataSetExistInBuff_READ == 8
start
time
0,0,0,0
acceleration
16,255,224,254,112,0
MPU_Acceleration
0,0,0,0,0,0
MPU_Angular_Velocity
0,0,0,0,0,0
MPU_Magnetic_Field
0,0,0,0,0,0
LPS_Pressure

time
113,0,0,0
acceleration
128,255,80,255,16,1
MPU_Acceleration
0,0,0,0,0,0
MPU_Angular_Velocity
0,0,0,0,0,0
MPU_Magnetic_Field
0,0,0,0,0,0
LPS_Pressure

time
114,0,0,0
acceleration
32,255,80,255,192,0
MPU_Acceleration
0,0,0,0,0,0
MPU_Angular_Velocity
0,0,0,0,0,0
MPU_Magnetic_Field
0,0,0,0,0,0
LPS_Pressure

time
115,0,0,0
acceleration
48,255,224,254,64,0
MPU_Acceleration
0,0,0,0,0,0
MPU_Angular_Velocity
0,0,0,0,0,0
MPU_Magnetic_Field
0,0,0,0,0,0
LPS_Pressure

time
116,0,0,0
acceleration
96,255,224,255,16,1
MPU_Acceleration
0,0,0,0,0,0
MPU_Angular_Velocity
0,0,0,0,0,0
MPU_Magnetic_Field
0,0,0,0,0,0
LPS_Pressure

time
117,0,0,0
acceleration
64,255,48,255,192,0
MPU_Acceleration
0,0,0,0,0,0
MPU_Angular_Velocity
0,0,0,0,0,0
MPU_Magnetic_Field
0,0,0,0,0,0
LPS_Pressure

time
118,0,0,0
acceleration
16,255,224,254,112,0
MPU_Acceleration
0,0,0,0,0,0
MPU_Angular_Velocity
0,0,0,0,0,0
MPU_Magnetic_Field
0,0,0,0,0,0
LPS_Pressure

time
119,0,0,0
acceleration
128,255,224,254,224,0
MPU_Acceleration
0,0,0,0,0,0
MPU_Angular_Velocity
0,0,0,0,0,0
MPU_Magnetic_Field
0,0,0,0,0,0
LPS_Pressure

2nd CountH3LIS331DataSetExistInBuff_READ == 8
start
No Data
.....
time
255,255,255,255
acceleration
255,255,255,255,255,255
MPU_Acceleration
255,255,255,255,255,255
MPU_Angular_Velocity
255,255,255,255,255,255
MPU_Magnetic_Field
255,255,255,255,255,255
LPS_Pressure
255,255,255
time
255,255,255,255
acceleration
255,255,255,255,255,255
MPU_Acceleration
255,255,255,255,255,255
MPU_Angular_Velocity
255,255,255,255,255,255
MPU_Magnetic_Field
255,255,255,255,255,255
LPS_Pressure
255,255,255
time
255,255,255,255
acceleration
255,255,255,255,255,255
MPU_Acceleration
255,255,255,255,255,255
MPU_Angular_Velocity
255,255,255,255,255,255
MPU_Magnetic_Field
255,255,255,255,255,255
LPS_Pressure
255,255,255
time
255,255,255,255
acceleration
255,255,255,255,255,255
MPU_Acceleration
255,255,255,255,255,255
MPU_Angular_Velocity
255,255,255,255,255,255
MPU_Magnetic_Field
255,255,255,255,255,255
LPS_Pressure
255,255,255
time
255,255,255,255
acceleration
255,255,255,255,255,255
MPU_Acceleration
255,255,255,255,255,255
MPU_Angular_Velocity
255,255,255,255,255,255
MPU_Magnetic_Field
255,255,255,255,255,255
LPS_Pressure
255,255,255
time
255,255,255,255
acceleration
255,255,255,255,255,255
MPU_Acceleration
255,255,255,255,255,255
MPU_Angular_Velocity
255,255,255,255,255,255
MPU_Magnetic_Field
255,255,255,255,255,255
LPS_Pressure
255,255,255
time
255,255,255,255
acceleration
255,255,255,255,255,255
MPU_Acceleration
255,255,255,255,255,255
MPU_Angular_Velocity
255,255,255,255,255,255
MPU_Magnetic_Field
255,255,255,255,255,255
LPS_Pressure
255,255,255
time
255,255,255,255
acceleration
255,255,255,255,255,255
MPU_Acceleration
255,255,255,255,255,255
MPU_Angular_Velocity
255,255,255,255,255,255
MPU_Magnetic_Field
255,255,255,255,255,255
LPS_Pressure
255,255,255
2nd CountH3LIS331DataSetExistInBuff_READ == 8
start
No Data
.....
time
255,255,255,255
acceleration
255,255,255,255,255,255
MPU_Acceleration
255,255,255,255,255,255
MPU_Angular_Velocity
255,255,255,255,255,255
MPU_Magnetic_Field
255,255,255,255,255,255
LPS_Pressure
255,255,255
time
255,255,255,255
acceleration
255,255,255,255,255,255
MPU_Acceleration
255,255,255,255,255,255
MPU_Angular_Velocity
255,255,255,255,255,255
MPU_Magnetic_Field
255,255,255,255,255,255
LPS_Pressure
255,255,255
time
255,255,255,255
acceleration
255,255,255,255,255,255
MPU_Acceleration
255,255,255,255,255,255
MPU_Angular_Velocity
255,255,255,255,255,255
MPU_Magnetic_Field
255,255,255,255,255,255
LPS_Pressure
255,255,255
time
255,255,255,255
acceleration
255,255,255,255,255,255
MPU_Acceleration
255,255,255,255,255,255
MPU_Angular_Velocity
255,255,255,255,255,255
MPU_Magnetic_Field
255,255,255,255,255,255
LPS_Pressure
255,255,255
time
255,255,255,255
acceleration
255,255,255,255,255,255
MPU_Acceleration
255,255,255,255,255,255
MPU_Angular_Velocity
255,255,255,255,255,255
MPU_Magnetic_Field
255,255,255,255,255,255
LPS_Pressure
255,255,255
time
255,255,255,255
acceleration
255,255,255,255,255,255
MPU_Acceleration
255,255,255,255,255,255
MPU_Angular_Velocity
255,255,255,255,255,255
MPU_Magnetic_Field
255,255,255,255,255,255
LPS_Pressure
255,255,255
time
255,255,255,255
acceleration
255,255,255,255,255,255
MPU_Acceleration
255,255,255,255,255,255
MPU_Angular_Velocity
255,255,255,255,255,255
MPU_Magnetic_Field
255,255,255,255,255,255
LPS_Pressure
255,255,255
time
255,255,255,255
acceleration
255,255,255,255,255,255
MPU_Acceleration
255,255,255,255,255,255
MPU_Angular_Velocity
255,255,255,255,255,255
MPU_Magnetic_Field
255,255,255,255,255,255
LPS_Pressure
255,255,255
2nd CountH3LIS331DataSetExistInBuff_READ == 8
start
No Data
.....
time
255,255,255,255
acceleration
255,255,255,255,255,255
MPU_Acceleration
255,255,255,255,255,255
MPU_Angular_Velocity
255,255,255,255,255,255
MPU_Magnetic_Field
255,255,255,255,255,255
LPS_Pressure
255,255,255
time
255,255,255,255
acceleration
255,255,255,255,255,255
MPU_Acceleration
255,255,255,255,255,255
MPU_Angular_Velocity
255,255,255,255,255,255
MPU_Magnetic_Field
255,255,255,255,255,255
LPS_Pressure
255,255,255
time
255,255,255,255
acceleration
255,255,255,255,255,255
MPU_Acceleration
255,255,255,255,255,255
MPU_Angular_Velocity
255,255,255,255,255,255
MPU_Magnetic_Field
255,255,255,255,255,255
LPS_Pressure
255,255,255
time
255,255,255,255
acceleration
255,255,255,255,255,255
MPU_Acceleration
255,255,255,255,255,255
MPU_Angular_Velocity
255,255,255,255,255,255
MPU_Magnetic_Field
255,255,255,255,255,255
LPS_Pressure
255,255,255
time
255,255,255,255
acceleration
255,255,255,255,255,255
MPU_Acceleration
255,255,255,255,255,255
MPU_Angular_Velocity
255,255,255,255,255,255
MPU_Magnetic_Field
255,255,255,255,255,255
LPS_Pressure
255,255,255
time
255,255,255,255
acceleration
255,255,255,255,255,255
MPU_Acceleration
255,255,255,255,255,255
MPU_Angular_Velocity
255,255,255,255,255,255
MPU_Magnetic_Field
255,255,255,255,255,255
LPS_Pressure
255,255,255
time
255,255,255,255
acceleration
255,255,255,255,255,255
MPU_Acceleration
255,255,255,255,255,255
MPU_Angular_Velocity
255,255,255,255,255,255
MPU_Magnetic_Field
255,255,255,255,255,255
LPS_Pressure
255,255,255
time
255,255,255,255
acceleration
255,255,255,255,255,255
MPU_Acceleration
255,255,255,255,255,255
MPU_Angular_Velocity
255,255,255,255,255,255
MPU_Magnetic_Field
255,255,255,255,255,255
LPS_Pressure
255,255,255
2nd CountH3LIS331DataSetExistInBuff_READ == 8
start
No Data
.....
time
255,255,255,255
acceleration
255,255,255,255,255,255
MPU_Acceleration
255,255,255,255,255,255
MPU_Angular_Velocity
255,255,255,255,255,255
MPU_Magnetic_Field
255,255,255,255,255,255
LPS_Pressure
255,255,255
time
255,255,255,255
acceleration
255,255,255,255,255,255
MPU_Acceleration
255,255,255,255,255,255
MPU_Angular_Velocity
255,255,255,255,255,255
MPU_Magnetic_Field
255,255,255,255,255,255
LPS_Pressure
255,255,255
time
255,255,255,255
acceleration
255,255,255,255,255,255
MPU_Acceleration
255,255,255,255,255,255
MPU_Angular_Velocity
255,255,255,255,255,255
MPU_Magnetic_Field
255,255,255,255,255,255
LPS_Pressure
255,255,255
time
255,255,255,255
acceleration
255,255,255,255,255,255
MPU_Acceleration
255,255,255,255,255,255
MPU_Angular_Velocity
255,255,255,255,255,255
MPU_Magnetic_Field
255,255,255,255,255,255
LPS_Pressure
255,255,255
time
255,255,255,255
acceleration
255,255,255,255,255,255
MPU_Acceleration
255,255,255,255,255,255
MPU_Angular_Velocity
255,255,255,255,255,255
MPU_Magnetic_Field
255,255,255,255,255,255
LPS_Pressure
255,255,255
time
255,255,255,255
acceleration
255,255,255,255,255,255
MPU_Acceleration
255,255,255,255,255,255
MPU_Angular_Velocity
255,255,255,255,255,255
MPU_Magnetic_Field
255,255,255,255,255,255
LPS_Pressure
255,255,255
time
255,255,255,255
acceleration
255,255,255,255,255,255
MPU_Acceleration
255,255,255,255,255,255
MPU_Angular_Velocity
255,255,255,255,255,255
MPU_Magnetic_Field
255,255,255,255,255,255
LPS_Pressure
255,255,255
time
255,255,255,255
acceleration
255,255,255,255,255,255
MPU_Acceleration
255,255,255,255,255,255
MPU_Angular_Velocity
255,255,255,255,255,255
MPU_Magnetic_Field
255,255,255,255,255,255
LPS_Pressure
255,255,255
2nd CountH3LIS331DataSetExistInBuff_READ == 8
start
No Data
.....
time
255,255,255,255
acceleration
255,255,255,255,255,255
MPU_Acceleration
255,255,255,255,255,255
MPU_Angular_Velocity
255,255,255,255,255,255
MPU_Magnetic_Field
255,255,255,255,255,255
LPS_Pressure
255,255,255
time
255,255,255,255
acceleration
255,255,255,255,255,255
MPU_Acceleration
255,255,255,255,255,255
MPU_Angular_Velocity
255,255,255,255,255,255
MPU_Magnetic_Field
255,255,255,255,255,255
LPS_Pressure
255,255,255
time
255,255,255,255
acceleration
255,255,255,255,255,255
MPU_Acceleration
255,255,255,255,255,255
MPU_Angular_Velocity
255,255,255,255,255,255
MPU_Magnetic_Field
255,255,255,255,255,255
LPS_Pressure
255,255,255
time
255,255,255,255
acceleration
255,255,255,255,255,255
MPU_Acceleration
255,255,255,255,255,255
MPU_Angular_Velocity
255,255,255,255,255,255
MPU_Magnetic_Field
255,255,255,255,255,255
LPS_Pressure
255,255,255
time
255,255,255,255
acceleration
255,255,255,255,255,255
MPU_Acceleration
255,255,255,255,255,255
MPU_Angular_Velocity
255,255,255,255,255,255
MPU_Magnetic_Field
255,255,255,255,255,255
LPS_Pressure
255,255,255
time
255,255,255,255
acceleration
255,255,255,255,255,255
MPU_Acceleration
255,255,255,255,255,255
MPU_Angular_Velocity
255,255,255,255,255,255
MPU_Magnetic_Field
255,255,255,255,255,255
LPS_Pressure
255,255,255
time
255,255,255,255
acceleration
255,255,255,255,255,255
MPU_Acceleration
255,255,255,255,255,255
MPU_Angular_Velocity
255,255,255,255,255,255
MPU_Magnetic_Field
255,255,255,255,255,255
LPS_Pressure
255,255,255
time
255,255,255,255
acceleration
255,255,255,255,255,255
MPU_Acceleration
255,255,255,255,255,255
MPU_Angular_Velocity
255,255,255,255,255,255
MPU_Magnetic_Field
255,255,255,255,255,255
LPS_Pressure
255,255,255
2nd CountH3LIS331DataSetExistInBuff_READ == 8
start
No Data
.....
time
255,255,255,255
acceleration
255,255,255,255,255,255
MPU_Acceleration
255,255,255,255,255,255
MPU_Angular_Velocity
255,255,255,255,255,255
MPU_Magnetic_Field
255,255,255,255,255,255
LPS_Pressure
255,255,255
time
255,255,255,255
acceleration
255,255,255,255,255,255
MPU_Acceleration
255,255,255,255,255,255
MPU_Angular_Velocity
255,255,255,255,255,255
MPU_Magnetic_Field
255,255,255,255,255,255
LPS_Pressure
255,255,255
time
255,255,255,255
acceleration
255,255,255,255,255,255
MPU_Acceleration
255,255,255,255,255,255
MPU_Angular_Velocity
255,255,255,255,255,255
MPU_Magnetic_Field
255,255,255,255,255,255
LPS_Pressure
255,255,255
time
255,255,255,255
acceleration
255,255,255,255,255,255
MPU_Acceleration
255,255,255,255,255,255
MPU_Angular_Velocity
255,255,255,255,255,255
MPU_Magnetic_Field
255,255,255,255,255,255
LPS_Pressure
255,255,255
time
255,255,255,255
acceleration
255,255,255,255,255,255
MPU_Acceleration
255,255,255,255,255,255
MPU_Angular_Velocity
255,255,255,255,255,255
MPU_Magnetic_Field
255,255,255,255,255,255
LPS_Pressure
255,255,255
time
255,255,255,255
acceleration
255,255,255,255,255,255
MPU_Acceleration
255,255,255,255,255,255
MPU_Angular_Velocity
255,255,255,255,255,255
MPU_Magnetic_Field
255,255,255,255,255,255
LPS_Pressure
255,255,255
time
255,255,255,255
acceleration
255,255,255,255,255,255
MPU_Acceleration
255,255,255,255,255,255
MPU_Angular_Velocity
255,255,255,255,255,255
MPU_Magnetic_Field
255,255,255,255,255,255
LPS_Pressure
255,255,255
time
255,255,255,255
acceleration
255,255,255,255,255,255
MPU_Acceleration
255,255,255,255,255,255
MPU_Angular_Velocity
255,255,255,255,255,255
MPU_Magnetic_Field
255,255,255,255,255,255
LPS_Pressure
255,255,255
2nd CountH3LIS331DataSetExistInBuff_READ == 8
start
No Data
.....
time
255,255,255,255
acceleration
255,255,255,255,255,255
MPU_Acceleration
255,255,255,255,255,255
MPU_Angular_Velocity
255,255,255,255,255,255
MPU_Magnetic_Field
255,255,255,255,255,255
LPS_Pressure
255,255,255
time
255,255,255,255
acceleration
255,255,255,255,255,255
MPU_Acceleration
255,255,255,255,255,255
MPU_Angular_Velocity
255,255,255,255,255,255
MPU_Magnetic_Field
255,255,255,255,255,255
LPS_Pressure
255,255,255
time
255,255,255,255
acceleration
255,255,255,255,255,255
MPU_Acceleration
255,255,255,255,255,255
MPU_Angular_Velocity
255,255,255,255,255,255
MPU_Magnetic_Field
255,255,255,255,255,255
LPS_Pressure
255,255,255
time
255,255,255,255
acceleration
255,255,255,255,255,255
MPU_Acceleration
255,255,255,255,255,255
MPU_Angular_Velocity
255,255,255,255,255,255
MPU_Magnetic_Field
255,255,255,255,255,255
LPS_Pressure
255,255,255
time
255,255,255,255
acceleration
255,255,255,255,255,255
MPU_Acceleration
255,255,255,255,255,255
MPU_Angular_Velocity
255,255,255,255,255,255
MPU_Magnetic_Field
255,255,255,255,255,255
LPS_Pressure
255,255,255
time
255,255,255,255
acceleration
255,255,255,255,255,255
MPU_Acceleration
255,255,255,255,255,255
MPU_Angular_Velocity
255,255,255,255,255,255
MPU_Magnetic_Field
255,255,255,255,255,255
LPS_Pressure
255,255,255
time
255,255,255,255
acceleration
255,255,255,255,255,255
MPU_Acceleration
255,255,255,255,255,255
MPU_Angular_Velocity
255,255,255,255,255,255
MPU_Magnetic_Field
255,255,255,255,255,255
LPS_Pressure
255,255,255
time
255,255,255,255
acceleration
255,255,255,255,255,255
MPU_Acceleration
255,255,255,255,255,255
MPU_Angular_Velocity
255,255,255,255,255,255
MPU_Magnetic_Field
255,255,255,255,255,255
LPS_Pressure
255,255,255
2nd CountH3LIS331DataSetExistInBuff_READ == 8
start
No Data
.....
time
255,255,255,255
acceleration
255,255,255,255,255,255
MPU_Acceleration
255,255,255,255,255,255
MPU_Angular_Velocity
255,255,255,255,255,255
MPU_Magnetic_Field
255,255,255,255,255,255
LPS_Pressure
255,255,255
time
255,255,255,255
acceleration
255,255,255,255,255,255
MPU_Acceleration
255,255,255,255,255,255
MPU_Angular_Velocity
255,255,255,255,255,255
MPU_Magnetic_Field
255,255,255,255,255,255
LPS_Pressure
255,255,255
time
255,255,255,255
acceleration
255,255,255,255,255,255
MPU_Acceleration
255,255,255,255,255,255
MPU_Angular_Velocity
255,255,255,255,255,255
MPU_Magnetic_Field
255,255,255,255,255,255
LPS_Pressure
255,255,255
time
255,255,255,255
acceleration
255,255,255,255,255,255
MPU_Acceleration
255,255,255,255,255,255
MPU_Angular_Velocity
255,255,255,255,255,255
MPU_Magnetic_Field
255,255,255,255,255,255
LPS_Pressure
255,255,255
time
255,255,255,255
acceleration
255,255,255,255,255,255
MPU_Acceleration
255,255,255,255,255,255
MPU_Angular_Velocity
255,255,255,255,255,255
MPU_Magnetic_Field
255,255,255,255,255,255
LPS_Pressure
255,255,255
time
255,255,255,255
acceleration
255,255,255,255,255,255
MPU_Acceleration
255,255,255,255,255,255
MPU_Angular_Velocity
255,255,255,255,255,255
MPU_Magnetic_Field
255,255,255,255,255,255
LPS_Pressure
255,255,255
time
255,255,255,255
acceleration
255,255,255,255,255,255
MPU_Acceleration
255,255,255,255,255,255
MPU_Angular_Velocity
255,255,255,255,255,255
MPU_Magnetic_Field
255,255,255,255,255,255
LPS_Pressure
255,255,255
time
255,255,255,255
acceleration
255,255,255,255,255,255
MPU_Acceleration
255,255,255,255,255,255
MPU_Angular_Velocity
255,255,255,255,255,255
MPU_Magnetic_Field
255,255,255,255,255,255
LPS_Pressure
255,255,255
2nd CountH3LIS331DataSetExistInBuff_READ == 8
start
No Data
.....
time
255,255,255,255
acceleration
255,255,255,255,255,255
MPU_Acceleration
255,255,255,255,255,255
MPU_Angular_Velocity
255,255,255,255,255,255
MPU_Magnetic_Field
255,255,255,255,255,255
LPS_Pressure
255,255,255
time
255,255,255,255
acceleration
255,255,255,255,255,255
MPU_Acceleration
255,255,255,255,255,255
MPU_Angular_Velocity
255,255,255,255,255,255
MPU_Magnetic_Field
255,255,255,255,255,255
LPS_Pressure
255,255,255
time
255,255,255,255
acceleration
255,255,255,255,255,255
MPU_Acceleration
255,255,255,255,255,255
MPU_Angular_Velocity
255,255,255,255,255,255
MPU_Magnetic_Field
255,255,255,255,255,255
LPS_Pressure
255,255,255
time
255,255,255,255
acceleration
255,255,255,255,255,255
MPU_Acceleration
255,255,255,255,255,255
MPU_Angular_Velocity
255,255,255,255,255,255
MPU_Magnetic_Field
255,255,255,255,255,255
LPS_Pressure
255,255,255
time
255,255,255,255
acceleration
255,255,255,255,255,255
MPU_Acceleration
255,255,255,255,255,255
MPU_Angular_Velocity
255,255,255,255,255,255
MPU_Magnetic_Field
255,255,255,255,255,255
LPS_Pressure
255,255,255
time
255,255,255,255
acceleration
255,255,255,255,255,255
MPU_Acceleration
255,255,255,255,255,255
MPU_Angular_Velocity
255,255,255,255,255,255
MPU_Magnetic_Field
255,255,255,255,255,255
LPS_Pressure
255,255,255
time
255,255,255,255
acceleration
255,255,255,255,255,255
MPU_Acceleration
255,255,255,255,255,255
MPU_Angular_Velocity
255,255,255,255,255,255
MPU_Magnetic_Field
255,255,255,255,255,255
LPS_Pressure
255,255,255
time
255,255,255,255
acceleration
255,255,255,255,255,255
MPU_Acceleration
255,255,255,255,255,255
MPU_Angular_Velocity
255,255,255,255,255,255
MPU_Magnetic_Field
255,255,255,255,255,255
LPS_Pressure
255,255,255
2nd CountH3LIS331DataSetExistInBuff_READ == 8
start
No Data
.....ets Jul 29 2019 12:21:46

rst:0x1 (POWERON_RESET),boot:0x13 (SPI_FAST_FLASH_BOOT)
configsip: 0, SPIWP:0xee
clk_drv:0x00,q_drv:0x00,d_drv:0x00,cs0_drv:0x00,hd_drv:0x00,wp_drv:0x00
mode:DIO, clock div:2
load:0x3fff0030,len:1184
load:0x40078000,len:12776
load:0x40080400,len:3032
entry 0x400805e4
start
No Data
.....
time
255,255,255,255
acceleration
255,255,255,255,255,255
MPU_Acceleration
255,255,255,255,255,255
MPU_Angular_Velocity
255,255,255,255,255,255
MPU_Magnetic_Field
255,255,255,255,255,255
LPS_Pressure
255,255,255
time
255,255,255,255
acceleration
255,255,255,255,255,255
MPU_Acceleration
255,255,255,255,255,255
MPU_Angular_Velocity
255,255,255,255,255,255
MPU_Magnetic_Field
255,255,255,255,255,255
LPS_Pressure
255,255,255
time
255,255,255,255
acceleration
255,255,255,255,255,255
MPU_Acceleration
255,255,255,255,255,255
MPU_Angular_Velocity
255,255,255,255,255,255
MPU_Magnetic_Field
255,255,255,255,255,255
LPS_Pressure
255,255,255
time
255,255,255,255
acceleration
255,255,255,255,255,255
MPU_Acceleration
255,255,255,255,255,255
MPU_Angular_Velocity
255,255,255,255,255,255
MPU_Magnetic_Field
255,255,255,255,255,255
LPS_Pressure
255,255,255
time
255,255,255,255
acceleration
255,255,255,255,255,255
MPU_Acceleration
255,255,255,255,255,255
MPU_Angular_Velocity
255,255,255,255,255,255
MPU_Magnetic_Field
255,255,255,255,255,255
LPS_Pressure
255,255,255
time
255,255,255,255
acceleration
255,255,255,255,255,255
MPU_Acceleration
255,255,255,255,255,255
MPU_Angular_Velocity
255,255,255,255,255,255
MPU_Magnetic_Field
255,255,255,255,255,255
LPS_Pressure
255,255,255
time
255,255,255,255
acceleration
255,255,255,255,255,255
MPU_Acceleration
255,255,255,255,255,255
MPU_Angular_Velocity
255,255,255,255,255,255
MPU_Magnetic_Field
255,255,255,255,255,255
LPS_Pressure
255,255,255
time
255,255,255,255
acceleration
255,255,255,255,255,255
MPU_Acceleration
255,255,255,255,255,255
MPU_Angular_Velocity
255,255,255,255,255,255
MPU_Magnetic_Field
255,255,255,255,255,255
LPS_Pressure
255,255,255
2nd CountH3LIS331DataSetExistInBuff_READ == 8
start
time
0,0,0,0
acceleration
240,254,48,255,80,0
MPU_Acceleration
0,0,0,0,0,0
MPU_Angular_Velocity
0,0,0,0,0,0
MPU_Magnetic_Field
0,0,0,0,0,0
LPS_Pressure

time
1,0,0,0
acceleration
32,255,32,255,160,0
MPU_Acceleration
0,0,0,0,0,0
MPU_Angular_Velocity
0,0,0,0,0,0
MPU_Magnetic_Field
0,0,0,0,0,0
LPS_Pressure

time
2,0,0,0
acceleration
128,255,96,255,192,0
MPU_Acceleration
0,0,0,0,0,0
MPU_Angular_Velocity
0,0,0,0,0,0
MPU_Magnetic_Field
0,0,0,0,0,0
LPS_Pressure

time
3,0,0,0
acceleration
32,255,0,255,0,1
MPU_Acceleration
0,0,0,0,0,0
MPU_Angular_Velocity
0,0,0,0,0,0
MPU_Magnetic_Field
0,0,0,0,0,0
LPS_Pressure

time
4,0,0,0
acceleration
176,254,16,255,208,0
MPU_Acceleration
0,0,0,0,0,0
MPU_Angular_Velocity
0,0,0,0,0,0
MPU_Magnetic_Field
0,0,0,0,0,0
LPS_Pressure

time
5,0,0,0
acceleration
48,255,160,255,144,0
MPU_Acceleration
0,0,0,0,0,0
MPU_Angular_Velocity
0,0,0,0,0,0
MPU_Magnetic_Field
0,0,0,0,0,0
LPS_Pressure

time
6,0,0,0
acceleration
240,254,80,255,160,0
MPU_Acceleration
0,0,0,0,0,0
MPU_Angular_Velocity
0,0,0,0,0,0
MPU_Magnetic_Field
0,0,0,0,0,0
LPS_Pressure

time
7,0,0,0
acceleration
48,255,64,255,16,1
MPU_Acceleration
0,0,0,0,0,0
MPU_Angular_Velocity
0,0,0,0,0,0
MPU_Magnetic_Field
0,0,0,0,0,0
LPS_Pressure

2nd CountH3LIS331DataSetExistInBuff_READ == 8
start
time
0,0,0,0
acceleration
32,255,16,255,0,1
MPU_Acceleration
0,0,0,0,0,0
MPU_Angular_Velocity
0,0,0,0,0,0
MPU_Magnetic_Field
0,0,0,0,0,0
LPS_Pressure

time
9,0,0,0
acceleration
80,255,0,255,176,0
MPU_Acceleration
0,0,0,0,0,0
MPU_Angular_Velocity
0,0,0,0,0,0
MPU_Magnetic_Field
0,0,0,0,0,0
LPS_Pressure

time
10,0,0,0
acceleration
48,255,240,254,48,1
MPU_Acceleration
0,0,0,0,0,0
MPU_Angular_Velocity
0,0,0,0,0,0
MPU_Magnetic_Field
0,0,0,0,0,0
LPS_Pressure

time
11,0,0,0
acceleration
0,255,0,255,240,0
MPU_Acceleration
0,0,0,0,0,0
MPU_Angular_Velocity
0,0,0,0,0,0
MPU_Magnetic_Field
0,0,0,0,0,0
LPS_Pressure

time
12,0,0,0
acceleration
240,254,32,255,176,0
MPU_Acceleration
0,0,0,0,0,0
MPU_Angular_Velocity
0,0,0,0,0,0
MPU_Magnetic_Field
0,0,0,0,0,0
LPS_Pressure

time
13,0,0,0
acceleration
16,255,64,255,80,0
MPU_Acceleration
0,0,0,0,0,0
MPU_Angular_Velocity
0,0,0,0,0,0
MPU_Magnetic_Field
0,0,0,0,0,0
LPS_Pressure

time
14,0,0,0
acceleration
128,255,80,255,96,0
MPU_Acceleration
0,0,0,0,0,0
MPU_Angular_Velocity
0,0,0,0,0,0
MPU_Magnetic_Field
0,0,0,0,0,0
LPS_Pressure

time
15,0,0,0
acceleration
80,255,16,255,80,0
MPU_Acceleration
0,0,0,0,0,0
MPU_Angular_Velocity
0,0,0,0,0,0
MPU_Magnetic_Field
0,0,0,0,0,0
LPS_Pressure

2nd CountH3LIS331DataSetExistInBuff_READ == 8
start
time
0,0,0,0
acceleration
0,255,240,254,176,0
MPU_Acceleration
0,0,0,0,0,0
MPU_Angular_Velocity
0,0,0,0,0,0
MPU_Magnetic_Field
0,0,0,0,0,0
LPS_Pressure

time
17,0,0,0
acceleration
240,254,64,255,128,0
MPU_Acceleration
0,0,0,0,0,0
MPU_Angular_Velocity
0,0,0,0,0,0
MPU_Magnetic_Field
0,0,0,0,0,0
LPS_Pressure

time
18,0,0,0
acceleration
32,255,96,255,96,0
MPU_Acceleration
0,0,0,0,0,0
MPU_Angular_Velocity
0,0,0,0,0,0
MPU_Magnetic_Field
0,0,0,0,0,0
LPS_Pressure

time
19,0,0,0
acceleration
192,254,16,255,176,0
MPU_Acceleration
0,0,0,0,0,0
MPU_Angular_Velocity
0,0,0,0,0,0
MPU_Magnetic_Field
0,0,0,0,0,0
LPS_Pressure

time
20,0,0,0
acceleration
48,255,32,255,96,0
MPU_Acceleration
0,0,0,0,0,0
MPU_Angular_Velocity
0,0,0,0,0,0
MPU_Magnetic_Field
0,0,0,0,0,0
LPS_Pressure

time
21,0,0,0
acceleration
64,255,160,254,208,0
MPU_Acceleration
0,0,0,0,0,0
MPU_Angular_Velocity
0,0,0,0,0,0
MPU_Magnetic_Field
0,0,0,0,0,0
LPS_Pressure

time
22,0,0,0
acceleration
192,254,224,255,96,0
MPU_Acceleration
0,0,0,0,0,0
MPU_Angular_Velocity
0,0,0,0,0,0
MPU_Magnetic_Field
0,0,0,0,0,0
LPS_Pressure

time
23,0,0,0
acceleration
224,254,32,255,16,0
MPU_Acceleration
0,0,0,0,0,0
MPU_Angular_Velocity
0,0,0,0,0,0
MPU_Magnetic_Field
0,0,0,0,0,0
LPS_Pressure

2nd CountH3LIS331DataSetExistInBuff_READ == 8
start
time
0,0,0,0
acceleration
32,254,224,254,80,0
MPU_Acceleration
0,0,0,0,0,0
MPU_Angular_Velocity
0,0,0,0,0,0
MPU_Magnetic_Field
0,0,0,0,0,0
LPS_Pressure

time
25,0,0,0
acceleration
96,255,240,254,160,0
MPU_Acceleration
0,0,0,0,0,0
MPU_Angular_Velocity
0,0,0,0,0,0
MPU_Magnetic_Field
0,0,0,0,0,0
LPS_Pressure

time
26,0,0,0
acceleration
240,254,192,254,208,0
MPU_Acceleration
0,0,0,0,0,0
MPU_Angular_Velocity
0,0,0,0,0,0
MPU_Magnetic_Field
0,0,0,0,0,0
LPS_Pressure

time
27,0,0,0
acceleration
80,255,240,254,160,0
MPU_Acceleration
0,0,0,0,0,0
MPU_Angular_Velocity
0,0,0,0,0,0
MPU_Magnetic_Field
0,0,0,0,0,0
LPS_Pressure

time
28,0,0,0
acceleration
16,255,32,255,112,0
MPU_Acceleration
0,0,0,0,0,0
MPU_Angular_Velocity
0,0,0,0,0,0
MPU_Magnetic_Field
0,0,0,0,0,0
LPS_Pressure

time
29,0,0,0
acceleration
224,254,48,255,0,1
MPU_Acceleration
0,0,0,0,0,0
MPU_Angular_Velocity
0,0,0,0,0,0
MPU_Magnetic_Field
0,0,0,0,0,0
LPS_Pressure

time
30,0,0,0
acceleration
224,254,240,254,192,1
MPU_Acceleration
0,0,0,0,0,0
MPU_Angular_Velocity
0,0,0,0,0,0
MPU_Magnetic_Field
0,0,0,0,0,0
LPS_Pressure

time
31,0,0,0
acceleration
64,255,48,255,224,0
MPU_Acceleration
0,0,0,0,0,0
MPU_Angular_Velocity
0,0,0,0,0,0
MPU_Magnetic_Field
0,0,0,0,0,0
LPS_Pressure

2nd CountH3LIS331DataSetExistInBuff_READ == 8
start
time
0,0,0,0
acceleration
80,255,240,254,176,0
MPU_Acceleration
0,0,0,0,0,0
MPU_Angular_Velocity
0,0,0,0,0,0
MPU_Magnetic_Field
0,0,0,0,0,0
LPS_Pressure

time
33,0,0,0
acceleration
224,254,112,255,160,0
MPU_Acceleration
0,0,0,0,0,0
MPU_Angular_Velocity
0,0,0,0,0,0
MPU_Magnetic_Field
0,0,0,0,0,0
LPS_Pressure

time
34,0,0,0
acceleration
144,255,0,255,0,1
MPU_Acceleration
0,0,0,0,0,0
MPU_Angular_Velocity
0,0,0,0,0,0
MPU_Magnetic_Field
0,0,0,0,0,0
LPS_Pressure

time
35,0,0,0
acceleration
192,254,16,255,128,0
MPU_Acceleration
0,0,0,0,0,0
MPU_Angular_Velocity
0,0,0,0,0,0
MPU_Magnetic_Field
0,0,0,0,0,0
LPS_Pressure

time
36,0,0,0
acceleration
32,254,192,254,144,0
MPU_Acceleration
0,0,0,0,0,0
MPU_Angular_Velocity
0,0,0,0,0,0
MPU_Magnetic_Field
0,0,0,0,0,0
LPS_Pressure

time
37,0,0,0
acceleration
0,255,208,254,224,0
MPU_Acceleration
0,0,0,0,0,0
MPU_Angular_Velocity
0,0,0,0,0,0
MPU_Magnetic_Field
0,0,0,0,0,0
LPS_Pressure

time
38,0,0,0
acceleration
80,255,32,255,160,0
MPU_Acceleration
0,0,0,0,0,0
MPU_Angular_Velocity
0,0,0,0,0,0
MPU_Magnetic_Field
0,0,0,0,0,0
LPS_Pressure

time
39,0,0,0
acceleration
144,254,16,255,144,0
MPU_Acceleration
0,0,0,0,0,0
MPU_Angular_Velocity
0,0,0,0,0,0
MPU_Magnetic_Field
0,0,0,0,0,0
LPS_Pressure

2nd CountH3LIS331DataSetExistInBuff_READ == 8
start
time
0,0,0,0
acceleration
64,255,0,255,80,0
MPU_Acceleration
0,0,0,0,0,0
MPU_Angular_Velocity
0,0,0,0,0,0
MPU_Magnetic_Field
0,0,0,0,0,0
LPS_Pressure

time
41,0,0,0
acceleration
224,254,208,254,160,0
MPU_Acceleration
0,0,0,0,0,0
MPU_Angular_Velocity
0,0,0,0,0,0
MPU_Magnetic_Field
0,0,0,0,0,0
LPS_Pressure

time
42,0,0,0
acceleration
0,255,32,255,32,1
MPU_Acceleration
0,0,0,0,0,0
MPU_Angular_Velocity
0,0,0,0,0,0
MPU_Magnetic_Field
0,0,0,0,0,0
LPS_Pressure

time
43,0,0,0
acceleration
64,255,96,255,80,1
MPU_Acceleration
0,0,0,0,0,0
MPU_Angular_Velocity
0,0,0,0,0,0
MPU_Magnetic_Field
0,0,0,0,0,0
LPS_Pressure

time
44,0,0,0
acceleration
176,255,0,255,176,0
MPU_Acceleration
0,0,0,0,0,0
MPU_Angular_Velocity
0,0,0,0,0,0
MPU_Magnetic_Field
0,0,0,0,0,0
LPS_Pressure

time
45,0,0,0
acceleration
96,255,224,254,160,0
MPU_Acceleration
0,0,0,0,0,0
MPU_Angular_Velocity
0,0,0,0,0,0
MPU_Magnetic_Field
0,0,0,0,0,0
LPS_Pressure

time
46,0,0,0
acceleration
112,255,32,255,208,0
MPU_Acceleration
0,0,0,0,0,0
MPU_Angular_Velocity
0,0,0,0,0,0
MPU_Magnetic_Field
0,0,0,0,0,0
LPS_Pressure

time
47,0,0,0
acceleration
160,255,128,255,0,1
MPU_Acceleration
0,0,0,0,0,0
MPU_Angular_Velocity
0,0,0,0,0,0
MPU_Magnetic_Field
0,0,0,0,0,0
LPS_Pressure

2nd CountH3LIS331DataSetExistInBuff_READ == 8
start
time
0,0,0,0
acceleration
32,255,160,255,96,0
MPU_Acceleration
0,0,0,0,0,0
MPU_Angular_Velocity
0,0,0,0,0,0
MPU_Magnetic_Field
0,0,0,0,0,0
LPS_Pressure

time
49,0,0,0
acceleration
96,255,80,255,96,0
MPU_Acceleration
0,0,0,0,0,0
MPU_Angular_Velocity
0,0,0,0,0,0
MPU_Magnetic_Field
0,0,0,0,0,0
LPS_Pressure

time
50,0,0,0
acceleration
208,254,240,254,32,1
MPU_Acceleration
0,0,0,0,0,0
MPU_Angular_Velocity
0,0,0,0,0,0
MPU_Magnetic_Field
0,0,0,0,0,0
LPS_Pressure

time
51,0,0,0
acceleration
224,254,32,255,112,0
MPU_Acceleration
0,0,0,0,0,0
MPU_Angular_Velocity
0,0,0,0,0,0
MPU_Magnetic_Field
0,0,0,0,0,0
LPS_Pressure

time
52,0,0,0
acceleration
0,255,0,255,192,0
MPU_Acceleration
0,0,0,0,0,0
MPU_Angular_Velocity
0,0,0,0,0,0
MPU_Magnetic_Field
0,0,0,0,0,0
LPS_Pressure

time
53,0,0,0
acceleration
32,255,224,254,192,0
MPU_Acceleration
0,0,0,0,0,0
MPU_Angular_Velocity
0,0,0,0,0,0
MPU_Magnetic_Field
0,0,0,0,0,0
LPS_Pressure

time
54,0,0,0
acceleration
224,255,64,255,176,0
MPU_Acceleration
0,0,0,0,0,0
MPU_Angular_Velocity
0,0,0,0,0,0
MPU_Magnetic_Field
0,0,0,0,0,0
LPS_Pressure

time
55,0,0,0
acceleration
48,255,176,254,160,0
MPU_Acceleration
0,0,0,0,0,0
MPU_Angular_Velocity
0,0,0,0,0,0
MPU_Magnetic_Field
0,0,0,0,0,0
LPS_Pressure

2nd CountH3LIS331DataSetExistInBuff_READ == 8
start
time
0,0,0,0
acceleration
96,255,16,255,80,0
MPU_Acceleration
0,0,0,0,0,0
MPU_Angular_Velocity
0,0,0,0,0,0
MPU_Magnetic_Field
0,0,0,0,0,0
LPS_Pressure

time
57,0,0,0
acceleration
48,255,96,255,16,1
MPU_Acceleration
0,0,0,0,0,0
MPU_Angular_Velocity
0,0,0,0,0,0
MPU_Magnetic_Field
0,0,0,0,0,0
LPS_Pressure

time
58,0,0,0
acceleration
64,255,32,255,144,0
MPU_Acceleration
0,0,0,0,0,0
MPU_Angular_Velocity
0,0,0,0,0,0
MPU_Magnetic_Field
0,0,0,0,0,0
LPS_Pressure

time
59,0,0,0
acceleration
80,255,16,255,96,0
MPU_Acceleration
0,0,0,0,0,0
MPU_Angular_Velocity
0,0,0,0,0,0
MPU_Magnetic_Field
0,0,0,0,0,0
LPS_Pressure

time
60,0,0,0
acceleration
16,255,80,255,160,0
MPU_Acceleration
0,0,0,0,0,0
MPU_Angular_Velocity
0,0,0,0,0,0
MPU_Magnetic_Field
0,0,0,0,0,0
LPS_Pressure

time
61,0,0,0
acceleration
48,255,80,255,96,0
MPU_Acceleration
0,0,0,0,0,0
MPU_Angular_Velocity
0,0,0,0,0,0
MPU_Magnetic_Field
0,0,0,0,0,0
LPS_Pressure

time
62,0,0,0
acceleration
16,255,192,254,0,0
MPU_Acceleration
0,0,0,0,0,0
MPU_Angular_Velocity
0,0,0,0,0,0
MPU_Magnetic_Field
0,0,0,0,0,0
LPS_Pressure

time
63,0,0,0
acceleration
32,255,64,255,96,0
MPU_Acceleration
0,0,0,0,0,0
MPU_Angular_Velocity
0,0,0,0,0,0
MPU_Magnetic_Field
0,0,0,0,0,0
LPS_Pressure

2nd CountH3LIS331DataSetExistInBuff_READ == 8
start
time
0,0,0,0
acceleration
240,254,80,255,176,0
MPU_Acceleration
0,0,0,0,0,0
MPU_Angular_Velocity
0,0,0,0,0,0
MPU_Magnetic_Field
0,0,0,0,0,0
LPS_Pressure

time
65,0,0,0
acceleration
128,255,80,255,80,0
MPU_Acceleration
0,0,0,0,0,0
MPU_Angular_Velocity
0,0,0,0,0,0
MPU_Magnetic_Field
0,0,0,0,0,0
LPS_Pressure

time
66,0,0,0
acceleration
48,255,208,254,208,0
MPU_Acceleration
0,0,0,0,0,0
MPU_Angular_Velocity
0,0,0,0,0,0
MPU_Magnetic_Field
0,0,0,0,0,0
LPS_Pressure

time
67,0,0,0
acceleration
128,255,240,254,48,1
MPU_Acceleration
0,0,0,0,0,0
MPU_Angular_Velocity
0,0,0,0,0,0
MPU_Magnetic_Field
0,0,0,0,0,0
LPS_Pressure

time
68,0,0,0
acceleration
240,254,32,255,128,0
MPU_Acceleration
0,0,0,0,0,0
MPU_Angular_Velocity
0,0,0,0,0,0
MPU_Magnetic_Field
0,0,0,0,0,0
LPS_Pressure

time
69,0,0,0
acceleration
192,255,224,255,112,1
MPU_Acceleration
0,0,0,0,0,0
MPU_Angular_Velocity
0,0,0,0,0,0
MPU_Magnetic_Field
0,0,0,0,0,0
LPS_Pressure

time
70,0,0,0
acceleration
0,255,208,254,80,0
MPU_Acceleration
0,0,0,0,0,0
MPU_Angular_Velocity
0,0,0,0,0,0
MPU_Magnetic_Field
0,0,0,0,0,0
LPS_Pressure

time
71,0,0,0
acceleration
64,255,240,254,240,0
MPU_Acceleration
0,0,0,0,0,0
MPU_Angular_Velocity
0,0,0,0,0,0
MPU_Magnetic_Field
0,0,0,0,0,0
LPS_Pressure

2nd CountH3LIS331DataSetExistInBuff_READ == 8
start
time
0,0,0,0
acceleration
224,254,32,255,160,0
MPU_Acceleration
0,0,0,0,0,0
MPU_Angular_Velocity
0,0,0,0,0,0
MPU_Magnetic_Field
0,0,0,0,0,0
LPS_Pressure

time
73,0,0,0
acceleration
176,254,16,255,144,0
MPU_Acceleration
0,0,0,0,0,0
MPU_Angular_Velocity
0,0,0,0,0,0
MPU_Magnetic_Field
0,0,0,0,0,0
LPS_Pressure

time
74,0,0,0
acceleration
240,254,48,255,128,0
MPU_Acceleration
0,0,0,0,0,0
MPU_Angular_Velocity
0,0,0,0,0,0
MPU_Magnetic_Field
0,0,0,0,0,0
LPS_Pressure

time
75,0,0,0
acceleration
240,254,112,255,224,0
MPU_Acceleration
0,0,0,0,0,0
MPU_Angular_Velocity
0,0,0,0,0,0
MPU_Magnetic_Field
0,0,0,0,0,0
LPS_Pressure

time
76,0,0,0
acceleration
64,255,240,254,192,0
MPU_Acceleration
0,0,0,0,0,0
MPU_Angular_Velocity
0,0,0,0,0,0
MPU_Magnetic_Field
0,0,0,0,0,0
LPS_Pressure

time
77,0,0,0
acceleration
0,255,240,254,128,0
MPU_Acceleration
0,0,0,0,0,0
MPU_Angular_Velocity
0,0,0,0,0,0
MPU_Magnetic_Field
0,0,0,0,0,0
LPS_Pressure

time
78,0,0,0
acceleration
64,255,32,255,240,0
MPU_Acceleration
0,0,0,0,0,0
MPU_Angular_Velocity
0,0,0,0,0,0
MPU_Magnetic_Field
0,0,0,0,0,0
LPS_Pressure

time
79,0,0,0
acceleration
240,254,96,255,16,0
MPU_Acceleration
0,0,0,0,0,0
MPU_Angular_Velocity
0,0,0,0,0,0
MPU_Magnetic_Field
0,0,0,0,0,0
LPS_Pressure

2nd CountH3LIS331DataSetExistInBuff_READ == 8
start
time
0,0,0,0
acceleration
240,254,32,255,160,0
MPU_Acceleration
0,0,0,0,0,0
MPU_Angular_Velocity
0,0,0,0,0,0
MPU_Magnetic_Field
0,0,0,0,0,0
LPS_Pressure

time
81,0,0,0
acceleration
32,255,96,255,96,0
MPU_Acceleration
0,0,0,0,0,0
MPU_Angular_Velocity
0,0,0,0,0,0
MPU_Magnetic_Field
0,0,0,0,0,0
LPS_Pressure

time
82,0,0,0
acceleration
112,255,128,255,0,1
MPU_Acceleration
0,0,0,0,0,0
MPU_Angular_Velocity
0,0,0,0,0,0
MPU_Magnetic_Field
0,0,0,0,0,0
LPS_Pressure

time
83,0,0,0
acceleration
16,255,64,255,80,0
MPU_Acceleration
0,0,0,0,0,0
MPU_Angular_Velocity
0,0,0,0,0,0
MPU_Magnetic_Field
0,0,0,0,0,0
LPS_Pressure

time
84,0,0,0
acceleration
240,254,48,255,176,0
MPU_Acceleration
0,0,0,0,0,0
MPU_Angular_Velocity
0,0,0,0,0,0
MPU_Magnetic_Field
0,0,0,0,0,0
LPS_Pressure

time
85,0,0,0
acceleration
64,255,224,254,176,0
MPU_Acceleration
0,0,0,0,0,0
MPU_Angular_Velocity
0,0,0,0,0,0
MPU_Magnetic_Field
0,0,0,0,0,0
LPS_Pressure

time
86,0,0,0
acceleration
48,255,16,255,144,0
MPU_Acceleration
0,0,0,0,0,0
MPU_Angular_Velocity
0,0,0,0,0,0
MPU_Magnetic_Field
0,0,0,0,0,0
LPS_Pressure

time
87,0,0,0
acceleration
192,254,176,254,144,0
MPU_Acceleration
0,0,0,0,0,0
MPU_Angular_Velocity
0,0,0,0,0,0
MPU_Magnetic_Field
0,0,0,0,0,0
LPS_Pressure

2nd CountH3LIS331DataSetExistInBuff_READ == 8
start
time
0,0,0,0
acceleration
64,255,64,255,240,0
MPU_Acceleration
0,0,0,0,0,0
MPU_Angular_Velocity
0,0,0,0,0,0
MPU_Magnetic_Field
0,0,0,0,0,0
LPS_Pressure

time
89,0,0,0
acceleration
16,255,96,255,0,1
MPU_Acceleration
0,0,0,0,0,0
MPU_Angular_Velocity
0,0,0,0,0,0
MPU_Magnetic_Field
0,0,0,0,0,0
LPS_Pressure

time
90,0,0,0
acceleration
144,255,48,255,80,0
MPU_Acceleration
0,0,0,0,0,0
MPU_Angular_Velocity
0,0,0,0,0,0
MPU_Magnetic_Field
0,0,0,0,0,0
LPS_Pressure

time
91,0,0,0
acceleration
128,255,80,255,176,0
MPU_Acceleration
0,0,0,0,0,0
MPU_Angular_Velocity
0,0,0,0,0,0
MPU_Magnetic_Field
0,0,0,0,0,0
LPS_Pressure

time
92,0,0,0
acceleration
80,255,240,254,208,0
MPU_Acceleration
0,0,0,0,0,0
MPU_Angular_Velocity
0,0,0,0,0,0
MPU_Magnetic_Field
0,0,0,0,0,0
LPS_Pressure

time
93,0,0,0
acceleration
240,254,32,255,192,0
MPU_Acceleration
0,0,0,0,0,0
MPU_Angular_Velocity
0,0,0,0,0,0
MPU_Magnetic_Field
0,0,0,0,0,0
LPS_Pressure

time
94,0,0,0
acceleration
48,255,32,255,192,0
MPU_Acceleration
0,0,0,0,0,0
MPU_Angular_Velocity
0,0,0,0,0,0
MPU_Magnetic_Field
0,0,0,0,0,0
LPS_Pressure

time
95,0,0,0
acceleration
80,255,64,255,48,1
MPU_Acceleration
0,0,0,0,0,0
MPU_Angular_Velocity
0,0,0,0,0,0
MPU_Magnetic_Field
0,0,0,0,0,0
LPS_Pressure

2nd CountH3LIS331DataSetExistInBuff_READ == 8
start
time
0,0,0,0
acceleration
32,255,96,255,0,1
MPU_Acceleration
0,0,0,0,0,0
MPU_Angular_Velocity
0,0,0,0,0,0
MPU_Magnetic_Field
0,0,0,0,0,0
LPS_Pressure

time
97,0,0,0
acceleration
64,255,32,255,224,0
MPU_Acceleration
0,0,0,0,0,0
MPU_Angular_Velocity
0,0,0,0,0,0
MPU_Magnetic_Field
0,0,0,0,0,0
LPS_Pressure

time
98,0,0,0
acceleration
112,255,80,255,192,0
MPU_Acceleration
0,0,0,0,0,0
MPU_Angular_Velocity
0,0,0,0,0,0
MPU_Magnetic_Field
0,0,0,0,0,0
LPS_Pressure

time
99,0,0,0
acceleration
224,254,240,254,128,0
MPU_Acceleration
0,0,0,0,0,0
MPU_Angular_Velocity
0,0,0,0,0,0
MPU_Magnetic_Field
0,0,0,0,0,0
LPS_Pressure

time
100,0,0,0
acceleration
48,255,32,255,208,0
MPU_Acceleration
0,0,0,0,0,0
MPU_Angular_Velocity
0,0,0,0,0,0
MPU_Magnetic_Field
0,0,0,0,0,0
LPS_Pressure

time
101,0,0,0
acceleration
144,255,32,255,176,0
MPU_Acceleration
0,0,0,0,0,0
MPU_Angular_Velocity
0,0,0,0,0,0
MPU_Magnetic_Field
0,0,0,0,0,0
LPS_Pressure

time
102,0,0,0
acceleration
32,255,96,255,16,1
MPU_Acceleration
0,0,0,0,0,0
MPU_Angular_Velocity
0,0,0,0,0,0
MPU_Magnetic_Field
0,0,0,0,0,0
LPS_Pressure

time
103,0,0,0
acceleration
48,255,128,255,80,0
MPU_Acceleration
0,0,0,0,0,0
MPU_Angular_Velocity
0,0,0,0,0,0
MPU_Magnetic_Field
0,0,0,0,0,0
LPS_Pressure

2nd CountH3LIS331DataSetExistInBuff_READ == 8
start
time
0,0,0,0
acceleration
160,254,0,255,144,0
MPU_Acceleration
0,0,0,0,0,0
MPU_Angular_Velocity
0,0,0,0,0,0
MPU_Magnetic_Field
0,0,0,0,0,0
LPS_Pressure

time
105,0,0,0
acceleration
96,255,240,254,128,0
MPU_Acceleration
0,0,0,0,0,0
MPU_Angular_Velocity
0,0,0,0,0,0
MPU_Magnetic_Field
0,0,0,0,0,0
LPS_Pressure

time
106,0,0,0
acceleration
224,255,160,255,160,0
MPU_Acceleration
0,0,0,0,0,0
MPU_Angular_Velocity
0,0,0,0,0,0
MPU_Magnetic_Field
0,0,0,0,0,0
LPS_Pressure

time
107,0,0,0
acceleration
240,254,32,255,112,0
MPU_Acceleration
0,0,0,0,0,0
MPU_Angular_Velocity
0,0,0,0,0,0
MPU_Magnetic_Field
0,0,0,0,0,0
LPS_Pressure

time
108,0,0,0
acceleration
32,255,192,254,208,0
MPU_Acceleration
0,0,0,0,0,0
MPU_Angular_Velocity
0,0,0,0,0,0
MPU_Magnetic_Field
0,0,0,0,0,0
LPS_Pressure

time
109,0,0,0
acceleration
192,255,16,255,176,0
MPU_Acceleration
0,0,0,0,0,0
MPU_Angular_Velocity
0,0,0,0,0,0
MPU_Magnetic_Field
0,0,0,0,0,0
LPS_Pressure

time
110,0,0,0
acceleration
80,255,240,254,144,0
MPU_Acceleration
0,0,0,0,0,0
MPU_Angular_Velocity
0,0,0,0,0,0
MPU_Magnetic_Field
0,0,0,0,0,0
LPS_Pressure

time
111,0,0,0
acceleration
64,255,240,254,176,0
MPU_Acceleration
0,0,0,0,0,0
MPU_Angular_Velocity
0,0,0,0,0,0
MPU_Magnetic_Field
0,0,0,0,0,0
LPS_Pressure

2nd CountH3LIS331DataSetExistInBuff_READ == 8
start
time
0,0,0,0
acceleration
16,255,224,254,112,0
MPU_Acceleration
0,0,0,0,0,0
MPU_Angular_Velocity
0,0,0,0,0,0
MPU_Magnetic_Field
0,0,0,0,0,0
LPS_Pressure

time
113,0,0,0
acceleration
128,255,80,255,16,1
MPU_Acceleration
0,0,0,0,0,0
MPU_Angular_Velocity
0,0,0,0,0,0
MPU_Magnetic_Field
0,0,0,0,0,0
LPS_Pressure

time
114,0,0,0
acceleration
32,255,80,255,192,0
MPU_Acceleration
0,0,0,0,0,0
MPU_Angular_Velocity
0,0,0,0,0,0
MPU_Magnetic_Field
0,0,0,0,0,0
LPS_Pressure

time
115,0,0,0
acceleration
48,255,224,254,64,0
MPU_Acceleration
0,0,0,0,0,0
MPU_Angular_Velocity
0,0,0,0,0,0
MPU_Magnetic_Field
0,0,0,0,0,0
LPS_Pressure

time
116,0,0,0
acceleration
96,255,224,255,16,1
MPU_Acceleration
0,0,0,0,0,0
MPU_Angular_Velocity
0,0,0,0,0,0
MPU_Magnetic_Field
0,0,0,0,0,0
LPS_Pressure

time
117,0,0,0
acceleration
64,255,48,255,192,0
MPU_Acceleration
0,0,0,0,0,0
MPU_Angular_Velocity
0,0,0,0,0,0
MPU_Magnetic_Field
0,0,0,0,0,0
LPS_Pressure

time
118,0,0,0
acceleration
16,255,224,254,112,0
MPU_Acceleration
0,0,0,0,0,0
MPU_Angular_Velocity
0,0,0,0,0,0
MPU_Magnetic_Field
0,0,0,0,0,0
LPS_Pressure

time
119,0,0,0
acceleration
128,255,224,254,224,0
MPU_Acceleration
0,0,0,0,0,0
MPU_Angular_Velocity
0,0,0,0,0,0
MPU_Magnetic_Field
0,0,0,0,0,0
LPS_Pressure

2nd CountH3LIS331DataSetExistInBuff_READ == 8
start
No Data
.....
time
255,255,255,255
acceleration
255,255,255,255,255,255
MPU_Acceleration
255,255,255,255,255,255
MPU_Angular_Velocity
255,255,255,255,255,255
MPU_Magnetic_Field
255,255,255,255,255,255
LPS_Pressure
255,255,255
time
255,255,255,255
acceleration
255,255,255,255,255,255
MPU_Acceleration
255,255,255,255,255,255
MPU_Angular_Velocity
255,255,255,255,255,255
MPU_Magnetic_Field
255,255,255,255,255,255
LPS_Pressure
255,255,255
time
255,255,255,255
acceleration
255,255,255,255,255,255
MPU_Acceleration
255,255,255,255,255,255
MPU_Angular_Velocity
255,255,255,255,255,255
MPU_Magnetic_Field
255,255,255,255,255,255
LPS_Pressure
255,255,255
time
255,255,255,255
acceleration
255,255,255,255,255,255
MPU_Acceleration
255,255,255,255,255,255
MPU_Angular_Velocity
255,255,255,255,255,255
MPU_Magnetic_Field
255,255,255,255,255,255
LPS_Pressure
255,255,255
time
255,255,255,255
acceleration
255,255,255,255,255,255
MPU_Acceleration
255,255,255,255,255,255
MPU_Angular_Velocity
255,255,255,255,255,255
MPU_Magnetic_Field
255,255,255,255,255,255
LPS_Pressure
255,255,255
time
255,255,255,255
acceleration
255,255,255,255,255,255
MPU_Acceleration
255,255,255,255,255,255
MPU_Angular_Velocity
255,255,255,255,255,255
MPU_Magnetic_Field
255,255,255,255,255,255
LPS_Pressure
255,255,255
time
255,255,255,255
acceleration
255,255,255,255,255,255
MPU_Acceleration
255,255,255,255,255,255
MPU_Angular_Velocity
255,255,255,255,255,255
MPU_Magnetic_Field
255,255,255,255,255,255
LPS_Pressure
255,255,255
time
255,255,255,255
acceleration
255,255,255,255,255,255
MPU_Acceleration
255,255,255,255,255,255
MPU_Angular_Velocity
255,255,255,255,255,255
MPU_Magnetic_Field
255,255,255,255,255,255
LPS_Pressure
255,255,255
2nd CountH3LIS331DataSetExistInBuff_READ == 8
start
No Data
.....
time
255,255,255,255
acceleration
255,255,255,255,255,255
MPU_Acceleration
255,255,255,255,255,255
MPU_Angular_Velocity
255,255,255,255,255,255
MPU_Magnetic_Field
255,255,255,255,255,255
LPS_Pressure
255,255,255
time
255,255,255,255
acceleration
255,255,255,255,255,255
MPU_Acceleration
255,255,255,255,255,255
MPU_Angular_Velocity
255,255,255,255,255,255
MPU_Magnetic_Field
255,255,255,255,255,255
LPS_Pressure
255,255,255
time
255,255,255,255
acceleration
255,255,255,255,255,255
MPU_Acceleration
255,255,255,255,255,255
MPU_Angular_Velocity
255,255,255,255,255,255
MPU_Magnetic_Field
255,255,255,255,255,255
LPS_Pressure
255,255,255
time
255,255,255,255
acceleration
255,255,255,255,255,255
MPU_Acceleration
255,255,255,255,255,255
MPU_Angular_Velocity
255,255,255,255,255,255
MPU_Magnetic_Field
255,255,255,255,255,255
LPS_Pressure
255,255,255
time
255,255,255,255
acceleration
255,255,255,255,255,255
MPU_Acceleration
255,255,255,255,255,255
MPU_Angular_Velocity
255,255,255,255,255,255
MPU_Magnetic_Field
255,255,255,255,255,255
LPS_Pressure
255,255,255
time
255,255,255,255
acceleration
255,255,255,255,255,255
MPU_Acceleration
255,255,255,255,255,255
MPU_Angular_Velocity
255,255,255,255,255,255
MPU_Magnetic_Field
255,255,255,255,255,255
LPS_Pressure
255,255,255
time
255,255,255,255
acceleration
255,255,255,255,255,255
MPU_Acceleration
255,255,255,255,255,255
MPU_Angular_Velocity
255,255,255,255,255,255
MPU_Magnetic_Field
255,255,255,255,255,255
LPS_Pressure
255,255,255
time
255,255,255,255
acceleration
255,255,255,255,255,255
MPU_Acceleration
255,255,255,255,255,255
MPU_Angular_Velocity
255,255,255,255,255,255
MPU_Magnetic_Field
255,255,255,255,255,255
LPS_Pressure
255,255,255
2nd CountH3LIS331DataSetExistInBuff_READ == 8
start
No Data
.....
time
255,255,255,255
acceleration
255,255,255,255,255,255
MPU_Acceleration
255,255,255,255,255,255
MPU_Angular_Velocity
255,255,255,255,255,255
MPU_Magnetic_Field
255,255,255,255,255,255
LPS_Pressure
255,255,255
time
255,255,255,255
acceleration
255,255,255,255,255,255
MPU_Acceleration
255,255,255,255,255,255
MPU_Angular_Velocity
255,255,255,255,255,255
MPU_Magnetic_Field
255,255,255,255,255,255
LPS_Pressure
255,255,255
time
255,255,255,255
acceleration
255,255,255,255,255,255
MPU_Acceleration
255,255,255,255,255,255
MPU_Angular_Velocity
255,255,255,255,255,255
MPU_Magnetic_Field
255,255,255,255,255,255
LPS_Pressure
255,255,255
time
255,255,255,255
acceleration
255,255,255,255,255,255
MPU_Acceleration
255,255,255,255,255,255
MPU_Angular_Velocity
255,255,255,255,255,255
MPU_Magnetic_Field
255,255,255,255,255,255
LPS_Pressure
255,255,255
time
255,255,255,255
acceleration
255,255,255,255,255,255
MPU_Acceleration
255,255,255,255,255,255
MPU_Angular_Velocity
255,255,255,255,255,255
MPU_Magnetic_Field
255,255,255,255,255,255
LPS_Pressure
255,255,255
time
255,255,255,255
acceleration
255,255,255,255,255,255
MPU_Acceleration
255,255,255,255,255,255
MPU_Angular_Velocity
255,255,255,255,255,255
MPU_Magnetic_Field
255,255,255,255,255,255
LPS_Pressure
255,255,255
time
255,255,255,255
acceleration
255,255,255,255,255,255
MPU_Acceleration
255,255,255,255,255,255
MPU_Angular_Velocity
255,255,255,255,255,255
MPU_Magnetic_Field
255,255,255,255,255,255
LPS_Pressure
255,255,255
time
255,255,255,255
acceleration
255,255,255,255,255,255
MPU_Acceleration
255,255,255,255,255,255
MPU_Angular_Velocity
255,255,255,255,255,255
MPU_Magnetic_Field
255,255,255,255,255,255
LPS_Pressure
255,255,255
2nd CountH3LIS331DataSetExistInBuff_READ == 8
start
No Data
.....
time
255,255,255,255
acceleration
255,255,255,255,255,255
MPU_Acceleration
255,255,255,255,255,255
MPU_Angular_Velocity
255,255,255,255,255,255
MPU_Magnetic_Field
255,255,255,255,255,255
LPS_Pressure
255,255,255
time
255,255,255,255
acceleration
255,255,255,255,255,255
MPU_Acceleration
255,255,255,255,255,255
MPU_Angular_Velocity
255,255,255,255,255,255
MPU_Magnetic_Field
255,255,255,255,255,255
LPS_Pressure
255,255,255
time
255,255,255,255
acceleration
255,255,255,255,255,255
MPU_Acceleration
255,255,255,255,255,255
MPU_Angular_Velocity
255,255,255,255,255,255
MPU_Magnetic_Field
255,255,255,255,255,255
LPS_Pressure
255,255,255
time
255,255,255,255
acceleration
255,255,255,255,255,255
MPU_Acceleration
255,255,255,255,255,255
MPU_Angular_Velocity
255,255,255,255,255,255
MPU_Magnetic_Field
255,255,255,255,255,255
LPS_Pressure
255,255,255
time
255,255,255,255
acceleration
255,255,255,255,255,255
MPU_Acceleration
255,255,255,255,255,255
MPU_Angular_Velocity
255,255,255,255,255,255
MPU_Magnetic_Field
255,255,255,255,255,255
LPS_Pressure
255,255,255
time
255,255,255,255
acceleration
255,255,255,255,255,255
MPU_Acceleration
255,255,255,255,255,255
MPU_Angular_Velocity
255,255,255,255,255,255
MPU_Magnetic_Field
255,255,255,255,255,255
LPS_Pressure
255,255,255
time
255,255,255,255
acceleration
255,255,255,255,255,255
MPU_Acceleration
255,255,255,255,255,255
MPU_Angular_Velocity
255,255,255,255,255,255
MPU_Magnetic_Field
255,255,255,255,255,255
LPS_Pressure
255,255,255
time
255,255,255,255
acceleration
255,255,255,255,255,255
MPU_Acceleration
255,255,255,255,255,255
MPU_Angular_Velocity
255,255,255,255,255,255
MPU_Magnetic_Field
255,255,255,255,255,255
LPS_Pressure
255,255,255
2nd CountH3LIS331DataSetExistInBuff_READ == 8
start
No Data
.....
time
255,255,255,255
acceleration
255,255,255,255,255,255
MPU_Acceleration
255,255,255,255,255,255
MPU_Angular_Velocity
255,255,255,255,255,255
MPU_Magnetic_Field
255,255,255,255,255,255
LPS_Pressure
255,255,255
time
255,255,255,255
acceleration
255,255,255,255,255,255
MPU_Acceleration
255,255,255,255,255,255
MPU_Angular_Velocity
255,255,255,255,255,255
MPU_Magnetic_Field
255,255,255,255,255,255
LPS_Pressure
255,255,255
time
255,255,255,255
acceleration
255,255,255,255,255,255
MPU_Acceleration
255,255,255,255,255,255
MPU_Angular_Velocity
255,255,255,255,255,255
MPU_Magnetic_Field
255,255,255,255,255,255
LPS_Pressure
255,255,255
time
255,255,255,255
acceleration
255,255,255,255,255,255
MPU_Acceleration
255,255,255,255,255,255
MPU_Angular_Velocity
255,255,255,255,255,255
MPU_Magnetic_Field
255,255,255,255,255,255
LPS_Pressure
255,255,255
time
255,255,255,255
acceleration
255,255,255,255,255,255
MPU_Acceleration
255,255,255,255,255,255
MPU_Angular_Velocity
255,255,255,255,255,255
MPU_Magnetic_Field
255,255,255,255,255,255
LPS_Pressure
255,255,255
time
255,255,255,255
acceleration
255,255,255,255,255,255
MPU_Acceleration
255,255,255,255,255,255
MPU_Angular_Velocity
255,255,255,255,255,255
MPU_Magnetic_Field
255,255,255,255,255,255
LPS_Pressure
255,255,255
time
255,255,255,255
acceleration
255,255,255,255,255,255
MPU_Acceleration
255,255,255,255,255,255
MPU_Angular_Velocity
255,255,255,255,255,255
MPU_Magnetic_Field
255,255,255,255,255,255
LPS_Pressure
255,255,255
time
255,255,255,255
acceleration
255,255,255,255,255,255
MPU_Acceleration
255,255,255,255,255,255
MPU_Angular_Velocity
255,255,255,255,255,255
MPU_Magnetic_Field
255,255,255,255,255,255
LPS_Pressure
255,255,255
2nd CountH3LIS331DataSetExistInBuff_READ == 8
start
No Data
.....
time
255,255,255,255
acceleration
255,255,255,255,255,255
MPU_Acceleration
255,255,255,255,255,255
MPU_Angular_Velocity
255,255,255,255,255,255
MPU_Magnetic_Field
255,255,255,255,255,255
LPS_Pressure
255,255,255
time
255,255,255,255
acceleration
255,255,255,255,255,255
MPU_Acceleration
255,255,255,255,255,255
MPU_Angular_Velocity
255,255,255,255,255,255
MPU_Magnetic_Field
255,255,255,255,255,255
LPS_Pressure
255,255,255
time
255,255,255,255
acceleration
255,255,255,255,255,255
MPU_Acceleration
255,255,255,255,255,255
MPU_Angular_Velocity
255,255,255,255,255,255
MPU_Magnetic_Field
255,255,255,255,255,255
LPS_Pressure
255,255,255
time
255,255,255,255
acceleration
255,255,255,255,255,255
MPU_Acceleration
255,255,255,255,255,255
MPU_Angular_Velocity
255,255,255,255,255,255
MPU_Magnetic_Field
255,255,255,255,255,255
LPS_Pressure
255,255,255
time
255,255,255,255
acceleration
255,255,255,255,255,255
MPU_Acceleration
255,255,255,255,255,255
MPU_Angular_Velocity
255,255,255,255,255,255
MPU_Magnetic_Field
255,255,255,255,255,255
LPS_Pressure
255,255,255
time
255,255,255,255
acceleration
255,255,255,255,255,255
MPU_Acceleration
255,255,255,255,255,255
MPU_Angular_Velocity
255,255,255,255,255,255
MPU_Magnetic_Field
255,255,255,255,255,255
LPS_Pressure
255,255,255
time
255,255,255,255
acceleration
255,255,255,255,255,255
MPU_Acceleration
255,255,255,255,255,255
MPU_Angular_Velocity
255,255,255,255,255,255
MPU_Magnetic_Field
255,255,255,255,255,255
LPS_Pressure
255,255,255
time
255,255,255,255
acceleration
255,255,255,255,255,255
MPU_Acceleration
255,255,255,255,255,255
MPU_Angular_Velocity
255,255,255,255,255,255
MPU_Magnetic_Field
255,255,255,255,255,255
LPS_Pressure
255,255,255
2nd CountH3LIS331DataSetExistInBuff_READ == 8
start
No Data
.....
time
255,255,255,255
acceleration
255,255,255,255,255,255
MPU_Acceleration
255,255,255,255,255,255
MPU_Angular_Velocity
255,255,255,255,255,255
MPU_Magnetic_Field
255,255,255,255,255,255
LPS_Pressure
255,255,255
time
255,255,255,255
acceleration
255,255,255,255,255,255
MPU_Acceleration
255,255,255,255,255,255
MPU_Angular_Velocity
255,255,255,255,255,255
MPU_Magnetic_Field
255,255,255,255,255,255
LPS_Pressure
255,255,255
time
255,255,255,255
acceleration
255,255,255,255,255,255
MPU_Acceleration
255,255,255,255,255,255
MPU_Angular_Velocity
255,255,255,255,255,255
MPU_Magnetic_Field
255,255,255,255,255,255
LPS_Pressure
255,255,255
time
255,255,255,255
acceleration
255,255,255,255,255,255
MPU_Acceleration
255,255,255,255,255,255
MPU_Angular_Velocity
255,255,255,255,255,255
MPU_Magnetic_Field
255,255,255,255,255,255
LPS_Pressure
255,255,255
time
255,255,255,255
acceleration
255,255,255,255,255,255
MPU_Acceleration
255,255,255,255,255,255
MPU_Angular_Velocity
255,255,255,255,255,255
MPU_Magnetic_Field
255,255,255,255,255,255
LPS_Pressure
255,255,255
time
255,255,255,255
acceleration
255,255,255,255,255,255
MPU_Acceleration
255,255,255,255,255,255
MPU_Angular_Velocity
255,255,255,255,255,255
MPU_Magnetic_Field
255,255,255,255,255,255
LPS_Pressure
255,255,255
time
255,255,255,255
acceleration
255,255,255,255,255,255
MPU_Acceleration
255,255,255,255,255,255
MPU_Angular_Velocity
255,255,255,255,255,255
MPU_Magnetic_Field
255,255,255,255,255,255
LPS_Pressure
255,255,255
time
255,255,255,255
acceleration
255,255,255,255,255,255
MPU_Acceleration
255,255,255,255,255,255
MPU_Angular_Velocity
255,255,255,255,255,255
MPU_Magnetic_Field
255,255,255,255,255,255
LPS_Pressure
255,255,255
2nd CountH3LIS331DataSetExistInBuff_READ == 8
start
No Data
.....
time
255,255,255,255
acceleration
255,255,255,255,255,255
MPU_Acceleration
255,255,255,255,255,255
MPU_Angular_Velocity
255,255,255,255,255,255
MPU_Magnetic_Field
255,255,255,255,255,255
LPS_Pressure
255,255,255
time
255,255,255,255
acceleration
255,255,255,255,255,255
MPU_Acceleration
255,255,255,255,255,255
MPU_Angular_Velocity
255,255,255,255,255,255
MPU_Magnetic_Field
255,255,255,255,255,255
LPS_Pressure
255,255,255
time
255,255,255,255
acceleration
255,255,255,255,255,255
MPU_Acceleration
255,255,255,255,255,255
MPU_Angular_Velocity
255,255,255,255,255,255
MPU_Magnetic_Field
255,255,255,255,255,255
LPS_Pressure
255,255,255
time
255,255,255,255
acceleration
255,255,255,255,255,255
MPU_Acceleration
255,255,255,255,255,255
MPU_Angular_Velocity
255,255,255,255,255,255
MPU_Magnetic_Field
255,255,255,255,255,255
LPS_Pressure
255,255,255
time
255,255,255,255
acceleration
255,255,255,255,255,255
MPU_Acceleration
255,255,255,255,255,255
MPU_Angular_Velocity
255,255,255,255,255,255
MPU_Magnetic_Field
255,255,255,255,255,255
LPS_Pressure
255,255,255
time
255,255,255,255
acceleration
255,255,255,255,255,255
MPU_Acceleration
255,255,255,255,255,255
MPU_Angular_Velocity
255,255,255,255,255,255
MPU_Magnetic_Field
255,255,255,255,255,255
LPS_Pressure
255,255,255
time
255,255,255,255
acceleration
255,255,255,255,255,255
MPU_Acceleration
255,255,255,255,255,255
MPU_Angular_Velocity
255,255,255,255,255,255
MPU_Magnetic_Field
255,255,255,255,255,255
LPS_Pressure
255,255,255
time
255,255,255,255
acceleration
255,255,255,255,255,255
MPU_Acceleration
255,255,255,255,255,255
MPU_Angular_Velocity
255,255,255,255,255,255
MPU_Magnetic_Field
255,255,255,255,255,255
LPS_Pressure
255,255,255
2nd CountH3LIS331DataSetExistInBuff_READ == 8
start
No Data
.....
time
255,255,255,255
acceleration
255,255,255,255,255,255
MPU_Acceleration
255,255,255,255,255,255
MPU_Angular_Velocity
255,255,255,255,255,255
MPU_Magnetic_Field
255,255,255,255,255,255
LPS_Pressure
255,255,255
time
255,255,255,255
acceleration
255,255,255,255,255,255
MPU_Acceleration
255,255,255,255,255,255
MPU_Angular_Velocity
255,255,255,255,255,255
MPU_Magnetic_Field
255,255,255,255,255,255
LPS_Pressure
255,255,255
time
255,255,255,255
acceleration
255,255,255,255,255,255
MPU_Acceleration
255,255,255,255,255,255
MPU_Angular_Velocity
255,255,255,255,255,255
MPU_Magnetic_Field
255,255,255,255,255,255
LPS_Pressure
255,255,255
time
255,255,255,255
acceleration
255,255,255,255,255,255
MPU_Acceleration
255,255,255,255,255,255
MPU_Angular_Velocity
255,255,255,255,255,255
MPU_Magnetic_Field
255,255,255,255,255,255
LPS_Pressure
255,255,255
time
255,255,255,255
acceleration
255,255,255,255,255,255
MPU_Acceleration
255,255,255,255,255,255
MPU_Angular_Velocity
255,255,255,255,255,255
MPU_Magnetic_Field
255,255,255,255,255,255
LPS_Pressure
255,255,255
time
255,255,255,255
acceleration
255,255,255,255,255,255
MPU_Acceleration
255,255,255,255,255,255
MPU_Angular_Velocity
255,255,255,255,255,255
MPU_Magnetic_Field
255,255,255,255,255,255
LPS_Pressure
255,255,255
time
255,255,255,255
acceleration
255,255,255,255,255,255
MPU_Acceleration
255,255,255,255,255,255
MPU_Angular_Velocity
255,255,255,255,255,255
MPU_Magnetic_Field
255,255,255,255,255,255
LPS_Pressure
255,255,255
time
255,255,255,255
acceleration
255,255,255,255,255,255
MPU_Acceleration
255,255,255,255,255,255
MPU_Angular_Velocity
255,255,255,255,255,255
MPU_Magnetic_Field
255,255,255,255,255,255
LPS_Pressure
255,255,255
2nd CountH3LIS331DataSetExistInBuff_READ == 8
start
No Data
.....