ets Jul 29 2019 12:21:46

rst:0x1 (POWERON_RESET),boot:0x13 (SPI_FAST_FLASH_BOOT)
configsip: 0, SPIWP:0xee
clk_drv:0x00,q_drv:0x00,d_drv:0x00,cs0_drv:0x00,hd_drv:0x00,wp_drv:0x00
mode:DIO, clock div:2
load:0x3fff0030,len:1184
load:0x40078000,len:12776
load:0x40080400,len:3032
entry 0x400805e4
start
time
0,0,0,0
acceleration
192,255,64,255,144,0
MPU_Acceleration
0,0,0,0,0,0
MPU_Angular_Velocity
0,0,0,0,0,0
MPU_Magnetic_Field
0,0,0,0,0,0
LPS_Pressure

time
0,0,0,0
acceleration
80,255,48,255,64,1
MPU_Acceleration
0,0,0,0,0,0
MPU_Angular_Velocity
0,0,0,0,0,0
MPU_Magnetic_Field
0,0,0,0,0,0
LPS_Pressure

time
0,0,0,0
acceleration
32,255,96,255,208,0
MPU_Acceleration
0,0,0,0,0,0
MPU_Angular_Velocity
0,0,0,0,0,0
MPU_Magnetic_Field
0,0,0,0,0,0
LPS_Pressure

time
0,0,0,0
acceleration
240,254,64,255,64,0
MPU_Acceleration
0,0,0,0,0,0
MPU_Angular_Velocity
0,0,0,0,0,0
MPU_Magnetic_Field
0,0,0,0,0,0
LPS_Pressure

time
0,0,0,0
acceleration
144,255,240,254,240,0
MPU_Acceleration
0,0,0,0,0,0
MPU_Angular_Velocity
0,0,0,0,0,0
MPU_Magnetic_Field
0,0,0,0,0,0
LPS_Pressure

time
0,0,0,0
acceleration
48,255,224,254,176,0
MPU_Acceleration
0,0,0,0,0,0
MPU_Angular_Velocity
0,0,0,0,0,0
MPU_Magnetic_Field
0,0,0,0,0,0
LPS_Pressure

time
0,0,0,0
acceleration
32,255,128,255,0,1
MPU_Acceleration
0,0,0,0,0,0
MPU_Angular_Velocity
0,0,0,0,0,0
MPU_Magnetic_Field
0,0,0,0,0,0
LPS_Pressure

time
0,0,0,0
acceleration
112,255,96,255,224,0
MPU_Acceleration
0,0,0,0,0,0
MPU_Angular_Velocity
0,0,0,0,0,0
MPU_Magnetic_Field
0,0,0,0,0,0
LPS_Pressure

2nd CountH3LIS331DataSetExistInBuff_READ == 8
start
time
0,0,0,0
acceleration
48,255,0,255,160,0
MPU_Acceleration
0,0,0,0,0,0
MPU_Angular_Velocity
0,0,0,0,0,0
MPU_Magnetic_Field
0,0,0,0,0,0
LPS_Pressure

time
0,0,0,0
acceleration
112,255,0,255,240,0
MPU_Acceleration
0,0,0,0,0,0
MPU_Angular_Velocity
0,0,0,0,0,0
MPU_Magnetic_Field
0,0,0,0,0,0
LPS_Pressure

time
0,0,0,0
acceleration
112,255,16,255,240,0
MPU_Acceleration
0,0,0,0,0,0
MPU_Angular_Velocity
0,0,0,0,0,0
MPU_Magnetic_Field
0,0,0,0,0,0
LPS_Pressure

time
0,0,0,0
acceleration
48,255,240,254,192,0
MPU_Acceleration
0,0,0,0,0,0
MPU_Angular_Velocity
0,0,0,0,0,0
MPU_Magnetic_Field
0,0,0,0,0,0
LPS_Pressure

time
0,0,0,0
acceleration
80,255,16,255,128,0
MPU_Acceleration
0,0,0,0,0,0
MPU_Angular_Velocity
0,0,0,0,0,0
MPU_Magnetic_Field
0,0,0,0,0,0
LPS_Pressure

time
0,0,0,0
acceleration
32,255,16,255,16,1
MPU_Acceleration
0,0,0,0,0,0
MPU_Angular_Velocity
0,0,0,0,0,0
MPU_Magnetic_Field
0,0,0,0,0,0
LPS_Pressure

time
0,0,0,0
acceleration
32,255,64,255,192,0
MPU_Acceleration
0,0,0,0,0,0
MPU_Angular_Velocity
0,0,0,0,0,0
MPU_Magnetic_Field
0,0,0,0,0,0
LPS_Pressure

time
0,0,0,0
acceleration
0,255,0,255,192,0
MPU_Acceleration
0,0,0,0,0,0
MPU_Angular_Velocity
0,0,0,0,0,0
MPU_Magnetic_Field
0,0,0,0,0,0
LPS_Pressure

2nd CountH3LIS331DataSetExistInBuff_READ == 8
start
time
0,0,0,0
acceleration
240,254,48,254,240,0
MPU_Acceleration
0,0,0,0,0,0
MPU_Angular_Velocity
0,0,0,0,0,0
MPU_Magnetic_Field
0,0,0,0,0,0
LPS_Pressure

time
0,0,0,0
acceleration
32,255,224,254,64,0
MPU_Acceleration
0,0,0,0,0,0
MPU_Angular_Velocity
0,0,0,0,0,0
MPU_Magnetic_Field
0,0,0,0,0,0
LPS_Pressure

time
0,0,0,0
acceleration
32,255,16,255,64,0
MPU_Acceleration
0,0,0,0,0,0
MPU_Angular_Velocity
0,0,0,0,0,0
MPU_Magnetic_Field
0,0,0,0,0,0
LPS_Pressure

time
0,0,0,0
acceleration
0,255,192,254,128,0
MPU_Acceleration
0,0,0,0,0,0
MPU_Angular_Velocity
0,0,0,0,0,0
MPU_Magnetic_Field
0,0,0,0,0,0
LPS_Pressure

time
0,0,0,0
acceleration
64,255,32,255,96,0
MPU_Acceleration
0,0,0,0,0,0
MPU_Angular_Velocity
0,0,0,0,0,0
MPU_Magnetic_Field
0,0,0,0,0,0
LPS_Pressure

time
0,0,0,0
acceleration
80,255,32,255,0,1
MPU_Acceleration
0,0,0,0,0,0
MPU_Angular_Velocity
0,0,0,0,0,0
MPU_Magnetic_Field
0,0,0,0,0,0
LPS_Pressure

time
0,0,0,0
acceleration
80,255,80,255,0,0
MPU_Acceleration
0,0,0,0,0,0
MPU_Angular_Velocity
0,0,0,0,0,0
MPU_Magnetic_Field
0,0,0,0,0,0
LPS_Pressure

time
0,0,0,0
acceleration
16,255,32,255,192,0
MPU_Acceleration
0,0,0,0,0,0
MPU_Angular_Velocity
0,0,0,0,0,0
MPU_Magnetic_Field
0,0,0,0,0,0
LPS_Pressure

2nd CountH3LIS331DataSetExistInBuff_READ == 8
start
time
0,0,0,0
acceleration
208,254,224,254,128,0
MPU_Acceleration
0,0,0,0,0,0
MPU_Angular_Velocity
0,0,0,0,0,0
MPU_Magnetic_Field
0,0,0,0,0,0
LPS_Pressure

time
0,0,0,0
acceleration
48,255,208,254,224,0
MPU_Acceleration
0,0,0,0,0,0
MPU_Angular_Velocity
0,0,0,0,0,0
MPU_Magnetic_Field
0,0,0,0,0,0
LPS_Pressure

time
0,0,0,0
acceleration
48,255,48,255,224,0
MPU_Acceleration
0,0,0,0,0,0
MPU_Angular_Velocity
0,0,0,0,0,0
MPU_Magnetic_Field
0,0,0,0,0,0
LPS_Pressure

time
0,0,0,0
acceleration
32,255,240,255,208,0
MPU_Acceleration
0,0,0,0,0,0
MPU_Angular_Velocity
0,0,0,0,0,0
MPU_Magnetic_Field
0,0,0,0,0,0
LPS_Pressure

time
0,0,0,0
acceleration
0,255,240,255,112,0
MPU_Acceleration
0,0,0,0,0,0
MPU_Angular_Velocity
0,0,0,0,0,0
MPU_Magnetic_Field
0,0,0,0,0,0
LPS_Pressure

time
0,0,0,0
acceleration
208,254,16,255,160,0
MPU_Acceleration
0,0,0,0,0,0
MPU_Angular_Velocity
0,0,0,0,0,0
MPU_Magnetic_Field
0,0,0,0,0,0
LPS_Pressure

time
0,0,0,0
acceleration
208,255,208,254,160,0
MPU_Acceleration
0,0,0,0,0,0
MPU_Angular_Velocity
0,0,0,0,0,0
MPU_Magnetic_Field
0,0,0,0,0,0
LPS_Pressure

time
0,0,0,0
acceleration
32,255,0,255,80,0
MPU_Acceleration
0,0,0,0,0,0
MPU_Angular_Velocity
0,0,0,0,0,0
MPU_Magnetic_Field
0,0,0,0,0,0
LPS_Pressure

2nd CountH3LIS331DataSetExistInBuff_READ == 8
start
time
0,0,0,0
acceleration
224,254,32,254,224,0
MPU_Acceleration
0,0,0,0,0,0
MPU_Angular_Velocity
0,0,0,0,0,0
MPU_Magnetic_Field
0,0,0,0,0,0
LPS_Pressure

time
1,0,0,0
acceleration
240,254,176,254,112,0
MPU_Acceleration
0,0,0,0,0,0
MPU_Angular_Velocity
0,0,0,0,0,0
MPU_Magnetic_Field
0,0,0,0,0,0
LPS_Pressure

time
1,0,0,0
acceleration
240,255,240,254,112,0
MPU_Acceleration
0,0,0,0,0,0
MPU_Angular_Velocity
0,0,0,0,0,0
MPU_Magnetic_Field
0,0,0,0,0,0
LPS_Pressure

time
1,0,0,0
acceleration
48,255,48,255,192,0
MPU_Acceleration
0,0,0,0,0,0
MPU_Angular_Velocity
0,0,0,0,0,0
MPU_Magnetic_Field
0,0,0,0,0,0
LPS_Pressure

time
1,0,0,0
acceleration
112,255,0,255,144,0
MPU_Acceleration
0,0,0,0,0,0
MPU_Angular_Velocity
0,0,0,0,0,0
MPU_Magnetic_Field
0,0,0,0,0,0
LPS_Pressure

time
1,0,0,0
acceleration
48,255,0,255,192,0
MPU_Acceleration
0,0,0,0,0,0
MPU_Angular_Velocity
0,0,0,0,0,0
MPU_Magnetic_Field
0,0,0,0,0,0
LPS_Pressure

time
1,0,0,0
acceleration
48,255,16,255,128,0
MPU_Acceleration
0,0,0,0,0,0
MPU_Angular_Velocity
0,0,0,0,0,0
MPU_Magnetic_Field
0,0,0,0,0,0
LPS_Pressure

time
1,0,0,0
acceleration
48,255,16,255,128,0
MPU_Acceleration
0,0,0,0,0,0
MPU_Angular_Velocity
0,0,0,0,0,0
MPU_Magnetic_Field
0,0,0,0,0,0
LPS_Pressure

2nd CountH3LIS331DataSetExistInBuff_READ == 8
start
time
0,0,0,0
acceleration
16,255,32,254,240,0
MPU_Acceleration
0,0,0,0,0,0
MPU_Angular_Velocity
0,0,0,0,0,0
MPU_Magnetic_Field
0,0,0,0,0,0
LPS_Pressure

time
1,0,0,0
acceleration
64,255,112,254,160,0
MPU_Acceleration
0,0,0,0,0,0
MPU_Angular_Velocity
0,0,0,0,0,0
MPU_Magnetic_Field
0,0,0,0,0,0
LPS_Pressure

time
1,0,0,0
acceleration
64,255,240,254,160,0
MPU_Acceleration
0,0,0,0,0,0
MPU_Angular_Velocity
0,0,0,0,0,0
MPU_Magnetic_Field
0,0,0,0,0,0
LPS_Pressure

time
1,0,0,0
acceleration
48,255,16,255,128,0
MPU_Acceleration
0,0,0,0,0,0
MPU_Angular_Velocity
0,0,0,0,0,0
MPU_Magnetic_Field
0,0,0,0,0,0
LPS_Pressure

time
1,0,0,0
acceleration
144,255,16,255,112,0
MPU_Acceleration
0,0,0,0,0,0
MPU_Angular_Velocity
0,0,0,0,0,0
MPU_Magnetic_Field
0,0,0,0,0,0
LPS_Pressure

time
1,0,0,0
acceleration
240,254,112,255,80,0
MPU_Acceleration
0,0,0,0,0,0
MPU_Angular_Velocity
0,0,0,0,0,0
MPU_Magnetic_Field
0,0,0,0,0,0
LPS_Pressure

time
1,0,0,0
acceleration
240,255,96,255,80,0
MPU_Acceleration
0,0,0,0,0,0
MPU_Angular_Velocity
0,0,0,0,0,0
MPU_Magnetic_Field
0,0,0,0,0,0
LPS_Pressure

time
1,0,0,0
acceleration
96,255,0,255,144,0
MPU_Acceleration
0,0,0,0,0,0
MPU_Angular_Velocity
0,0,0,0,0,0
MPU_Magnetic_Field
0,0,0,0,0,0
LPS_Pressure

2nd CountH3LIS331DataSetExistInBuff_READ == 8
start
time
0,0,0,0
acceleration
208,254,32,255,112,0
MPU_Acceleration
0,0,0,0,0,0
MPU_Angular_Velocity
0,0,0,0,0,0
MPU_Magnetic_Field
0,0,0,0,0,0
LPS_Pressure

time
1,0,0,0
acceleration
48,255,192,254,160,0
MPU_Acceleration
0,0,0,0,0,0
MPU_Angular_Velocity
0,0,0,0,0,0
MPU_Magnetic_Field
0,0,0,0,0,0
LPS_Pressure

time
1,0,0,0
acceleration
48,255,160,254,160,0
MPU_Acceleration
0,0,0,0,0,0
MPU_Angular_Velocity
0,0,0,0,0,0
MPU_Magnetic_Field
0,0,0,0,0,0
LPS_Pressure

time
1,0,0,0
acceleration
240,254,192,254,192,0
MPU_Acceleration
0,0,0,0,0,0
MPU_Angular_Velocity
0,0,0,0,0,0
MPU_Magnetic_Field
0,0,0,0,0,0
LPS_Pressure

time
1,0,0,0
acceleration
80,255,192,254,80,0
MPU_Acceleration
0,0,0,0,0,0
MPU_Angular_Velocity
0,0,0,0,0,0
MPU_Magnetic_Field
0,0,0,0,0,0
LPS_Pressure

time
1,0,0,0
acceleration
240,254,224,254,144,0
MPU_Acceleration
0,0,0,0,0,0
MPU_Angular_Velocity
0,0,0,0,0,0
MPU_Magnetic_Field
0,0,0,0,0,0
LPS_Pressure

time
1,0,0,0
acceleration
240,254,32,255,144,0
MPU_Acceleration
0,0,0,0,0,0
MPU_Angular_Velocity
0,0,0,0,0,0
MPU_Magnetic_Field
0,0,0,0,0,0
LPS_Pressure

time
1,0,0,0
acceleration
32,255,96,255,112,0
MPU_Acceleration
0,0,0,0,0,0
MPU_Angular_Velocity
0,0,0,0,0,0
MPU_Magnetic_Field
0,0,0,0,0,0
LPS_Pressure

2nd CountH3LIS331DataSetExistInBuff_READ == 8
start
time
0,0,0,0
acceleration
224,254,192,254,160,0
MPU_Acceleration
0,0,0,0,0,0
MPU_Angular_Velocity
0,0,0,0,0,0
MPU_Magnetic_Field
0,0,0,0,0,0
LPS_Pressure

time
1,0,0,0
acceleration
32,255,112,254,176,0
MPU_Acceleration
0,0,0,0,0,0
MPU_Angular_Velocity
0,0,0,0,0,0
MPU_Magnetic_Field
0,0,0,0,0,0
LPS_Pressure

time
1,0,0,0
acceleration
32,255,240,254,176,0
MPU_Acceleration
0,0,0,0,0,0
MPU_Angular_Velocity
0,0,0,0,0,0
MPU_Magnetic_Field
0,0,0,0,0,0
LPS_Pressure

time
1,0,0,0
acceleration
0,255,96,255,240,0
MPU_Acceleration
0,0,0,0,0,0
MPU_Angular_Velocity
0,0,0,0,0,0
MPU_Magnetic_Field
0,0,0,0,0,0
LPS_Pressure

time
1,0,0,0
acceleration
240,254,96,255,80,0
MPU_Acceleration
0,0,0,0,0,0
MPU_Angular_Velocity
0,0,0,0,0,0
MPU_Magnetic_Field
0,0,0,0,0,0
LPS_Pressure

time
1,0,0,0
acceleration
64,255,240,254,96,0
MPU_Acceleration
0,0,0,0,0,0
MPU_Angular_Velocity
0,0,0,0,0,0
MPU_Magnetic_Field
0,0,0,0,0,0
LPS_Pressure

time
1,0,0,0
acceleration
64,255,128,255,96,0
MPU_Acceleration
0,0,0,0,0,0
MPU_Angular_Velocity
0,0,0,0,0,0
MPU_Magnetic_Field
0,0,0,0,0,0
LPS_Pressure

time
1,0,0,0
acceleration
96,255,112,255,128,0
MPU_Acceleration
0,0,0,0,0,0
MPU_Angular_Velocity
0,0,0,0,0,0
MPU_Magnetic_Field
0,0,0,0,0,0
LPS_Pressure

2nd CountH3LIS331DataSetExistInBuff_READ == 8
start
time
0,0,0,0
acceleration
192,254,80,255,192,0
MPU_Acceleration
0,0,0,0,0,0
MPU_Angular_Velocity
0,0,0,0,0,0
MPU_Magnetic_Field
0,0,0,0,0,0
LPS_Pressure

time
2,0,0,0
acceleration
80,255,0,255,144,0
MPU_Acceleration
0,0,0,0,0,0
MPU_Angular_Velocity
0,0,0,0,0,0
MPU_Magnetic_Field
0,0,0,0,0,0
LPS_Pressure

time
2,0,0,0
acceleration
80,255,80,255,144,0
MPU_Acceleration
0,0,0,0,0,0
MPU_Angular_Velocity
0,0,0,0,0,0
MPU_Magnetic_Field
0,0,0,0,0,0
LPS_Pressure

time
2,0,0,0
acceleration
80,255,64,255,240,0
MPU_Acceleration
0,0,0,0,0,0
MPU_Angular_Velocity
0,0,0,0,0,0
MPU_Magnetic_Field
0,0,0,0,0,0
LPS_Pressure

time
2,0,0,0
acceleration
0,255,64,255,16,1
MPU_Acceleration
0,0,0,0,0,0
MPU_Angular_Velocity
0,0,0,0,0,0
MPU_Magnetic_Field
0,0,0,0,0,0
LPS_Pressure

time
2,0,0,0
acceleration
80,255,96,255,144,0
MPU_Acceleration
0,0,0,0,0,0
MPU_Angular_Velocity
0,0,0,0,0,0
MPU_Magnetic_Field
0,0,0,0,0,0
LPS_Pressure

time
2,0,0,0
acceleration
80,255,224,254,144,0
MPU_Acceleration
0,0,0,0,0,0
MPU_Angular_Velocity
0,0,0,0,0,0
MPU_Magnetic_Field
0,0,0,0,0,0
LPS_Pressure

time
2,0,0,0
acceleration
176,254,96,255,0,1
MPU_Acceleration
0,0,0,0,0,0
MPU_Angular_Velocity
0,0,0,0,0,0
MPU_Magnetic_Field
0,0,0,0,0,0
LPS_Pressure

2nd CountH3LIS331DataSetExistInBuff_READ == 8
start
time
0,0,0,0
acceleration
16,255,96,255,208,0
MPU_Acceleration
0,0,0,0,0,0
MPU_Angular_Velocity
0,0,0,0,0,0
MPU_Magnetic_Field
0,0,0,0,0,0
LPS_Pressure

time
2,0,0,0
acceleration
32,255,240,254,208,0
MPU_Acceleration
0,0,0,0,0,0
MPU_Angular_Velocity
0,0,0,0,0,0
MPU_Magnetic_Field
0,0,0,0,0,0
LPS_Pressure

time
2,0,0,0
acceleration
32,255,192,254,208,0
MPU_Acceleration
0,0,0,0,0,0
MPU_Angular_Velocity
0,0,0,0,0,0
MPU_Magnetic_Field
0,0,0,0,0,0
LPS_Pressure

time
2,0,0,0
acceleration
16,255,192,254,0,1
MPU_Acceleration
0,0,0,0,0,0
MPU_Angular_Velocity
0,0,0,0,0,0
MPU_Magnetic_Field
0,0,0,0,0,0
LPS_Pressure

time
2,0,0,0
acceleration
16,255,192,254,48,1
MPU_Acceleration
0,0,0,0,0,0
MPU_Angular_Velocity
0,0,0,0,0,0
MPU_Magnetic_Field
0,0,0,0,0,0
LPS_Pressure

time
2,0,0,0
acceleration
32,255,80,255,128,0
MPU_Acceleration
0,0,0,0,0,0
MPU_Angular_Velocity
0,0,0,0,0,0
MPU_Magnetic_Field
0,0,0,0,0,0
LPS_Pressure

time
2,0,0,0
acceleration
32,255,32,255,128,0
MPU_Acceleration
0,0,0,0,0,0
MPU_Angular_Velocity
0,0,0,0,0,0
MPU_Magnetic_Field
0,0,0,0,0,0
LPS_Pressure

time
2,0,0,0
acceleration
224,255,16,255,144,0
MPU_Acceleration
0,0,0,0,0,0
MPU_Angular_Velocity
0,0,0,0,0,0
MPU_Magnetic_Field
0,0,0,0,0,0
LPS_Pressure

2nd CountH3LIS331DataSetExistInBuff_READ == 8
start
time
0,0,0,0
acceleration
80,255,144,255,80,0
MPU_Acceleration
0,0,0,0,0,0
MPU_Angular_Velocity
0,0,0,0,0,0
MPU_Magnetic_Field
0,0,0,0,0,0
LPS_Pressure

time
2,0,0,0
acceleration
80,255,48,255,16,1
MPU_Acceleration
0,0,0,0,0,0
MPU_Angular_Velocity
0,0,0,0,0,0
MPU_Magnetic_Field
0,0,0,0,0,0
LPS_Pressure

time
2,0,0,0
acceleration
0,255,48,255,16,1
MPU_Acceleration
0,0,0,0,0,0
MPU_Angular_Velocity
0,0,0,0,0,0
MPU_Magnetic_Field
0,0,0,0,0,0
LPS_Pressure

time
2,0,0,0
acceleration
64,255,144,255,144,0
MPU_Acceleration
0,0,0,0,0,0
MPU_Angular_Velocity
0,0,0,0,0,0
MPU_Magnetic_Field
0,0,0,0,0,0
LPS_Pressure

time
2,0,0,0
acceleration
80,255,144,255,144,0
MPU_Acceleration
0,0,0,0,0,0
MPU_Angular_Velocity
0,0,0,0,0,0
MPU_Magnetic_Field
0,0,0,0,0,0
LPS_Pressure

time
2,0,0,0
acceleration
240,254,32,255,0,1
MPU_Acceleration
0,0,0,0,0,0
MPU_Angular_Velocity
0,0,0,0,0,0
MPU_Magnetic_Field
0,0,0,0,0,0
LPS_Pressure

time
2,0,0,0
acceleration
240,254,224,254,0,1
MPU_Acceleration
0,0,0,0,0,0
MPU_Angular_Velocity
0,0,0,0,0,0
MPU_Magnetic_Field
0,0,0,0,0,0
LPS_Pressure

time
2,0,0,0
acceleration
128,255,80,255,208,0
MPU_Acceleration
0,0,0,0,0,0
MPU_Angular_Velocity
0,0,0,0,0,0
MPU_Magnetic_Field
0,0,0,0,0,0
LPS_Pressure

2nd CountH3LIS331DataSetExistInBuff_READ == 8
start
time
0,0,0,0
acceleration
32,255,160,255,144,0
MPU_Acceleration
0,0,0,0,0,0
MPU_Angular_Velocity
0,0,0,0,0,0
MPU_Magnetic_Field
0,0,0,0,0,0
LPS_Pressure

time
3,0,0,0
acceleration
32,255,96,255,160,0
MPU_Acceleration
0,0,0,0,0,0
MPU_Angular_Velocity
0,0,0,0,0,0
MPU_Magnetic_Field
0,0,0,0,0,0
LPS_Pressure

time
3,0,0,0
acceleration
112,255,240,254,160,0
MPU_Acceleration
0,0,0,0,0,0
MPU_Angular_Velocity
0,0,0,0,0,0
MPU_Magnetic_Field
0,0,0,0,0,0
LPS_Pressure

time
3,0,0,0
acceleration
0,255,64,255,208,0
MPU_Acceleration
0,0,0,0,0,0
MPU_Angular_Velocity
0,0,0,0,0,0
MPU_Magnetic_Field
0,0,0,0,0,0
LPS_Pressure

time
3,0,0,0
acceleration
96,255,64,255,240,0
MPU_Acceleration
0,0,0,0,0,0
MPU_Angular_Velocity
0,0,0,0,0,0
MPU_Magnetic_Field
0,0,0,0,0,0
LPS_Pressure

time
3,0,0,0
acceleration
16,255,64,255,112,0
MPU_Acceleration
0,0,0,0,0,0
MPU_Angular_Velocity
0,0,0,0,0,0
MPU_Magnetic_Field
0,0,0,0,0,0
LPS_Pressure

time
3,0,0,0
acceleration
16,255,224,254,112,0
MPU_Acceleration
0,0,0,0,0,0
MPU_Angular_Velocity
0,0,0,0,0,0
MPU_Magnetic_Field
0,0,0,0,0,0
LPS_Pressure

time
3,0,0,0
acceleration
48,255,128,255,144,0
MPU_Acceleration
0,0,0,0,0,0
MPU_Angular_Velocity
0,0,0,0,0,0
MPU_Magnetic_Field
0,0,0,0,0,0
LPS_Pressure

2nd CountH3LIS331DataSetExistInBuff_READ == 8
start
time
0,0,0,0
acceleration
64,255,16,255,208,0
MPU_Acceleration
0,0,0,0,0,0
MPU_Angular_Velocity
0,0,0,0,0,0
MPU_Magnetic_Field
0,0,0,0,0,0
LPS_Pressure

time
3,0,0,0
acceleration
64,255,64,255,208,0
MPU_Acceleration
0,0,0,0,0,0
MPU_Angular_Velocity
0,0,0,0,0,0
MPU_Magnetic_Field
0,0,0,0,0,0
LPS_Pressure

time
3,0,0,0
acceleration
32,255,160,254,96,0
MPU_Acceleration
0,0,0,0,0,0
MPU_Angular_Velocity
0,0,0,0,0,0
MPU_Magnetic_Field
0,0,0,0,0,0
LPS_Pressure

time
3,0,0,0
acceleration
112,255,192,254,96,0
MPU_Acceleration
0,0,0,0,0,0
MPU_Angular_Velocity
0,0,0,0,0,0
MPU_Magnetic_Field
0,0,0,0,0,0
LPS_Pressure

time
3,0,0,0
acceleration
48,255,192,254,208,0
MPU_Acceleration
0,0,0,0,0,0
MPU_Angular_Velocity
0,0,0,0,0,0
MPU_Magnetic_Field
0,0,0,0,0,0
LPS_Pressure

time
3,0,0,0
acceleration
48,254,240,254,48,0
MPU_Acceleration
0,0,0,0,0,0
MPU_Angular_Velocity
0,0,0,0,0,0
MPU_Magnetic_Field
0,0,0,0,0,0
LPS_Pressure

time
3,0,0,0
acceleration
240,254,64,255,48,0
MPU_Acceleration
0,0,0,0,0,0
MPU_Angular_Velocity
0,0,0,0,0,0
MPU_Magnetic_Field
0,0,0,0,0,0
LPS_Pressure

time
3,0,0,0
acceleration
128,255,80,255,0,1
MPU_Acceleration
0,0,0,0,0,0
MPU_Angular_Velocity
0,0,0,0,0,0
MPU_Magnetic_Field
0,0,0,0,0,0
LPS_Pressure

2nd CountH3LIS331DataSetExistInBuff_READ == 8
start
time
0,0,0,0
acceleration
64,255,32,255,80,0
MPU_Acceleration
0,0,0,0,0,0
MPU_Angular_Velocity
0,0,0,0,0,0
MPU_Magnetic_Field
0,0,0,0,0,0
LPS_Pressure

time
3,0,0,0
acceleration
64,254,80,255,80,0
MPU_Acceleration
0,0,0,0,0,0
MPU_Angular_Velocity
0,0,0,0,0,0
MPU_Magnetic_Field
0,0,0,0,0,0
LPS_Pressure

time
3,0,0,0
acceleration
240,254,16,255,208,0
MPU_Acceleration
0,0,0,0,0,0
MPU_Angular_Velocity
0,0,0,0,0,0
MPU_Magnetic_Field
0,0,0,0,0,0
LPS_Pressure

time
3,0,0,0
acceleration
0,255,16,255,112,0
MPU_Acceleration
0,0,0,0,0,0
MPU_Angular_Velocity
0,0,0,0,0,0
MPU_Magnetic_Field
0,0,0,0,0,0
LPS_Pressure

time
3,0,0,0
acceleration
192,254,48,255,192,0
MPU_Acceleration
0,0,0,0,0,0
MPU_Angular_Velocity
0,0,0,0,0,0
MPU_Magnetic_Field
0,0,0,0,0,0
LPS_Pressure

time
3,0,0,0
acceleration
192,255,240,254,192,0
MPU_Acceleration
0,0,0,0,0,0
MPU_Angular_Velocity
0,0,0,0,0,0
MPU_Magnetic_Field
0,0,0,0,0,0
LPS_Pressure

time
3,0,0,0
acceleration
48,255,208,254,112,0
MPU_Acceleration
0,0,0,0,0,0
MPU_Angular_Velocity
0,0,0,0,0,0
MPU_Magnetic_Field
0,0,0,0,0,0
LPS_Pressure

time
3,0,0,0
acceleration
128,255,112,255,0,1
MPU_Acceleration
0,0,0,0,0,0
MPU_Angular_Velocity
0,0,0,0,0,0
MPU_Magnetic_Field
0,0,0,0,0,0
LPS_Pressure

2nd CountH3LIS331DataSetExistInBuff_READ == 8
start
time
0,0,0,0
acceleration
80,255,32,255,192,0
MPU_Acceleration
0,0,0,0,0,0
MPU_Angular_Velocity
0,0,0,0,0,0
MPU_Magnetic_Field
0,0,0,0,0,0
LPS_Pressure

time
3,0,0,0
acceleration
80,255,112,255,192,0
MPU_Acceleration
0,0,0,0,0,0
MPU_Angular_Velocity
0,0,0,0,0,0
MPU_Magnetic_Field
0,0,0,0,0,0
LPS_Pressure

time
3,0,0,0
acceleration
16,255,16,255,176,0
MPU_Acceleration
0,0,0,0,0,0
MPU_Angular_Velocity
0,0,0,0,0,0
MPU_Magnetic_Field
0,0,0,0,0,0
LPS_Pressure

time
3,0,0,0
acceleration
192,254,16,255,176,0
MPU_Acceleration
0,0,0,0,0,0
MPU_Angular_Velocity
0,0,0,0,0,0
MPU_Magnetic_Field
0,0,0,0,0,0
LPS_Pressure

time
3,0,0,0
acceleration
80,255,80,255,160,0
MPU_Acceleration
0,0,0,0,0,0
MPU_Angular_Velocity
0,0,0,0,0,0
MPU_Magnetic_Field
0,0,0,0,0,0
LPS_Pressure

time
3,0,0,0
acceleration
80,255,224,254,160,0
MPU_Acceleration
0,0,0,0,0,0
MPU_Angular_Velocity
0,0,0,0,0,0
MPU_Magnetic_Field
0,0,0,0,0,0
LPS_Pressure

time
3,0,0,0
acceleration
240,254,128,255,128,0
MPU_Acceleration
0,0,0,0,0,0
MPU_Angular_Velocity
0,0,0,0,0,0
MPU_Magnetic_Field
0,0,0,0,0,0
LPS_Pressure

time
3,0,0,0
acceleration
112,255,128,255,160,0
MPU_Acceleration
0,0,0,0,0,0
MPU_Angular_Velocity
0,0,0,0,0,0
MPU_Magnetic_Field
0,0,0,0,0,0
LPS_Pressure

2nd CountH3LIS331DataSetExistInBuff_READ == 8
start
time
0,0,0,0
acceleration
48,255,48,255,16,1
MPU_Acceleration
0,0,0,0,0,0
MPU_Angular_Velocity
0,0,0,0,0,0
MPU_Magnetic_Field
0,0,0,0,0,0
LPS_Pressure

time
4,0,0,0
acceleration
48,255,128,255,16,1
MPU_Acceleration
0,0,0,0,0,0
MPU_Angular_Velocity
0,0,0,0,0,0
MPU_Magnetic_Field
0,0,0,0,0,0
LPS_Pressure

time
4,0,0,0
acceleration
48,255,240,254,224,0
MPU_Acceleration
0,0,0,0,0,0
MPU_Angular_Velocity
0,0,0,0,0,0
MPU_Magnetic_Field
0,0,0,0,0,0
LPS_Pressure

time
4,0,0,0
acceleration
144,255,240,254,32,0
MPU_Acceleration
0,0,0,0,0,0
MPU_Angular_Velocity
0,0,0,0,0,0
MPU_Magnetic_Field
0,0,0,0,0,0
LPS_Pressure

time
4,0,0,0
acceleration
16,255,176,254,160,0
MPU_Acceleration
0,0,0,0,0,0
MPU_Angular_Velocity
0,0,0,0,0,0
MPU_Magnetic_Field
0,0,0,0,0,0
LPS_Pressure

time
4,0,0,0
acceleration
16,255,128,255,160,1
MPU_Acceleration
0,0,0,0,0,0
MPU_Angular_Velocity
0,0,0,0,0,0
MPU_Magnetic_Field
0,0,0,0,0,0
LPS_Pressure

time
4,0,0,0
acceleration
80,255,208,254,80,1
MPU_Acceleration
0,0,0,0,0,0
MPU_Angular_Velocity
0,0,0,0,0,0
MPU_Magnetic_Field
0,0,0,0,0,0
LPS_Pressure

time
4,0,0,0
acceleration
32,255,208,254,192,0
MPU_Acceleration
0,0,0,0,0,0
MPU_Angular_Velocity
0,0,0,0,0,0
MPU_Magnetic_Field
0,0,0,0,0,0
LPS_Pressure

2nd CountH3LIS331DataSetExistInBuff_READ == 8
start
time
0,0,0,0
acceleration
192,254,192,254,192,0
MPU_Acceleration
0,0,0,0,0,0
MPU_Angular_Velocity
0,0,0,0,0,0
MPU_Magnetic_Field
0,0,0,0,0,0
LPS_Pressure

time
4,0,0,0
acceleration
192,254,80,255,192,0
MPU_Acceleration
0,0,0,0,0,0
MPU_Angular_Velocity
0,0,0,0,0,0
MPU_Magnetic_Field
0,0,0,0,0,0
LPS_Pressure

time
4,0,0,0
acceleration
144,254,208,255,96,0
MPU_Acceleration
0,0,0,0,0,0
MPU_Angular_Velocity
0,0,0,0,0,0
MPU_Magnetic_Field
0,0,0,0,0,0
LPS_Pressure

time
4,0,0,0
acceleration
240,254,208,255,176,0
MPU_Acceleration
0,0,0,0,0,0
MPU_Angular_Velocity
0,0,0,0,0,0
MPU_Magnetic_Field
0,0,0,0,0,0
LPS_Pressure

time
4,0,0,0
acceleration
16,255,96,255,224,0
MPU_Acceleration
0,0,0,0,0,0
MPU_Angular_Velocity
0,0,0,0,0,0
MPU_Magnetic_Field
0,0,0,0,0,0
LPS_Pressure

time
4,0,0,0
acceleration
16,255,240,254,224,0
MPU_Acceleration
0,0,0,0,0,0
MPU_Angular_Velocity
0,0,0,0,0,0
MPU_Magnetic_Field
0,0,0,0,0,0
LPS_Pressure

time
4,0,0,0
acceleration
192,254,176,254,224,0
MPU_Acceleration
0,0,0,0,0,0
MPU_Angular_Velocity
0,0,0,0,0,0
MPU_Magnetic_Field
0,0,0,0,0,0
LPS_Pressure

time
4,0,0,0
acceleration
32,255,176,255,208,0
MPU_Acceleration
0,0,0,0,0,0
MPU_Angular_Velocity
0,0,0,0,0,0
MPU_Magnetic_Field
0,0,0,0,0,0
LPS_Pressure

2nd CountH3LIS331DataSetExistInBuff_READ == 8
start
time
0,0,0,0
acceleration
48,255,64,255,176,0
MPU_Acceleration
0,0,0,0,0,0
MPU_Angular_Velocity
0,0,0,0,0,0
MPU_Magnetic_Field
0,0,0,0,0,0
LPS_Pressure

time
4,0,0,0
acceleration
48,255,64,255,176,0
MPU_Acceleration
0,0,0,0,0,0
MPU_Angular_Velocity
0,0,0,0,0,0
MPU_Magnetic_Field
0,0,0,0,0,0
LPS_Pressure

time
4,0,0,0
acceleration
240,254,0,255,160,0
MPU_Acceleration
0,0,0,0,0,0
MPU_Angular_Velocity
0,0,0,0,0,0
MPU_Magnetic_Field
0,0,0,0,0,0
LPS_Pressure

time
4,0,0,0
acceleration
240,254,0,255,160,0
MPU_Acceleration
0,0,0,0,0,0
MPU_Angular_Velocity
0,0,0,0,0,0
MPU_Magnetic_Field
0,0,0,0,0,0
LPS_Pressure

time
4,0,0,0
acceleration
96,255,192,254,208,0
MPU_Acceleration
0,0,0,0,0,0
MPU_Angular_Velocity
0,0,0,0,0,0
MPU_Magnetic_Field
0,0,0,0,0,0
LPS_Pressure

time
4,0,0,0
acceleration
96,255,240,254,208,0
MPU_Acceleration
0,0,0,0,0,0
MPU_Angular_Velocity
0,0,0,0,0,0
MPU_Magnetic_Field
0,0,0,0,0,0
LPS_Pressure

time
4,0,0,0
acceleration
32,255,240,254,160,0
MPU_Acceleration
0,0,0,0,0,0
MPU_Angular_Velocity
0,0,0,0,0,0
MPU_Magnetic_Field
0,0,0,0,0,0
LPS_Pressure

time
4,0,0,0
acceleration
16,255,240,255,160,0
MPU_Acceleration
0,0,0,0,0,0
MPU_Angular_Velocity
0,0,0,0,0,0
MPU_Magnetic_Field
0,0,0,0,0,0
LPS_Pressure

2nd CountH3LIS331DataSetExistInBuff_READ == 8
start
time
0,0,0,0
acceleration
0,255,128,255,32,0
MPU_Acceleration
0,0,0,0,0,0
MPU_Angular_Velocity
0,0,0,0,0,0
MPU_Magnetic_Field
0,0,0,0,0,0
LPS_Pressure

time
4,0,0,0
acceleration
0,255,64,255,32,0
MPU_Acceleration
0,0,0,0,0,0
MPU_Angular_Velocity
0,0,0,0,0,0
MPU_Magnetic_Field
0,0,0,0,0,0
LPS_Pressure

time
4,0,0,0
acceleration
240,254,112,255,176,0
MPU_Acceleration
0,0,0,0,0,0
MPU_Angular_Velocity
0,0,0,0,0,0
MPU_Magnetic_Field
0,0,0,0,0,0
LPS_Pressure

time
4,0,0,0
acceleration
240,254,112,255,0,1
MPU_Acceleration
0,0,0,0,0,0
MPU_Angular_Velocity
0,0,0,0,0,0
MPU_Magnetic_Field
0,0,0,0,0,0
LPS_Pressure

time
4,0,0,0
acceleration
176,254,16,255,160,0
MPU_Acceleration
0,0,0,0,0,0
MPU_Angular_Velocity
0,0,0,0,0,0
MPU_Magnetic_Field
0,0,0,0,0,0
LPS_Pressure

time
4,0,0,0
acceleration
176,254,240,254,160,0
MPU_Acceleration
0,0,0,0,0,0
MPU_Angular_Velocity
0,0,0,0,0,0
MPU_Magnetic_Field
0,0,0,0,0,0
LPS_Pressure

time
4,0,0,0
acceleration
128,255,208,254,192,0
MPU_Acceleration
0,0,0,0,0,0
MPU_Angular_Velocity
0,0,0,0,0,0
MPU_Magnetic_Field
0,0,0,0,0,0
LPS_Pressure

time
4,0,0,0
acceleration
48,255,208,254,208,0
MPU_Acceleration
0,0,0,0,0,0
MPU_Angular_Velocity
0,0,0,0,0,0
MPU_Magnetic_Field
0,0,0,0,0,0
LPS_Pressure

2nd CountH3LIS331DataSetExistInBuff_READ == 8
start
time
0,0,0,0
acceleration
144,255,208,254,80,0
MPU_Acceleration
0,0,0,0,0,0
MPU_Angular_Velocity
0,0,0,0,0,0
MPU_Magnetic_Field
0,0,0,0,0,0
LPS_Pressure

time
5,0,0,0
acceleration
144,255,48,255,80,0
MPU_Acceleration
0,0,0,0,0,0
MPU_Angular_Velocity
0,0,0,0,0,0
MPU_Magnetic_Field
0,0,0,0,0,0
LPS_Pressure

time
5,0,0,0
acceleration
160,255,224,254,0,0
MPU_Acceleration
0,0,0,0,0,0
MPU_Angular_Velocity
0,0,0,0,0,0
MPU_Magnetic_Field
0,0,0,0,0,0
LPS_Pressure

time
5,0,0,0
acceleration
0,255,224,254,176,0
MPU_Acceleration
0,0,0,0,0,0
MPU_Angular_Velocity
0,0,0,0,0,0
MPU_Magnetic_Field
0,0,0,0,0,0
LPS_Pressure

time
5,0,0,0
acceleration
192,254,96,255,208,0
MPU_Acceleration
0,0,0,0,0,0
MPU_Angular_Velocity
0,0,0,0,0,0
MPU_Magnetic_Field
0,0,0,0,0,0
LPS_Pressure

time
5,0,0,0
acceleration
192,254,96,255,208,0
MPU_Acceleration
0,0,0,0,0,0
MPU_Angular_Velocity
0,0,0,0,0,0
MPU_Magnetic_Field
0,0,0,0,0,0
LPS_Pressure

time
5,0,0,0
acceleration
16,255,48,255,96,0
MPU_Acceleration
0,0,0,0,0,0
MPU_Angular_Velocity
0,0,0,0,0,0
MPU_Magnetic_Field
0,0,0,0,0,0
LPS_Pressure

time
5,0,0,0
acceleration
32,255,48,254,144,0
MPU_Acceleration
0,0,0,0,0,0
MPU_Angular_Velocity
0,0,0,0,0,0
MPU_Magnetic_Field
0,0,0,0,0,0
LPS_Pressure

2nd CountH3LIS331DataSetExistInBuff_READ == 8
start
time
0,0,0,0
acceleration
48,255,144,255,224,0
MPU_Acceleration
0,0,0,0,0,0
MPU_Angular_Velocity
0,0,0,0,0,0
MPU_Magnetic_Field
0,0,0,0,0,0
LPS_Pressure

time
5,0,0,0
acceleration
48,255,160,255,224,0
MPU_Acceleration
0,0,0,0,0,0
MPU_Angular_Velocity
0,0,0,0,0,0
MPU_Magnetic_Field
0,0,0,0,0,0
LPS_Pressure

time
5,0,0,0
acceleration
32,255,96,255,176,0
MPU_Acceleration
0,0,0,0,0,0
MPU_Angular_Velocity
0,0,0,0,0,0
MPU_Magnetic_Field
0,0,0,0,0,0
LPS_Pressure

time
5,0,0,0
acceleration
32,255,96,255,16,1
MPU_Acceleration
0,0,0,0,0,0
MPU_Angular_Velocity
0,0,0,0,0,0
MPU_Magnetic_Field
0,0,0,0,0,0
LPS_Pressure

time
5,0,0,0
acceleration
32,255,112,255,192,0
MPU_Acceleration
0,0,0,0,0,0
MPU_Angular_Velocity
0,0,0,0,0,0
MPU_Magnetic_Field
0,0,0,0,0,0
LPS_Pressure

time
5,0,0,0
acceleration
32,255,240,254,192,0
MPU_Acceleration
0,0,0,0,0,0
MPU_Angular_Velocity
0,0,0,0,0,0
MPU_Magnetic_Field
0,0,0,0,0,0
LPS_Pressure

time
5,0,0,0
acceleration
32,255,208,254,192,0
MPU_Acceleration
0,0,0,0,0,0
MPU_Angular_Velocity
0,0,0,0,0,0
MPU_Magnetic_Field
0,0,0,0,0,0
LPS_Pressure

time
5,0,0,0
acceleration
96,255,208,254,176,0
MPU_Acceleration
0,0,0,0,0,0
MPU_Angular_Velocity
0,0,0,0,0,0
MPU_Magnetic_Field
0,0,0,0,0,0
LPS_Pressure

2nd CountH3LIS331DataSetExistInBuff_READ == 8
start
time
0,0,0,0
acceleration
16,255,16,255,160,0
MPU_Acceleration
0,0,0,0,0,0
MPU_Angular_Velocity
0,0,0,0,0,0
MPU_Magnetic_Field
0,0,0,0,0,0
LPS_Pressure

time
5,0,0,0
acceleration
16,255,112,255,160,0
MPU_Acceleration
0,0,0,0,0,0
MPU_Angular_Velocity
0,0,0,0,0,0
MPU_Magnetic_Field
0,0,0,0,0,0
LPS_Pressure

time
5,0,0,0
acceleration
208,254,160,255,224,0
MPU_Acceleration
0,0,0,0,0,0
MPU_Angular_Velocity
0,0,0,0,0,0
MPU_Magnetic_Field
0,0,0,0,0,0
LPS_Pressure

time
5,0,0,0
acceleration
240,254,160,255,192,0
MPU_Acceleration
0,0,0,0,0,0
MPU_Angular_Velocity
0,0,0,0,0,0
MPU_Magnetic_Field
0,0,0,0,0,0
LPS_Pressure

time
5,0,0,0
acceleration
224,254,96,254,128,0
MPU_Acceleration
0,0,0,0,0,0
MPU_Angular_Velocity
0,0,0,0,0,0
MPU_Magnetic_Field
0,0,0,0,0,0
LPS_Pressure

time
5,0,0,0
acceleration
224,254,224,254,128,0
MPU_Acceleration
0,0,0,0,0,0
MPU_Angular_Velocity
0,0,0,0,0,0
MPU_Magnetic_Field
0,0,0,0,0,0
LPS_Pressure

time
5,0,0,0
acceleration
96,255,112,255,144,0
MPU_Acceleration
0,0,0,0,0,0
MPU_Angular_Velocity
0,0,0,0,0,0
MPU_Magnetic_Field
0,0,0,0,0,0
LPS_Pressure

time
5,0,0,0
acceleration
48,255,112,255,48,1
MPU_Acceleration
0,0,0,0,0,0
MPU_Angular_Velocity
0,0,0,0,0,0
MPU_Magnetic_Field
0,0,0,0,0,0
LPS_Pressure

2nd CountH3LIS331DataSetExistInBuff_READ == 8
start
time
0,0,0,0
acceleration
192,255,224,254,128,0
MPU_Acceleration
0,0,0,0,0,0
MPU_Angular_Velocity
0,0,0,0,0,0
MPU_Magnetic_Field
0,0,0,0,0,0
LPS_Pressure

time
5,0,0,0
acceleration
48,255,64,255,112,0
MPU_Acceleration
0,0,0,0,0,0
MPU_Angular_Velocity
0,0,0,0,0,0
MPU_Magnetic_Field
0,0,0,0,0,0
LPS_Pressure

time
5,0,0,0
acceleration
208,254,112,255,144,0
MPU_Acceleration
0,0,0,0,0,0
MPU_Angular_Velocity
0,0,0,0,0,0
MPU_Magnetic_Field
0,0,0,0,0,0
LPS_Pressure

time
6,0,0,0
acceleration
16,255,112,255,192,0
MPU_Acceleration
0,0,0,0,0,0
MPU_Angular_Velocity
0,0,0,0,0,0
MPU_Magnetic_Field
0,0,0,0,0,0
LPS_Pressure

time
6,0,0,0
acceleration
224,254,16,255,224,0
MPU_Acceleration
0,0,0,0,0,0
MPU_Angular_Velocity
0,0,0,0,0,0
MPU_Magnetic_Field
0,0,0,0,0,0
LPS_Pressure

time
6,0,0,0
acceleration
224,254,64,255,224,0
MPU_Acceleration
0,0,0,0,0,0
MPU_Angular_Velocity
0,0,0,0,0,0
MPU_Magnetic_Field
0,0,0,0,0,0
LPS_Pressure

time
6,0,0,0
acceleration
64,255,224,254,96,0
MPU_Acceleration
0,0,0,0,0,0
MPU_Angular_Velocity
0,0,0,0,0,0
MPU_Magnetic_Field
0,0,0,0,0,0
LPS_Pressure

time
6,0,0,0
acceleration
64,255,224,254,208,0
MPU_Acceleration
0,0,0,0,0,0
MPU_Angular_Velocity
0,0,0,0,0,0
MPU_Magnetic_Field
0,0,0,0,0,0
LPS_Pressure

2nd CountH3LIS331DataSetExistInBuff_READ == 8
start
time
0,0,0,0
acceleration
16,255,16,255,160,1
MPU_Acceleration
0,0,0,0,0,0
MPU_Angular_Velocity
0,0,0,0,0,0
MPU_Magnetic_Field
0,0,0,0,0,0
LPS_Pressure

time
6,0,0,0
acceleration
64,255,176,254,160,1
MPU_Acceleration
0,0,0,0,0,0
MPU_Angular_Velocity
0,0,0,0,0,0
MPU_Magnetic_Field
0,0,0,0,0,0
LPS_Pressure

time
6,0,0,0
acceleration
240,254,32,255,208,0
MPU_Acceleration
0,0,0,0,0,0
MPU_Angular_Velocity
0,0,0,0,0,0
MPU_Magnetic_Field
0,0,0,0,0,0
LPS_Pressure

time
6,0,0,0
acceleration
224,254,32,255,0,1
MPU_Acceleration
0,0,0,0,0,0
MPU_Angular_Velocity
0,0,0,0,0,0
MPU_Magnetic_Field
0,0,0,0,0,0
LPS_Pressure

time
6,0,0,0
acceleration
160,254,64,255,224,0
MPU_Acceleration
0,0,0,0,0,0
MPU_Angular_Velocity
0,0,0,0,0,0
MPU_Magnetic_Field
0,0,0,0,0,0
LPS_Pressure

time
6,0,0,0
acceleration
160,254,64,255,224,0
MPU_Acceleration
0,0,0,0,0,0
MPU_Angular_Velocity
0,0,0,0,0,0
MPU_Magnetic_Field
0,0,0,0,0,0
LPS_Pressure

time
6,0,0,0
acceleration
96,255,48,255,176,0
MPU_Acceleration
0,0,0,0,0,0
MPU_Angular_Velocity
0,0,0,0,0,0
MPU_Magnetic_Field
0,0,0,0,0,0
LPS_Pressure

time
6,0,0,0
acceleration
112,255,48,255,240,0
MPU_Acceleration
0,0,0,0,0,0
MPU_Angular_Velocity
0,0,0,0,0,0
MPU_Magnetic_Field
0,0,0,0,0,0
LPS_Pressure

2nd CountH3LIS331DataSetExistInBuff_READ == 8
start
time
0,0,0,0
acceleration
80,255,32,255,112,0
MPU_Acceleration
0,0,0,0,0,0
MPU_Angular_Velocity
0,0,0,0,0,0
MPU_Magnetic_Field
0,0,0,0,0,0
LPS_Pressure

time
6,0,0,0
acceleration
64,255,80,255,80,0
MPU_Acceleration
0,0,0,0,0,0
MPU_Angular_Velocity
0,0,0,0,0,0
MPU_Magnetic_Field
0,0,0,0,0,0
LPS_Pressure

time
6,0,0,0
acceleration
144,255,48,255,144,0
MPU_Acceleration
0,0,0,0,0,0
MPU_Angular_Velocity
0,0,0,0,0,0
MPU_Magnetic_Field
0,0,0,0,0,0
LPS_Pressure

time
6,0,0,0
acceleration
64,255,48,255,32,0
MPU_Acceleration
0,0,0,0,0,0
MPU_Angular_Velocity
0,0,0,0,0,0
MPU_Magnetic_Field
0,0,0,0,0,0
LPS_Pressure

time
6,0,0,0
acceleration
64,255,48,255,192,0
MPU_Acceleration
0,0,0,0,0,0
MPU_Angular_Velocity
0,0,0,0,0,0
MPU_Magnetic_Field
0,0,0,0,0,0
LPS_Pressure

time
6,0,0,0
acceleration
96,255,96,255,192,0
MPU_Acceleration
0,0,0,0,0,0
MPU_Angular_Velocity
0,0,0,0,0,0
MPU_Magnetic_Field
0,0,0,0,0,0
LPS_Pressure

time
6,0,0,0
acceleration
32,255,112,255,80,0
MPU_Acceleration
0,0,0,0,0,0
MPU_Angular_Velocity
0,0,0,0,0,0
MPU_Magnetic_Field
0,0,0,0,0,0
LPS_Pressure

time
6,0,0,0
acceleration
32,255,112,255,208,0
MPU_Acceleration
0,0,0,0,0,0
MPU_Angular_Velocity
0,0,0,0,0,0
MPU_Magnetic_Field
0,0,0,0,0,0
LPS_Pressure

2nd CountH3LIS331DataSetExistInBuff_READ == 8
start
time
0,0,0,0
acceleration
16,255,240,254,224,0
MPU_Acceleration
0,0,0,0,0,0
MPU_Angular_Velocity
0,0,0,0,0,0
MPU_Magnetic_Field
0,0,0,0,0,0
LPS_Pressure

time
6,0,0,0
acceleration
96,255,48,255,208,0
MPU_Acceleration
0,0,0,0,0,0
MPU_Angular_Velocity
0,0,0,0,0,0
MPU_Magnetic_Field
0,0,0,0,0,0
LPS_Pressure

time
6,0,0,0
acceleration
0,255,48,254,160,0
MPU_Acceleration
0,0,0,0,0,0
MPU_Angular_Velocity
0,0,0,0,0,0
MPU_Magnetic_Field
0,0,0,0,0,0
LPS_Pressure

time
6,0,0,0
acceleration
32,255,240,254,48,0
MPU_Acceleration
0,0,0,0,0,0
MPU_Angular_Velocity
0,0,0,0,0,0
MPU_Magnetic_Field
0,0,0,0,0,0
LPS_Pressure

time
6,0,0,0
acceleration
32,255,192,254,48,0
MPU_Acceleration
0,0,0,0,0,0
MPU_Angular_Velocity
0,0,0,0,0,0
MPU_Magnetic_Field
0,0,0,0,0,0
LPS_Pressure

time
6,0,0,0
acceleration
80,255,240,254,208,0
MPU_Acceleration
0,0,0,0,0,0
MPU_Angular_Velocity
0,0,0,0,0,0
MPU_Magnetic_Field
0,0,0,0,0,0
LPS_Pressure

time
6,0,0,0
acceleration
80,255,224,254,112,0
MPU_Acceleration
0,0,0,0,0,0
MPU_Angular_Velocity
0,0,0,0,0,0
MPU_Magnetic_Field
0,0,0,0,0,0
LPS_Pressure

time
6,0,0,0
acceleration
128,255,224,254,176,0
MPU_Acceleration
0,0,0,0,0,0
MPU_Angular_Velocity
0,0,0,0,0,0
MPU_Magnetic_Field
0,0,0,0,0,0
LPS_Pressure

2nd CountH3LIS331DataSetExistInBuff_READ == 8
start
time
0,0,0,0
acceleration
144,254,48,255,16,0
MPU_Acceleration
0,0,0,0,0,0
MPU_Angular_Velocity
0,0,0,0,0,0
MPU_Magnetic_Field
0,0,0,0,0,0
LPS_Pressure

time
7,0,0,0
acceleration
240,254,16,255,16,0
MPU_Acceleration
0,0,0,0,0,0
MPU_Angular_Velocity
0,0,0,0,0,0
MPU_Magnetic_Field
0,0,0,0,0,0
LPS_Pressure

time
7,0,0,0
acceleration
0,255,224,254,128,0
MPU_Acceleration
0,0,0,0,0,0
MPU_Angular_Velocity
0,0,0,0,0,0
MPU_Magnetic_Field
0,0,0,0,0,0
LPS_Pressure

time
7,0,0,0
acceleration
144,255,224,254,32,1
MPU_Acceleration
0,0,0,0,0,0
MPU_Angular_Velocity
0,0,0,0,0,0
MPU_Magnetic_Field
0,0,0,0,0,0
LPS_Pressure

time
7,0,0,0
acceleration
144,255,224,254,32,0
MPU_Acceleration
0,0,0,0,0,0
MPU_Angular_Velocity
0,0,0,0,0,0
MPU_Magnetic_Field
0,0,0,0,0,0
LPS_Pressure

time
7,0,0,0
acceleration
80,255,96,255,144,0
MPU_Acceleration
0,0,0,0,0,0
MPU_Angular_Velocity
0,0,0,0,0,0
MPU_Magnetic_Field
0,0,0,0,0,0
LPS_Pressure

time
7,0,0,0
acceleration
64,255,32,255,0,1
MPU_Acceleration
0,0,0,0,0,0
MPU_Angular_Velocity
0,0,0,0,0,0
MPU_Magnetic_Field
0,0,0,0,0,0
LPS_Pressure

time
7,0,0,0
acceleration
80,255,32,255,96,0
MPU_Acceleration
0,0,0,0,0,0
MPU_Angular_Velocity
0,0,0,0,0,0
MPU_Magnetic_Field
0,0,0,0,0,0
LPS_Pressure

2nd CountH3LIS331DataSetExistInBuff_READ == 8
start
time
0,0,0,0
acceleration
128,255,224,254,128,0
MPU_Acceleration
0,0,0,0,0,0
MPU_Angular_Velocity
0,0,0,0,0,0
MPU_Magnetic_Field
0,0,0,0,0,0
LPS_Pressure

time
7,0,0,0
acceleration
208,254,128,255,192,0
MPU_Acceleration
0,0,0,0,0,0
MPU_Angular_Velocity
0,0,0,0,0,0
MPU_Magnetic_Field
0,0,0,0,0,0
LPS_Pressure

time
7,0,0,0
acceleration
224,254,128,255,144,0
MPU_Acceleration
0,0,0,0,0,0
MPU_Angular_Velocity
0,0,0,0,0,0
MPU_Magnetic_Field
0,0,0,0,0,0
LPS_Pressure

time
7,0,0,0
acceleration
32,255,160,255,144,0
MPU_Acceleration
0,0,0,0,0,0
MPU_Angular_Velocity
0,0,0,0,0,0
MPU_Magnetic_Field
0,0,0,0,0,0
LPS_Pressure

time
7,0,0,0
acceleration
32,255,112,254,144,1
MPU_Acceleration
0,0,0,0,0,0
MPU_Angular_Velocity
0,0,0,0,0,0
MPU_Magnetic_Field
0,0,0,0,0,0
LPS_Pressure

time
7,0,0,0
acceleration
96,255,176,254,112,1
MPU_Acceleration
0,0,0,0,0,0
MPU_Angular_Velocity
0,0,0,0,0,0
MPU_Magnetic_Field
0,0,0,0,0,0
LPS_Pressure

time
7,0,0,0
acceleration
80,255,48,255,144,0
MPU_Acceleration
0,0,0,0,0,0
MPU_Angular_Velocity
0,0,0,0,0,0
MPU_Magnetic_Field
0,0,0,0,0,0
LPS_Pressure

time
7,0,0,0
acceleration
240,254,48,255,0,1
MPU_Acceleration
0,0,0,0,0,0
MPU_Angular_Velocity
0,0,0,0,0,0
MPU_Magnetic_Field
0,0,0,0,0,0
LPS_Pressure

2nd CountH3LIS331DataSetExistInBuff_READ == 8
