ets Jul 29 2019 12:21:46

rst:0x1 (POWERON_RESET),boot:0x13 (SPI_FAST_FLASH_BOOT)
configsip: 0, SPIWP:0xee
clk_drv:0x00,q_drv:0x00,d_drv:0x00,cs0_drv:0x00,hd_drv:0x00,wp_drv:0x00
mode:DIO, clock div:2
load:0x3fff0030,len:1184
load:0x40078000,len:12776
load:0x40080400,len:3032
entry 0x400805e4
400g: r, Acc: a, Gyro: g, Mag: m, LPS: l
l is pressed
time,x,y,z
0,11969918
0,11969918
65536,11969918
79298,11441278
65536,11969918
115621,11441278
131072,11969918
151225,11441278
131072,8227966
187549,11441278
196608,8227966
223152,11441278
196608,8227966
259025,8421502
262144,8227966
295349,8421502
262144,8227966
330957,8421502
327680,14390398
367285,8421502
393216,14390398
402902,8421502
393216,14390398
438521,2724990
458752,14390398
474839,2724990
458752,14390398
511411,2724990
524288,13800574
547731,2724990
524288,13800574
583345,2724990
589824,13800574
618955,5414526
589824,13800574
655277,5414526
655360,13800574
690883,5414526
655360,6919294
727207,5414526
720896,6919294
762811,5414526
786432,6919294
799402,1147006
786432,6919294
835725,1147006
851968,6919294
871338,1147006
851968,9213054
907658,1147006
917504,9213054
943266,1147006
917504,9213054
978872,15695998
983040,9213054
1015200,15695998
983040,9213054
1050806,15695998
1048576,13012094
1087129,15695998
1114112,13012094
1122735,15695998
1114112,13012094
1158347,3705982
1179648,13012094
1194662,3705982
1179648,13012094
1230268,3705982
1245184,14647422
1266581,3705982
1245184,14647422
1302197,3705982
1310720,14647422
1337804,8167038
1310720,14647422
1374134,8167038
1376256,14647422
1409741,8167038
1376256,5807742
1446075,8167038
1441792,5807742
1481682,8167038
1507328,5807742
1517288,14914686
1507328,5807742
1553613,14914686
1572864,5807742
1589218,14914686
1572864,1608830
1625542,14914686
1638400,1608830
1661150,14914686
1638400,1608830
1696757,5414526
1703936,1608830
1733080,5414526
1703936,1608830
1768687,5414526
1769472,15174782
1805014,5414526
1769472,15174782
1840624,5414526
1835008,15174782
1876225,4232318
1900544,15174782
1912552,4232318
1900544,15174782
1948157,4232318
1966080,13603966
1984471,4232318
1966080,13603966
2020080,4232318
2031616,13603966
2055687,9997438
2031616,13603966
2092007,9997438
2097152,13603966
2127615,9997438
2097152,1348734
2163937,9997438
2162688,1348734
2199548,9997438
2162688,1348734
2235151,3249278
2228224,1348734
2271464,3249278
2293760,1348734
2307073,3249278
2293760,11436158
2343400,3249278
2359296,11436158
2379004,3249278
2359296,11436158
2414613,11642238
2424832,11436158
2450945,11642238
2424832,11436158
2486556,11642238
2490368,13603966
2522885,11642238
2490368,13603966
2559403,11642238
2555904,13603966
2595007,4625534
2621440,13603966
2631338,4625534
2621440,13603966
2666951,4625534
2686976,10855806
2703283,4625534
2686976,10855806
2738899,4625534
2752512,10855806
2774516,2724990
2752512,10855806
2810835,2724990
2818048,10855806
2847400,2724990
2818048,9997438
2883721,2724990
2883584,9997438
2919338,2724990
2883584,9997438
2954951,3971198
2949120,9997438
2991273,3971198
3014656,9997438
3026880,3971198
3014656,2460798
3063200,3971198
3080192,2460798
3098806,3971198
3080192,2460798
3134411,3249278
3145728,2460798
3170732,3249278
3145728,2460798
3206345,3249278
3211264,2729342
3242661,3249278
3211264,2729342
3278267,3249278
3276800,2729342
3313873,16225406
3342336,2729342
3350200,16225406
3342336,2729342
3385806,16225406
3407872,12230270
3422129,16225406
3407872,12230270
3457735,16225406
3473408,12230270
3493347,9213054
3473408,12230270
3529662,9213054
3538944,12230270
3565268,9213054
3538944,11442302
3601581,9213054
3604480,11442302
3637197,9213054
3604480,11442302
3672804,8426622
3670016,11442302
3709134,8426622
3735552,11442302
3744741,8426622
3735552,9214078
3781075,8426622
3801088,9214078
3816682,8426622
3801088,9214078
3852288,5411966
3866624,9214078
3888613,5411966
3866624,9214078
3924218,5411966
3932160,15963262
3960542,5411966
3932160,15963262
3996150,5411966
3997696,15963262
4031757,12222590
3997696,15963262
4068080,12222590
4063232,15963262
4103687,12222590
4128768,2724990
4140014,12222590
4128768,2724990
4175624,12222590
4194304,2724990
4211225,2136190
4194304,2724990
4247552,2136190
4259840,2724990
4283157,2136190
4259840,4625534
4319471,2136190
4325376,4625534
4355080,2136190
4325376,4625534
4390687,9213054
4390912,4625534
4427007,9213054
4390912,4625534
4462615,9213054
4456448,7574654
4498937,9213054
4521984,7574654
4534548,9213054
4521984,7574654
4570151,4625534
4587520,7574654
4607402,4625534
4587520,7574654
4643007,4625534
4653056,10846334
4679332,4625534
4653056,10846334
4714950,4625534
4718592,10846334
4750560,7965822
4718592,10846334
4786882,7965822
4784128,10846334
4822480,7965822
4849664,4887678
4858814,7965822
4849664,4887678
4895400,7965822
4915200,4887678
4931004,12356734
4915200,4887678
4967337,12356734
4980736,4887678
5002951,12356734
4980736,9213054
5039283,12356734
5046272,9213054
5074899,12356734
5046272,9213054
5110516,2460798
5111808,9213054
5146835,2460798
5111808,9213054
5182442,2460798
5177344,6527102
5218764,2460798
5242880,6527102
5254384,2460798
5242880,6527102
5289986,13598846
5308416,6527102
5326307,13598846
5308416,6527102
5361923,13598846
5373952,14909566
5398238,13598846
5373952,14909566
5433839,13598846
5439488,14909566
5469445,15695998
5439488,14909566
5505768,15695998
5505024,14909566
5541384,15695998
5505024,15963262
5577697,15695998
5570560,15963262
5613303,15695998
5636096,15963262
5648920,9213054
5636096,15963262
5685241,9213054
5701632,15963262
5720841,9213054
5701632,14128254
5757165,9213054
5767168,14128254
5792765,9213054
5767168,14128254
5828384,2462846
5832704,14128254
5864707,2462846
5832704,14128254
5900324,2462846
5898240,13603966
5936646,2462846
5963776,13603966
5972260,2462846
5963776,13603966
6007858,9997438
6029312,13603966
6044191,9997438
6029312,13603966
6079795,9997438
6094848,11963518
6116121,9997438
6094848,11963518
6151729,9997438
6160384,11963518
6187341,11441278
6160384,11963518
6223659,11441278
6225920,11963518
6259266,11441278
6225920,8167038
6295579,11441278
6291456,8167038
6331192,11441278
6356992,8167038
6366804,9739902
6356992,8167038
6403134,9739902
6422528,8167038
6438741,9739902
6422528,13274238
6475075,9739902
6488064,13274238
6510682,9739902
6488064,13274238
6546288,15176830
6553600,13274238
6582613,15176830
6553600,13274238
6618218,15176830
6619136,7569534
6655402,15176830
6619136,7569534
6691007,15176830
6684672,7569534
6726615,9737342
6750208,7569534
6762946,9737342
6750208,7569534
6798556,9737342
6815744,2719870
6834885,9737342
6815744,2719870
6870483,9737342
6881280,2719870
6906089,14390398
6881280,2719870
6943400,14390398
6946816,2719870
6979004,14390398
6946816,9211006
7015331,14390398
7012352,9211006
7050946,14390398
7077888,9211006
7086556,8421502
7077888,9211006
7122878,8421502
7143424,9211006
7158476,8421502
7143424,1610878
7194814,8421502
7208960,1610878
7230418,8421502
7208960,1610878
7266025,3837054
7274496,1610878
7302349,3837054
7274496,1610878
7337957,3837054
7340032,2724990
7374285,3837054
7340032,2724990
7409902,3837054
7405568,2724990
7445521,14388350
7471104,2724990
7481839,14388350
7471104,2724990
7517445,14388350
7536640,14392958
7553766,14388350
7536640,14392958
7589384,14388350
7602176,14392958
7624986,12356734
7602176,14392958
7661307,12356734
7667712,14392958
7696923,12356734
7667712,12222590
7733238,12356734
7733248,12222590
7768839,12356734
7733248,12222590
7804445,32894
7798784,12222590
7840768,32894
7864320,12222590
7876384,32894
7864320,7050366
7912697,32894
7929856,7050366
7948303,32894
7929856,7050366
7983920,4232318
7995392,7050366
8020241,4232318
7995392,7050366
8055841,4232318
8060928,2719870
8092165,4232318
8060928,2719870
8127765,4232318
8126464,2719870
8163384,9213054
8192000,2719870
8199707,9213054
8192000,2719870
8235324,9213054
8257536,3249278
8271646,9213054
8257536,3249278
8307260,9213054
8323072,3249278
8342858,4887678
8323072,3249278
8379191,4887678
8388608,3249278
8414795,4887678
8388608,10854014
8451121,4887678
8454144,10854014
8486729,4887678
8454144,10854014
8522341,7048318
8519680,10854014
8558659,7048318
8585216,10854014
8594266,7048318
8585216,1346686
8630579,7048318
8650752,1346686
8666192,7048318
8650752,1346686
8701804,1217662
8716288,1346686
8738134,1217662
8716288,1346686
8773741,1217662
8781824,13016702
8810075,1217662
8781824,13016702
8845682,1217662
8847360,13016702
8881288,14388350
8847360,13016702
8917613,14388350
8912896,13016702
8953218,14388350
8978432,1217662
8990309,14388350
8978432,1217662
9025924,14388350
9043968,1217662
9061538,9732222
9043968,1217662
9097851,9732222
9109504,1217662
9133451,9732222
9109504,9997438
9169773,9732222
9175040,9997438
9205385,9732222
9175040,9997438
9240988,4232318
9240576,9997438
9277309,4232318
9240576,9997438
9312924,4232318
9306112,3249278
9349241,4232318
9371648,3249278
9384841,4232318
9371648,3249278
9420447,9737342
9437184,3249278
9456773,9737342
9437184,3249278
9492385,9737342
9502720,16220286
9528698,9737342
9502720,16220286
9564304,9737342
9568256,16220286
9599920,7182462
9568256,16220286
9636241,7182462
9633792,16220286
9671841,7182462
9699328,32894
9708165,7182462
9699328,32894
9743765,7182462
9764864,32894
9779384,15176830
9764864,32894
9815707,15176830
9830400,32894
9851324,15176830
9830400,9997438
9887646,15176830
9895936,9997438
9923260,15176830
9895936,9997438
9958858,13014142
9961472,9997438
9995191,13014142
9961472,9997438
10030795,13014142
10027008,11965566
10067121,13014142
10092544,11965566
10102729,13014142
10092544,11965566
10138341,8426622
10158080,11965566
10174659,8426622
10158080,11965566
10210266,8426622
10223616,14388350
10247349,8426622
10223616,14388350
10282957,8426622
10289152,14388350
10318570,11632766
10289152,14388350
10354901,11632766
10354688,14388350
10390519,11632766
10354688,1610878
10426841,11632766
10420224,1610878
10462447,11632766
10485760,1610878
10499025,38014
10485760,1610878
10535349,38014
10551296,1610878
10570957,38014
10551296,32894
10607285,38014
10616832,32894
10642902,38014
10616832,32894
10678521,9997438
10682368,32894
10714839,9997438
10682368,32894
10751411,9997438
10747904,6133886
10787731,9997438
10813440,6133886
10823345,9997438
10813440,6133886
10858955,39038
10878976,6133886
10895277,39038
10878976,6133886
10930883,39038
10944512,14909566
10967207,39038
10944512,14909566
11002811,39038
11010048,14909566
11039402,6528638
11010048,14909566
11075725,6528638
11075584,14909566
11111338,6528638
11075584,3968126
11147658,6528638
11141120,3968126
11183266,6528638
11206656,3968126
11218872,38014
11206656,3968126
11255200,38014
11272192,3968126
11290806,38014
11272192,7965822
11327129,38014
11337728,7965822
11362735,38014
11337728,7965822
11398347,14128254
11403264,7965822
11434662,14128254
11403264,7965822
11470268,14128254
11468800,16356478
11506581,14128254
11534336,16356478
11542197,14128254
11534336,16356478
11577804,9997438
11599872,16356478
11614134,9997438
11599872,16356478
11649741,9997438
11665408,32894
11686075,9997438
11665408,32894
11721682,9997438
11730944,32894
11757288,15963262
11730944,32894
11793613,15963262
11796480,32894
11829218,15963262
11796480,3971198
11865542,15963262
11862016,3971198
11901150,15963262
11927552,3971198
11936757,12222590
11927552,3971198
11973080,12222590
11993088,3971198
12008687,12222590
11993088,2460798
12045014,12222590
12058624,2460798
12080624,12222590
12058624,2460798
12116225,2726014
12124160,2460798
12152552,2726014
12124160,2460798
12188157,2726014
12189696,16616574
12224471,2726014
12189696,16616574
12260080,2726014
12255232,16616574
12295687,14388350
12320768,16616574
12332007,14388350
12320768,16616574
12367615,14388350
12386304,1217662
12403937,14388350
12386304,1217662
12439548,14388350
12451840,1217662
12475151,10393726
12451840,1217662
12511464,10393726
12517376,1217662
12547073,10393726
12517376,9739902
12583400,10393726
12582912,9739902
12619004,10393726
12582912,9739902
12654613,10854014
12648448,9739902
12690945,10854014
12713984,9739902
12726556,10854014
12713984,3249278
12762885,10854014
12779520,3249278
12799403,10854014
12779520,3249278
12835007,11441278
12845056,3249278
12871338,11441278
12845056,3249278
12906951,11441278
12910592,7700606
12943283,11441278
12910592,7700606
12978899,11441278
12976128,7700606
13014516,8227966
13041664,7700606
13050835,8227966
13041664,7700606
13087400,8227966
13107200,10846334
13123721,8227966
13107200,10846334
13159338,8227966
13172736,10846334
13194951,13603966
13172736,10846334
13231273,13603966
13238272,10846334
13266880,13603966
13238272,4620414
13303200,13603966
13303808,4620414
13338806,13603966
13303808,4620414
13374411,3968126
13369344,4620414
13410732,3968126
13434880,4620414
13446345,3968126
13434880,3244158
13482661,3968126
13500416,3244158
13518267,3968126
13500416,3244158
13553873,14914686
13565952,3244158
13590200,14914686
13565952,3244158
13625806,14914686
13631488,6526078
13662129,14914686
13631488,6526078
13697735,14914686
13697024,6526078
13733347,10851454
13697024,6526078
13769662,10851454
13762560,6526078
13805268,10851454
13828096,14524030
13841581,10851454
13828096,14524030
13877197,10851454
13893632,14524030
13912804,15176830
13893632,14524030
13949134,15176830
13959168,14524030
13984741,15176830
13959168,2719870
14021075,15176830
14024704,2719870
14056682,15176830
14024704,2719870
14092288,9737342
14090240,2719870
14128613,9737342
14155776,2719870
14164218,9737342
14155776,8162430
14200542,9737342
14221312,8162430
14236150,9737342
14221312,8162430
14271757,7574654
14286848,8162430
14308080,7574654
14286848,8162430
14343687,7574654
14352384,8426622
14380014,7574654
14352384,8426622
14415624,7574654
14417920,8426622
14451225,1608830
14417920,8426622
14487552,1608830
14483456,8426622
14523157,1608830
14548992,3968126
14559471,1608830
14548992,3968126
14595080,1608830
14614528,3968126
14630687,2719870
14614528,3968126
14667007,2719870
14680064,3968126
14702615,2719870
14680064,14128254
14738937,2719870
14745600,14128254
14774548,2719870
14745600,14128254
14810151,2724990
14811136,14128254
14847402,2724990
14811136,14128254
14883007,2724990
14876672,1611902
14919332,2724990
14942208,1611902
14954950,2724990
14942208,1611902
14990560,11116158
15007744,1611902
15026882,11116158
15007744,1611902
15062480,11116158
15073280,13276286
15098814,11116158
15073280,13276286
15135400,11116158
15138816,13276286
15171004,6520958
15138816,13276286
15207337,6520958
15204352,13276286
15242951,6520958
15269888,4882558
15279283,6520958
15269888,4882558
15314899,6520958
15335424,4882558
15350516,1610878
15335424,4882558
15386835,1610878
15400960,4882558
15422442,1610878
15400960,12222590
15458764,1610878
15466496,12222590
15494384,1610878
15466496,12222590
15529986,8424574
15532032,12222590
15566307,8424574
15532032,12222590
15601923,8424574
15597568,15961214
15638238,8424574
15663104,15961214
15673839,8424574
15663104,15961214
15709445,2724990
15728640,15961214
15745768,2724990
15728640,15961214
15781384,2724990
15794176,7967870
15817697,2724990
15794176,7967870
15853303,2724990
15859712,7967870
15888920,9211006
15859712,7967870
15925241,9211006
15925248,7967870
15960841,9211006
15925248,4887678
15997165,9211006
15990784,4887678
16032765,9211006
16056320,4887678
16068384,5411966
16056320,4887678
16104707,5411966
16121856,4887678
16140324,5411966
16121856,7569534
16176646,5411966
16187392,7569534
16212260,5411966
16187392,7569534
16247858,9213054
16252928,7569534
16284191,9213054
16252928,7569534
16319795,9213054
16318464,1611902
16356121,9213054
16384000,1611902
16391729,9213054
16384000,1611902
16427341,7569534
16449536,1611902
16463659,7569534
16449536,1611902
16499266,7569534
16515072,14914686
16535579,7569534
16515072,14914686
16571192,7569534
16580608,14914686
16606804,16096894
16580608,14914686
16643134,16096894
16646144,14914686
16678741,16096894
16646144,13012094
16715075,16096894
16711680,13012094
16750682,16096894
16777216,13012094
16786288,6520958
16777216,13012094
16822613,6520958
16842752,13012094
16858218,6520958
16842752,8426622
16895402,6520958
16908288,8426622
16931007,6520958
16908288,8426622
16966615,10855806
16973824,8426622
17002946,10855806
16973824,8426622
17038556,10855806
17039360,9997438
17074885,10855806
17039360,9997438
17110483,10855806
17104896,9997438
17146089,14128254
17170432,9997438
17183400,14128254
17170432,9997438
17219004,14128254
17235968,9213054
17255331,14128254
17235968,9213054
17290946,14128254
17301504,9213054
17326556,9997438
17301504,9213054
17362878,9997438
17367040,9213054
17398476,9997438
17367040,6527102
17434814,9997438
17432576,6527102
17470418,9997438
17498112,6527102
17506025,13798526
17498112,6527102
17542349,13798526
17563648,6527102
17577957,13798526
17563648,11965566
17614285,13798526
17629184,11965566
17649902,13798526
17629184,11965566
17685521,9997438
17694720,11965566
17721839,9997438
17694720,11965566
17757445,9997438
17760256,10854014
17793766,9997438
17760256,10854014
17829384,9997438
17825792,10854014
17864986,4887678
17891328,10854014
17901307,4887678
17891328,10854014
17936923,4887678
17956864,11114622
17973238,4887678
17956864,11114622
18008839,4887678
18022400,11114622
18044445,5411966
18022400,11114622
18080768,5411966
18087936,11114622
18116384,5411966
18087936,9213054
18152697,5411966
18153472,9213054
18188303,5411966
18153472,9213054
18223920,8421502
18219008,9213054
18260241,8421502
18284544,9213054
18295841,8421502
18284544,10846334
18332165,8421502
18350080,10846334
18367765,8421502
18350080,10846334
18403384,7705726
18415616,10846334
18439707,7705726
18415616,10846334
18475324,7705726
18481152,16356478
18511646,7705726
18481152,16356478
18547260,7705726
18546688,16356478
18582858,14388350
18546688,16356478
18619191,14388350
18612224,16356478
18654795,14388350
18677760,12222590
18691121,14388350
18677760,12222590
18726729,14388350
18743296,12222590
18762341,5406846
18743296,12222590
18798659,5406846
18808832,12222590
18834266,5406846
18808832,5414526
18870579,5406846
18874368,5414526
18906192,5406846
18874368,5414526
18941804,1610878
18939904,5414526
18978134,1610878
19005440,5414526
19013741,1610878
19005440,5411966
19050075,1610878
19070976,5411966
19085682,1610878
19070976,5411966
19121288,11965566
19136512,5411966
19157613,11965566
19136512,5411966
19193218,11965566
19202048,14522494
19230309,11965566
19202048,14522494
19265924,11965566
19267584,14522494
19301538,9737342
19267584,14522494
19337851,9737342
19333120,14522494
19373451,9737342
19398656,11965566
19409773,9737342
19398656,11965566
19445385,9737342
19464192,11965566
19480988,6528638
19464192,11965566
19517309,6528638
19529728,11965566
19552924,6528638
19529728,15171710
19589241,6528638
19595264,15171710
19624841,6528638
19595264,15171710
19660447,40574
19660800,15171710
19696773,40574
19660800,15171710
19732385,40574
19726336,4232318
19768698,40574
19791872,4232318
19804304,40574
19791872,4232318
19839920,13800574
19857408,4232318
19876241,13800574
19857408,4232318
19911841,13800574
19922944,13798526
19948165,13800574
19922944,13798526
19983765,13800574
19988480,13798526
20019384,11114622
19988480,13798526
20055707,11114622
20054016,13798526
20091324,11114622
20119552,2326654
20127646,11114622
20119552,2326654
20163260,11114622
20185088,2326654
20198858,6526078
20185088,2326654
20235191,6526078
20250624,2326654
20270795,6526078
20250624,9217406
20307121,6526078
20316160,9217406
20342729,6526078
20316160,9217406
20378341,15571070
20381696,9217406
20414659,15571070
20381696,9217406
20450266,15571070
20447232,11632766
20487349,15571070
20512768,11632766
20522957,15571070
20512768,11632766
20558570,10854014
20578304,11632766
20594901,10854014
20578304,11632766
20630519,10854014
20643840,11965566
20666841,10854014
20643840,11965566
20702447,10854014
20709376,11965566
20739025,15961214
20709376,11965566
20775349,15961214
20774912,11965566
20810957,15961214
20774912,13603966
20847285,15961214
20840448,13603966
20882902,15961214
20905984,13603966
20918521,5411966
20905984,13603966
20954839,5411966
20971520,13603966
20991411,5411966
20971520,7705726
21027731,5411966
21037056,7705726
21063345,5411966
21037056,7705726
21098955,1608830
21102592,7705726
21135277,1608830
21102592,7705726
21170883,1608830
21168128,11436158
21207207,1608830
21233664,11436158
21242811,1608830
21233664,11436158
21279402,4232318
21299200,11436158
21315725,4232318
21299200,11436158
21351338,4232318
21364736,2724990
21387658,4232318
21364736,2724990
21423266,4232318
21430272,2724990
21458872,9997438
21430272,2724990
21495200,9997438
21495808,2724990
21530806,9997438
21495808,6138238
21567129,9997438
21561344,6138238
21602735,9997438
21626880,6138238
21638347,5411966
21626880,6138238
21674662,5411966
21692416,6138238
21710268,5411966
21692416,12225662
21746581,5411966
21757952,12225662
21782197,5411966
21757952,12225662
21817804,4885630
21823488,12225662
21854134,4885630
21823488,12225662
21889741,4885630
21889024,14647422
21926075,4885630
21889024,14647422
21961682,4885630
21954560,14647422
21997288,11963518
22020096,14647422
22033613,11963518
22020096,14647422
22069218,11963518
22085632,16356478
22105542,11963518
22085632,16356478
22141150,11963518
22151168,16356478
22176757,13603966
22151168,16356478
22213080,13603966
22216704,16356478
22248687,13603966
22216704,12356734
22285014,13603966
22282240,12356734
22320624,13603966
22347776,12356734
22356225,16685182
22347776,12356734
22392552,16685182
22413312,12356734
22428157,16685182
22413312,13804926
22464471,16685182
22478848,13804926
22500080,16685182
22478848,13804926
22535687,14519422
22544384,13804926
22572007,14519422
22544384,13804926
22607615,14519422
22609920,4885630
22643937,14519422
22609920,4885630
22679548,14519422
22675456,4885630
22715151,13598846
22740992,4885630
22751464,13598846
22740992,4885630
22787073,13598846
22806528,11965566
22823400,13598846
22806528,11965566
22859004,13598846
22872064,11965566
22894613,8162430
22872064,11965566
22930945,8162430
22937600,11965566
22966556,8162430
22937600,13804926
23002885,8162430
23003136,13804926
23039403,8162430
23003136,13804926
23075007,12359806
23068672,13804926
23111338,12359806
23134208,13804926
23146951,12359806
23134208,12556414
23183283,12359806
23199744,12556414
23218899,12359806
23199744,12556414
23254516,3968126
23265280,12556414
23290835,3968126
23265280,12556414
23327400,3968126
23330816,2136190
23363721,3968126
23330816,2136190
23399338,3968126
23396352,2136190
23434951,1608830
23461888,2136190
23471273,1608830
23461888,2136190
23506880,1608830
23527424,14388350
23543200,1608830
23527424,14388350
23578806,1608830
23592960,14388350
23614411,13800574
23592960,14388350
23650732,13800574
23658496,14388350
23686345,13800574
23658496,9739902
23722661,13800574
23724032,9739902
23758267,13800574
23724032,9739902
23793873,14385278
23789568,9739902
23830200,14385278
23855104,9739902
23865806,14385278
23855104,10851454
23902129,14385278
23920640,10851454
23937735,14385278
23920640,10851454
23973347,4620414
23986176,10851454
24009662,4620414
23986176,10851454
24045268,4620414
24051712,4885630
24081581,4620414
24051712,4885630
24117197,4620414
24117248,4885630
24152804,14388350
24117248,4885630
24189134,14388350
24182784,4885630
24224741,14388350
24248320,5411966
24261075,14388350
24248320,5411966
24296682,14388350
24313856,5411966
24332288,7705726
24313856,5411966
24368613,7705726
24379392,5411966
24404218,7705726
24379392,10393726
24440542,7705726
24444928,10393726
24476150,7705726
24444928,10393726
24511757,15961214
24510464,10393726
24548080,15961214
24576000,10393726
24583687,15961214
24576000,9213054
24620014,15961214
24641536,9213054
24655624,15961214
24641536,9213054
24691225,15571070
24707072,9213054
24727552,15571070
24707072,9213054
24763157,15571070
24772608,12227710
24799471,15571070
24772608,12227710
24835080,15571070
24838144,12227710
24870687,9997438
24838144,12227710
24907007,9997438
24903680,12227710
24942615,9997438
24969216,3968126
24978937,9997438
24969216,3968126
25014548,9997438
25034752,3968126
25050151,13009022
25034752,3968126
25087402,13009022
25100288,3968126
25123007,13009022
25100288,13012094
25159332,13009022
25165824,13012094
25194950,13009022
25165824,13012094
25230560,10851454
25231360,13012094
25266882,10851454
25231360,13012094
25302480,10851454
25296896,13276286
25338814,10851454
25362432,13276286
25375400,10851454
25362432,13276286
25411004,16616574
25427968,13276286
25447337,16616574
25427968,13276286
25482951,16616574
25493504,12550270
25519283,16616574
25493504,12550270
25554899,16616574
25559040,12550270
25590516,13014142
25559040,12550270
25626835,13014142
25624576,12550270
25662442,13014142
25690112,14123134
25698764,13014142
25690112,14123134
25734384,13014142
25755648,14123134
25769986,1608830
25755648,14123134
25806307,1608830
25821184,14123134
25841923,1608830
25821184,16220286
25878238,1608830
25886720,16220286
25913839,1608830
25886720,16220286
25949445,16225406
25952256,16220286
25985768,16225406
25952256,16220286
26021384,16225406
26017792,11111550
26057697,16225406
26083328,11111550
26093303,16225406
26083328,11111550
26128920,2724990
26148864,11111550
26165241,2724990
26148864,11111550
26200841,2724990
26214400,6130814
26237165,2724990
26214400,6130814
26272765,2724990
26279936,6130814
26308384,14653566
26279936,6130814
26344707,14653566
26345472,6130814
26380324,14653566
26345472,1154686
26416646,14653566
26411008,1154686
26452260,14653566
26476544,1154686
26487858,6130814
26476544,1154686
26524191,6130814
26542080,1154686
26559795,6130814
26542080,11965566
26596121,6130814
26607616,11965566
26631729,6130814
26607616,11965566
26667341,11111550
26673152,11965566
26703659,11111550
26673152,11965566
26739266,11111550
26738688,9217406
26775579,11111550
26738688,9217406
26811192,11111550
26804224,9217406
26846804,6524030
26869760,9217406
26883134,6524030
26869760,9217406
26918741,6524030
26935296,9997438
26955075,6524030
26935296,9997438
26990682,6524030
27000832,9997438
27026288,5999742
27000832,9997438
27062613,5999742
27066368,9997438
27098218,5999742
27066368,10393726
27135402,5999742
27131904,10393726
27171007,5999742
27197440,10393726
27206615,4626558
27197440,10393726
27242946,4626558
27262976,10393726
27278556,4626558
27262976,1346686
27314885,4626558
27328512,1346686
27350483,4626558
27328512,1346686
27386089,12359806
27394048,1346686
27423400,12359806
27394048,1346686
27459004,12359806
27459584,39038
27495331,12359806
27459584,39038
27530946,12359806
27525120,39038
27566556,16220286
27590656,39038
27602878,16220286
27590656,39038
27638476,16220286
27656192,9997438
27674814,16220286
27656192,9997438
27710418,16220286
27721728,9997438
27746025,1212542
27721728,9997438
27782349,1212542
27787264,9997438
27817957,1212542
27787264,1611902
27854285,1212542
27852800,1611902
27889902,1212542
27852800,1611902
27925521,11963518
27918336,1611902
27961839,11963518
27983872,1611902
27997445,11963518
27983872,7575678
28033766,11963518
28049408,7575678
28069384,11963518
28049408,7575678
28104986,3972734
28114944,7575678
28141307,3972734
28114944,7575678
28176923,3972734
28180480,11436158
28213238,3972734
28180480,11436158
28248839,3972734
28246016,11436158
28284445,14390398
28311552,11436158
28320768,14390398
28311552,11436158
28356384,14390398
28377088,9211006
28392697,14390398
28377088,9211006
28428303,14390398
28442624,9211006
28463920,9735294
28442624,9211006
28500241,9735294
28508160,9211006
28535841,9735294
28508160,9211006
28572165,9735294
28573696,9211006
28607765,9735294
28573696,9211006
28643384,9997438
28639232,9211006
28679707,9997438
28704768,9211006
28715324,9997438
28704768,32894
28751646,9997438
28770304,32894
28787260,9997438
28770304,32894
28822858,7444606
28835840,32894
28859191,7444606
28835840,32894
28894795,7444606
28901376,10851454
28931121,7444606
28901376,10851454
28966729,7444606
28966912,10851454
29002341,3249278
28966912,10851454
29038659,3249278
29032448,10851454
29074266,3249278
29097984,10846334
29110579,3249278
29097984,10846334
29146192,3249278
29163520,10846334
29181804,6524030
29163520,10846334
29218134,6524030
29229056,10846334
29253741,6524030
29229056,38014
29290075,6524030
29294592,38014
29325682,6524030
29294592,38014
29361288,9735294
29360128,38014
29397613,9735294
29425664,38014
29433218,9735294
29425664,11965566
29470309,9735294
29491200,11965566
29505924,9735294
29491200,11965566
29541538,10846334
29556736,11965566
29577851,10846334
29556736,11965566
29613451,10846334
29622272,5996670
29649773,10846334
29622272,5996670
29685385,10846334
29687808,5996670
29720988,7703678
29687808,5996670
29757309,7703678
29753344,5996670
29792924,7703678
29818880,38014
29829241,7703678
29818880,38014
29864841,7703678
29884416,38014
29900447,11965566
29884416,38014
29936773,11965566
29949952,38014
29972385,11965566
29949952,4885630
30008698,11965566
30015488,4885630
30044304,11965566
30015488,4885630
30079920,4233342
30081024,4885630
30116241,4233342
30081024,4885630
30151841,4233342
30146560,10846334
30188165,4233342
30212096,10846334
30223765,4233342
30212096,10846334
30259384,40574
30277632,10846334
30295707,40574
30277632,10846334
30331324,40574
30343168,6914174
30367646,40574
30343168,6914174
30403260,40574
30408704,6914174
30438858,5999742
30408704,6914174
30475191,5999742
30474240,6914174
30510795,5999742
30474240,10846334
30547121,5999742
30539776,10846334
30582729,5999742
30605312,10846334
30618341,1610878
30605312,10846334
30654659,1610878
30670848,10846334
30690266,1610878
30670848,3968126
30727349,1610878
30736384,3968126
30762957,1610878
30736384,3968126
30798570,4885630
30801920,3968126
30834901,4885630
30801920,3968126
30870519,4885630
30867456,32894
30906841,4885630
30932992,32894
30942447,4885630
30932992,32894
30979025,4626558
30998528,32894
31015349,4626558
30998528,32894
31050957,4626558
31064064,11965566
31087285,4626558
31064064,11965566
31122902,4626558
31129600,11965566
31158521,13798526
31129600,11965566
31194839,13798526
31195136,11965566
31231411,13798526
31195136,6127742
31267731,13798526
31260672,6127742
31303345,13798526
31326208,6127742
31338955,9737342
31326208,6127742
31375277,9737342
31391744,6127742
31410883,9737342
31391744,9997438
31447207,9737342
31457280,9997438
31482811,9737342
31457280,9997438
31519402,6524030
31522816,9997438
31555725,6524030
31522816,9997438
31591338,6524030
31588352,1348734
31627658,6524030
31653888,1348734
31663266,6524030
31653888,1348734
31698872,5999742
31719424,1348734
31735200,5999742
31719424,1348734
31770806,5999742
31784960,2719870
31807129,5999742
31784960,2719870
31842735,5999742
31850496,2719870
31878347,15963262
31850496,2719870
31914662,15963262
31916032,2719870
31950268,15963262
31916032,15176830
31986581,15963262
31981568,15176830
32022197,15963262
32047104,15176830
32057804,13274238
32047104,15176830
32094134,13274238
32112640,15176830
32129741,13274238
32112640,39038
32166075,13274238
32178176,39038
32201682,13274238
32178176,39038
32237288,16487550
32243712,39038
32273613,16487550
32243712,39038
32309218,16487550
32309248,13795454
32345542,16487550
32309248,13795454
32381150,16487550
32374784,13795454
32416757,32894
32440320,13795454
32453080,32894
32440320,13795454
32488687,32894
32505856,9735294
32525014,32894
32505856,9735294
32560624,32894
32571392,9735294
32596225,3249278
32571392,9735294
32632552,3249278
32636928,9735294
32668157,3249278
32636928,1348734
32704471,3249278
32702464,1348734
32740080,3249278
32768000,1348734
32775687,38014
32768000,1348734
32812007,38014
32833536,1348734
32847615,38014
32833536,11442302
32883937,38014
32899072,11442302
32919548,38014
32899072,11442302
32955151,11965566
32964608,11442302
32991464,11965566
32964608,11442302
33027073,11965566
33030144,6133886
33063400,11965566
33030144,6133886
33099004,11965566
33095680,6133886
33134613,11111550
33161216,6133886
33170945,11111550
33161216,6133886
33206556,11111550
33226752,16744574
33242885,11111550
33226752,16744574
33279403,11111550
33292288,16744574
33315007,11965566
33292288,16744574
33351338,11965566
33357824,16744574
33386951,11965566
33357824,15176830
33423283,11965566
33423360,15176830
33458899,11965566
33423360,15176830
33494516,7705726
33488896,15176830
33530835,7705726
33554432,15176830
33567400,7705726
33554432,7182462
33603721,7705726
33619968,7182462
33639338,7705726
33619968,7182462
33674951,13016702
33685504,7182462
33711273,13016702
33685504,7182462
33746880,13016702
33751040,1611902
33783200,13016702
33751040,1611902
33818806,13016702
33816576,1611902
33854411,9213054
33882112,1611902
33890732,9213054
33882112,1611902
33926345,9213054
33947648,5416318
33962661,9213054
33947648,5416318
33998267,9213054
34013184,5416318
34033873,6520958
34013184,5416318
34070200,6520958
34078720,5416318
34105806,6520958
34078720,7967870
34142129,6520958
34144256,7967870
34177735,6520958
34144256,7967870
34213347,15436926
34209792,7967870
34249662,15436926
34275328,7967870
34285268,15436926
34275328,8424574
34321581,15436926
34340864,8424574
34357197,15436926
34340864,8424574
34392804,1346686
34406400,8424574
34429134,1346686
34406400,8424574
34464741,1346686
34471936,16744574
34501075,1346686
34471936,16744574
34536682,1346686
34537472,16744574
34572288,15961214
34537472,16744574
34608613,15961214
34603008,16744574
34644218,15961214
34668544,11111550
34680542,15961214
34668544,11111550
34716150,15961214
34734080,11111550
34751757,6528638
34734080,11111550
34788080,6528638
34799616,11111550
34823687,6528638
34799616,15176830
34860014,6528638
34865152,15176830
34895624,6528638
34865152,15176830
34931225,13604990
34930688,15176830
34967552,13604990
34930688,15176830
35003157,13604990
34996224,12227710
35039471,13604990
35061760,12227710
35075080,13604990
35061760,12227710
35110687,13604990
35127296,12227710
35147007,13604990
35127296,12227710
35182615,13604990
35192832,11441278
35218937,13604990
35192832,11441278
35254548,13604990
35258368,11441278
35290151,9211006
35258368,11441278
35327402,9211006
35323904,11441278
35363007,9211006
35389440,1348734
35399332,9211006
35389440,1348734
35434950,9211006
35454976,1348734
35470560,14909566
35454976,1348734
35506882,14909566
35520512,1348734
35542480,14909566
35520512,13798526
35578814,14909566
35586048,13798526
35615400,14909566
35586048,13798526
35651004,12356734
35651584,13798526
35687337,12356734
35651584,13798526
35722951,12356734
35717120,9997438
35759283,12356734
35782656,9997438
35794899,12356734
35782656,9997438
35830516,13014142
35848192,9997438
35866835,13014142
35848192,9997438
35902442,13014142
35913728,8296574
35938764,13014142
35913728,8296574
35974384,13014142
35979264,8296574
36009986,7048318
35979264,8296574
36046307,7048318
36044800,8296574
36081923,7048318
36044800,16225406
36118238,7048318
36110336,16225406
36153839,7048318
36175872,16225406
36189445,2722942
36175872,16225406
36225768,2722942
36241408,16225406
36261384,2722942
36241408,5414526
36297697,2722942
36306944,5414526
36333303,2722942
36306944,5414526
36368920,7700606
36372480,5414526
36405241,7700606
36372480,5414526
36440841,7700606
36438016,14388350
36477165,7700606
36503552,14388350
36512765,7700606
36503552,14388350
36548384,8421502
36569088,14388350
36584707,8421502
36569088,14388350
36620324,8421502
36634624,13795454
36656646,8421502
36634624,13795454
36692260,8421502
36700160,13795454
36727858,3251838
36700160,13795454
36764191,3251838
36765696,13795454
36799795,3251838
36765696,9732222
36836121,3251838
36831232,9732222
36871729,3251838
36896768,9732222
36907341,11111550
36896768,9732222
36943659,11111550
36962304,9732222
36979266,11111550
36962304,1608830
37015579,11111550
37027840,1608830
37051192,11111550
37027840,1608830
37086804,14390398
37093376,1608830
37123134,14390398
37093376,1608830
37158741,14390398
37158912,3251838
37195075,14390398
37158912,3251838
37230682,14390398
37224448,3251838
37266288,16616574
37289984,3251838
37302613,16616574
37289984,3251838
37338218,16616574
37355520,12356734
37375402,16616574
37355520,12356734
37411007,16616574
37421056,12356734
37446615,38014
37421056,12356734
37482946,38014
37486592,12356734
37518556,38014
37486592,2719870
37554885,38014
37552128,2719870
37590483,38014
37617664,2719870
37626089,2724990
37617664,2719870
37663400,2724990
37683200,2719870
37699004,2724990
37683200,7179390
37735331,2724990
37748736,7179390
37770946,2724990
37748736,7179390
37806556,7572606
37814272,7179390
37842878,7572606
37814272,7179390
37878476,7572606
37879808,11965566
37914814,7572606
37879808,11965566
37950418,7572606
37945344,11965566
37986025,3249278
38010880,11965566
38022349,3249278
38010880,11965566
38057957,3249278
38076416,2724990
38094285,3249278
38076416,2724990
38129902,3249278
38141952,2724990
38165521,3776126
38141952,2724990
38201839,3776126
38207488,2724990
38237445,3776126
38207488,11436158
38273766,3776126
38273024,11436158
38309384,3776126
38273024,11436158
38344986,12227710
38338560,11436158
38381307,12227710
38404096,11436158
38416923,12227710
38404096,13603966
38453238,12227710
38469632,13603966
38488839,12227710
38469632,13603966
38524445,38014
38535168,13603966
38560768,38014
38535168,13603966
38596384,38014
38600704,13274238
38632697,38014
38600704,13274238
38668303,38014
38666240,13274238
38703920,11965566
38731776,13274238
38740241,11965566
38731776,13274238
38775841,11965566
38797312,6526078
38812165,11965566
38797312,6526078
38847765,11965566
38862848,6526078
38883384,13280638
38862848,6526078
38919707,13280638
38928384,6526078
38955324,13280638
38928384,1348734
38991646,13280638
38993920,1348734
39027260,13280638
38993920,1348734
39062858,13012094
39059456,1348734
39099191,13012094
39124992,1348734
39134795,13012094
39124992,16685182
39171121,13012094
39190528,16685182
39206729,13012094
39190528,16685182
39242341,9213054
39256064,16685182
39278659,9213054
39256064,16685182
39314266,9213054
39321600,6127742
39350579,9213054
39321600,6127742
39386192,9213054
39387136,6127742
39421804,16744574
39387136,6127742
39458134,16744574
39452672,6127742
39493741,16744574
39518208,9739902
39530075,16744574
39518208,9739902
39565682,16744574
39583744,9739902
39601288,11114622
39583744,9739902
39637613,11114622
39649280,9739902
39673218,11114622
39649280,15176830
39710309,11114622
39714816,15176830
39745924,11114622
39714816,15176830
39781538,8162430
39780352,15176830
39817851,8162430
39845888,15176830
39853451,8162430
39845888,5411966
39889773,8162430
39911424,5411966
39925385,8162430
39911424,5411966
39960988,14914686
39976960,5411966
39997309,14914686
39976960,5411966
40032924,14914686
40042496,4227198
40069241,14914686
40042496,4227198
40104841,14914686
40108032,4227198
40140447,2724990
40108032,4227198
40176773,2724990
40173568,4227198
40212385,2724990
40239104,2719870
40248698,2724990
40239104,2719870
40284304,2724990
40304640,2719870
40319920,9207934
40304640,2719870
40356241,9207934
40370176,2719870
40391841,9207934
40370176,8421502
40428165,9207934
40435712,8421502
40463765,9207934
40435712,8421502
40499384,2136190
40501248,8421502
40535707,2136190
40501248,8421502
40571324,2136190
40566784,11963518
40607646,2136190
40632320,11963518
40643260,2136190
40632320,11963518
40678858,32894
40697856,11963518
40715191,32894
40697856,11963518
40750795,32894
40763392,2724990
40787121,32894
40763392,2724990
40822729,32894
40828928,2724990
40858341,11111550
40828928,2724990
40894659,11111550
40894464,2724990
40930266,11111550
40894464,6130814
40967349,11111550
40960000,6130814
41002957,11111550
41025536,6130814
41038570,1346686
41025536,6130814
41074901,1346686
41091072,6130814
41110519,1346686
41091072,10851454
41146841,1346686
41156608,10851454
41182447,1346686
41156608,10851454
41219025,5411966
41222144,10851454
41255349,5411966
41222144,10851454
41290957,5411966
41287680,13274238
41327285,5411966
41353216,13274238
41362902,5411966
41353216,13274238
41398521,7965822
41418752,13274238
41434839,7965822
41418752,13274238
41471411,7965822
41484288,10851454
41507731,7965822
41484288,10851454
41543345,7965822
41549824,10851454
41578955,3968126
41549824,10851454
41615277,3968126
41615360,10851454
41650883,3968126
41615360,9737342
41687207,3968126
41680896,9737342
41722811,3968126
41746432,9737342
41759402,15436926
41746432,9737342
41795725,15436926
41811968,9737342
41831338,15436926
41811968,8421502
41867658,15436926
41877504,8421502
41903266,15436926
41877504,8421502
41938872,9213054
41943040,8421502
41975200,9213054
41943040,8421502
42010806,9213054
42008576,6526078
42047129,9213054
42074112,6526078
42082735,9213054
42074112,6526078
42118347,2722942
42139648,6526078
42154662,2722942
42139648,6526078
42190268,2722942
42205184,32894
42226581,2722942
42205184,32894
42262197,2722942
42270720,32894
42297804,14388350
42270720,32894
42334134,14388350
42336256,32894
42369741,14388350
42336256,10000510
42406075,14388350
42401792,10000510
42441682,14388350
42467328,10000510
42477288,12356734
42467328,10000510
42513613,12356734
42532864,10000510
42549218,12356734
42532864,1610878
42585542,12356734
42598400,1610878
42621150,12356734
42598400,1610878
42656757,13795454
42663936,1610878
42693080,13795454
42663936,1610878
42728687,13795454
42729472,9217406
42765014,13795454
42729472,9217406
42800624,13795454
42795008,9217406
42836225,4232318
42860544,9217406
42872552,4232318
42860544,9217406
42908157,4232318
42926080,38014
42944471,4232318
42926080,38014
42980080,4232318
42991616,38014
43015687,1611902
42991616,38014
43052007,1611902
43057152,38014
43087615,1611902
43057152,9211006
43123937,1611902
43122688,9211006
43159548,1611902
43122688,9211006
43195151,2724990
43188224,9211006
43231464,2724990
43253760,9211006
43267073,2724990
43253760,9997438
43303400,2724990
43319296,9997438
43339004,2724990
43319296,9997438
43374613,14390398
43384832,9997438
43410945,14390398
43384832,9997438
43446556,14390398
43450368,4887678
43482885,14390398
43450368,4887678
43519403,14390398
43515904,4887678
43555007,2463870
43581440,4887678
43591338,2463870
43581440,4887678
43626951,2463870
43646976,10849406
43663283,2463870
43646976,10849406
43698899,2463870
43712512,10849406
43734516,7967870
43712512,10849406
43770835,7967870
43778048,10849406
43807400,7967870
43778048,4620414
43843721,7967870
43843584,4620414
43879338,7967870
43843584,4620414
43914951,6130814
43909120,4620414
43951273,6130814
43974656,4620414
43986880,6130814
43974656,15436926
44023200,6130814
44040192,15436926
44058806,6130814
44040192,15436926
44094411,4626558
44105728,15436926
44130732,4626558
44105728,15436926
44166345,4626558
44171264,4885630
44202661,4626558
44171264,4885630
44238267,4626558
44236800,4885630
44273873,3249278
44302336,4885630
44310200,3249278
44302336,4885630
44345806,3249278
44367872,7574654
44382129,3249278
44367872,7574654
44417735,3249278
44433408,7574654
44453347,2136190
44433408,7574654
44489662,2136190
44498944,7574654
44525268,2136190
44498944,9739902
44561581,2136190
44564480,9739902
44597197,2136190
44564480,9739902
44632804,2462846
44630016,9739902
44669134,2462846
44695552,9739902
44704741,2462846
44695552,16356478
44741075,2462846
44761088,16356478
44776682,2462846
44761088,16356478
44812288,15571070
44826624,16356478
44848613,15571070
44826624,16356478
44884218,15571070
44892160,8424574
44920542,15571070
44892160,8424574
44956150,15571070
44957696,8424574
44991757,14914686
44957696,8424574
45028080,14914686
45023232,8424574
45063687,14914686
45088768,13009022
45100014,14914686
45088768,13009022
45135624,14914686
45154304,13009022
45171225,7179390
45154304,13009022
45207552,7179390
45219840,13009022
45243157,7179390
45219840,9213054
45279471,7179390
45285376,9213054
45315080,7179390
45285376,9213054
45350687,16621182
45350912,9213054
45387007,16621182
45350912,9213054
45422615,16621182
45416448,13274238
45458937,16621182
45481984,13274238
45494548,16621182
45481984,13274238
45530151,3249278
45547520,13274238
45567402,3249278
45547520,13274238
45603007,3249278
45613056,10849406
45639332,3249278
45613056,10849406
45674950,3249278
45678592,10849406
45710560,4227198
45678592,10849406
45746882,4227198
45744128,10849406
45782480,4227198
45809664,9207934
45818814,4227198
45809664,9207934
45855400,4227198
45875200,9207934
45891004,6130814
45875200,9207934
45927337,6130814
45940736,9207934
45962951,6130814
45940736,11114622
45999283,6130814
46006272,11114622
46034899,6130814
46006272,11114622
46070516,6526078
46071808,11114622
46106835,6526078
46071808,11114622
46142442,6526078
46137344,7967870
46178764,6526078
46202880,7967870
46214384,6526078
46202880,7967870
46249986,4885630
46268416,7967870
46286307,4885630
46268416,7967870
46321923,4885630
46333952,6524030
46358238,4885630
46333952,6524030
46393839,4885630
46399488,6524030
46429445,15176830
46399488,6524030
46465768,15176830
46465024,6524030
46501384,15176830
46465024,1608830
46537697,15176830
46530560,1608830
46573303,15176830
46596096,1608830
46608920,4625534
46596096,1608830
46645241,4625534
46661632,1608830
46680841,4625534
46661632,13012094
46717165,4625534
46727168,13012094
46752765,4625534
46727168,13012094
46788384,15436926
46792704,13012094
46824707,15436926
46792704,13012094
46860324,15436926
46858240,4626558
46896646,15436926
46923776,4626558
46932260,15436926
46923776,4626558
46967858,8162430
46989312,4626558
47004191,8162430
46989312,4626558
47039795,8162430
47054848,1613438
47076121,8162430
47054848,1613438
47111729,8162430
47120384,1613438
47147341,38014
47120384,1613438
47183659,38014
47185920,1613438
47219266,38014
47185920,38014
47255579,38014
47251456,38014
47291192,38014
47316992,38014
47326804,6526078
47316992,38014
47363134,6526078
47382528,38014
47398741,6526078
47382528,9997438
47435075,6526078
47448064,9997438
47470682,6526078
47448064,9997438
47506288,6520958
47513600,9997438
47542613,6520958
47513600,9997438
47578218,6520958
47579136,15174782
47615402,6520958
47579136,15174782
47651007,6520958
47644672,15174782
47686615,7967870
47710208,15174782
47722946,7967870
47710208,15174782
47758556,7967870
47775744,8427646
47794885,7967870
47775744,8427646
47830483,7967870
47841280,8427646
47866089,11436158
47841280,8427646
47903400,11436158
47906816,8427646
47939004,11436158
47906816,16744574
47975331,11436158
47972352,16744574
48010946,11436158
48037888,16744574
48046556,9213054
48037888,16744574
48082878,9213054
48103424,16744574
48118476,9213054
48103424,5411966
48154814,9213054
48168960,5411966
48190418,9213054
48168960,5411966
48226025,9997438
48234496,5411966
48262349,9997438
48234496,5411966
48297957,9997438
48300032,9737342
48334285,9997438
48300032,9737342
48369902,9997438
48365568,9737342
48405521,39038
48431104,9737342
48441839,39038
48431104,9737342
48477445,39038
48496640,10846334
48513766,39038
48496640,10846334
48549384,39038
48562176,10846334
48584986,15695998
48562176,10846334
48621307,15695998
48627712,10846334
48656923,15695998
48627712,1608830
48693238,15695998
48693248,1608830
48728839,15695998
48693248,1608830
48764445,15176830
48758784,1608830
48800768,15176830
48824320,1608830
48836384,15176830
48824320,4887678
48872697,15176830
48889856,4887678
48908303,15176830
48889856,4887678
48943920,6130814
48955392,4887678
48980241,6130814
48955392,4887678
49015841,6130814
49020928,15961214
49052165,6130814
49020928,15961214
49087765,6130814
49086464,15961214
49123384,6919294
49152000,15961214
49159707,6919294
49152000,15961214
49195324,6919294
49217536,1217662
49231646,6919294
49217536,1217662
49267260,6919294
49283072,1217662
49302858,8421502
49283072,1217662
49339191,8421502
49348608,1217662
49374795,8421502
49348608,12356734
49411121,8421502
49414144,12356734
49446729,8421502
49414144,12356734
49482341,9735294
49479680,12356734
49518659,9735294
49545216,12356734
49554266,9735294
49545216,4882558
49590579,9735294
49610752,4882558
49626192,9735294
49610752,4882558
49661804,13798526
49676288,4882558
49698134,13798526
49676288,4882558
49733741,13798526
49741824,1610878
49770075,13798526
49741824,1610878
49805682,13798526
49807360,1610878
49841288,1343614
49807360,1610878
49877613,1343614
49872896,1610878
49913218,1343614
49938432,6524030
49950309,1343614
49938432,6524030
49985924,1343614
50003968,6524030
50021538,4882558
50003968,6524030
50057851,4882558
50069504,6524030
50093451,4882558
50069504,6524030
50129773,4882558
50135040,6524030
50165385,4882558
50135040,6524030
50200988,13603966
50200576,6524030
50237309,13603966
50200576,6524030
50272924,13603966
50266112,32894
50309241,13603966
50331648,32894
50344841,13603966
50331648,32894
50380447,35966
50397184,32894
50416773,35966
50397184,32894
50452385,35966
50462720,10851454
50488698,35966
50462720,10851454
50524304,35966
50528256,10851454
50559920,10395262
50528256,10851454
50596241,10395262
50593792,10851454
50631841,10395262
50659328,15961214
50668165,10395262
50659328,15961214
50703765,10395262
50724864,15961214
50739384,13012094
50724864,15961214
50775707,13012094
50790400,15961214
50811324,13012094
50790400,2135166
50847646,13012094
50855936,2135166
50883260,13012094
50855936,2135166
50918858,4887678
50921472,2135166
50955191,4887678
50921472,2135166
50990795,4887678
50987008,4227198
51027121,4887678
51052544,4227198
51062729,4887678
51052544,4227198
51098341,8424574
51118080,4227198
51134659,8424574
51118080,4227198
51170266,8424574
51183616,16220286
51207349,8424574
51183616,16220286
51242957,8424574
51249152,16220286
51278570,14919038
51249152,16220286
51314901,14919038
51314688,16220286
51350519,14919038
51314688,39038
51386841,14919038
51380224,39038
51422447,14919038
51445760,39038
51459025,39038
51445760,39038
51495349,39038
51511296,39038
51530957,39038
51511296,6914174
51567285,39038
51576832,6914174
51602902,39038
51576832,6914174
51638521,6520958
51642368,6914174
51674839,6520958
51642368,6914174
51711411,6520958
51707904,8227966
51747731,6520958
51773440,8227966
51783345,6520958
51773440,8227966
51818955,9997438
51838976,8227966
51855277,9997438
51838976,8227966
51890883,9997438
51904512,5406846
51927207,9997438
51904512,5406846
51962811,9997438
51970048,5406846
51999402,32894
51970048,5406846
52035725,32894
52035584,5406846
52071338,32894
52035584,5416318
52107658,32894
52101120,5416318
52143266,32894
52166656,5416318
52178872,12356734
52166656,5416318
52215200,12356734
52232192,5416318
52250806,12356734
52232192,2724990
52287129,12356734
52297728,2724990
52322735,12356734
52297728,2724990
52358347,3768446
52363264,2724990
52394662,3768446
52363264,2724990
52430268,3768446
52428800,16220286
52466581,3768446
52494336,16220286
52502197,3768446
52494336,16220286
52537804,4885630
52559872,16220286
52574134,4885630
52559872,16220286
52609741,4885630
52625408,35966
52646075,4885630
52625408,35966
52681682,4885630
52690944,35966
52717288,13276286
52690944,35966
52753613,13276286
52756480,35966
52789218,13276286
52756480,1217662
52825542,13276286
52822016,1217662
52861150,13276286
52887552,1217662
52896757,8427646
52887552,1217662
52933080,8427646
52953088,1217662
52968687,8427646
52953088,11642238
53005014,8427646
53018624,11642238
53040624,8427646
53018624,11642238
53076225,12361342
53084160,11642238
53112552,12361342
53084160,11642238
53148157,12361342
53149696,6130814
53184471,12361342
53149696,6130814
53220080,12361342
53215232,6130814
53255687,14388350
53280768,6130814
53292007,14388350
53280768,6130814
53327615,14388350
53346304,10846334
53363937,14388350
53346304,10846334
53399548,14388350
53411840,10846334
53435151,4885630
53411840,10846334
53471464,4885630
53477376,10846334
53507073,4885630
53477376,4233342
53543400,4885630
53542912,4233342
53579004,4885630
53542912,4233342
53614613,11442302
53608448,4233342
53650945,11442302
53673984,4233342
53686556,11442302
53673984,7441534
53722885,11442302
53739520,7441534
53759403,11442302
53739520,7441534
53795007,1608830
53805056,7441534
53831338,1608830
53805056,7441534
53866951,1608830
53870592,4887678
53903283,1608830
53870592,4887678
53938899,1608830
53936128,4887678
53974516,4626558
54001664,4887678
54010835,4626558
54001664,4887678
54047400,4626558
54067200,2460798
54083721,4626558
54067200,2460798
54119338,4626558
54132736,2460798
54154951,14647422
54132736,2460798
54191273,14647422
54198272,2460798
54226880,14647422
54198272,8426622
54263200,14647422
54263808,8426622
54298806,14647422
54263808,8426622
54334411,32894
54329344,8426622
54370732,32894
54394880,8426622
54406345,32894
54394880,9211006
54442661,32894
54460416,9211006
54478267,32894
54460416,9211006
54513873,4232318
54525952,9211006
54550200,4232318
54525952,9211006
54585806,4232318
54591488,4233342
54622129,4232318
54591488,4233342
54657735,4232318
54657024,4233342
54693347,4882558
54657024,4233342
54729662,4882558
54722560,4233342
54765268,4882558
54788096,15436926
54801581,4882558
54788096,15436926
54837197,4882558
54853632,15436926
54872804,4227198
54853632,15436926
54909134,4227198
54919168,15436926
54944741,4227198
54919168,9997438
54981075,4227198
54984704,9997438
55016682,4227198
54984704,9997438
55052288,14123134
55050240,9997438
55088613,14123134
55115776,9997438
55124218,14123134
55115776,7967870
55160542,14123134
55181312,7967870
55196150,14123134
55181312,7967870
55231757,12559742
55246848,7967870
55268080,12559742
55246848,7967870
55303687,12559742
55312384,5999742
55340014,12559742
55312384,5999742
55375624,12559742
55377920,5999742
55411225,13012094
55377920,5999742
55447552,13012094
55443456,5999742
55483157,13012094
55508992,6130814
55519471,13012094
55508992,6130814
55555080,13012094
55574528,6130814
55590687,10846334
55574528,6130814
55627007,10846334
55640064,6130814
55662615,10846334
55640064,12356734
55698937,10846334
55705600,12356734
55734548,10846334
55705600,12356734
55770151,1220222
55771136,12356734
55807402,1220222
55771136,12356734
55843007,1220222
55836672,14126206
55879332,1220222
55902208,14126206
55914950,1220222
55902208,14126206
55950560,6528638
55967744,14126206
55986882,6528638
55967744,14126206
56022480,6528638
56033280,7967870
56058814,6528638
56033280,7967870
56095400,6528638
56098816,7967870
56131004,6130814
56098816,7967870
56167337,6130814
56164352,7967870
56202951,6130814
56229888,14647422
56239283,6130814
56229888,14647422
56274899,6130814
56295424,14647422
56310516,2457726
56295424,14647422
56346835,2457726
56360960,14647422
56382442,2457726
56360960,11439230
56418764,2457726
56426496,11439230
56454384,2457726
56426496,11439230
56489986,5411966
56492032,11439230
56526307,5411966
56492032,11439230
56561923,5411966
56557568,7967870
56598238,5411966
56623104,7967870
56633839,5411966
56623104,7967870
56669445,8421502
56688640,7967870
56705768,8421502
56688640,7967870
56741384,8421502
56754176,3249278
56777697,8421502
56754176,3249278
56813303,8421502
56819712,3249278
56848920,13276286
56819712,3249278
56885241,13276286
56885248,3249278
56920841,13276286
56885248,13009022
56957165,13276286
56950784,13009022
56992765,13276286
57016320,13009022
57028384,15436926
57016320,13009022
57064707,15436926
57081856,13009022
57100324,15436926
57081856,12225662
57136646,15436926
57147392,12225662
57172260,15436926
57147392,12225662
57207858,10851454
57212928,12225662
57244191,10851454
57212928,12225662
57279795,10851454
57278464,5411966
57316121,10851454
57344000,5411966
57351729,10851454
57344000,5411966
57387341,7444606
57409536,5411966
57423659,7444606
57409536,5411966
57459266,7444606
57475072,8421502
57495579,7444606
57475072,8421502
57531192,7444606
57540608,8421502
57566804,16487550
57540608,8421502
57603134,16487550
57606144,8421502
57638741,16487550
57606144,2462846
57675075,16487550
57671680,2462846
57710682,16487550
57737216,2462846
57746288,9217406
57737216,2462846
57782613,9217406
57802752,2462846
57818218,9217406
57802752,10851454
57855402,9217406
57868288,10851454
57891007,9217406
57868288,10851454
57926615,13274238
57933824,10851454
57962946,13274238
57933824,10851454
57998556,13274238
57999360,3972734
58034885,13274238
57999360,3972734
58070483,13274238
58064896,3972734
58106089,10851454
58130432,3972734
58143400,10851454
58130432,3972734
58179004,10851454
58195968,2135166
58215331,10851454
58195968,2135166
58250946,10851454
58261504,2135166
58286556,6526078
58261504,2135166
58322878,6526078
58327040,2135166
58358476,6526078
58327040,6526078
58394814,6526078
58392576,6526078
58430418,6526078
58458112,6526078
58466025,12225662
58458112,6526078
58502349,12225662
58523648,6526078
58537957,12225662
58523648,16487550
58574285,12225662
58589184,16487550
58609902,12225662
58589184,16487550
58645521,16354430
58654720,16487550
58681839,16354430
58654720,16487550
58717445,16354430
58720256,4885630
58753766,16354430
58720256,4885630
58789384,16354430
58785792,4885630
58824986,4230270
58851328,4885630
58861307,4230270
58851328,4885630
58896923,4230270
58916864,5999742
58933238,4230270
58916864,5999742
58968839,4230270
58982400,5999742
59004445,11632766
58982400,5999742
59040768,11632766
59047936,5999742
59076384,11632766
59047936,15572606
59112697,11632766
59113472,15572606
59148303,11632766
59113472,15572606
59183920,4626558
59179008,15572606
59220241,4626558
59244544,15572606
59255841,4626558
59244544,9997438
59292165,4626558
59310080,9997438
59327765,4626558
59310080,9997438
59363384,13009022
59375616,9997438
59399707,13009022
59375616,9997438
59435324,13009022
59441152,7965822
59471646,13009022
59441152,7965822
59507260,13009022
59506688,7965822
59542858,14912638
59506688,7965822
59579191,14912638
59572224,7965822
59614795,14912638
59637760,9213054
59651121,14912638
59637760,9213054
59686729,14912638
59703296,9213054
59722341,16220286
59703296,9213054
59758659,16220286
59768832,9213054
59794266,16220286
59768832,12557950
59830579,16220286
59834368,12557950
59866192,16220286
59834368,12557950
59901804,10852478
59899904,12557950
59938134,10852478
59965440,12557950
59973741,10852478
59965440,1608830
60010075,10852478
60030976,1608830
60045682,10852478
60030976,1608830
60081288,7967870
60096512,1608830
60117613,7967870
60096512,1608830
60153218,7967870
60162048,7179390
60190309,7967870
60162048,7179390
60225924,7967870
60227584,7179390
60261538,6130814
60227584,7179390
60297851,6130814
60293120,7179390
60333451,6130814
60358656,15176830
60369773,6130814
60358656,15176830
60405385,6130814
60424192,15176830
60440988,4887678
60424192,15176830
60477309,4887678
60489728,15176830
60512924,4887678
60489728,13009022
60549241,4887678
60555264,13009022
60584841,4887678
60555264,13009022
60620447,8227966
60620800,13009022
60656773,8227966
60620800,13009022
60692385,8227966
60686336,35966
60728698,8227966
60751872,35966
60764304,8227966
60751872,35966
60799920,14128254
60817408,35966
60836241,14128254
60817408,35966
60871841,14128254
60882944,8421502
60908165,14128254
60882944,8421502
60943765,14128254
60948480,8421502
60979384,1608830
60948480,8421502
61015707,1608830
61014016,8421502
61051324,1608830
61079552,3247230
61087646,1608830
61079552,3247230
61123260,1608830
61145088,3247230
61158858,3968126
61145088,3247230
61195191,3968126
61210624,3247230
61230795,3968126
61210624,11965566
61267121,3968126
61276160,11965566
61302729,3968126
61276160,11965566
61338341,10846334
61341696,11965566
61374659,10846334
61341696,11965566
61410266,10846334
61407232,12222590
61447349,10846334
61472768,12222590
61482957,10846334
61472768,12222590
61518570,6526078
61538304,12222590
61554901,6526078
61538304,12222590
61590519,6526078
61603840,5999742
61626841,6526078
61603840,5999742
61662447,6526078
61669376,5999742
61699025,8159358
61669376,5999742
61735349,8159358
61734912,5999742
61770957,8159358
61734912,35966
61807285,8159358
61800448,35966
61842902,8159358
61865984,35966
61878521,4233342
61865984,35966
61914839,4233342
61931520,35966
61951411,4233342
61931520,40574
61987731,4233342
61997056,40574
62023345,4233342
61997056,40574
62058955,6133886
62062592,40574
62095277,6133886
62062592,40574
62130883,6133886
62128128,2462846
62167207,6133886
62193664,2462846
62202811,6133886
62193664,2462846
62239402,2462846
62259200,2462846
62275725,2462846
62259200,2462846
62311338,2462846
62324736,3833982
62347658,2462846
62324736,3833982
62383266,2462846
62390272,3833982
62418872,3968126
62390272,3833982
62455200,3968126
62455808,3833982
62490806,3968126
62455808,9737342
62527129,3968126
62521344,9737342
62562735,3968126
62586880,9737342
62598347,10002046
62586880,9737342
62634662,10002046
62652416,9737342
62670268,10002046
62652416,13012094
62706581,10002046
62717952,13012094
62742197,10002046
62717952,13012094
62777804,3249278
62783488,13012094
62814134,3249278
62783488,13012094
62849741,3249278
62849024,1610878
62886075,3249278
62849024,1610878
62921682,3249278
62914560,1610878
62957288,13276286
62980096,1610878
62993613,13276286
62980096,1610878
63029218,13276286
63045632,8293502
63065542,13276286
63045632,8293502
63101150,13276286
63111168,8293502
63136757,4885630
63111168,8293502
63173080,4885630
63176704,8293502
63208687,4885630
63176704,3833982
63245014,4885630
63242240,3833982
63280624,4885630
63307776,3833982
63316225,15958142
63307776,3833982
63352552,15958142
63373312,3833982
63388157,15958142
63373312,14912638
63424471,15958142
63438848,14912638
63460080,15958142
63438848,14912638
63495687,1343614
63504384,14912638
63532007,1343614
63504384,14912638
63567615,1343614
63569920,35966
63603937,1343614
63569920,35966
63639548,1343614
63635456,35966
63675151,9997438
63700992,35966
63711464,9997438
63700992,35966
63747073,9997438
63766528,11640446
63783400,9997438
63766528,11640446
63819004,9997438
63832064,11640446
63854613,4625534
63832064,11640446
63890945,4625534
63897600,11640446
63926556,4625534
63897600,13274238
63962885,4625534
63963136,13274238
63999403,4625534
63963136,13274238
64035007,12356734
64028672,13274238
64071338,12356734
64094208,13274238
64106951,12356734
64094208,15171710
64143283,12356734
64159744,15171710
64178899,12356734
64159744,15171710
64214516,15438974
64225280,15171710
64250835,15438974
64225280,15171710
64287400,15438974
64290816,39038
64323721,15438974
64290816,39038
64359338,15438974
64356352,39038
64394951,14390398
64421888,39038
64431273,14390398
64421888,39038
64466880,14390398
64487424,9737342
64503200,14390398
64487424,9737342
64538806,14390398
64552960,9737342
64574411,14914686
64552960,9737342
64610732,14914686
64618496,9737342
64646345,14914686
64618496,14915710
64682661,14914686
64684032,14915710
64718267,14914686
64684032,14915710
64753873,39038
64749568,14915710
64790200,39038
64815104,14915710
64825806,39038
64815104,14519422
64862129,39038
64880640,14519422
64897735,39038
64880640,14519422
64933347,16487550
64946176,14519422
64969662,16487550
64946176,14519422
65005268,16487550
65011712,4882558
65041581,16487550
65011712,4882558
65077197,16487550
65077248,4882558
65112804,2719870
65077248,4882558
65149134,2719870
65142784,4882558
65184741,2719870
65208320,1610878
65221075,2719870
65208320,1610878
65256682,2719870
65273856,1610878
65292288,3244158
65273856,1610878
65328613,3244158
65339392,1610878
65364218,3244158
No Data
.....
