a is pressed
time,x,y,z
0,0,0,0
1928,0,0,0
3737,0,0,0
5545,0,0,0
7358,0,0,0
9167,0,0,0
10976,0,0,0
12784,0,0,0
0,0,0,0
37554,0,0,0
39370,0,0,0
41178,0,0,0
42987,0,0,0
44796,0,0,0
46605,0,0,0
48413,0,0,0
65536,0,0,0
73184,0,0,0
74993,0,0,0
76801,0,0,0
78610,0,0,0
80419,0,0,0
82228,0,0,0
84036,0,0,0
65536,0,0,0
108794,0,0,0
110603,0,0,0
112412,0,0,0
114220,0,0,0
116029,0,0,0
117838,0,0,0
119647,0,0,0
131072,0,0,0
144405,0,0,0
146214,0,0,0
148023,0,0,0
149831,0,0,0
151640,0,0,0
153449,0,0,0
155260,0,0,0
131072,0,0,0
180018,0,0,0
181826,0,0,0
183635,0,0,0
185444,0,0,0
187260,0,0,0
189069,0,0,0
190886,0,0,0
196608,0,0,0
215643,0,0,0
217452,0,0,0
219261,0,0,0
221069,0,0,0
222886,0,0,0
224695,0,0,0
226506,0,0,0
196608,0,0,0
251263,0,0,0
253072,0,0,0
255387,0,0,0
257196,0,0,0
259004,0,0,0
260813,0,0,0
262622,0,0,0
262144,0,0,0
287387,0,0,0
289196,0,0,0
291005,0,0,0
292813,0,0,0
294622,0,0,0
296431,0,0,0
298247,0,0,0
262144,0,0,0
323005,0,0,0
324814,0,0,0
326622,0,0,0
328431,0,0,0
330248,0,0,0
332056,0,0,0
333865,0,0,0
327680,0,0,0
358623,0,0,0
360432,0,0,0
362248,0,0,0
364057,0,0,0
365866,0,0,0
367675,0,0,0
369483,0,0,0
327680,0,0,0
394248,0,0,0
396057,0,0,0
397866,0,0,0
399675,0,0,0
401484,0,0,0
403293,0,0,0
405110,0,0,0
393216,0,0,0
429867,0,0,0
431675,0,0,0
433484,0,0,0
435293,0,0,0
437110,0,0,0
438919,0,0,0
440728,0,0,0
458752,0,0,0
465485,0,0,0
467294,0,0,0
469111,0,0,0
470920,0,0,0
472729,0,0,0
474538,0,0,0
476351,0,0,0
458752,0,0,0
501118,0,0,0
502926,0,0,0
504735,0,0,0
506544,0,0,0
508358,0,0,0
510168,0,0,0
511976,0,0,0
524288,0,0,0
536734,0,0,0
538543,0,0,0
540354,0,0,0
542164,0,0,0
543973,0,0,0
545782,0,0,0
547591,0,0,0
524288,0,0,0
572354,0,0,0
574165,0,0,0
575973,0,0,0
577782,0,0,0
579591,0,0,0
581403,0,0,0
583211,0,0,0
589824,0,0,0
607969,0,0,0
609778,0,0,0
611587,0,0,0
613399,0,0,0
615208,0,0,0
617016,0,0,0
618825,0,0,0
589824,0,0,0
643583,0,0,0
645398,0,0,0
647207,0,0,0
649016,0,0,0
650825,0,0,0
652633,0,0,0
654442,0,0,0
655360,0,0,0
679213,0,0,0
681022,0,0,0
682831,0,0,0
684640,0,0,0
686449,0,0,0
688260,0,0,0
690069,0,0,0
655360,0,0,0
714834,0,0,0
716643,0,0,0
718452,0,0,0
720261,0,0,0
722069,0,0,0
723886,0,0,0
725695,0,0,0
720896,0,0,0
750454,0,0,0
752263,0,0,0
754072,0,0,0
755888,0,0,0
757697,0,0,0
759508,0,0,0
761317,0,0,0
720896,0,0,0
786090,0,0,0
787899,0,0,0
789708,0,0,0
791519,0,0,0
793328,0,0,0
795137,0,0,0
796946,0,0,0
786432,0,0,0
821704,0,0,0
823515,0,0,0
825323,0,0,0
827136,0,0,0
828945,0,0,0
830754,0,0,0
832563,0,0,0
851968,0,0,0
857320,0,0,0
859137,0,0,0
860945,0,0,0
862754,0,0,0
864563,0,0,0
866378,0,0,0
868187,0,0,0
851968,0,0,0
892945,0,0,0
894754,0,0,0
896563,0,0,0
898378,0,0,0
900187,0,0,0
901996,0,0,0
903805,0,0,0
917504,0,0,0
928562,0,0,0
930378,0,0,0
932187,0,0,0
933996,0,0,0
935805,0,0,0
937613,0,0,0
939422,0,0,0
917504,0,0,0
964193,0,0,0
966001,0,0,0
967810,0,0,0
969619,0,0,0
971428,0,0,0
973244,0,0,0
975053,0,0,0
983040,0,0,0
999811,0,0,0
1001620,0,0,0
1003429,0,0,0
1005245,0,0,0
1007054,0,0,0
1008862,0,0,0
1010671,0,0,0
983040,0,0,0
1035429,0,0,0
1037245,0,0,0
1039054,0,0,0
1040862,0,0,0
1042671,0,0,0
1044480,0,0,0
1046289,0,0,0
1048576,0,0,0
1071046,0,0,0
1072855,0,0,0
1074664,0,0,0
1076473,0,0,0
1078282,0,0,0
1080099,0,0,0
1081907,0,0,0
1048576,0,0,0
1106665,0,0,0
1108474,0,0,0
1110282,0,0,0
1112099,0,0,0
1113908,0,0,0
1115717,0,0,0
1117527,0,0,0
1114112,0,0,0
1142284,0,0,0
1144101,0,0,0
1145910,0,0,0
1147719,0,0,0
1149529,0,0,0
1151338,0,0,0
1153149,0,0,0
1114112,0,0,0
1177915,0,0,0
1179724,0,0,0
1181533,0,0,0
1183343,0,0,0
1185153,0,0,0
1186962,0,0,0
1188771,0,0,0
1179648,0,0,0
1213529,0,0,0
1215338,0,0,0
1217148,0,0,0
1218957,0,0,0
1220766,0,0,0
1222575,0,0,0
1224395,0,0,0
1245184,0,0,0
1249156,0,0,0
1250965,0,0,0
1252774,0,0,0
1254582,0,0,0
1256398,0,0,0
1258207,0,0,0
1260016,0,0,0
1245184,0,0,0
1284773,0,0,0
1286582,0,0,0
1288398,0,0,0
1290207,0,0,0
1292016,0,0,0
1293825,0,0,0
1295634,0,0,0
1310720,0,0,0
1320396,0,0,0
1322204,0,0,0
1324013,0,0,0
1325822,0,0,0
1327631,0,0,0
1329440,0,0,0
1331256,0,0,0
1310720,0,0,0
1356014,0,0,0
1357822,0,0,0
1359631,0,0,0
1361440,0,0,0
1363257,0,0,0
1365065,0,0,0
1366874,0,0,0
1376256,0,0,0
1391631,0,0,0
1393440,0,0,0
1395257,0,0,0
1397066,0,0,0
1398874,0,0,0
1400683,0,0,0
1402492,0,0,0
1376256,0,0,0
1427257,0,0,0
1429066,0,0,0
1430875,0,0,0
1432683,0,0,0
1434493,0,0,0
1436301,0,0,0
1438118,0,0,0
1441792,0,0,0
1462876,0,0,0
1464685,0,0,0
1466494,0,0,0
1468303,0,0,0
1470120,0,0,0
1471929,0,0,0
1473738,0,0,0
1441792,0,0,0
1498496,0,0,0
1500304,0,0,0
1502121,0,0,0
1503930,0,0,0
1505739,0,0,0
1507548,0,0,0
1509368,0,0,0
1507328,0,0,0
1534133,0,0,0
1535942,0,0,0
1537751,0,0,0
1539560,0,0,0
1541375,0,0,0
1543184,0,0,0
1544993,0,0,0
1507328,0,0,0
1569750,0,0,0
1571559,0,0,0
1573375,0,0,0
1575184,0,0,0
1576993,0,0,0
1578802,0,0,0
1580610,0,0,0
1572864,0,0,0
1605375,0,0,0
1607184,0,0,0
1608993,0,0,0
1610802,0,0,0
1612610,0,0,0
1614419,0,0,0
1616228,0,0,0
1638400,0,0,0
1640985,0,0,0
1642794,0,0,0
1644603,0,0,0
1646412,0,0,0
1648221,0,0,0
1650030,0,0,0
1651838,0,0,0
1638400,0,0,0
1676596,0,0,0
1678405,0,0,0
1680214,0,0,0
1682023,0,0,0
1683831,0,0,0
1685640,0,0,0
1687449,0,0,0
1703936,0,0,0
1712213,0,0,0
1714022,0,0,0
1715831,0,0,0
1717640,0,0,0
1719448,0,0,0
1721260,0,0,0
1723069,0,0,0
1703936,0,0,0
1747834,0,0,0
1749643,0,0,0
1751452,0,0,0
1753261,0,0,0
1755069,0,0,0
1756886,0,0,0
1758695,0,0,0
1769472,0,0,0
1783454,0,0,0
1785263,0,0,0
1787072,0,0,0
1788888,0,0,0
1791387,0,0,0
1793196,0,0,0
1795005,0,0,0
1769472,0,0,0
1819762,0,0,0
1821571,0,0,0
1823387,0,0,0
1825196,0,0,0
1827004,0,0,0
1828813,0,0,0
1830622,0,0,0
1835008,0,0,0
1855387,0,0,0
1857196,0,0,0
1859004,0,0,0
1860813,0,0,0
1862622,0,0,0
1864431,0,0,0
1866247,0,0,0
1835008,0,0,0
1891005,0,0,0
1892814,0,0,0
1894622,0,0,0
1896431,0,0,0
1898248,0,0,0
1900056,0,0,0
1901865,0,0,0
1900544,0,0,0
1926623,0,0,0
1928432,0,0,0
1930248,0,0,0
1932057,0,0,0
1933866,0,0,0
1935675,0,0,0
1937483,0,0,0
1900544,0,0,0
1962248,0,0,0
1964057,0,0,0
1965866,0,0,0
1967675,0,0,0
1969484,0,0,0
1971293,0,0,0
1973110,0,0,0
1966080,0,0,0
1997867,0,0,0
1999675,0,0,0
2001484,0,0,0
2003293,0,0,0
2005110,0,0,0
2006919,0,0,0
2008728,0,0,0
2031616,0,0,0
2033485,0,0,0
2035294,0,0,0
2037111,0,0,0
2038920,0,0,0
2040729,0,0,0
2042538,0,0,0
2044351,0,0,0
2031616,0,0,0
2069118,0,0,0
2070926,0,0,0
2072735,0,0,0
2074544,0,0,0
2076358,0,0,0
2078168,0,0,0
2079976,0,0,0
2097152,0,0,0
2104734,0,0,0
2106543,0,0,0
2108354,0,0,0
2110164,0,0,0
2111973,0,0,0
2113782,0,0,0
2115591,0,0,0
2097152,0,0,0
2140354,0,0,0
2142165,0,0,0
2143973,0,0,0
2145782,0,0,0
2147591,0,0,0
2149403,0,0,0
2151211,0,0,0
2162688,0,0,0
2175969,0,0,0
2177778,0,0,0
2179587,0,0,0
2181399,0,0,0
2183208,0,0,0
2185016,0,0,0
2186825,0,0,0
2162688,0,0,0
2211583,0,0,0
2213398,0,0,0
2215207,0,0,0
2217016,0,0,0
2218825,0,0,0
2220633,0,0,0
2222442,0,0,0
2228224,0,0,0
2247213,0,0,0
2249022,0,0,0
2250831,0,0,0
2252640,0,0,0
2254449,0,0,0
2256260,0,0,0
2258069,0,0,0
2228224,0,0,0
2282834,0,0,0
2284643,0,0,0
2286452,0,0,0
2288261,0,0,0
2290069,0,0,0
2291886,0,0,0
2293695,0,0,0
2293760,0,0,0
2318454,0,0,0
2320263,0,0,0
2322072,0,0,0
2323888,0,0,0
2325697,0,0,0
2327508,0,0,0
2329317,0,0,0
2293760,0,0,0
2354090,0,0,0
2355899,0,0,0
2357708,0,0,0
2359519,0,0,0
2361328,0,0,0
2363137,0,0,0
2364946,0,0,0
2359296,0,0,0
2389704,0,0,0
2391515,0,0,0
2393323,0,0,0
2395136,0,0,0
2396945,0,0,0
2398754,0,0,0
2400563,0,0,0
2359296,0,0,0
2425320,0,0,0
2427137,0,0,0
2428945,0,0,0
2430754,0,0,0
2432563,0,0,0
2434378,0,0,0
2436187,0,0,0
2424832,0,0,0
2460945,0,0,0
2462754,0,0,0
2464563,0,0,0
2466378,0,0,0
2468187,0,0,0
2469996,0,0,0
2471805,0,0,0
2490368,0,0,0
2496562,0,0,0
2498378,0,0,0
2500187,0,0,0
2501996,0,0,0
2503805,0,0,0
2505613,0,0,0
2507422,0,0,0
2490368,0,0,0
2532193,0,0,0
2534001,0,0,0
2535810,0,0,0
2537619,0,0,0
2539428,0,0,0
2541244,0,0,0
2543053,0,0,0
2555904,0,0,0
2567811,0,0,0
2569620,0,0,0
2571429,0,0,0
2573245,0,0,0
2575054,0,0,0
2576862,0,0,0
2578671,0,0,0
2555904,0,0,0
2603429,0,0,0
2605245,0,0,0
2607054,0,0,0
2608862,0,0,0
2610671,0,0,0
2612480,0,0,0
2614289,0,0,0
2621440,0,0,0
2639046,0,0,0
2640855,0,0,0
2642664,0,0,0
2644473,0,0,0
2646282,0,0,0
2648099,0,0,0
2649907,0,0,0
2621440,0,0,0
2674665,0,0,0
2676474,0,0,0
2678282,0,0,0
2680099,0,0,0
2681908,0,0,0
2683717,0,0,0
2685527,0,0,0
2686976,0,0,0
2710284,0,0,0
2712101,0,0,0
2713910,0,0,0
2715719,0,0,0
2717529,0,0,0
2719338,0,0,0
2721149,0,0,0
2686976,0,0,0
2745915,0,0,0
2747724,0,0,0
2749533,0,0,0
2751343,0,0,0
2753153,0,0,0
2754962,0,0,0
2756771,0,0,0
2752512,0,0,0
2781529,0,0,0
2783338,0,0,0
2785148,0,0,0
2786957,0,0,0
2788766,0,0,0
2790575,0,0,0
2792395,0,0,0
2752512,0,0,0
2817196,0,0,0
2819004,0,0,0
2820813,0,0,0
2822622,0,0,0
2824431,0,0,0
2826248,0,0,0
2828056,0,0,0
2818048,0,0,0
2852814,0,0,0
2854623,0,0,0
2856432,0,0,0
2858248,0,0,0
2860057,0,0,0
2861866,0,0,0
2863675,0,0,0
2883584,0,0,0
2888432,0,0,0
2890248,0,0,0
2892057,0,0,0
2893866,0,0,0
2895675,0,0,0
2897484,0,0,0
2899292,0,0,0
2883584,0,0,0
2924050,0,0,0
2925859,0,0,0
2927667,0,0,0
2929476,0,0,0
2931285,0,0,0
2933102,0,0,0
2934911,0,0,0
2949120,0,0,0
2959668,0,0,0
2961477,0,0,0
2963285,0,0,0
2965102,0,0,0
2966911,0,0,0
2968720,0,0,0
2970530,0,0,0
2949120,0,0,0
2995287,0,0,0
2997104,0,0,0
2998912,0,0,0
3000721,0,0,0
3002531,0,0,0
3004340,0,0,0
3006150,0,0,0
3014656,0,0,0
3030916,0,0,0
3032725,0,0,0
3034534,0,0,0
3036345,0,0,0
3038156,0,0,0
3039965,0,0,0
3041773,0,0,0
3014656,0,0,0
3066531,0,0,0
3068341,0,0,0
3070151,0,0,0
3071960,0,0,0
3073769,0,0,0
3075578,0,0,0
3077395,0,0,0
3080192,0,0,0
3102156,0,0,0
3103965,0,0,0
3105774,0,0,0
3107582,0,0,0
3109398,0,0,0
3111207,0,0,0
3113016,0,0,0
3080192,0,0,0
3137773,0,0,0
3139582,0,0,0
3141398,0,0,0
3143207,0,0,0
3145016,0,0,0
3146825,0,0,0
3148634,0,0,0
3145728,0,0,0
3173396,0,0,0
3175204,0,0,0
3177013,0,0,0
3178822,0,0,0
3180631,0,0,0
3182440,0,0,0
3184256,0,0,0
3145728,0,0,0
3209014,0,0,0
3210822,0,0,0
3212631,0,0,0
3214440,0,0,0
3216257,0,0,0
3218065,0,0,0
3219874,0,0,0
3211264,0,0,0
3244631,0,0,0
3246440,0,0,0
3248257,0,0,0
3250066,0,0,0
3251874,0,0,0
3253683,0,0,0
3255492,0,0,0
3276800,0,0,0
3280257,0,0,0
3282066,0,0,0
3283875,0,0,0
3285683,0,0,0
3287493,0,0,0
3289301,0,0,0
3291118,0,0,0
3276800,0,0,0
3315876,0,0,0
3317685,0,0,0
3319494,0,0,0
3321303,0,0,0
3323120,0,0,0
3324929,0,0,0
3327396,0,0,0
3342336,0,0,0
3352157,0,0,0
3353966,0,0,0
3355775,0,0,0
3357583,0,0,0
3359399,0,0,0
3361207,0,0,0
3363016,0,0,0
3342336,0,0,0
3387774,0,0,0
3389583,0,0,0
3391399,0,0,0
3393207,0,0,0
3395016,0,0,0
3396825,0,0,0
3398634,0,0,0
3407872,0,0,0
3423398,0,0,0
3425207,0,0,0
3427016,0,0,0
3428825,0,0,0
3430633,0,0,0
3432442,0,0,0
3434258,0,0,0
3407872,0,0,0
3459016,0,0,0
3460825,0,0,0
3462633,0,0,0
3464442,0,0,0
3466258,0,0,0
3468067,0,0,0
3469876,0,0,0
3473408,0,0,0
3494633,0,0,0
3496442,0,0,0
3498258,0,0,0
3500067,0,0,0
3501876,0,0,0
3503684,0,0,0
3505494,0,0,0
3473408,0,0,0
3530259,0,0,0
3532067,0,0,0
3533876,0,0,0
3535685,0,0,0
3537494,0,0,0
3539303,0,0,0
3541120,0,0,0
3538944,0,0,0
3565877,0,0,0
3567686,0,0,0
3569495,0,0,0
3571304,0,0,0
3573121,0,0,0
3574929,0,0,0
3576738,0,0,0
3538944,0,0,0
3601496,0,0,0
3603305,0,0,0
3605122,0,0,0
3606931,0,0,0
3608740,0,0,0
3610548,0,0,0
3612368,0,0,0
3604480,0,0,0
3637133,0,0,0
3638942,0,0,0
3640751,0,0,0
3642559,0,0,0
3644375,0,0,0
3646184,0,0,0
3647993,0,0,0
3670016,0,0,0
3672750,0,0,0
3674559,0,0,0
3676375,0,0,0
3678184,0,0,0
3679993,0,0,0
3681802,0,0,0
3683611,0,0,0
3670016,0,0,0
3708375,0,0,0
3710184,0,0,0
3711993,0,0,0
3713801,0,0,0
3715610,0,0,0
3717419,0,0,0
3719228,0,0,0
3735552,0,0,0
3743985,0,0,0
3745794,0,0,0
3747603,0,0,0
3749412,0,0,0
3751220,0,0,0
3753029,0,0,0
3754838,0,0,0
3735552,0,0,0
3779595,0,0,0
3781405,0,0,0
3783214,0,0,0
3785023,0,0,0
3786831,0,0,0
3788640,0,0,0
3790449,0,0,0
3801088,0,0,0
3815213,0,0,0
3817022,0,0,0
3818831,0,0,0
3820640,0,0,0
3822448,0,0,0
3824260,0,0,0
3826069,0,0,0
3801088,0,0,0
3850834,0,0,0
3852643,0,0,0
3854452,0,0,0
3856261,0,0,0
3858069,0,0,0
3859886,0,0,0
3861695,0,0,0
3866624,0,0,0
3886454,0,0,0
3888263,0,0,0
3890072,0,0,0
3891888,0,0,0
3893697,0,0,0
3895508,0,0,0
3897317,0,0,0
3866624,0,0,0
3922090,0,0,0
3923899,0,0,0
3925708,0,0,0
3927519,0,0,0
3929328,0,0,0
3931137,0,0,0
3932946,0,0,0
3932160,0,0,0
3957704,0,0,0
3959515,0,0,0
3961323,0,0,0
3963136,0,0,0
3964945,0,0,0
3966754,0,0,0
3968563,0,0,0
3932160,0,0,0
3993320,0,0,0
3995137,0,0,0
3996945,0,0,0
3998754,0,0,0
4000563,0,0,0
4002378,0,0,0
4004187,0,0,0
3997696,0,0,0
4028945,0,0,0
4030754,0,0,0
4032563,0,0,0
4034378,0,0,0
4036187,0,0,0
4037996,0,0,0
4039805,0,0,0
3997696,0,0,0
4064562,0,0,0
4066378,0,0,0
4068187,0,0,0
4069996,0,0,0
4071805,0,0,0
4073613,0,0,0
4075422,0,0,0
4063232,0,0,0
4100193,0,0,0
4102001,0,0,0
4103810,0,0,0
4105619,0,0,0
4107428,0,0,0
4109244,0,0,0
4111053,0,0,0
4128768,0,0,0
4135811,0,0,0
4137620,0,0,0
4139429,0,0,0
4141245,0,0,0
4143054,0,0,0
4144862,0,0,0
4146671,0,0,0
4128768,0,0,0
4171429,0,0,0
4173245,0,0,0
4175054,0,0,0
4176862,0,0,0
4178671,0,0,0
4180480,0,0,0
4182289,0,0,0
4194304,0,0,0
4207046,0,0,0
4208855,0,0,0
4210664,0,0,0
4212473,0,0,0
4214282,0,0,0
4216099,0,0,0
4217907,0,0,0
4194304,0,0,0
4242665,0,0,0
4244474,0,0,0
4246282,0,0,0
4248099,0,0,0
4249908,0,0,0
4251717,0,0,0
4253527,0,0,0
4259840,0,0,0
4278284,0,0,0
4280101,0,0,0
4281910,0,0,0
4283719,0,0,0
4285529,0,0,0
4287338,0,0,0
4289149,0,0,0
4259840,0,0,0
4313915,0,0,0
4315724,0,0,0
4317533,0,0,0
4319343,0,0,0
4321153,0,0,0
4322962,0,0,0
4324771,0,0,0
4325376,0,0,0
4349529,0,0,0
4351387,0,0,0
4353196,0,0,0
4355005,0,0,0
4356813,0,0,0
4358622,0,0,0
4360431,0,0,0
4325376,0,0,0
4385206,0,0,0
4387015,0,0,0
4388824,0,0,0
4390633,0,0,0
4392442,0,0,0
4394258,0,0,0
4396066,0,0,0
4390912,0,0,0
4420824,0,0,0
4422633,0,0,0
4424442,0,0,0
4426258,0,0,0
4428066,0,0,0
4429875,0,0,0
4431684,0,0,0
4390912,0,0,0
4456443,0,0,0
4458258,0,0,0
4460067,0,0,0
4461876,0,0,0
4463685,0,0,0
4465494,0,0,0
4467303,0,0,0
4456448,0,0,0
4492068,0,0,0
4493877,0,0,0
4495686,0,0,0
4497495,0,0,0
4499304,0,0,0
4501121,0,0,0
4502929,0,0,0
4521984,0,0,0
4527687,0,0,0
4529496,0,0,0
4531305,0,0,0
4533122,0,0,0
4534930,0,0,0
4536739,0,0,0
4538548,0,0,0
4521984,0,0,0
4563306,0,0,0
4565122,0,0,0
4566931,0,0,0
4568740,0,0,0
4570549,0,0,0
4572368,0,0,0
4574177,0,0,0
4587520,0,0,0
4598941,0,0,0
4600750,0,0,0
4602559,0,0,0
4604375,0,0,0
4606184,0,0,0
4607993,0,0,0
4609802,0,0,0
4587520,0,0,0
4634559,0,0,0
4636375,0,0,0
4638184,0,0,0
4639993,0,0,0
4641801,0,0,0
4643610,0,0,0
4645419,0,0,0
4653056,0,0,0
4670187,0,0,0
4671995,0,0,0
4673804,0,0,0
4675613,0,0,0
4677422,0,0,0
4679231,0,0,0
4681040,0,0,0
4653056,0,0,0
4705797,0,0,0
4707606,0,0,0
4709415,0,0,0
4711223,0,0,0
4713032,0,0,0
4714841,0,0,0
4716650,0,0,0
4718592,0,0,0
4741408,0,0,0
4743217,0,0,0
4745025,0,0,0
4746834,0,0,0
4748643,0,0,0
4750452,0,0,0
4752261,0,0,0
4718592,0,0,0
4777018,0,0,0
4778827,0,0,0
4780636,0,0,0
4782444,0,0,0
4784260,0,0,0
4786069,0,0,0
4787886,0,0,0
4784128,0,0,0
4812643,0,0,0
4814452,0,0,0
4816261,0,0,0
4818069,0,0,0
4819886,0,0,0
4821695,0,0,0
4823506,0,0,0
4784128,0,0,0
4848263,0,0,0
4850072,0,0,0
4851888,0,0,0
4853697,0,0,0
4855508,0,0,0
4857317,0,0,0
4859134,0,0,0
4849664,0,0,0
4883899,0,0,0
4885708,0,0,0
4887519,0,0,0
4889328,0,0,0
4891137,0,0,0
4892946,0,0,0
4894755,0,0,0
4915200,0,0,0
4919515,0,0,0
4921323,0,0,0
4923136,0,0,0
4924945,0,0,0
4926754,0,0,0
4928563,0,0,0
4930378,0,0,0
4915200,0,0,0
4955136,0,0,0
4956945,0,0,0
4958754,0,0,0
4960563,0,0,0
4962378,0,0,0
4964187,0,0,0
4965995,0,0,0
4980736,0,0,0
4990753,0,0,0
4992562,0,0,0
4994378,0,0,0
4996187,0,0,0
4997996,0,0,0
4999804,0,0,0
5001613,0,0,0
4980736,0,0,0
5026378,0,0,0
5028187,0,0,0
5029996,0,0,0
5031805,0,0,0
5033613,0,0,0
5035422,0,0,0
5037231,0,0,0
5046272,0,0,0
5061988,0,0,0
5063797,0,0,0
5065606,0,0,0
5067415,0,0,0
5069224,0,0,0
5071032,0,0,0
5072841,0,0,0
5046272,0,0,0
5097599,0,0,0
5099408,0,0,0
5101217,0,0,0
5103026,0,0,0
5104835,0,0,0
5106644,0,0,0
5108453,0,0,0
5111808,0,0,0
5133214,0,0,0
5135023,0,0,0
5136831,0,0,0
5138640,0,0,0
5140449,0,0,0
5142260,0,0,0
5144069,0,0,0
5111808,0,0,0
5168834,0,0,0
5170643,0,0,0
5172452,0,0,0
5174261,0,0,0
5176069,0,0,0
5177886,0,0,0
5179695,0,0,0
5177344,0,0,0
5204454,0,0,0
5206263,0,0,0
5208072,0,0,0
5209888,0,0,0
5211697,0,0,0
5213508,0,0,0
5215317,0,0,0
5177344,0,0,0
5240090,0,0,0
5241899,0,0,0
5243708,0,0,0
5245519,0,0,0
5247328,0,0,0
5249137,0,0,0
5250946,0,0,0
5242880,0,0,0
5275704,0,0,0
5277515,0,0,0
5279323,0,0,0
5281136,0,0,0
5282945,0,0,0
5284754,0,0,0
5286563,0,0,0
5308416,0,0,0
5311320,0,0,0
5313137,0,0,0
5314945,0,0,0
5316754,0,0,0
5318563,0,0,0
5320378,0,0,0
5322187,0,0,0
5308416,0,0,0
5346945,0,0,0
5348754,0,0,0
5350563,0,0,0
5352378,0,0,0
5354187,0,0,0
5355996,0,0,0
5357805,0,0,0
5373952,0,0,0
5382562,0,0,0
5384378,0,0,0
5386187,0,0,0
5387996,0,0,0
5389805,0,0,0
5391613,0,0,0
5393422,0,0,0
5373952,0,0,0
5418193,0,0,0
5420001,0,0,0
5421810,0,0,0
5423619,0,0,0
5425428,0,0,0
5427244,0,0,0
5429053,0,0,0
5439488,0,0,0
5453811,0,0,0
5455620,0,0,0
5457429,0,0,0
5459245,0,0,0
5461054,0,0,0
5462862,0,0,0
5464671,0,0,0
5439488,0,0,0
5489429,0,0,0
5491245,0,0,0
5493054,0,0,0
5494862,0,0,0
5496671,0,0,0
5498480,0,0,0
5500289,0,0,0
5505024,0,0,0
5525046,0,0,0
5526855,0,0,0
5528664,0,0,0
5530473,0,0,0
5532282,0,0,0
5534099,0,0,0
5535907,0,0,0
5505024,0,0,0
5560665,0,0,0
5562474,0,0,0
5564282,0,0,0
5566099,0,0,0
5567908,0,0,0
5569717,0,0,0
5571527,0,0,0
5570560,0,0,0
5596284,0,0,0
5598101,0,0,0
5599910,0,0,0
5601719,0,0,0
5603529,0,0,0
5605338,0,0,0
5607149,0,0,0
5570560,0,0,0
5631915,0,0,0
5633724,0,0,0
5635533,0,0,0
5637343,0,0,0
5639153,0,0,0
5640962,0,0,0
5642771,0,0,0
5636096,0,0,0
5667529,0,0,0
5669338,0,0,0
5671148,0,0,0
5672957,0,0,0
5674766,0,0,0
5676575,0,0,0
5678395,0,0,0
5636096,0,0,0
5703156,0,0,0
5704965,0,0,0
5706774,0,0,0
5708582,0,0,0
5710398,0,0,0
5712207,0,0,0
5714016,0,0,0
5701632,0,0,0
5738773,0,0,0
5740582,0,0,0
5742398,0,0,0
5744207,0,0,0
5746016,0,0,0
5747825,0,0,0
5749634,0,0,0
5767168,0,0,0
5774396,0,0,0
5776204,0,0,0
5778013,0,0,0
5779822,0,0,0
5781631,0,0,0
5783440,0,0,0
5785256,0,0,0
5767168,0,0,0
5810014,0,0,0
5811822,0,0,0
5813631,0,0,0
5815440,0,0,0
5817257,0,0,0
5819065,0,0,0
5820874,0,0,0
5832704,0,0,0
5845631,0,0,0
5847440,0,0,0
5849257,0,0,0
5851066,0,0,0
5852874,0,0,0
5854683,0,0,0
5856492,0,0,0
5832704,0,0,0
5881257,0,0,0
5883066,0,0,0
5884875,0,0,0
5887387,0,0,0
5889196,0,0,0
5891005,0,0,0
5892814,0,0,0
5898240,0,0,0
5917571,0,0,0
5919387,0,0,0
5921196,0,0,0
5923004,0,0,0
5924813,0,0,0
5926622,0,0,0
5928431,0,0,0
5898240,0,0,0
5953206,0,0,0
5955015,0,0,0
5956824,0,0,0
5958633,0,0,0
5960442,0,0,0
5962258,0,0,0
5964066,0,0,0
5963776,0,0,0
5988824,0,0,0
5990633,0,0,0
5992442,0,0,0
5994258,0,0,0
5996066,0,0,0
5997875,0,0,0
5999684,0,0,0
5963776,0,0,0
6024443,0,0,0
6026258,0,0,0
6028067,0,0,0
6029876,0,0,0
6031685,0,0,0
6033494,0,0,0
6035303,0,0,0
6029312,0,0,0
6060068,0,0,0
6061877,0,0,0
6063686,0,0,0
6065495,0,0,0
6067304,0,0,0
6069121,0,0,0
6070929,0,0,0
6029312,0,0,0
6095687,0,0,0
6097496,0,0,0
6099305,0,0,0
6101122,0,0,0
6102930,0,0,0
6104739,0,0,0
6106548,0,0,0
6094848,0,0,0
6131306,0,0,0
6133122,0,0,0
6134931,0,0,0
6136740,0,0,0
6138549,0,0,0
6140368,0,0,0
6142177,0,0,0
6160384,0,0,0
6166941,0,0,0
6168750,0,0,0
6170559,0,0,0
6172375,0,0,0
6174184,0,0,0
6175993,0,0,0
6177802,0,0,0
6160384,0,0,0
6202559,0,0,0
6204375,0,0,0
6206184,0,0,0
6207993,0,0,0
6209801,0,0,0
6211610,0,0,0
6213419,0,0,0
6225920,0,0,0
6238187,0,0,0
6239995,0,0,0
6241804,0,0,0
6243613,0,0,0
6245422,0,0,0
6247231,0,0,0
6249040,0,0,0
6225920,0,0,0
6273797,0,0,0
6275606,0,0,0
6277415,0,0,0
6279223,0,0,0
6281032,0,0,0
6282841,0,0,0
6284650,0,0,0
6291456,0,0,0
6309408,0,0,0
6311217,0,0,0
6313025,0,0,0
6314834,0,0,0
6316643,0,0,0
6318452,0,0,0
6320261,0,0,0
6291456,0,0,0
6345018,0,0,0
6346827,0,0,0
6348636,0,0,0
6350444,0,0,0
6352260,0,0,0
6354069,0,0,0
6355886,0,0,0
6356992,0,0,0
6380643,0,0,0
6382452,0,0,0
6384261,0,0,0
6386069,0,0,0
6387886,0,0,0
6389695,0,0,0
6391506,0,0,0
6356992,0,0,0
6416263,0,0,0
6418072,0,0,0
6419888,0,0,0
6421697,0,0,0
6423508,0,0,0
6425317,0,0,0
6427134,0,0,0
6422528,0,0,0
6451899,0,0,0
6453708,0,0,0
6455519,0,0,0
6457328,0,0,0
6459137,0,0,0
6460946,0,0,0
6462755,0,0,0
6422528,0,0,0
6487515,0,0,0
6489323,0,0,0
6491136,0,0,0
6492945,0,0,0
6494754,0,0,0
6496563,0,0,0
6498378,0,0,0
6488064,0,0,0
6523136,0,0,0
6524945,0,0,0
6526754,0,0,0
6528563,0,0,0
6530378,0,0,0
6532187,0,0,0
6533995,0,0,0
6553600,0,0,0
6558753,0,0,0
6560562,0,0,0
6562378,0,0,0
6564187,0,0,0
6565996,0,0,0
6567804,0,0,0
6569613,0,0,0
6553600,0,0,0
6594378,0,0,0
6596187,0,0,0
6597996,0,0,0
6599805,0,0,0
6601613,0,0,0
6603422,0,0,0
6605231,0,0,0
6619136,0,0,0
6629988,0,0,0
6631797,0,0,0
6633606,0,0,0
6635415,0,0,0
6637224,0,0,0
6639032,0,0,0
6640841,0,0,0
6619136,0,0,0
6665599,0,0,0
6667408,0,0,0
6669217,0,0,0
6671026,0,0,0
6672835,0,0,0
6674644,0,0,0
6676453,0,0,0
6684672,0,0,0
6701214,0,0,0
6703023,0,0,0
6704831,0,0,0
6706640,0,0,0
6708449,0,0,0
6710260,0,0,0
6712069,0,0,0
6684672,0,0,0
6736834,0,0,0
6738643,0,0,0
6740452,0,0,0
6742261,0,0,0
6744069,0,0,0
6745886,0,0,0
6747695,0,0,0
6750208,0,0,0
6772454,0,0,0
6774263,0,0,0
6776072,0,0,0
6777888,0,0,0
6779697,0,0,0
6781508,0,0,0
6783317,0,0,0
6750208,0,0,0
6808090,0,0,0
6809899,0,0,0
6811708,0,0,0
6813519,0,0,0
6815328,0,0,0
6817137,0,0,0
6818946,0,0,0
6815744,0,0,0
6843704,0,0,0
6845515,0,0,0
6847323,0,0,0
6849136,0,0,0
6850945,0,0,0
6852754,0,0,0
6854563,0,0,0
6815744,0,0,0
6879320,0,0,0
6881137,0,0,0
6882945,0,0,0
6884754,0,0,0
6886563,0,0,0
6888378,0,0,0
6890187,0,0,0
6881280,0,0,0
6914945,0,0,0
6916754,0,0,0
6918563,0,0,0
6920378,0,0,0
6922187,0,0,0
6923996,0,0,0
6925805,0,0,0
6946816,0,0,0
6950562,0,0,0
6952378,0,0,0
6954187,0,0,0
6955996,0,0,0
6957805,0,0,0
6959613,0,0,0
6961422,0,0,0
6946816,0,0,0
6986193,0,0,0
6988001,0,0,0
6989810,0,0,0
6991619,0,0,0
6993428,0,0,0
6995244,0,0,0
6997053,0,0,0
7012352,0,0,0
7021811,0,0,0
7023620,0,0,0
7025429,0,0,0
7027245,0,0,0
7029054,0,0,0
7030862,0,0,0
7032671,0,0,0
7012352,0,0,0
7057429,0,0,0
7059245,0,0,0
7061054,0,0,0
7062862,0,0,0
7064671,0,0,0
7066480,0,0,0
7068289,0,0,0
7077888,0,0,0
7093046,0,0,0
7094855,0,0,0
7096664,0,0,0
7098473,0,0,0
7100282,0,0,0
7102099,0,0,0
7103907,0,0,0
7077888,0,0,0
7128665,0,0,0
7130474,0,0,0
7132282,0,0,0
7134099,0,0,0
7135908,0,0,0
7137717,0,0,0
7139527,0,0,0
7143424,0,0,0
7164284,0,0,0
7166101,0,0,0
7167910,0,0,0
7169719,0,0,0
7171529,0,0,0
7173338,0,0,0
7175149,0,0,0
7143424,0,0,0
7199915,0,0,0
7201724,0,0,0
7203533,0,0,0
7205343,0,0,0
7207153,0,0,0
7208962,0,0,0
7210771,0,0,0
7208960,0,0,0
7235529,0,0,0
7237338,0,0,0
7239148,0,0,0
7240957,0,0,0
7242766,0,0,0
7244575,0,0,0
7246395,0,0,0
7208960,0,0,0
7271156,0,0,0
7272965,0,0,0
7274774,0,0,0
7276582,0,0,0
7278398,0,0,0
7280207,0,0,0
7282016,0,0,0
7274496,0,0,0
7306773,0,0,0
7308582,0,0,0
7310398,0,0,0
7312207,0,0,0
7314016,0,0,0
7315825,0,0,0
7317634,0,0,0
7340032,0,0,0
7342396,0,0,0
7344204,0,0,0
7346013,0,0,0
7347822,0,0,0
7349631,0,0,0
7351440,0,0,0
7353256,0,0,0
7340032,0,0,0
7378014,0,0,0
7379822,0,0,0
7381631,0,0,0
7383440,0,0,0
7385257,0,0,0
7387065,0,0,0
7388874,0,0,0
7405568,0,0,0
7413631,0,0,0
7415440,0,0,0
7417257,0,0,0
7419066,0,0,0
7420874,0,0,0
7423387,0,0,0
7425196,0,0,0
7405568,0,0,0
7449957,0,0,0
7451765,0,0,0
7453574,0,0,0
7455395,0,0,0
7457204,0,0,0
7459013,0,0,0
7460821,0,0,0
7471104,0,0,0
7485579,0,0,0
7487396,0,0,0
7489204,0,0,0
7491013,0,0,0
7492822,0,0,0
7494631,0,0,0
7496440,0,0,0
7471104,0,0,0
7521211,0,0,0
7523020,0,0,0
7524829,0,0,0
7526638,0,0,0
7528447,0,0,0
7530260,0,0,0
7532069,0,0,0
7536640,0,0,0
7556826,0,0,0
7558635,0,0,0
7560444,0,0,0
7562260,0,0,0
7564069,0,0,0
7565877,0,0,0
7567686,0,0,0
7536640,0,0,0
7592444,0,0,0
7594260,0,0,0
7596069,0,0,0
7597877,0,0,0
7599686,0,0,0
7601496,0,0,0
7603304,0,0,0
7602176,0,0,0
7628070,0,0,0
7629887,0,0,0
7631696,0,0,0
7633507,0,0,0
7635315,0,0,0
7637132,0,0,0
7638940,0,0,0
7602176,0,0,0
7663697,0,0,0
7665509,0,0,0
7667318,0,0,0
7669135,0,0,0
7670943,0,0,0
7672752,0,0,0
7674561,0,0,0
7667712,0,0,0
7699319,0,0,0
7701135,0,0,0
7702944,0,0,0
7704753,0,0,0
7706562,0,0,0
7708378,0,0,0
7710187,0,0,0
7667712,0,0,0
7734946,0,0,0
7736754,0,0,0
7738563,0,0,0
7740378,0,0,0
7742187,0,0,0
7743996,0,0,0
7745805,0,0,0
7733248,0,0,0
7770562,0,0,0
7772378,0,0,0
7774187,0,0,0
7775996,0,0,0
7777805,0,0,0
7779613,0,0,0
7781422,0,0,0
7798784,0,0,0
7806193,0,0,0
7808001,0,0,0
7809810,0,0,0
7811619,0,0,0
7813428,0,0,0
7815244,0,0,0
7817053,0,0,0
7798784,0,0,0
7841811,0,0,0
7843620,0,0,0
7845429,0,0,0
7847245,0,0,0
7849054,0,0,0
7850862,0,0,0
7852671,0,0,0
7864320,0,0,0
7877429,0,0,0
7879245,0,0,0
7881054,0,0,0
7882862,0,0,0
7884671,0,0,0
7886480,0,0,0
7888289,0,0,0
7864320,0,0,0
7913046,0,0,0
7914855,0,0,0
7916664,0,0,0
7918473,0,0,0
7920282,0,0,0
7922099,0,0,0
7923907,0,0,0
7929856,0,0,0
7948665,0,0,0
7950474,0,0,0
7952282,0,0,0
7954099,0,0,0
7955908,0,0,0
7957717,0,0,0
7959527,0,0,0
7929856,0,0,0
7984284,0,0,0
7986101,0,0,0
7987910,0,0,0
7989719,0,0,0
7991529,0,0,0
7993338,0,0,0
7995149,0,0,0
7995392,0,0,0
8019915,0,0,0
8021724,0,0,0
8023533,0,0,0
8025343,0,0,0
8027153,0,0,0
8028962,0,0,0
8030771,0,0,0
7995392,0,0,0
8055529,0,0,0
8057338,0,0,0
8059148,0,0,0
8060957,0,0,0
8062766,0,0,0
8064575,0,0,0
8066395,0,0,0
8060928,0,0,0
8091156,0,0,0
8092965,0,0,0
8094774,0,0,0
8096582,0,0,0
8098398,0,0,0
8100207,0,0,0
8102016,0,0,0
8060928,0,0,0
8126773,0,0,0
8128582,0,0,0
8130398,0,0,0
8132207,0,0,0
8134016,0,0,0
8135825,0,0,0
8137634,0,0,0
8126464,0,0,0
8162396,0,0,0
8164204,0,0,0
8166013,0,0,0
8167822,0,0,0
8169631,0,0,0
8171440,0,0,0
8173256,0,0,0
8192000,0,0,0
8198014,0,0,0
8199822,0,0,0
8201631,0,0,0
8203440,0,0,0
8205257,0,0,0
8207065,0,0,0
8208874,0,0,0
8192000,0,0,0
8233631,0,0,0
8235440,0,0,0
8237257,0,0,0
8239066,0,0,0
8240874,0,0,0
8242683,0,0,0
8244492,0,0,0
8257536,0,0,0
8269257,0,0,0
8271066,0,0,0
8272875,0,0,0
8274683,0,0,0
8276493,0,0,0
8278301,0,0,0
8280118,0,0,0
8257536,0,0,0
8304876,0,0,0
8306685,0,0,0
8308494,0,0,0
8310303,0,0,0
8312120,0,0,0
8313929,0,0,0
8315738,0,0,0
8323072,0,0,0
8340496,0,0,0
8342304,0,0,0
8344121,0,0,0
8345930,0,0,0
8347739,0,0,0
8349548,0,0,0
8351368,0,0,0
8323072,0,0,0
8376133,0,0,0
8377942,0,0,0
8379751,0,0,0
8381560,0,0,0
8383375,0,0,0
8385184,0,0,0
8386993,0,0,0
8388608,0,0,0
8411750,0,0,0
8413559,0,0,0
8415375,0,0,0
8417184,0,0,0
8418993,0,0,0
8420802,0,0,0
8422610,0,0,0
8388608,0,0,0
8447387,0,0,0
8449196,0,0,0
8451005,0,0,0
8452813,0,0,0
8454622,0,0,0
8456431,0,0,0
8458247,0,0,0
8454144,0,0,0
8483005,0,0,0
8484814,0,0,0
8486622,0,0,0
8488431,0,0,0
8490248,0,0,0
8492056,0,0,0
8493865,0,0,0
8454144,0,0,0
8518623,0,0,0
8520432,0,0,0
8522248,0,0,0
8524057,0,0,0
8525866,0,0,0
8527675,0,0,0
8529483,0,0,0
8519680,0,0,0
8554248,0,0,0
8556057,0,0,0
8557866,0,0,0
8559675,0,0,0
8561484,0,0,0
8563293,0,0,0
8565110,0,0,0
8585216,0,0,0
8589867,0,0,0
8591675,0,0,0
8593484,0,0,0
8595293,0,0,0
8597110,0,0,0
8598919,0,0,0
8600728,0,0,0
8585216,0,0,0
8625485,0,0,0
8627294,0,0,0
8629111,0,0,0
8630920,0,0,0
8632729,0,0,0
8634538,0,0,0
8636351,0,0,0
8650752,0,0,0
8661118,0,0,0
8662926,0,0,0
8664735,0,0,0
8666544,0,0,0
8668358,0,0,0
8670168,0,0,0
8671976,0,0,0
8650752,0,0,0
8696734,0,0,0
8698543,0,0,0
8700354,0,0,0
8702164,0,0,0
8703973,0,0,0
8705782,0,0,0
8707591,0,0,0
8716288,0,0,0
8732354,0,0,0
8734165,0,0,0
8735973,0,0,0
8737782,0,0,0
8739591,0,0,0
8741403,0,0,0
8743211,0,0,0
8716288,0,0,0
8767969,0,0,0
8769778,0,0,0
8771587,0,0,0
8773399,0,0,0
8775208,0,0,0
8777016,0,0,0
8778825,0,0,0
8781824,0,0,0
8803583,0,0,0
8805398,0,0,0
8807207,0,0,0
8809016,0,0,0
8810825,0,0,0
8812633,0,0,0
8814442,0,0,0
8781824,0,0,0
8839213,0,0,0
8841022,0,0,0
8842831,0,0,0
8844640,0,0,0
8846449,0,0,0
8848260,0,0,0
8850069,0,0,0
8847360,0,0,0
8874834,0,0,0
8876643,0,0,0
8878452,0,0,0
8880261,0,0,0
8882069,0,0,0
8883886,0,0,0
8885695,0,0,0
8847360,0,0,0
8910454,0,0,0
8912263,0,0,0
8914072,0,0,0
8915888,0,0,0
8917697,0,0,0
8919508,0,0,0
8921317,0,0,0
8912896,0,0,0
8946090,0,0,0
8947899,0,0,0
8949708,0,0,0
8951519,0,0,0
8953328,0,0,0
8955137,0,0,0
8956946,0,0,0
8978432,0,0,0
8981704,0,0,0
8983515,0,0,0
8985323,0,0,0
8987136,0,0,0
8988945,0,0,0
8990754,0,0,0
8992563,0,0,0
8978432,0,0,0
9017320,0,0,0
9019137,0,0,0
9020945,0,0,0
9022754,0,0,0
9024563,0,0,0
9026378,0,0,0
9028187,0,0,0
9043968,0,0,0
9052945,0,0,0
9054754,0,0,0
9056563,0,0,0
9058378,0,0,0
9060187,0,0,0
9061996,0,0,0
9063805,0,0,0
9043968,0,0,0
9088562,0,0,0
9090378,0,0,0
9092187,0,0,0
9093996,0,0,0
9095805,0,0,0
9097613,0,0,0
9099422,0,0,0
9109504,0,0,0
9124193,0,0,0
9126001,0,0,0
9127810,0,0,0
9129619,0,0,0
9131428,0,0,0
9133244,0,0,0
9135053,0,0,0
9109504,0,0,0
9159811,0,0,0
9161620,0,0,0
9163429,0,0,0
9165245,0,0,0
9167054,0,0,0
9168862,0,0,0
9170671,0,0,0
9175040,0,0,0
9195429,0,0,0
9197245,0,0,0
9199054,0,0,0
9200862,0,0,0
9202671,0,0,0
9204480,0,0,0
9206289,0,0,0
9175040,0,0,0
9231046,0,0,0
9232855,0,0,0
9234664,0,0,0
9236473,0,0,0
9238282,0,0,0
9240099,0,0,0
9241907,0,0,0
9240576,0,0,0
9266665,0,0,0
9268474,0,0,0
9270282,0,0,0
9272099,0,0,0
9273908,0,0,0
9275717,0,0,0
9277527,0,0,0
9240576,0,0,0
9302284,0,0,0
9304101,0,0,0
9305910,0,0,0
9307719,0,0,0
9309529,0,0,0
9311338,0,0,0
9313149,0,0,0
9306112,0,0,0
9337915,0,0,0
9339724,0,0,0
9341533,0,0,0
9343343,0,0,0
9345153,0,0,0
9346962,0,0,0
9348771,0,0,0
9371648,0,0,0
9373529,0,0,0
9375338,0,0,0
9377148,0,0,0
9378957,0,0,0
9380766,0,0,0
9382575,0,0,0
9384395,0,0,0
9371648,0,0,0
9409156,0,0,0
9410965,0,0,0
9412774,0,0,0
9414582,0,0,0
9416398,0,0,0
9418207,0,0,0
9420016,0,0,0
9437184,0,0,0
9444773,0,0,0
9446582,0,0,0
9448398,0,0,0
9450207,0,0,0
9452016,0,0,0
9453825,0,0,0
9455634,0,0,0
9437184,0,0,0
9480396,0,0,0
9482204,0,0,0
9484013,0,0,0
9485822,0,0,0
9487631,0,0,0
9489440,0,0,0
9491256,0,0,0
9502720,0,0,0
9516014,0,0,0
9517822,0,0,0
9519631,0,0,0
9521440,0,0,0
9523257,0,0,0
9525065,0,0,0
9526874,0,0,0
9502720,0,0,0
9551631,0,0,0
9553440,0,0,0
9555257,0,0,0
9557066,0,0,0
9558874,0,0,0
9560683,0,0,0
9562492,0,0,0
9568256,0,0,0
9587257,0,0,0
9589066,0,0,0
9590875,0,0,0
9592683,0,0,0
9594493,0,0,0
9596301,0,0,0
9598118,0,0,0
9568256,0,0,0
9622876,0,0,0
9624685,0,0,0
9626494,0,0,0
9628303,0,0,0
9630120,0,0,0
9631929,0,0,0
9633738,0,0,0
9633792,0,0,0
9658496,0,0,0
9660304,0,0,0
9662121,0,0,0
9663930,0,0,0
9665739,0,0,0
9667548,0,0,0
9669368,0,0,0
9633792,0,0,0
9694133,0,0,0
9695942,0,0,0
9697751,0,0,0
9699560,0,0,0
9701375,0,0,0
9703184,0,0,0
9704993,0,0,0
9699328,0,0,0
9729750,0,0,0
9731559,0,0,0
9733375,0,0,0
9735184,0,0,0
9736993,0,0,0
9738802,0,0,0
9740610,0,0,0
9699328,0,0,0
9765375,0,0,0
9767184,0,0,0
9768993,0,0,0
9770802,0,0,0
9772610,0,0,0
9774419,0,0,0
9776228,0,0,0
9764864,0,0,0
9800985,0,0,0
9802794,0,0,0
9804603,0,0,0
9806412,0,0,0
9808221,0,0,0
9810030,0,0,0
9811838,0,0,0
9830400,0,0,0
9836596,0,0,0
9838405,0,0,0
9840214,0,0,0
9842023,0,0,0
9843831,0,0,0
9845640,0,0,0
9847449,0,0,0
9830400,0,0,0
9872213,0,0,0
9874022,0,0,0
9875831,0,0,0
9877640,0,0,0
9879448,0,0,0
9881260,0,0,0
9883069,0,0,0
9895936,0,0,0
9907834,0,0,0
9909643,0,0,0
9911452,0,0,0
9913261,0,0,0
9915069,0,0,0
9916886,0,0,0
9918695,0,0,0
9895936,0,0,0
9943454,0,0,0
9945263,0,0,0
9947072,0,0,0
9948888,0,0,0
9950697,0,0,0
9952508,0,0,0
9954317,0,0,0
9961472,0,0,0
9979090,0,0,0
9980899,0,0,0
9983395,0,0,0
9985204,0,0,0
9987013,0,0,0
9988822,0,0,0
9990631,0,0,0
9961472,0,0,0
10015395,0,0,0
10017204,0,0,0
10019013,0,0,0
10020822,0,0,0
10022631,0,0,0
10024439,0,0,0
10026256,0,0,0
10027008,0,0,0
10051013,0,0,0
10052822,0,0,0
10054631,0,0,0
10056440,0,0,0
10058256,0,0,0
10060065,0,0,0
10061874,0,0,0
10027008,0,0,0
10086631,0,0,0
10088440,0,0,0
10090257,0,0,0
10092065,0,0,0
10093874,0,0,0
10095683,0,0,0
10097492,0,0,0
10092544,0,0,0
10122257,0,0,0
10124066,0,0,0
10125874,0,0,0
10127683,0,0,0
10129492,0,0,0
10131301,0,0,0
10133118,0,0,0
10092544,0,0,0
10157875,0,0,0
10159684,0,0,0
10161493,0,0,0
10163302,0,0,0
10165119,0,0,0
10166928,0,0,0
10168737,0,0,0
10158080,0,0,0
10193494,0,0,0
10195303,0,0,0
10197120,0,0,0
10198928,0,0,0
10200737,0,0,0
10202546,0,0,0
10204358,0,0,0
10223616,0,0,0
10229125,0,0,0
10230933,0,0,0
10232742,0,0,0
10234551,0,0,0
10236368,0,0,0
10238177,0,0,0
10239985,0,0,0
10223616,0,0,0
10264743,0,0,0
10266552,0,0,0
10268368,0,0,0
10270177,0,0,0
10271985,0,0,0
10273794,0,0,0
10275603,0,0,0
10289152,0,0,0
10300368,0,0,0
10302177,0,0,0
10303985,0,0,0
10305794,0,0,0
10307603,0,0,0
10309412,0,0,0
10311221,0,0,0
10289152,0,0,0
10335978,0,0,0
10337787,0,0,0
10339596,0,0,0
10341406,0,0,0
10343215,0,0,0
10345024,0,0,0
10346832,0,0,0
10354688,0,0,0
10371589,0,0,0
10373402,0,0,0
10375211,0,0,0
10377020,0,0,0
10378829,0,0,0
10380638,0,0,0
10382447,0,0,0
10354688,0,0,0
10407213,0,0,0
10409022,0,0,0
10410831,0,0,0
10412640,0,0,0
10414449,0,0,0
10416260,0,0,0
10418069,0,0,0
10420224,0,0,0
10442834,0,0,0
10444643,0,0,0
10446452,0,0,0
10448261,0,0,0
10450069,0,0,0
10451886,0,0,0
10453695,0,0,0
10420224,0,0,0
10478454,0,0,0
10480263,0,0,0
10482072,0,0,0
10483888,0,0,0
10485697,0,0,0
10487508,0,0,0
10489317,0,0,0
10485760,0,0,0
10514090,0,0,0
10515899,0,0,0
10517708,0,0,0
10519519,0,0,0
10521328,0,0,0
10523137,0,0,0
10524946,0,0,0
10485760,0,0,0
10549704,0,0,0
10551515,0,0,0
10553323,0,0,0
10555136,0,0,0
10556945,0,0,0
10558754,0,0,0
10560563,0,0,0
10551296,0,0,0
10585320,0,0,0
10587137,0,0,0
10588945,0,0,0
10590754,0,0,0
10592563,0,0,0
10594378,0,0,0
10596187,0,0,0
10616832,0,0,0
10620945,0,0,0
10622754,0,0,0
10624563,0,0,0
10626378,0,0,0
10628187,0,0,0
10629996,0,0,0
10631805,0,0,0
10616832,0,0,0
10656562,0,0,0
10658378,0,0,0
10660187,0,0,0
10661996,0,0,0
10663805,0,0,0
10665613,0,0,0
10667422,0,0,0
10682368,0,0,0
10692193,0,0,0
10694001,0,0,0
10695810,0,0,0
10697619,0,0,0
10699428,0,0,0
10701244,0,0,0
10703053,0,0,0
10682368,0,0,0
10727811,0,0,0
10729620,0,0,0
10731429,0,0,0
10733245,0,0,0
10735054,0,0,0
10736862,0,0,0
10738671,0,0,0
10747904,0,0,0
10763429,0,0,0
10765245,0,0,0
10767054,0,0,0
10768862,0,0,0
10770671,0,0,0
10772480,0,0,0
10774289,0,0,0
10747904,0,0,0
10799046,0,0,0
10800855,0,0,0
10802664,0,0,0
10804473,0,0,0
10806282,0,0,0
10808099,0,0,0
10809907,0,0,0
10813440,0,0,0
10834665,0,0,0
10836474,0,0,0
10838282,0,0,0
10840099,0,0,0
10841908,0,0,0
10843717,0,0,0
10845527,0,0,0
10813440,0,0,0
10870284,0,0,0
10872101,0,0,0
10873910,0,0,0
10875719,0,0,0
10877529,0,0,0
10879338,0,0,0
10881149,0,0,0
10878976,0,0,0
10905915,0,0,0
10907724,0,0,0
10909533,0,0,0
10911343,0,0,0
10913153,0,0,0
10914962,0,0,0
10916771,0,0,0
10878976,0,0,0
10941529,0,0,0
10943338,0,0,0
10945148,0,0,0
10946957,0,0,0
10948766,0,0,0
10950575,0,0,0
10952395,0,0,0
10944512,0,0,0
10977156,0,0,0
10978965,0,0,0
10980774,0,0,0
10982582,0,0,0
10984398,0,0,0
10986207,0,0,0
10988016,0,0,0
11010048,0,0,0
11012773,0,0,0
11014582,0,0,0
11016398,0,0,0
11018207,0,0,0
11020016,0,0,0
11021825,0,0,0
11023634,0,0,0
11010048,0,0,0
11048396,0,0,0
11050204,0,0,0
11052013,0,0,0
11053822,0,0,0
11055631,0,0,0
11057440,0,0,0
11059256,0,0,0
11075584,0,0,0
11084014,0,0,0
11085822,0,0,0
11087631,0,0,0
11089440,0,0,0
11091257,0,0,0
11093065,0,0,0
11094874,0,0,0
11075584,0,0,0
11119631,0,0,0
11121440,0,0,0
11123257,0,0,0
11125066,0,0,0
11126874,0,0,0
11128683,0,0,0
11130492,0,0,0
11141120,0,0,0
11155257,0,0,0
11157066,0,0,0
11158875,0,0,0
11160683,0,0,0
11162493,0,0,0
11164301,0,0,0
11166118,0,0,0
11141120,0,0,0
11190876,0,0,0
11192685,0,0,0
11194494,0,0,0
11196303,0,0,0
11198120,0,0,0
11199929,0,0,0
11201738,0,0,0
11206656,0,0,0
11226496,0,0,0
11228304,0,0,0
11230121,0,0,0
11231930,0,0,0
11233739,0,0,0
11235548,0,0,0
11237368,0,0,0
11206656,0,0,0
11262133,0,0,0
11263942,0,0,0
11265751,0,0,0
11267560,0,0,0
11269375,0,0,0
11271184,0,0,0
11272993,0,0,0
11272192,0,0,0
11297750,0,0,0
11299559,0,0,0
11301375,0,0,0
11303184,0,0,0
11304993,0,0,0
11306802,0,0,0
11308610,0,0,0
11272192,0,0,0
11333375,0,0,0
11335184,0,0,0
11336993,0,0,0
11338802,0,0,0
11340610,0,0,0
11342419,0,0,0
11344228,0,0,0
11337728,0,0,0
11368985,0,0,0
11370794,0,0,0
11372603,0,0,0
11374412,0,0,0
11376221,0,0,0
11378030,0,0,0
11379838,0,0,0
11337728,0,0,0
11404596,0,0,0
11406405,0,0,0
11408214,0,0,0
11410023,0,0,0
11411831,0,0,0
11413640,0,0,0
11415449,0,0,0
11403264,0,0,0
11440213,0,0,0
11442022,0,0,0
11443831,0,0,0
11445640,0,0,0
11447448,0,0,0
11449260,0,0,0
11451069,0,0,0
11468800,0,0,0
11475834,0,0,0
11477643,0,0,0
11479452,0,0,0
11481261,0,0,0
11483069,0,0,0
11484886,0,0,0
11486695,0,0,0
11468800,0,0,0
11511454,0,0,0
11513263,0,0,0
11515072,0,0,0
11516888,0,0,0
11519387,0,0,0
11521196,0,0,0
11523005,0,0,0
11534336,0,0,0
11547762,0,0,0
11549571,0,0,0
11551387,0,0,0
11553196,0,0,0
11555004,0,0,0
11556813,0,0,0
11558622,0,0,0
11534336,0,0,0
11583387,0,0,0
11585196,0,0,0
11587004,0,0,0
11588813,0,0,0
11590622,0,0,0
11592431,0,0,0
11594247,0,0,0
11599872,0,0,0
11619005,0,0,0
11620814,0,0,0
11622622,0,0,0
11624431,0,0,0
11626248,0,0,0
11628056,0,0,0
11629865,0,0,0
11599872,0,0,0
11654623,0,0,0
11656432,0,0,0
11658248,0,0,0
11660057,0,0,0
11661866,0,0,0
11663675,0,0,0
11665483,0,0,0
11665408,0,0,0
11690248,0,0,0
11692057,0,0,0
11693866,0,0,0
11695675,0,0,0
11697484,0,0,0
11699293,0,0,0
11701110,0,0,0
11665408,0,0,0
11725867,0,0,0
11727675,0,0,0
11729484,0,0,0
11731293,0,0,0
11733110,0,0,0
11734919,0,0,0
11736728,0,0,0
11730944,0,0,0
11761485,0,0,0
11763294,0,0,0
11765111,0,0,0
11766920,0,0,0
11768729,0,0,0
11770538,0,0,0
11772351,0,0,0
11730944,0,0,0
11797118,0,0,0
11798926,0,0,0
11800735,0,0,0
11802544,0,0,0
11804358,0,0,0
11806168,0,0,0
11807976,0,0,0
11796480,0,0,0
11832734,0,0,0
11834543,0,0,0
11836354,0,0,0
11838164,0,0,0
11839973,0,0,0
11841782,0,0,0
11843591,0,0,0
11862016,0,0,0
11868354,0,0,0
11870165,0,0,0
11871973,0,0,0
11873782,0,0,0
11875591,0,0,0
11877403,0,0,0
11879211,0,0,0
11862016,0,0,0
11903969,0,0,0
11905778,0,0,0
11907587,0,0,0
11909399,0,0,0
11911208,0,0,0
11913016,0,0,0
11914825,0,0,0
11927552,0,0,0
11939583,0,0,0
11941398,0,0,0
11943207,0,0,0
11945016,0,0,0
11946825,0,0,0
11948633,0,0,0
11950442,0,0,0
11927552,0,0,0
11975213,0,0,0
11977022,0,0,0
11978831,0,0,0
11980640,0,0,0
11982449,0,0,0
11984260,0,0,0
11986069,0,0,0
11993088,0,0,0
12010834,0,0,0
12012643,0,0,0
12014452,0,0,0
12016261,0,0,0
12018069,0,0,0
12019886,0,0,0
12021695,0,0,0
11993088,0,0,0
12046454,0,0,0
12048263,0,0,0
12050072,0,0,0
12051888,0,0,0
12053697,0,0,0
12055508,0,0,0
12057317,0,0,0
12058624,0,0,0
12082090,0,0,0
12083899,0,0,0
12085708,0,0,0
12087519,0,0,0
12089328,0,0,0
12091137,0,0,0
12092946,0,0,0
12058624,0,0,0
12117704,0,0,0
12119515,0,0,0
12121323,0,0,0
12123136,0,0,0
12124945,0,0,0
12126754,0,0,0
12128563,0,0,0
12124160,0,0,0
12153320,0,0,0
12155137,0,0,0
12156945,0,0,0
12158754,0,0,0
12160563,0,0,0
12162378,0,0,0
12164187,0,0,0
12124160,0,0,0
12188945,0,0,0
12190754,0,0,0
12192563,0,0,0
12194378,0,0,0
12196187,0,0,0
12197996,0,0,0
12199805,0,0,0
12189696,0,0,0
12224562,0,0,0
12226378,0,0,0
12228187,0,0,0
12229996,0,0,0
12231805,0,0,0
12233613,0,0,0
12235422,0,0,0
12255232,0,0,0
12260193,0,0,0
12262001,0,0,0
12263810,0,0,0
12265619,0,0,0
12267428,0,0,0
12269244,0,0,0
12271053,0,0,0
12255232,0,0,0
12295811,0,0,0
12297620,0,0,0
12299429,0,0,0
12301245,0,0,0
12303054,0,0,0
12304862,0,0,0
12306671,0,0,0
12320768,0,0,0
12331429,0,0,0
12333245,0,0,0
12335054,0,0,0
12336862,0,0,0
12338671,0,0,0
12340480,0,0,0
12342289,0,0,0
12320768,0,0,0
12367046,0,0,0
12368855,0,0,0
12370664,0,0,0
12372473,0,0,0
12374282,0,0,0
12376099,0,0,0
12377907,0,0,0
12386304,0,0,0
12402665,0,0,0
12404474,0,0,0
12406282,0,0,0
12408099,0,0,0
12409908,0,0,0
12411717,0,0,0
12413527,0,0,0
12386304,0,0,0
12438284,0,0,0
12440101,0,0,0
12441910,0,0,0
12443719,0,0,0
12445529,0,0,0
12447338,0,0,0
12449149,0,0,0
12451840,0,0,0
12473915,0,0,0
12475724,0,0,0
12477533,0,0,0
12479343,0,0,0
12481153,0,0,0
12482962,0,0,0
12484771,0,0,0
12451840,0,0,0
12509529,0,0,0
12511338,0,0,0
12513148,0,0,0
12514957,0,0,0
12516766,0,0,0
12518575,0,0,0
12520395,0,0,0
12517376,0,0,0
12545196,0,0,0
12547004,0,0,0
12548813,0,0,0
12550622,0,0,0
12552431,0,0,0
12554248,0,0,0
12556056,0,0,0
12517376,0,0,0
12580814,0,0,0
12582623,0,0,0
12584432,0,0,0
12586248,0,0,0
12588057,0,0,0
12589866,0,0,0
12591675,0,0,0
12582912,0,0,0
12616432,0,0,0
12618248,0,0,0
12620057,0,0,0
12621866,0,0,0
12623675,0,0,0
12625484,0,0,0
12627292,0,0,0
12648448,0,0,0
12652050,0,0,0
12653859,0,0,0
12655667,0,0,0
12657476,0,0,0
12659285,0,0,0
12661102,0,0,0
12662911,0,0,0
12648448,0,0,0
12687668,0,0,0
12689477,0,0,0
12691285,0,0,0
12693102,0,0,0
12694911,0,0,0
12696720,0,0,0
12698530,0,0,0
12713984,0,0,0
12723287,0,0,0
12725104,0,0,0
12726912,0,0,0
12728721,0,0,0
12730531,0,0,0
12732340,0,0,0
12734150,0,0,0
12713984,0,0,0
12758916,0,0,0
12760725,0,0,0
12762534,0,0,0
12764345,0,0,0
12766156,0,0,0
12767965,0,0,0
12769773,0,0,0
12779520,0,0,0
12794531,0,0,0
12796341,0,0,0
12798151,0,0,0
12799960,0,0,0
12801769,0,0,0
12803578,0,0,0
12805395,0,0,0
12779520,0,0,0
12830156,0,0,0
12831965,0,0,0
12833774,0,0,0
12835582,0,0,0
12837398,0,0,0
12839207,0,0,0
12841016,0,0,0
12845056,0,0,0
12865773,0,0,0
12867582,0,0,0
12869398,0,0,0
12871207,0,0,0
12873016,0,0,0
12874825,0,0,0
12876634,0,0,0
12845056,0,0,0
12901396,0,0,0
12903204,0,0,0
12905013,0,0,0
12906822,0,0,0
12908631,0,0,0
12910440,0,0,0
12912256,0,0,0
12910592,0,0,0
12937014,0,0,0
12938822,0,0,0
12940631,0,0,0
12942440,0,0,0
12944257,0,0,0
12946065,0,0,0
12947874,0,0,0
12910592,0,0,0
12972631,0,0,0
12974440,0,0,0
12976257,0,0,0
12978066,0,0,0
12979874,0,0,0
12981683,0,0,0
12983492,0,0,0
12976128,0,0,0
13008257,0,0,0
13010066,0,0,0
13011875,0,0,0
13013683,0,0,0
13015493,0,0,0
13017301,0,0,0
13019118,0,0,0
13041664,0,0,0
13043876,0,0,0
13045685,0,0,0
13047494,0,0,0
13049303,0,0,0
13051120,0,0,0
13052929,0,0,0
13055396,0,0,0
13041664,0,0,0
13080157,0,0,0
13081966,0,0,0
13083775,0,0,0
13085583,0,0,0
13087399,0,0,0
13089207,0,0,0
13091016,0,0,0
13107200,0,0,0
13115774,0,0,0
13117583,0,0,0
13119399,0,0,0
13121207,0,0,0
13123016,0,0,0
13124825,0,0,0
13126634,0,0,0
13107200,0,0,0
13151398,0,0,0
13153207,0,0,0
13155016,0,0,0
13156825,0,0,0
13158633,0,0,0
13160442,0,0,0
13162258,0,0,0
13172736,0,0,0
13187016,0,0,0
13188825,0,0,0
13190633,0,0,0
13192442,0,0,0
13194258,0,0,0
13196067,0,0,0
13197876,0,0,0
13172736,0,0,0
13222633,0,0,0
13224442,0,0,0
13226258,0,0,0
13228067,0,0,0
13229876,0,0,0
13231684,0,0,0
13233494,0,0,0
13238272,0,0,0
13258259,0,0,0
13260067,0,0,0
13261876,0,0,0
13263685,0,0,0
13265494,0,0,0
13267303,0,0,0
13269120,0,0,0
13238272,0,0,0
13293877,0,0,0
13295686,0,0,0
13297495,0,0,0
13299304,0,0,0
13301121,0,0,0
13302929,0,0,0
13304738,0,0,0
13303808,0,0,0
13329496,0,0,0
13331305,0,0,0
13333122,0,0,0
13334931,0,0,0
13336740,0,0,0
13338548,0,0,0
13340368,0,0,0
13303808,0,0,0
13365133,0,0,0
13366942,0,0,0
13368751,0,0,0
13370559,0,0,0
13372375,0,0,0
13374184,0,0,0
13375993,0,0,0
13369344,0,0,0
13400750,0,0,0
13402559,0,0,0
13404375,0,0,0
13406184,0,0,0
13407993,0,0,0
13409802,0,0,0
13411611,0,0,0
13369344,0,0,0
13436375,0,0,0
13438184,0,0,0
13439993,0,0,0
13441801,0,0,0
13443610,0,0,0
13445419,0,0,0
13447228,0,0,0
13434880,0,0,0
13471985,0,0,0
13473794,0,0,0
13475603,0,0,0
13477412,0,0,0
13479220,0,0,0
13481029,0,0,0
13482838,0,0,0
13500416,0,0,0
13507595,0,0,0
13509405,0,0,0
13511214,0,0,0
13513023,0,0,0
13514831,0,0,0
13516640,0,0,0
13518449,0,0,0
13500416,0,0,0
13543213,0,0,0
13545022,0,0,0
13546831,0,0,0
13548640,0,0,0
13550448,0,0,0
13552260,0,0,0
13554069,0,0,0
13565952,0,0,0
13578834,0,0,0
13580643,0,0,0
13582452,0,0,0
13584261,0,0,0
13586069,0,0,0
13587886,0,0,0
13589695,0,0,0
13565952,0,0,0
13614454,0,0,0
13616263,0,0,0
13618072,0,0,0
13619888,0,0,0
13621697,0,0,0
13623508,0,0,0
13625317,0,0,0
13631488,0,0,0
13650090,0,0,0
13651899,0,0,0
13653708,0,0,0
13655519,0,0,0
13657328,0,0,0
13659137,0,0,0
13660946,0,0,0
13631488,0,0,0
13685704,0,0,0
13687515,0,0,0
13689323,0,0,0
13691136,0,0,0
13692945,0,0,0
13694754,0,0,0
13696563,0,0,0
13697024,0,0,0
13721320,0,0,0
13723137,0,0,0
13724945,0,0,0
13726754,0,0,0
13728563,0,0,0
13730378,0,0,0
13732187,0,0,0
13697024,0,0,0
13756945,0,0,0
13758754,0,0,0
13760563,0,0,0
13762378,0,0,0
13764187,0,0,0
13765996,0,0,0
13767805,0,0,0
13762560,0,0,0
13792562,0,0,0
13794378,0,0,0
13796187,0,0,0
13797996,0,0,0
13799805,0,0,0
13801613,0,0,0
13803422,0,0,0
13762560,0,0,0
13828193,0,0,0
13830001,0,0,0
13831810,0,0,0
13833619,0,0,0
13835428,0,0,0
13837244,0,0,0
13839053,0,0,0
13828096,0,0,0
13863811,0,0,0
13865620,0,0,0
13867429,0,0,0
13869245,0,0,0
13871054,0,0,0
13872862,0,0,0
13874671,0,0,0
13893632,0,0,0
13899429,0,0,0
13901245,0,0,0
13903054,0,0,0
13904862,0,0,0
13906671,0,0,0
13908480,0,0,0
13910289,0,0,0
13893632,0,0,0
13935046,0,0,0
13936855,0,0,0
13938664,0,0,0
13940473,0,0,0
13942282,0,0,0
13944099,0,0,0
13945907,0,0,0
13959168,0,0,0
13970665,0,0,0
13972474,0,0,0
13974282,0,0,0
13976099,0,0,0
13977908,0,0,0
13979717,0,0,0
13981527,0,0,0
13959168,0,0,0
14006284,0,0,0
14008101,0,0,0
14009910,0,0,0
14011719,0,0,0
14013529,0,0,0
14015338,0,0,0
14017149,0,0,0
14024704,0,0,0
14041915,0,0,0
14043724,0,0,0
14045533,0,0,0
14047343,0,0,0
14049153,0,0,0
14050962,0,0,0
14052771,0,0,0
14024704,0,0,0
14077529,0,0,0
14079387,0,0,0
14081196,0,0,0
14083005,0,0,0
14084813,0,0,0
14086622,0,0,0
14088431,0,0,0
14090240,0,0,0
14113206,0,0,0
14115015,0,0,0
14116824,0,0,0
14118633,0,0,0
14120442,0,0,0
14122258,0,0,0
14124066,0,0,0
14090240,0,0,0
14148824,0,0,0
14150633,0,0,0
14152442,0,0,0
14154258,0,0,0
14156066,0,0,0
14157875,0,0,0
14159684,0,0,0
14155776,0,0,0
14184443,0,0,0
14186258,0,0,0
14188067,0,0,0
14189876,0,0,0
14191685,0,0,0
14193494,0,0,0
14195303,0,0,0
14155776,0,0,0
14220068,0,0,0
14221877,0,0,0
14223686,0,0,0
14225495,0,0,0
14227304,0,0,0
14229121,0,0,0
14230929,0,0,0
14221312,0,0,0
14255687,0,0,0
14257496,0,0,0
14259305,0,0,0
14261122,0,0,0
14262930,0,0,0
14264739,0,0,0
14266548,0,0,0
14286848,0,0,0
14291306,0,0,0
14293122,0,0,0
14294931,0,0,0
14296740,0,0,0
14298549,0,0,0
14300368,0,0,0
14302177,0,0,0
14286848,0,0,0
14326941,0,0,0
14328750,0,0,0
14330559,0,0,0
14332375,0,0,0
14334184,0,0,0
14335993,0,0,0
14337802,0,0,0
14352384,0,0,0
14362559,0,0,0
14364375,0,0,0
14366184,0,0,0
14367993,0,0,0
14369801,0,0,0
14371610,0,0,0
14373419,0,0,0
14352384,0,0,0
14398187,0,0,0
14399995,0,0,0
14401804,0,0,0
14403613,0,0,0
14405422,0,0,0
14407231,0,0,0
14409040,0,0,0
14417920,0,0,0
14433797,0,0,0
14435606,0,0,0
14437415,0,0,0
14439223,0,0,0
14441032,0,0,0
14442841,0,0,0
14444650,0,0,0
14417920,0,0,0
14469408,0,0,0
14471217,0,0,0
14473025,0,0,0
14474834,0,0,0
14476643,0,0,0
14478452,0,0,0
14480261,0,0,0
14483456,0,0,0
14505018,0,0,0
14506827,0,0,0
14508636,0,0,0
14510444,0,0,0
14512260,0,0,0
14514069,0,0,0
14515886,0,0,0
14483456,0,0,0
14540643,0,0,0
14542452,0,0,0
14544261,0,0,0
14546069,0,0,0
14547886,0,0,0
14549695,0,0,0
14551506,0,0,0
14548992,0,0,0
14576263,0,0,0
14578072,0,0,0
14579888,0,0,0
14581697,0,0,0
14583508,0,0,0
14585317,0,0,0
14587134,0,0,0
14548992,0,0,0
14611899,0,0,0
14613708,0,0,0
14615519,0,0,0
14617328,0,0,0
14619137,0,0,0
14620946,0,0,0
14622755,0,0,0
14614528,0,0,0
14647515,0,0,0
14649323,0,0,0
14651136,0,0,0
14652945,0,0,0
14654754,0,0,0
14656563,0,0,0
14658378,0,0,0
14680064,0,0,0
14683136,0,0,0
14684945,0,0,0
14686754,0,0,0
14688563,0,0,0
14690378,0,0,0
14692187,0,0,0
14693995,0,0,0
14680064,0,0,0
14718753,0,0,0
14720562,0,0,0
14722378,0,0,0
14724187,0,0,0
14725996,0,0,0
14727804,0,0,0
14729613,0,0,0
14745600,0,0,0
14754378,0,0,0
14756187,0,0,0
14757996,0,0,0
14759805,0,0,0
14761613,0,0,0
14763422,0,0,0
14765231,0,0,0
14745600,0,0,0
14789988,0,0,0
14791797,0,0,0
14793606,0,0,0
14795415,0,0,0
14797224,0,0,0
14799032,0,0,0
14800841,0,0,0
14811136,0,0,0
14825599,0,0,0
14827408,0,0,0
14829217,0,0,0
14831026,0,0,0
14832835,0,0,0
14834644,0,0,0
14836453,0,0,0
14811136,0,0,0
14861214,0,0,0
14863023,0,0,0
14864831,0,0,0
14866640,0,0,0
14868449,0,0,0
14870260,0,0,0
14872069,0,0,0
14876672,0,0,0
14896834,0,0,0
14898643,0,0,0
14900452,0,0,0
14902261,0,0,0
14904069,0,0,0
14905886,0,0,0
14907695,0,0,0
14876672,0,0,0
14932454,0,0,0
14934263,0,0,0
14936072,0,0,0
14937888,0,0,0
14939697,0,0,0
14941508,0,0,0
14943317,0,0,0
14942208,0,0,0
14968090,0,0,0
14969899,0,0,0
14971708,0,0,0
14973519,0,0,0
14975328,0,0,0
14977137,0,0,0
14978946,0,0,0
14942208,0,0,0
15003704,0,0,0
15005515,0,0,0
15007323,0,0,0
15009136,0,0,0
15010945,0,0,0
15012754,0,0,0
15014563,0,0,0
15007744,0,0,0
15039320,0,0,0
15041137,0,0,0
15042945,0,0,0
15044754,0,0,0
15046563,0,0,0
15048378,0,0,0
15050187,0,0,0
15007744,0,0,0
15074945,0,0,0
15076754,0,0,0
15078563,0,0,0
15080378,0,0,0
15082187,0,0,0
15083996,0,0,0
15085805,0,0,0
15073280,0,0,0
15110562,0,0,0
15112378,0,0,0
15114187,0,0,0
15115996,0,0,0
15117805,0,0,0
15119613,0,0,0
15121422,0,0,0
15138816,0,0,0
15146193,0,0,0
15148001,0,0,0
15149810,0,0,0
15151619,0,0,0
15153428,0,0,0
15155244,0,0,0
15157053,0,0,0
15138816,0,0,0
15181811,0,0,0
15183620,0,0,0
15185429,0,0,0
15187245,0,0,0
15189054,0,0,0
15190862,0,0,0
15192671,0,0,0
15204352,0,0,0
15217429,0,0,0
15219245,0,0,0
15221054,0,0,0
15222862,0,0,0
15224671,0,0,0
15226480,0,0,0
15228289,0,0,0
15204352,0,0,0
15253046,0,0,0
15254855,0,0,0
15256664,0,0,0
15258473,0,0,0
15260282,0,0,0
15262099,0,0,0
15263907,0,0,0
15269888,0,0,0
15288665,0,0,0
15290474,0,0,0
15292282,0,0,0
15294099,0,0,0
15295908,0,0,0
15297717,0,0,0
15299527,0,0,0
15269888,0,0,0
15324284,0,0,0
15326101,0,0,0
15327910,0,0,0
15329719,0,0,0
15331529,0,0,0
15333338,0,0,0
15335149,0,0,0
15335424,0,0,0
15359915,0,0,0
15361724,0,0,0
15363533,0,0,0
15365343,0,0,0
15367153,0,0,0
15368962,0,0,0
15370771,0,0,0
15335424,0,0,0
15395529,0,0,0
15397338,0,0,0
15399148,0,0,0
15400957,0,0,0
15402766,0,0,0
15404575,0,0,0
15406395,0,0,0
15400960,0,0,0
15431156,0,0,0
15432965,0,0,0
15434774,0,0,0
15436582,0,0,0
15438398,0,0,0
15440207,0,0,0
15442016,0,0,0
15400960,0,0,0
15466773,0,0,0
15468582,0,0,0
15470398,0,0,0
15472207,0,0,0
15474016,0,0,0
15475825,0,0,0
15477634,0,0,0
15466496,0,0,0
15502396,0,0,0
15504204,0,0,0
15506013,0,0,0
15507822,0,0,0
15509631,0,0,0
15511440,0,0,0
15513256,0,0,0
15532032,0,0,0
15538014,0,0,0
15539822,0,0,0
15541631,0,0,0
15543440,0,0,0
15545257,0,0,0
15547065,0,0,0
15548874,0,0,0
15532032,0,0,0
15573631,0,0,0
15575440,0,0,0
15577257,0,0,0
15579066,0,0,0
15580874,0,0,0
15582683,0,0,0
15584492,0,0,0
15597568,0,0,0
15609257,0,0,0
15611066,0,0,0
15612875,0,0,0
15615387,0,0,0
15617196,0,0,0
15619005,0,0,0
15620814,0,0,0
15597568,0,0,0
15645571,0,0,0
15647387,0,0,0
15649196,0,0,0
15651004,0,0,0
15652813,0,0,0
15654622,0,0,0
15656431,0,0,0
15663104,0,0,0
15681206,0,0,0
15683015,0,0,0
15684824,0,0,0
15686633,0,0,0
15688442,0,0,0
15690258,0,0,0
15692066,0,0,0
15663104,0,0,0
15716824,0,0,0
15718633,0,0,0
15720442,0,0,0
15722258,0,0,0
15724066,0,0,0
15725875,0,0,0
15727684,0,0,0
15728640,0,0,0
15752443,0,0,0
15754258,0,0,0
15756067,0,0,0
15757876,0,0,0
15759685,0,0,0
15761494,0,0,0
15763303,0,0,0
15728640,0,0,0
15788068,0,0,0
15789877,0,0,0
15791686,0,0,0
15793495,0,0,0
15795304,0,0,0
15797121,0,0,0
15798929,0,0,0
15794176,0,0,0
15823687,0,0,0
15825496,0,0,0
15827305,0,0,0
15829122,0,0,0
15830930,0,0,0
15832739,0,0,0
15834548,0,0,0
15794176,0,0,0
15859306,0,0,0
15861122,0,0,0
15862931,0,0,0
15864740,0,0,0
15866549,0,0,0
15868368,0,0,0
15870177,0,0,0
15859712,0,0,0
15894941,0,0,0
15896750,0,0,0
15898559,0,0,0
15900375,0,0,0
15902184,0,0,0
15903993,0,0,0
15905802,0,0,0
15925248,0,0,0
15930559,0,0,0
15932375,0,0,0
15934184,0,0,0
15935993,0,0,0
15937801,0,0,0
15939610,0,0,0
15941419,0,0,0
15925248,0,0,0
15966187,0,0,0
15967995,0,0,0
15969804,0,0,0
15971613,0,0,0
15973422,0,0,0
15975231,0,0,0
15977040,0,0,0
15990784,0,0,0
16001797,0,0,0
16003606,0,0,0
16005415,0,0,0
16007223,0,0,0
16009032,0,0,0
16010841,0,0,0
16012650,0,0,0
15990784,0,0,0
16037408,0,0,0
16039217,0,0,0
16041025,0,0,0
16042834,0,0,0
16044643,0,0,0
16046452,0,0,0
16048261,0,0,0
16056320,0,0,0
16073018,0,0,0
16074827,0,0,0
16076636,0,0,0
16078444,0,0,0
16080260,0,0,0
16082069,0,0,0
16083886,0,0,0
16056320,0,0,0
16108643,0,0,0
16110452,0,0,0
16112261,0,0,0
16114069,0,0,0
16115886,0,0,0
16117695,0,0,0
16119506,0,0,0
16121856,0,0,0
16144263,0,0,0
16146072,0,0,0
16147888,0,0,0
16149697,0,0,0
16151508,0,0,0
16153317,0,0,0
16155134,0,0,0
16121856,0,0,0
16179899,0,0,0
16181708,0,0,0
16183519,0,0,0
16185328,0,0,0
16187137,0,0,0
16188946,0,0,0
16190755,0,0,0
16187392,0,0,0
16215515,0,0,0
16217323,0,0,0
16219136,0,0,0
16220945,0,0,0
16222754,0,0,0
16224563,0,0,0
16226378,0,0,0
16187392,0,0,0
16251136,0,0,0
16252945,0,0,0
16254754,0,0,0
16256563,0,0,0
16258378,0,0,0
16260187,0,0,0
16261995,0,0,0
16252928,0,0,0
16286753,0,0,0
16288562,0,0,0
16290378,0,0,0
16292187,0,0,0
16293996,0,0,0
16295804,0,0,0
16297613,0,0,0
16318464,0,0,0
16322378,0,0,0
16324187,0,0,0
16325996,0,0,0
16327805,0,0,0
16329613,0,0,0
16331422,0,0,0
16333231,0,0,0
16318464,0,0,0
16357988,0,0,0
16359797,0,0,0
16361606,0,0,0
16363415,0,0,0
16365224,0,0,0
16367032,0,0,0
16368841,0,0,0
16384000,0,0,0
16393599,0,0,0
16395408,0,0,0
16397217,0,0,0
16399026,0,0,0
16400835,0,0,0
16402644,0,0,0
16404453,0,0,0
16384000,0,0,0
16429214,0,0,0
16431023,0,0,0
16432831,0,0,0
16434640,0,0,0
16436449,0,0,0
16438260,0,0,0
16440069,0,0,0
16449536,0,0,0
16464834,0,0,0
16466643,0,0,0
16468452,0,0,0
16470261,0,0,0
16472069,0,0,0
16473886,0,0,0
16475695,0,0,0
16449536,0,0,0
16500454,0,0,0
16502263,0,0,0
16504072,0,0,0
16505888,0,0,0
16507697,0,0,0
16509508,0,0,0
16511317,0,0,0
16515072,0,0,0
16536090,0,0,0
16537899,0,0,0
16539708,0,0,0
16541519,0,0,0
16543328,0,0,0
16545137,0,0,0
16546946,0,0,0
16515072,0,0,0
16571704,0,0,0
16573515,0,0,0
16575323,0,0,0
16577136,0,0,0
16578945,0,0,0
16580754,0,0,0
16582563,0,0,0
16580608,0,0,0
16607320,0,0,0
16609137,0,0,0
16610945,0,0,0
16612754,0,0,0
16614563,0,0,0
16616378,0,0,0
16618187,0,0,0
16580608,0,0,0
16642945,0,0,0
16644754,0,0,0
16646563,0,0,0
16648378,0,0,0
16650187,0,0,0
16651996,0,0,0
16653805,0,0,0
16646144,0,0,0
16678562,0,0,0
16680378,0,0,0
16682187,0,0,0
16683996,0,0,0
16685805,0,0,0
16687613,0,0,0
16689422,0,0,0
16711680,0,0,0
16714193,0,0,0
16716001,0,0,0
16717810,0,0,0
16719619,0,0,0
16721428,0,0,0
16723244,0,0,0
16725053,0,0,0
16711680,0,0,0
16749811,0,0,0
16751620,0,0,0
16753429,0,0,0
16755245,0,0,0
16757054,0,0,0
16758862,0,0,0
16760671,0,0,0
16777216,0,0,0
16785429,0,0,0
16787245,0,0,0
16789054,0,0,0
16790862,0,0,0
16792671,0,0,0
16794480,0,0,0
16796289,0,0,0
16777216,0,0,0
16821046,0,0,0
16822855,0,0,0
16824664,0,0,0
16826473,0,0,0
16828282,0,0,0
16830099,0,0,0
16831907,0,0,0
16842752,0,0,0
16856665,0,0,0
16858474,0,0,0
16860282,0,0,0
16862099,0,0,0
16863908,0,0,0
16865717,0,0,0
16867527,0,0,0
16842752,0,0,0
16892284,0,0,0
16894101,0,0,0
16895910,0,0,0
16897719,0,0,0
16899529,0,0,0
16901338,0,0,0
16903149,0,0,0
16908288,0,0,0
16927915,0,0,0
16929724,0,0,0
16931533,0,0,0
16933343,0,0,0
16935153,0,0,0
16936962,0,0,0
16938771,0,0,0
16908288,0,0,0
16963529,0,0,0
16965338,0,0,0
16967148,0,0,0
16968957,0,0,0
16970766,0,0,0
16972575,0,0,0
16974395,0,0,0
16973824,0,0,0
16999156,0,0,0
17000965,0,0,0
17002774,0,0,0
17004582,0,0,0
17006398,0,0,0
17008207,0,0,0
17010016,0,0,0
16973824,0,0,0
17034773,0,0,0
17036582,0,0,0
17038398,0,0,0
17040207,0,0,0
17042016,0,0,0
17043825,0,0,0
17045634,0,0,0
17039360,0,0,0
17070396,0,0,0
17072204,0,0,0
17074013,0,0,0
17075822,0,0,0
17077631,0,0,0
17079440,0,0,0
17081256,0,0,0
17039360,0,0,0
17106014,0,0,0
17107822,0,0,0
17109631,0,0,0
17111440,0,0,0
17113257,0,0,0
17115065,0,0,0
17116874,0,0,0
17104896,0,0,0
17141631,0,0,0
17143440,0,0,0
17145257,0,0,0
17147066,0,0,0
17148874,0,0,0
17151387,0,0,0
17153196,0,0,0
17170432,0,0,0
17177957,0,0,0
17179765,0,0,0
17181574,0,0,0
17183395,0,0,0
17185204,0,0,0
17187013,0,0,0
17188821,0,0,0
17170432,0,0,0
17213579,0,0,0
17215396,0,0,0
17217204,0,0,0
17219013,0,0,0
17220822,0,0,0
17222631,0,0,0
17224440,0,0,0
17235968,0,0,0
17249211,0,0,0
17251020,0,0,0
17252829,0,0,0
17254638,0,0,0
17256447,0,0,0
17258260,0,0,0
17260069,0,0,0
17235968,0,0,0
17284826,0,0,0
17286635,0,0,0
17288444,0,0,0
17290260,0,0,0
17292069,0,0,0
17293877,0,0,0
17295686,0,0,0
17301504,0,0,0
17320444,0,0,0
17322260,0,0,0
17324069,0,0,0
17325877,0,0,0
17327686,0,0,0
17329496,0,0,0
17331304,0,0,0
17301504,0,0,0
17356070,0,0,0
17357887,0,0,0
17359696,0,0,0
17361507,0,0,0
17363315,0,0,0
17365132,0,0,0
17366940,0,0,0
17367040,0,0,0
17391697,0,0,0
17393509,0,0,0
17395318,0,0,0
17397135,0,0,0
17398943,0,0,0
17400752,0,0,0
17402561,0,0,0
17367040,0,0,0
17427319,0,0,0
17429135,0,0,0
17430944,0,0,0
17432753,0,0,0
17434562,0,0,0
17436378,0,0,0
17438187,0,0,0
17432576,0,0,0
17462946,0,0,0
17464754,0,0,0
17466563,0,0,0
17468378,0,0,0
17470187,0,0,0
17471996,0,0,0
17473805,0,0,0
17432576,0,0,0
17498562,0,0,0
17500378,0,0,0
17502187,0,0,0
17503996,0,0,0
17505805,0,0,0
17507613,0,0,0
17509422,0,0,0
17498112,0,0,0
17534193,0,0,0
17536001,0,0,0
17537810,0,0,0
17539619,0,0,0
17541428,0,0,0
17543244,0,0,0
17545053,0,0,0
17563648,0,0,0
17569811,0,0,0
17571620,0,0,0
17573429,0,0,0
17575245,0,0,0
17577054,0,0,0
17578862,0,0,0
17580671,0,0,0
17563648,0,0,0
17605429,0,0,0
17607245,0,0,0
17609054,0,0,0
17610862,0,0,0
17612671,0,0,0
17614480,0,0,0
17616289,0,0,0
17629184,0,0,0
17641046,0,0,0
17642855,0,0,0
17644664,0,0,0
17646473,0,0,0
17648282,0,0,0
17650099,0,0,0
17651907,0,0,0
17629184,0,0,0
17676665,0,0,0
17678474,0,0,0
17680282,0,0,0
17682099,0,0,0
17683908,0,0,0
17685717,0,0,0
17687527,0,0,0
17694720,0,0,0
17712284,0,0,0
17714101,0,0,0
17715910,0,0,0
17717719,0,0,0
17719529,0,0,0
17721338,0,0,0
17723149,0,0,0
17694720,0,0,0
17747915,0,0,0
17749724,0,0,0
17751533,0,0,0
17753343,0,0,0
17755153,0,0,0
17756962,0,0,0
17758771,0,0,0
17760256,0,0,0
17783529,0,0,0
17785338,0,0,0
17787148,0,0,0
17788957,0,0,0
17790766,0,0,0
17792575,0,0,0
17794395,0,0,0
17760256,0,0,0
17819156,0,0,0
17820965,0,0,0
17822774,0,0,0
17824582,0,0,0
17826398,0,0,0
17828207,0,0,0
17830016,0,0,0
17825792,0,0,0
17854773,0,0,0
17856582,0,0,0
17858398,0,0,0
17860207,0,0,0
17862016,0,0,0
17863825,0,0,0
17865634,0,0,0
17825792,0,0,0
17890396,0,0,0
17892204,0,0,0
17894013,0,0,0
17895822,0,0,0
17897631,0,0,0
17899440,0,0,0
17901256,0,0,0
17891328,0,0,0
17926014,0,0,0
17927822,0,0,0
17929631,0,0,0
17931440,0,0,0
17933257,0,0,0
17935065,0,0,0
17936874,0,0,0
17956864,0,0,0
17961631,0,0,0
17963440,0,0,0
17965257,0,0,0
17967066,0,0,0
17968874,0,0,0
17970683,0,0,0
17972492,0,0,0
17956864,0,0,0
17997257,0,0,0
17999066,0,0,0
18000875,0,0,0
18002683,0,0,0
18004493,0,0,0
18006301,0,0,0
18008118,0,0,0
18022400,0,0,0
18032876,0,0,0
18034685,0,0,0
18036494,0,0,0
18038303,0,0,0
18040120,0,0,0
18041929,0,0,0
18043738,0,0,0
18022400,0,0,0
18068496,0,0,0
18070304,0,0,0
18072121,0,0,0
18073930,0,0,0
18075739,0,0,0
18077548,0,0,0
18079368,0,0,0
18087936,0,0,0
18104133,0,0,0
18105942,0,0,0
18107751,0,0,0
18109560,0,0,0
18111375,0,0,0
18113184,0,0,0
18114993,0,0,0
18087936,0,0,0
18139750,0,0,0
18141559,0,0,0
18143375,0,0,0
18145184,0,0,0
18146993,0,0,0
18148802,0,0,0
18150610,0,0,0
18153472,0,0,0
18175387,0,0,0
18177196,0,0,0
18179005,0,0,0
18180813,0,0,0
18182622,0,0,0
18184431,0,0,0
18186247,0,0,0
18153472,0,0,0
18211005,0,0,0
18212814,0,0,0
18214622,0,0,0
18216431,0,0,0
18218248,0,0,0
18220056,0,0,0
18221865,0,0,0
18219008,0,0,0
18246623,0,0,0
18248432,0,0,0
18250248,0,0,0
18252057,0,0,0
18253866,0,0,0
18255675,0,0,0
18257483,0,0,0
18219008,0,0,0
18282248,0,0,0
18284057,0,0,0
18285866,0,0,0
18287675,0,0,0
18289484,0,0,0
18291293,0,0,0
18293110,0,0,0
18284544,0,0,0
18317867,0,0,0
18319675,0,0,0
18321484,0,0,0
18323293,0,0,0
18325110,0,0,0
18326919,0,0,0
18328728,0,0,0
18350080,0,0,0
18353485,0,0,0
18355294,0,0,0
18357111,0,0,0
18358920,0,0,0
18360729,0,0,0
18362538,0,0,0
18364351,0,0,0
18350080,0,0,0
18389118,0,0,0
18390926,0,0,0
18392735,0,0,0
18394544,0,0,0
18396358,0,0,0
18398168,0,0,0
18399976,0,0,0
18415616,0,0,0
18424734,0,0,0
18426543,0,0,0
18428354,0,0,0
18430164,0,0,0
18431973,0,0,0
18433782,0,0,0
18435591,0,0,0
18415616,0,0,0
18460354,0,0,0
18462165,0,0,0
18463973,0,0,0
18465782,0,0,0
18467591,0,0,0
18469403,0,0,0
18471211,0,0,0
18481152,0,0,0
18495969,0,0,0
18497778,0,0,0
18499587,0,0,0
18501399,0,0,0
18503208,0,0,0
18505016,0,0,0
18506825,0,0,0
18481152,0,0,0
18531583,0,0,0
18533398,0,0,0
18535207,0,0,0
18537016,0,0,0
18538825,0,0,0
18540633,0,0,0
18542442,0,0,0
18546688,0,0,0
18567213,0,0,0
18569022,0,0,0
18570831,0,0,0
18572640,0,0,0
18574449,0,0,0
18576260,0,0,0
18578069,0,0,0
18546688,0,0,0
18602834,0,0,0
18604643,0,0,0
18606452,0,0,0
18608261,0,0,0
18610069,0,0,0
18611886,0,0,0
18613695,0,0,0
18612224,0,0,0
18638454,0,0,0
18640263,0,0,0
18642072,0,0,0
18643888,0,0,0
18645697,0,0,0
18647508,0,0,0
18649317,0,0,0
18612224,0,0,0
18674090,0,0,0
18675899,0,0,0
18677708,0,0,0
18679519,0,0,0
18681328,0,0,0
18683137,0,0,0
18684946,0,0,0
18677760,0,0,0
18709704,0,0,0
18711515,0,0,0
18713323,0,0,0
18715136,0,0,0
18716945,0,0,0
18718754,0,0,0
18720563,0,0,0
18743296,0,0,0
18745320,0,0,0
18747137,0,0,0
18748945,0,0,0
18750754,0,0,0
18752563,0,0,0
18754378,0,0,0
18756187,0,0,0
18743296,0,0,0
18780945,0,0,0
18782754,0,0,0
18784563,0,0,0
18786378,0,0,0
18788187,0,0,0
18789996,0,0,0
18791805,0,0,0
18808832,0,0,0
18816562,0,0,0
18818378,0,0,0
18820187,0,0,0
18821996,0,0,0
18823805,0,0,0
18825613,0,0,0
18827422,0,0,0
18808832,0,0,0
18852193,0,0,0
18854001,0,0,0
18855810,0,0,0
18857619,0,0,0
18859428,0,0,0
18861244,0,0,0
18863053,0,0,0
18874368,0,0,0
18887811,0,0,0
18889620,0,0,0
18891429,0,0,0
18893245,0,0,0
18895054,0,0,0
18896862,0,0,0
18898671,0,0,0
18874368,0,0,0
18923429,0,0,0
18925245,0,0,0
18927054,0,0,0
18928862,0,0,0
18930671,0,0,0
18932480,0,0,0
18934289,0,0,0
18939904,0,0,0
18959046,0,0,0
18960855,0,0,0
18962664,0,0,0
18964473,0,0,0
18966282,0,0,0
18968099,0,0,0
18969907,0,0,0
18939904,0,0,0
18994665,0,0,0
18996474,0,0,0
18998282,0,0,0
19000099,0,0,0
19001908,0,0,0
19003717,0,0,0
19005527,0,0,0
19005440,0,0,0
19030284,0,0,0
19032101,0,0,0
19033910,0,0,0
19035719,0,0,0
19037529,0,0,0
19039338,0,0,0
19041149,0,0,0
19005440,0,0,0
19065915,0,0,0
19067724,0,0,0
19069533,0,0,0
19071343,0,0,0
19073153,0,0,0
19074962,0,0,0
19076771,0,0,0
19070976,0,0,0
19101529,0,0,0
19103338,0,0,0
19105148,0,0,0
19106957,0,0,0
19108766,0,0,0
19110575,0,0,0
19112395,0,0,0
19070976,0,0,0
19137156,0,0,0
19138965,0,0,0
19140774,0,0,0
19142582,0,0,0
19144398,0,0,0
19146207,0,0,0
19148016,0,0,0
19136512,0,0,0
19172773,0,0,0
19174582,0,0,0
19176398,0,0,0
19178207,0,0,0
19180016,0,0,0
19181825,0,0,0
19183634,0,0,0
19202048,0,0,0
19208396,0,0,0
19210204,0,0,0
19212013,0,0,0
19213822,0,0,0
19215631,0,0,0
19217440,0,0,0
19219256,0,0,0
19202048,0,0,0
19244014,0,0,0
19245822,0,0,0
19247631,0,0,0
19249440,0,0,0
19251257,0,0,0
19253065,0,0,0
19254874,0,0,0
19267584,0,0,0
19279631,0,0,0
19281440,0,0,0
19283257,0,0,0
19285066,0,0,0
19286874,0,0,0
19288683,0,0,0
19290492,0,0,0
19267584,0,0,0
19315257,0,0,0
19317066,0,0,0
19318875,0,0,0
19320683,0,0,0
19322493,0,0,0
19324301,0,0,0
19326118,0,0,0
19333120,0,0,0
19350876,0,0,0
19352685,0,0,0
19354494,0,0,0
19356303,0,0,0
19358120,0,0,0
19359929,0,0,0
19361738,0,0,0
19333120,0,0,0
19386496,0,0,0
19388304,0,0,0
19390121,0,0,0
19391930,0,0,0
19393739,0,0,0
19395548,0,0,0
19397368,0,0,0
19398656,0,0,0
19422133,0,0,0
19423942,0,0,0
19425751,0,0,0
19427560,0,0,0
19429375,0,0,0
19431184,0,0,0
19432993,0,0,0
19398656,0,0,0
19457750,0,0,0
19459559,0,0,0
19461375,0,0,0
19463184,0,0,0
19464993,0,0,0
19466802,0,0,0
19468610,0,0,0
19464192,0,0,0
19493375,0,0,0
19495184,0,0,0
19496993,0,0,0
19498802,0,0,0
19500610,0,0,0
19502419,0,0,0
19504228,0,0,0
19464192,0,0,0
19528985,0,0,0
19530794,0,0,0
19532603,0,0,0
19534412,0,0,0
19536221,0,0,0
19538030,0,0,0
19539838,0,0,0
19529728,0,0,0
19564596,0,0,0
19566405,0,0,0
19568214,0,0,0
19570023,0,0,0
19571831,0,0,0
19573640,0,0,0
19575449,0,0,0
19595264,0,0,0
19600213,0,0,0
19602022,0,0,0
19603831,0,0,0
19605640,0,0,0
19607448,0,0,0
19609260,0,0,0
19611069,0,0,0
19595264,0,0,0
19635834,0,0,0
19637643,0,0,0
19639452,0,0,0
19641261,0,0,0
19643069,0,0,0
19644886,0,0,0
19646695,0,0,0
19660800,0,0,0
19671454,0,0,0
19673263,0,0,0
19675072,0,0,0
19676888,0,0,0
19678697,0,0,0
19680508,0,0,0
19682317,0,0,0
19660800,0,0,0
19707090,0,0,0
19708899,0,0,0
19711395,0,0,0
19713204,0,0,0
19715013,0,0,0
19716822,0,0,0
19718631,0,0,0
19726336,0,0,0
19743395,0,0,0
19745204,0,0,0
19747013,0,0,0
19748822,0,0,0
19750631,0,0,0
19752439,0,0,0
19754256,0,0,0
19726336,0,0,0
19779013,0,0,0
19780822,0,0,0
19782631,0,0,0
19784440,0,0,0
19786256,0,0,0
19788065,0,0,0
19789874,0,0,0
19791872,0,0,0
19814631,0,0,0
19816440,0,0,0
19818257,0,0,0
19820065,0,0,0
19821874,0,0,0
19823683,0,0,0
19825492,0,0,0
19791872,0,0,0
19850257,0,0,0
19852066,0,0,0
19853874,0,0,0
19855683,0,0,0
19857492,0,0,0
19859301,0,0,0
19861118,0,0,0
19857408,0,0,0
19885875,0,0,0
19887684,0,0,0
19889493,0,0,0
19891302,0,0,0
19893119,0,0,0
19894928,0,0,0
19896737,0,0,0
19857408,0,0,0
19921494,0,0,0
19923303,0,0,0
19925120,0,0,0
19926928,0,0,0
19928737,0,0,0
19930546,0,0,0
19932358,0,0,0
19922944,0,0,0
19957125,0,0,0
19958933,0,0,0
19960742,0,0,0
19962551,0,0,0
19964368,0,0,0
19966177,0,0,0
19967985,0,0,0
19988480,0,0,0
19992743,0,0,0
19994552,0,0,0
19996368,0,0,0
19998177,0,0,0
19999985,0,0,0
20001794,0,0,0
20003603,0,0,0
19988480,0,0,0
20028368,0,0,0
20030177,0,0,0
20031985,0,0,0
20033794,0,0,0
20035603,0,0,0
20037412,0,0,0
20039221,0,0,0
20054016,0,0,0
20063978,0,0,0
20065787,0,0,0
20067596,0,0,0
20069406,0,0,0
20071215,0,0,0
20073024,0,0,0
20074832,0,0,0
20054016,0,0,0
20099589,0,0,0
20101402,0,0,0
20103211,0,0,0
20105020,0,0,0
20106829,0,0,0
20108638,0,0,0
20110447,0,0,0
20119552,0,0,0
20135213,0,0,0
20137022,0,0,0
20138831,0,0,0
20140640,0,0,0
20142449,0,0,0
20144260,0,0,0
20146069,0,0,0
20119552,0,0,0
20170834,0,0,0
20172643,0,0,0
20174452,0,0,0
20176261,0,0,0
20178069,0,0,0
20179886,0,0,0
20181695,0,0,0
20185088,0,0,0
20206454,0,0,0
20208263,0,0,0
20210072,0,0,0
20211888,0,0,0
20213697,0,0,0
20215508,0,0,0
20217317,0,0,0
20185088,0,0,0
20242090,0,0,0
20243899,0,0,0
20245708,0,0,0
20247519,0,0,0
20249328,0,0,0
20251137,0,0,0
20252946,0,0,0
20250624,0,0,0
20277704,0,0,0
20279515,0,0,0
20281323,0,0,0
20283136,0,0,0
20284945,0,0,0
20286754,0,0,0
20288563,0,0,0
20250624,0,0,0
20313320,0,0,0
20315137,0,0,0
20316945,0,0,0
20318754,0,0,0
20320563,0,0,0
20322378,0,0,0
20324187,0,0,0
20316160,0,0,0
20348945,0,0,0
20350754,0,0,0
20352563,0,0,0
20354378,0,0,0
20356187,0,0,0
20357996,0,0,0
20359805,0,0,0
20381696,0,0,0
20384562,0,0,0
20386378,0,0,0
20388187,0,0,0
20389996,0,0,0
20391805,0,0,0
20393613,0,0,0
20395422,0,0,0
20381696,0,0,0
20420193,0,0,0
20422001,0,0,0
20423810,0,0,0
20425619,0,0,0
20427428,0,0,0
20429244,0,0,0
20431053,0,0,0
20447232,0,0,0
20455811,0,0,0
20457620,0,0,0
20459429,0,0,0
20461245,0,0,0
20463054,0,0,0
20464862,0,0,0
20466671,0,0,0
20447232,0,0,0
20491429,0,0,0
20493245,0,0,0
20495054,0,0,0
20496862,0,0,0
20498671,0,0,0
20500480,0,0,0
20502289,0,0,0
20512768,0,0,0
20527046,0,0,0
20528855,0,0,0
20530664,0,0,0
20532473,0,0,0
20534282,0,0,0
20536099,0,0,0
20537907,0,0,0
20512768,0,0,0
20562665,0,0,0
20564474,0,0,0
20566282,0,0,0
20568099,0,0,0
20569908,0,0,0
20571717,0,0,0
20573527,0,0,0
20578304,0,0,0
20598284,0,0,0
20600101,0,0,0
20601910,0,0,0
20603719,0,0,0
20605529,0,0,0
20607338,0,0,0
20609149,0,0,0
20578304,0,0,0
20633915,0,0,0
20635724,0,0,0
20637533,0,0,0
20639343,0,0,0
20641153,0,0,0
20642962,0,0,0
20644771,0,0,0
20643840,0,0,0
20669529,0,0,0
20671338,0,0,0
20673148,0,0,0
20674957,0,0,0
20676766,0,0,0
20678575,0,0,0
20680395,0,0,0
20643840,0,0,0
20705156,0,0,0
20706965,0,0,0
20708774,0,0,0
20710582,0,0,0
20712398,0,0,0
20714207,0,0,0
20716016,0,0,0
20709376,0,0,0
20740773,0,0,0
20742582,0,0,0
20744398,0,0,0
20746207,0,0,0
20748016,0,0,0
20749825,0,0,0
20751634,0,0,0
20709376,0,0,0
20776396,0,0,0
20778204,0,0,0
20780013,0,0,0
20781822,0,0,0
20783631,0,0,0
20785440,0,0,0
20787256,0,0,0
20774912,0,0,0
20812014,0,0,0
20813822,0,0,0
20815631,0,0,0
20817440,0,0,0
20819257,0,0,0
20821065,0,0,0
20822874,0,0,0
20840448,0,0,0
20847631,0,0,0
20849440,0,0,0
20851257,0,0,0
20853066,0,0,0
20854874,0,0,0
20856683,0,0,0
20858492,0,0,0
20840448,0,0,0
20883257,0,0,0
20885066,0,0,0
20886875,0,0,0
20888683,0,0,0
20890493,0,0,0
20892301,0,0,0
20894118,0,0,0
20905984,0,0,0
20918876,0,0,0
20920685,0,0,0
20922494,0,0,0
20924303,0,0,0
20926120,0,0,0
20927929,0,0,0
20929738,0,0,0
20905984,0,0,0
20954496,0,0,0
20956304,0,0,0
20958121,0,0,0
20959930,0,0,0
20961739,0,0,0
20963548,0,0,0
20965368,0,0,0
20971520,0,0,0
20990133,0,0,0
20991942,0,0,0
20993751,0,0,0
20995560,0,0,0
20997375,0,0,0
20999184,0,0,0
21000993,0,0,0
20971520,0,0,0
21025750,0,0,0
21027559,0,0,0
21029375,0,0,0
21031184,0,0,0
21032993,0,0,0
21034802,0,0,0
21036610,0,0,0
21037056,0,0,0
21061375,0,0,0
21063184,0,0,0
21064993,0,0,0
21066802,0,0,0
21068610,0,0,0
21070419,0,0,0
21072228,0,0,0
21037056,0,0,0
21096985,0,0,0
21098794,0,0,0
21100603,0,0,0
21102412,0,0,0
21104221,0,0,0
21106030,0,0,0
21107838,0,0,0
21102592,0,0,0
21132596,0,0,0
21134405,0,0,0
21136214,0,0,0
21138023,0,0,0
21139831,0,0,0
21141640,0,0,0
21143449,0,0,0
21102592,0,0,0
21168213,0,0,0
21170022,0,0,0
21171831,0,0,0
21173640,0,0,0
21175448,0,0,0
21177260,0,0,0
21179069,0,0,0
21168128,0,0,0
21203834,0,0,0
21205643,0,0,0
21207452,0,0,0
21209261,0,0,0
21211069,0,0,0
21212886,0,0,0
21214695,0,0,0
21233664,0,0,0
21239454,0,0,0
21241263,0,0,0
21243072,0,0,0
21244888,0,0,0
21247387,0,0,0
21249196,0,0,0
21251005,0,0,0
21233664,0,0,0
21275762,0,0,0
21277571,0,0,0
21279387,0,0,0
21281196,0,0,0
21283004,0,0,0
21284813,0,0,0
21286622,0,0,0
21299200,0,0,0
21311387,0,0,0
21313196,0,0,0
21315004,0,0,0
21316813,0,0,0
21318622,0,0,0
21320431,0,0,0
21322247,0,0,0
21299200,0,0,0
21347005,0,0,0
21348814,0,0,0
21350622,0,0,0
21352431,0,0,0
21354248,0,0,0
21356056,0,0,0
21357865,0,0,0
21364736,0,0,0
21382623,0,0,0
21384432,0,0,0
21386248,0,0,0
21388057,0,0,0
21389866,0,0,0
21391675,0,0,0
21393483,0,0,0
21364736,0,0,0
21418248,0,0,0
21420057,0,0,0
21421866,0,0,0
21423675,0,0,0
21425484,0,0,0
21427293,0,0,0
21429110,0,0,0
21430272,0,0,0
21453867,0,0,0
21455675,0,0,0
21457484,0,0,0
21459293,0,0,0
21461110,0,0,0
21462919,0,0,0
21464728,0,0,0
21430272,0,0,0
21489485,0,0,0
21491294,0,0,0
21493111,0,0,0
21494920,0,0,0
21496729,0,0,0
21498538,0,0,0
21500351,0,0,0
21495808,0,0,0
21525118,0,0,0
21526926,0,0,0
21528735,0,0,0
21530544,0,0,0
21532358,0,0,0
21534168,0,0,0
21535976,0,0,0
21495808,0,0,0
21560734,0,0,0
21562543,0,0,0
21564354,0,0,0
21566164,0,0,0
21567973,0,0,0
21569782,0,0,0
21571591,0,0,0
21561344,0,0,0
21596354,0,0,0
21598165,0,0,0
21599973,0,0,0
21601782,0,0,0
21603591,0,0,0
21605403,0,0,0
21607211,0,0,0
21626880,0,0,0
21631969,0,0,0
21633778,0,0,0
21635587,0,0,0
21637399,0,0,0
21639208,0,0,0
21641016,0,0,0
21642825,0,0,0
21626880,0,0,0
21667583,0,0,0
21669398,0,0,0
21671207,0,0,0
21673016,0,0,0
21674825,0,0,0
21676633,0,0,0
21678442,0,0,0
21692416,0,0,0
21703213,0,0,0
21705022,0,0,0
21706831,0,0,0
21708640,0,0,0
21710449,0,0,0
21712260,0,0,0
21714069,0,0,0
21692416,0,0,0
21738834,0,0,0
21740643,0,0,0
21742452,0,0,0
21744261,0,0,0
21746069,0,0,0
21747886,0,0,0
21749695,0,0,0
21757952,0,0,0
21774454,0,0,0
21776263,0,0,0
21778072,0,0,0
21779888,0,0,0
21781697,0,0,0
21783508,0,0,0
21785317,0,0,0
21757952,0,0,0
21810090,0,0,0
21811899,0,0,0
21813708,0,0,0
21815519,0,0,0
21817328,0,0,0
21819137,0,0,0
21820946,0,0,0
21823488,0,0,0
21845704,0,0,0
21847515,0,0,0
21849323,0,0,0
21851136,0,0,0
21852945,0,0,0
21854754,0,0,0
21856563,0,0,0
21823488,0,0,0
21881320,0,0,0
21883137,0,0,0
21884945,0,0,0
21886754,0,0,0
21888563,0,0,0
21890378,0,0,0
21892187,0,0,0
21889024,0,0,0
21916945,0,0,0
21918754,0,0,0
21920563,0,0,0
21922378,0,0,0
21924187,0,0,0
21925996,0,0,0
21927805,0,0,0
21889024,0,0,0
21952562,0,0,0
21954378,0,0,0
21956187,0,0,0
21957996,0,0,0
21959805,0,0,0
21961613,0,0,0
21963422,0,0,0
21954560,0,0,0
21988193,0,0,0
21990001,0,0,0
21991810,0,0,0
21993619,0,0,0
21995428,0,0,0
21997244,0,0,0
21999053,0,0,0
22020096,0,0,0
22023811,0,0,0
22025620,0,0,0
22027429,0,0,0
22029245,0,0,0
22031054,0,0,0
22032862,0,0,0
22034671,0,0,0
22020096,0,0,0
22059429,0,0,0
22061245,0,0,0
22063054,0,0,0
22064862,0,0,0
22066671,0,0,0
22068480,0,0,0
22070289,0,0,0
22085632,0,0,0
22095046,0,0,0
22096855,0,0,0
22098664,0,0,0
22100473,0,0,0
22102282,0,0,0
22104099,0,0,0
22105907,0,0,0
22085632,0,0,0
22130665,0,0,0
22132474,0,0,0
22134282,0,0,0
22136099,0,0,0
22137908,0,0,0
22139717,0,0,0
22141527,0,0,0
22151168,0,0,0
22166284,0,0,0
22168101,0,0,0
22169910,0,0,0
22171719,0,0,0
22173529,0,0,0
22175338,0,0,0
22177149,0,0,0
22151168,0,0,0
22201915,0,0,0
22203724,0,0,0
22205533,0,0,0
22207343,0,0,0
22209153,0,0,0
22210962,0,0,0
22212771,0,0,0
22216704,0,0,0
22237529,0,0,0
22239338,0,0,0
22241148,0,0,0
22242957,0,0,0
22244766,0,0,0
22246575,0,0,0
22248395,0,0,0
22216704,0,0,0
22273196,0,0,0
22275004,0,0,0
22276813,0,0,0
22278622,0,0,0
22280431,0,0,0
22282248,0,0,0
22284056,0,0,0
22282240,0,0,0
22308814,0,0,0
22310623,0,0,0
22312432,0,0,0
22314248,0,0,0
22316057,0,0,0
22317866,0,0,0
22319675,0,0,0
22282240,0,0,0
22344432,0,0,0
22346248,0,0,0
22348057,0,0,0
22349866,0,0,0
22351675,0,0,0
22353484,0,0,0
22355292,0,0,0
22347776,0,0,0
22380050,0,0,0
22381859,0,0,0
22383667,0,0,0
22385476,0,0,0
22387285,0,0,0
22389102,0,0,0
22390911,0,0,0
22413312,0,0,0
22415668,0,0,0
22417477,0,0,0
22419285,0,0,0
22421102,0,0,0
22422911,0,0,0
22424720,0,0,0
22426530,0,0,0
22413312,0,0,0
22451287,0,0,0
22453104,0,0,0
22454912,0,0,0
22456721,0,0,0
22458531,0,0,0
22460340,0,0,0
22462150,0,0,0
22478848,0,0,0
22486916,0,0,0
22488725,0,0,0
22490534,0,0,0
22492345,0,0,0
22494156,0,0,0
22495965,0,0,0
22497773,0,0,0
22478848,0,0,0
22522531,0,0,0
22524341,0,0,0
22526151,0,0,0
22527960,0,0,0
22529769,0,0,0
22531578,0,0,0
22533395,0,0,0
22544384,0,0,0
22558156,0,0,0
22559965,0,0,0
22561774,0,0,0
22563582,0,0,0
22565398,0,0,0
22567207,0,0,0
22569016,0,0,0
22544384,0,0,0
22593773,0,0,0
22595582,0,0,0
22597398,0,0,0
22599207,0,0,0
22601016,0,0,0
22602825,0,0,0
22604634,0,0,0
22609920,0,0,0
22629396,0,0,0
22631204,0,0,0
22633013,0,0,0
22634822,0,0,0
22636631,0,0,0
22638440,0,0,0
22640256,0,0,0
22609920,0,0,0
22665014,0,0,0
22666822,0,0,0
22668631,0,0,0
22670440,0,0,0
22672257,0,0,0
22674065,0,0,0
22675874,0,0,0
22675456,0,0,0
22700631,0,0,0
22702440,0,0,0
22704257,0,0,0
22706066,0,0,0
22707874,0,0,0
22709683,0,0,0
22711492,0,0,0
22675456,0,0,0
22736257,0,0,0
22738066,0,0,0
22739875,0,0,0
22741683,0,0,0
22743493,0,0,0
22745301,0,0,0
22747118,0,0,0
22740992,0,0,0
22771876,0,0,0
22773685,0,0,0
22775494,0,0,0
22777303,0,0,0
22779120,0,0,0
22780929,0,0,0
22783396,0,0,0
22740992,0,0,0
22808157,0,0,0
22809966,0,0,0
22811775,0,0,0
22813583,0,0,0
22815399,0,0,0
22817207,0,0,0
22819016,0,0,0
22806528,0,0,0
22843774,0,0,0
22845583,0,0,0
22847399,0,0,0
22849207,0,0,0
22851016,0,0,0
22852825,0,0,0
22854634,0,0,0
22872064,0,0,0
22879398,0,0,0
22881207,0,0,0
22883016,0,0,0
22884825,0,0,0
22886633,0,0,0
22888442,0,0,0
22890258,0,0,0
22872064,0,0,0
22915016,0,0,0
22916825,0,0,0
22918633,0,0,0
22920442,0,0,0
22922258,0,0,0
22924067,0,0,0
22925876,0,0,0
22937600,0,0,0
22950633,0,0,0
22952442,0,0,0
22954258,0,0,0
22956067,0,0,0
22957876,0,0,0
22959684,0,0,0
22961494,0,0,0
22937600,0,0,0
22986259,0,0,0
22988067,0,0,0
22989876,0,0,0
22991685,0,0,0
22993494,0,0,0
22995303,0,0,0
22997120,0,0,0
23003136,0,0,0
23021877,0,0,0
23023686,0,0,0
23025495,0,0,0
23027304,0,0,0
23029121,0,0,0
23030929,0,0,0
23032738,0,0,0
23003136,0,0,0
23057496,0,0,0
23059305,0,0,0
23061122,0,0,0
23062931,0,0,0
23064740,0,0,0
23066548,0,0,0
23068368,0,0,0
23068672,0,0,0
23093133,0,0,0
23094942,0,0,0
23096751,0,0,0
23098559,0,0,0
23100375,0,0,0
23102184,0,0,0
23103993,0,0,0
23068672,0,0,0
23128750,0,0,0
23130559,0,0,0
23132375,0,0,0
23134184,0,0,0
23135993,0,0,0
23137802,0,0,0
23139611,0,0,0
23134208,0,0,0
23164375,0,0,0
23166184,0,0,0
23167993,0,0,0
23169801,0,0,0
23171610,0,0,0
23173419,0,0,0
23175228,0,0,0
23134208,0,0,0
23199985,0,0,0
23201794,0,0,0
23203603,0,0,0
23205412,0,0,0
23207220,0,0,0
23209029,0,0,0
23210838,0,0,0
23199744,0,0,0
23235595,0,0,0
23237405,0,0,0
23239214,0,0,0
23241023,0,0,0
23242831,0,0,0
23244640,0,0,0
23246449,0,0,0
23265280,0,0,0
23271213,0,0,0
23273022,0,0,0
23274831,0,0,0
23276640,0,0,0
23278448,0,0,0
23280260,0,0,0
23282069,0,0,0
23265280,0,0,0
23306834,0,0,0
23308643,0,0,0
23310452,0,0,0
23312261,0,0,0
23314069,0,0,0
23315886,0,0,0
23317695,0,0,0
23330816,0,0,0
23342454,0,0,0
23344263,0,0,0
23346072,0,0,0
23347888,0,0,0
23349697,0,0,0
23351508,0,0,0
23353317,0,0,0
23330816,0,0,0
23378090,0,0,0
23379899,0,0,0
23381708,0,0,0
23383519,0,0,0
23385328,0,0,0
23387137,0,0,0
23388946,0,0,0
23396352,0,0,0
23413704,0,0,0
23415515,0,0,0
23417323,0,0,0
23419136,0,0,0
23420945,0,0,0
23422754,0,0,0
23424563,0,0,0
23396352,0,0,0
23449320,0,0,0
23451137,0,0,0
23452945,0,0,0
23454754,0,0,0
23456563,0,0,0
23458378,0,0,0
23460187,0,0,0
23461888,0,0,0
23484945,0,0,0
23486754,0,0,0
23488563,0,0,0
23490378,0,0,0
23492187,0,0,0
23493996,0,0,0
23495805,0,0,0
23461888,0,0,0
23520562,0,0,0
23522378,0,0,0
23524187,0,0,0
23525996,0,0,0
23527805,0,0,0
23529613,0,0,0
23531422,0,0,0
23527424,0,0,0
23556193,0,0,0
23558001,0,0,0
23559810,0,0,0
23561619,0,0,0
23563428,0,0,0
23565244,0,0,0
23567053,0,0,0
23527424,0,0,0
23591811,0,0,0
23593620,0,0,0
23595429,0,0,0
23597245,0,0,0
23599054,0,0,0
23600862,0,0,0
23602671,0,0,0
23592960,0,0,0
23627429,0,0,0
23629245,0,0,0
23631054,0,0,0
23632862,0,0,0
23634671,0,0,0
23636480,0,0,0
23638289,0,0,0
23658496,0,0,0
23663046,0,0,0
23664855,0,0,0
23666664,0,0,0
23668473,0,0,0
23670282,0,0,0
23672099,0,0,0
23673907,0,0,0
23658496,0,0,0
23698665,0,0,0
23700474,0,0,0
23702282,0,0,0
23704099,0,0,0
23705908,0,0,0
23707717,0,0,0
23709527,0,0,0
23724032,0,0,0
23734284,0,0,0
23736101,0,0,0
23737910,0,0,0
23739719,0,0,0
23741529,0,0,0
23743338,0,0,0
23745149,0,0,0
23724032,0,0,0
23769915,0,0,0
23771724,0,0,0
23773533,0,0,0
23775343,0,0,0
23777153,0,0,0
23778962,0,0,0
23780771,0,0,0
23789568,0,0,0
23805529,0,0,0
23807387,0,0,0
23809196,0,0,0
23811005,0,0,0
23812813,0,0,0
23814622,0,0,0
23816431,0,0,0
23789568,0,0,0
23841206,0,0,0
23843015,0,0,0
23844824,0,0,0
23846633,0,0,0
23848442,0,0,0
23850258,0,0,0
23852066,0,0,0
23855104,0,0,0
23876824,0,0,0
23878633,0,0,0
23880442,0,0,0
23882258,0,0,0
23884066,0,0,0
23885875,0,0,0
23887684,0,0,0
23855104,0,0,0
23912443,0,0,0
23914258,0,0,0
23916067,0,0,0
23917876,0,0,0
23919685,0,0,0
23921494,0,0,0
23923303,0,0,0
23920640,0,0,0
23948068,0,0,0
23949877,0,0,0
23951686,0,0,0
23953495,0,0,0
23955304,0,0,0
23957121,0,0,0
23958929,0,0,0
23920640,0,0,0
23983687,0,0,0
23985496,0,0,0
23987305,0,0,0
23989122,0,0,0
23990930,0,0,0
23992739,0,0,0
23994548,0,0,0
23986176,0,0,0
24019306,0,0,0
24021122,0,0,0
24022931,0,0,0
24024740,0,0,0
24026549,0,0,0
24028368,0,0,0
24030177,0,0,0
24051712,0,0,0
24054941,0,0,0
24056750,0,0,0
24058559,0,0,0
24060375,0,0,0
24062184,0,0,0
24063993,0,0,0
24065802,0,0,0
24051712,0,0,0
24090559,0,0,0
24092375,0,0,0
24094184,0,0,0
24095993,0,0,0
24097801,0,0,0
24099610,0,0,0
24101419,0,0,0
24117248,0,0,0
24126187,0,0,0
24127995,0,0,0
24129804,0,0,0
24131613,0,0,0
24133422,0,0,0
24135231,0,0,0
24137040,0,0,0
24117248,0,0,0
24161797,0,0,0
24163606,0,0,0
24165415,0,0,0
24167223,0,0,0
24169032,0,0,0
24170841,0,0,0
24172650,0,0,0
24182784,0,0,0
24197408,0,0,0
24199217,0,0,0
24201025,0,0,0
24202834,0,0,0
24204643,0,0,0
24206452,0,0,0
24208261,0,0,0
24182784,0,0,0
24233018,0,0,0
24234827,0,0,0
24236636,0,0,0
24238444,0,0,0
24240260,0,0,0
24242069,0,0,0
24243886,0,0,0
24248320,0,0,0
24268643,0,0,0
24270452,0,0,0
24272261,0,0,0
24274069,0,0,0
24275886,0,0,0
24277695,0,0,0
24279506,0,0,0
24248320,0,0,0
24304263,0,0,0
24306072,0,0,0
24307888,0,0,0
24309697,0,0,0
24311508,0,0,0
24313317,0,0,0
24315134,0,0,0
24313856,0,0,0
24339899,0,0,0
24341708,0,0,0
24343519,0,0,0
24345328,0,0,0
24347137,0,0,0
24348946,0,0,0
24350755,0,0,0
24313856,0,0,0
24375515,0,0,0
24377323,0,0,0
24379136,0,0,0
24380945,0,0,0
24382754,0,0,0
24384563,0,0,0
24386378,0,0,0
24379392,0,0,0
24411136,0,0,0
24412945,0,0,0
24414754,0,0,0
24416563,0,0,0
24418378,0,0,0
24420187,0,0,0
24421995,0,0,0
24444928,0,0,0
24446753,0,0,0
24448562,0,0,0
24450378,0,0,0
24452187,0,0,0
24453996,0,0,0
24455804,0,0,0
24457613,0,0,0
24444928,0,0,0
24482378,0,0,0
24484187,0,0,0
24485996,0,0,0
24487805,0,0,0
24489613,0,0,0
24491422,0,0,0
24493231,0,0,0
24510464,0,0,0
24517988,0,0,0
24519797,0,0,0
24521606,0,0,0
24523415,0,0,0
24525224,0,0,0
24527032,0,0,0
24528841,0,0,0
24510464,0,0,0
24553599,0,0,0
24555408,0,0,0
24557217,0,0,0
24559026,0,0,0
24560835,0,0,0
24562644,0,0,0
24564453,0,0,0
24576000,0,0,0
24589214,0,0,0
24591023,0,0,0
24592831,0,0,0
24594640,0,0,0
24596449,0,0,0
24598260,0,0,0
24600069,0,0,0
24576000,0,0,0
24624834,0,0,0
24626643,0,0,0
24628452,0,0,0
24630261,0,0,0
24632069,0,0,0
24633886,0,0,0
24635695,0,0,0
24641536,0,0,0
24660454,0,0,0
24662263,0,0,0
24664072,0,0,0
24665888,0,0,0
24667697,0,0,0
24669508,0,0,0
24671317,0,0,0
24641536,0,0,0
24696090,0,0,0
24697899,0,0,0
24699708,0,0,0
24701519,0,0,0
24703328,0,0,0
24705137,0,0,0
24706946,0,0,0
24707072,0,0,0
24731704,0,0,0
24733515,0,0,0
24735323,0,0,0
24737136,0,0,0
24738945,0,0,0
24740754,0,0,0
24742563,0,0,0
24707072,0,0,0
24767320,0,0,0
24769137,0,0,0
24770945,0,0,0
24772754,0,0,0
24774563,0,0,0
24776378,0,0,0
24778187,0,0,0
24772608,0,0,0
24802945,0,0,0
24804754,0,0,0
24806563,0,0,0
24808378,0,0,0
24810187,0,0,0
24811996,0,0,0
24813805,0,0,0
24772608,0,0,0
24838562,0,0,0
24840378,0,0,0
24842187,0,0,0
24843996,0,0,0
24845805,0,0,0
24847613,0,0,0
24849422,0,0,0
24838144,0,0,0
24874193,0,0,0
24876001,0,0,0
24877810,0,0,0
24879619,0,0,0
24881428,0,0,0
24883244,0,0,0
24885053,0,0,0
24903680,0,0,0
24909811,0,0,0
24911620,0,0,0
24913429,0,0,0
24915245,0,0,0
24917054,0,0,0
24918862,0,0,0
24920671,0,0,0
24903680,0,0,0
24945429,0,0,0
24947245,0,0,0
24949054,0,0,0
24950862,0,0,0
24952671,0,0,0
24954480,0,0,0
24956289,0,0,0
24969216,0,0,0
24981046,0,0,0
24982855,0,0,0
24984664,0,0,0
24986473,0,0,0
24988282,0,0,0
24990099,0,0,0
24991907,0,0,0
24969216,0,0,0
25016665,0,0,0
25018474,0,0,0
25020282,0,0,0
25022099,0,0,0
25023908,0,0,0
25025717,0,0,0
25027527,0,0,0
25034752,0,0,0
25052284,0,0,0
25054101,0,0,0
25055910,0,0,0
25057719,0,0,0
25059529,0,0,0
25061338,0,0,0
25063149,0,0,0
25034752,0,0,0
25087915,0,0,0
25089724,0,0,0
25091533,0,0,0
25093343,0,0,0
25095153,0,0,0
25096962,0,0,0
25098771,0,0,0
25100288,0,0,0
25123529,0,0,0
25125338,0,0,0
25127148,0,0,0
25128957,0,0,0
25130766,0,0,0
25132575,0,0,0
25134395,0,0,0
25100288,0,0,0
25159156,0,0,0
25160965,0,0,0
25162774,0,0,0
25164582,0,0,0
25166398,0,0,0
25168207,0,0,0
25170016,0,0,0
25165824,0,0,0
25194773,0,0,0
25196582,0,0,0
25198398,0,0,0
25200207,0,0,0
25202016,0,0,0
25203825,0,0,0
25205634,0,0,0
25165824,0,0,0
25230396,0,0,0
25232204,0,0,0
25234013,0,0,0
25235822,0,0,0
25237631,0,0,0
25239440,0,0,0
25241256,0,0,0
25231360,0,0,0
25266014,0,0,0
25267822,0,0,0
25269631,0,0,0
25271440,0,0,0
25273257,0,0,0
25275065,0,0,0
25276874,0,0,0
25296896,0,0,0
25301631,0,0,0
25303440,0,0,0
25305257,0,0,0
25307066,0,0,0
25308874,0,0,0
25310683,0,0,0
25312492,0,0,0
25296896,0,0,0
25337257,0,0,0
25339066,0,0,0
25340875,0,0,0
25343387,0,0,0
25345196,0,0,0
25347005,0,0,0
25348814,0,0,0
25362432,0,0,0
25373571,0,0,0
25375387,0,0,0
25377196,0,0,0
25379004,0,0,0
25380813,0,0,0
25382622,0,0,0
25384431,0,0,0
25362432,0,0,0
25409206,0,0,0
25411015,0,0,0
25412824,0,0,0
25414633,0,0,0
25416442,0,0,0
25418258,0,0,0
25420066,0,0,0
25427968,0,0,0
25444824,0,0,0
25446633,0,0,0
25448442,0,0,0
25450258,0,0,0
25452066,0,0,0
25453875,0,0,0
25455684,0,0,0
25427968,0,0,0
25480443,0,0,0
25482258,0,0,0
25484067,0,0,0
25485876,0,0,0
25487685,0,0,0
25489494,0,0,0
25491303,0,0,0
25493504,0,0,0
25516068,0,0,0
25517877,0,0,0
25519686,0,0,0
25521495,0,0,0
25523304,0,0,0
25525121,0,0,0
25526929,0,0,0
25493504,0,0,0
25551687,0,0,0
25553496,0,0,0
25555305,0,0,0
25557122,0,0,0
25558930,0,0,0
25560739,0,0,0
25562548,0,0,0
25559040,0,0,0
25587306,0,0,0
25589122,0,0,0
25590931,0,0,0
25592740,0,0,0
25594549,0,0,0
25596368,0,0,0
25598177,0,0,0
25559040,0,0,0
25622941,0,0,0
25624750,0,0,0
25626559,0,0,0
25628375,0,0,0
25630184,0,0,0
25631993,0,0,0
25633802,0,0,0
25624576,0,0,0
25658559,0,0,0
25660375,0,0,0
25662184,0,0,0
25663993,0,0,0
25665801,0,0,0
25667610,0,0,0
25669419,0,0,0
25690112,0,0,0
25694187,0,0,0
25695995,0,0,0
25697804,0,0,0
25699613,0,0,0
25701422,0,0,0
25703231,0,0,0
25705040,0,0,0
25690112,0,0,0
25729797,0,0,0
25731606,0,0,0
25733415,0,0,0
25735223,0,0,0
25737032,0,0,0
25738841,0,0,0
25740650,0,0,0
25755648,0,0,0
25765408,0,0,0
25767217,0,0,0
25769025,0,0,0
25770834,0,0,0
25772643,0,0,0
25774452,0,0,0
25776261,0,0,0
25755648,0,0,0
25801018,0,0,0
25802827,0,0,0
25804636,0,0,0
25806444,0,0,0
25808260,0,0,0
25810069,0,0,0
25811886,0,0,0
25821184,0,0,0
25836643,0,0,0
25838452,0,0,0
25840261,0,0,0
25842069,0,0,0
25843886,0,0,0
25845695,0,0,0
25847506,0,0,0
25821184,0,0,0
25872263,0,0,0
25874072,0,0,0
25875888,0,0,0
25877697,0,0,0
25879508,0,0,0
25881317,0,0,0
25883134,0,0,0
25886720,0,0,0
25907899,0,0,0
25909708,0,0,0
25911519,0,0,0
25913328,0,0,0
25915137,0,0,0
25916946,0,0,0
25918755,0,0,0
25886720,0,0,0
25943515,0,0,0
25945323,0,0,0
25947136,0,0,0
25948945,0,0,0
25950754,0,0,0
25952563,0,0,0
25954378,0,0,0
25952256,0,0,0
25979136,0,0,0
25980945,0,0,0
25982754,0,0,0
25984563,0,0,0
25986378,0,0,0
25988187,0,0,0
25989995,0,0,0
25952256,0,0,0
26014753,0,0,0
26016562,0,0,0
26018378,0,0,0
26020187,0,0,0
26021996,0,0,0
26023804,0,0,0
26025613,0,0,0
26017792,0,0,0
26050378,0,0,0
26052187,0,0,0
26053996,0,0,0
26055805,0,0,0
26057613,0,0,0
26059422,0,0,0
26061231,0,0,0
26083328,0,0,0
26085988,0,0,0
26087797,0,0,0
26089606,0,0,0
26091415,0,0,0
26093224,0,0,0
26095032,0,0,0
26096841,0,0,0
26083328,0,0,0
26121599,0,0,0
26123408,0,0,0
26125217,0,0,0
26127026,0,0,0
26128835,0,0,0
26130644,0,0,0
26132453,0,0,0
26148864,0,0,0
26157214,0,0,0
26159023,0,0,0
26160831,0,0,0
26162640,0,0,0
26164449,0,0,0
26166260,0,0,0
26168069,0,0,0
26148864,0,0,0
26192834,0,0,0
26194643,0,0,0
26196452,0,0,0
26198261,0,0,0
26200069,0,0,0
26201886,0,0,0
26203695,0,0,0
26214400,0,0,0
26228454,0,0,0
26230263,0,0,0
26232072,0,0,0
26233888,0,0,0
26235697,0,0,0
26237508,0,0,0
26239317,0,0,0
26214400,0,0,0
26264090,0,0,0
26265899,0,0,0
26267708,0,0,0
26269519,0,0,0
26271328,0,0,0
26273137,0,0,0
26274946,0,0,0
26279936,0,0,0
26299704,0,0,0
26301515,0,0,0
26303323,0,0,0
26305136,0,0,0
26306945,0,0,0
26308754,0,0,0
26310563,0,0,0
26279936,0,0,0
26335320,0,0,0
26337137,0,0,0
26338945,0,0,0
26340754,0,0,0
26342563,0,0,0
26344378,0,0,0
26346187,0,0,0
26345472,0,0,0
26370945,0,0,0
26372754,0,0,0
26374563,0,0,0
26376378,0,0,0
26378187,0,0,0
26379996,0,0,0
26381805,0,0,0
26345472,0,0,0
26406562,0,0,0
26408378,0,0,0
26410187,0,0,0
26411996,0,0,0
26413805,0,0,0
26415613,0,0,0
26417422,0,0,0
26411008,0,0,0
26442193,0,0,0
26444001,0,0,0
26445810,0,0,0
26447619,0,0,0
26449428,0,0,0
26451244,0,0,0
26453053,0,0,0
26411008,0,0,0
26477811,0,0,0
26479620,0,0,0
26481429,0,0,0
26483245,0,0,0
26485054,0,0,0
26486862,0,0,0
26488671,0,0,0
26476544,0,0,0
26513429,0,0,0
26515245,0,0,0
26517054,0,0,0
26518862,0,0,0
26520671,0,0,0
26522480,0,0,0
26524289,0,0,0
26542080,0,0,0
26549046,0,0,0
26550855,0,0,0
26552664,0,0,0
26554473,0,0,0
26556282,0,0,0
26558099,0,0,0
26559907,0,0,0
26542080,0,0,0
26584665,0,0,0
26586474,0,0,0
26588282,0,0,0
26590099,0,0,0
26591908,0,0,0
26593717,0,0,0
26595527,0,0,0
26607616,0,0,0
26620284,0,0,0
26622101,0,0,0
26623910,0,0,0
26625719,0,0,0
26627529,0,0,0
26629338,0,0,0
26631149,0,0,0
26607616,0,0,0
26655915,0,0,0
26657724,0,0,0
26659533,0,0,0
26661343,0,0,0
26663153,0,0,0
26664962,0,0,0
26666771,0,0,0
26673152,0,0,0
26691529,0,0,0
26693338,0,0,0
26695148,0,0,0
26696957,0,0,0
26698766,0,0,0
26700575,0,0,0
26702395,0,0,0
26673152,0,0,0
26727156,0,0,0
26728965,0,0,0
26730774,0,0,0
26732582,0,0,0
26734398,0,0,0
26736207,0,0,0
26738016,0,0,0
26738688,0,0,0
26762773,0,0,0
26764582,0,0,0
26766398,0,0,0
26768207,0,0,0
26770016,0,0,0
26771825,0,0,0
26773634,0,0,0
26738688,0,0,0
26798396,0,0,0
26800204,0,0,0
26802013,0,0,0
26803822,0,0,0
26805631,0,0,0
26807440,0,0,0
26809256,0,0,0
26804224,0,0,0
26834014,0,0,0
26835822,0,0,0
26837631,0,0,0
26839440,0,0,0
26841257,0,0,0
26843065,0,0,0
26844874,0,0,0
26804224,0,0,0
26869631,0,0,0
26871440,0,0,0
26873257,0,0,0
26875066,0,0,0
26876874,0,0,0
26879387,0,0,0
26881196,0,0,0
26869760,0,0,0
26905957,0,0,0
26907765,0,0,0
26909574,0,0,0
26911395,0,0,0
26913204,0,0,0
26915013,0,0,0
26916821,0,0,0
26935296,0,0,0
26941579,0,0,0
26943396,0,0,0
26945204,0,0,0
26947013,0,0,0
26948822,0,0,0
26950631,0,0,0
26952440,0,0,0
26935296,0,0,0
26977211,0,0,0
26979020,0,0,0
26980829,0,0,0
26982638,0,0,0
26984447,0,0,0
26986260,0,0,0
26988069,0,0,0
27000832,0,0,0
27012826,0,0,0
27014635,0,0,0
27016444,0,0,0
27018260,0,0,0
27020069,0,0,0
27021877,0,0,0
27023686,0,0,0
27000832,0,0,0
27048444,0,0,0
27050260,0,0,0
27052069,0,0,0
27053877,0,0,0
27055686,0,0,0
27057496,0,0,0
27059304,0,0,0
27066368,0,0,0
27084070,0,0,0
27085887,0,0,0
27087696,0,0,0
27089507,0,0,0
27091315,0,0,0
27093132,0,0,0
27094940,0,0,0
27066368,0,0,0
27119697,0,0,0
27121509,0,0,0
27123318,0,0,0
27125135,0,0,0
27126943,0,0,0
27128752,0,0,0
27130561,0,0,0
27131904,0,0,0
27155319,0,0,0
27157135,0,0,0
27158944,0,0,0
27160753,0,0,0
27162562,0,0,0
27164378,0,0,0
27166187,0,0,0
27131904,0,0,0
27190946,0,0,0
27192754,0,0,0
27194563,0,0,0
27196378,0,0,0
27198187,0,0,0
27199996,0,0,0
27201805,0,0,0
27197440,0,0,0
27226562,0,0,0
27228378,0,0,0
27230187,0,0,0
27231996,0,0,0
27233805,0,0,0
27235613,0,0,0
27237422,0,0,0
27197440,0,0,0
27262193,0,0,0
27264001,0,0,0
27265810,0,0,0
27267619,0,0,0
27269428,0,0,0
27271244,0,0,0
27273053,0,0,0
27262976,0,0,0
27297811,0,0,0
27299620,0,0,0
27301429,0,0,0
27303245,0,0,0
27305054,0,0,0
27306862,0,0,0
27308671,0,0,0
27328512,0,0,0
27333429,0,0,0
27335245,0,0,0
27337054,0,0,0
27338862,0,0,0
27340671,0,0,0
27342480,0,0,0
27344289,0,0,0
27328512,0,0,0
27369046,0,0,0
27370855,0,0,0
27372664,0,0,0
27374473,0,0,0
27376282,0,0,0
27378099,0,0,0
27379907,0,0,0
27394048,0,0,0
27404665,0,0,0
27406474,0,0,0
27408282,0,0,0
27410099,0,0,0
27411908,0,0,0
27413717,0,0,0
27415527,0,0,0
27394048,0,0,0
27440284,0,0,0
27442101,0,0,0
27443910,0,0,0
27445719,0,0,0
27447529,0,0,0
27449338,0,0,0
27451149,0,0,0
27459584,0,0,0
27475915,0,0,0
27477724,0,0,0
27479533,0,0,0
27481343,0,0,0
27483153,0,0,0
27484962,0,0,0
27486771,0,0,0
27459584,0,0,0
27511529,0,0,0
27513338,0,0,0
27515148,0,0,0
27516957,0,0,0
27518766,0,0,0
27520575,0,0,0
27522395,0,0,0
27525120,0,0,0
27547156,0,0,0
27548965,0,0,0
27550774,0,0,0
27552582,0,0,0
27554398,0,0,0
27556207,0,0,0
27558016,0,0,0
27525120,0,0,0
27582773,0,0,0
27584582,0,0,0
27586398,0,0,0
27588207,0,0,0
27590016,0,0,0
27591825,0,0,0
27593634,0,0,0
27590656,0,0,0
27618396,0,0,0
27620204,0,0,0
27622013,0,0,0
27623822,0,0,0
27625631,0,0,0
27627440,0,0,0
27629256,0,0,0
27590656,0,0,0
27654014,0,0,0
27655822,0,0,0
27657631,0,0,0
27659440,0,0,0
27661257,0,0,0
27663065,0,0,0
27664874,0,0,0
27656192,0,0,0
27689631,0,0,0
27691440,0,0,0
27693257,0,0,0
27695066,0,0,0
27696874,0,0,0
27698683,0,0,0
27700492,0,0,0
27721728,0,0,0
27725257,0,0,0
27727066,0,0,0
27728875,0,0,0
27730683,0,0,0
27732493,0,0,0
27734301,0,0,0
27736118,0,0,0
27721728,0,0,0
27760876,0,0,0
27762685,0,0,0
27764494,0,0,0
27766303,0,0,0
27768120,0,0,0
27769929,0,0,0
27771738,0,0,0
27787264,0,0,0
27796496,0,0,0
27798304,0,0,0
27800121,0,0,0
27801930,0,0,0
27803739,0,0,0
27805548,0,0,0
27807368,0,0,0
27787264,0,0,0
27832133,0,0,0
27833942,0,0,0
27835751,0,0,0
27837560,0,0,0
27839375,0,0,0
27841184,0,0,0
27842993,0,0,0
27852800,0,0,0
27867750,0,0,0
27869559,0,0,0
27871375,0,0,0
27873184,0,0,0
27874993,0,0,0
27876802,0,0,0
27878610,0,0,0
27852800,0,0,0
27903387,0,0,0
27905196,0,0,0
27907005,0,0,0
27908813,0,0,0
27910622,0,0,0
27912431,0,0,0
27914247,0,0,0
27918336,0,0,0
27939005,0,0,0
27940814,0,0,0
27942622,0,0,0
27944431,0,0,0
27946248,0,0,0
27948056,0,0,0
27949865,0,0,0
27918336,0,0,0
27974623,0,0,0
27976432,0,0,0
27978248,0,0,0
27980057,0,0,0
27981866,0,0,0
27983675,0,0,0
27985483,0,0,0
27983872,0,0,0
28010248,0,0,0
28012057,0,0,0
28013866,0,0,0
28015675,0,0,0
28017484,0,0,0
28019293,0,0,0
28021110,0,0,0
27983872,0,0,0
28045867,0,0,0
28047675,0,0,0
28049484,0,0,0
28051293,0,0,0
28053110,0,0,0
28054919,0,0,0
28056728,0,0,0
28049408,0,0,0
28081485,0,0,0
28083294,0,0,0
28085111,0,0,0
28086920,0,0,0
28088729,0,0,0
28090538,0,0,0
28092351,0,0,0
28114944,0,0,0
28117118,0,0,0
28118926,0,0,0
28120735,0,0,0
28122544,0,0,0
28124358,0,0,0
28126168,0,0,0
28127976,0,0,0
28114944,0,0,0
28152734,0,0,0
28154543,0,0,0
28156354,0,0,0
28158164,0,0,0
28159973,0,0,0
28161782,0,0,0
28163591,0,0,0
28180480,0,0,0
28188354,0,0,0
28190165,0,0,0
28191973,0,0,0
28193782,0,0,0
28195591,0,0,0
28197403,0,0,0
28199211,0,0,0
28180480,0,0,0
28223969,0,0,0
28225778,0,0,0
28227587,0,0,0
28229399,0,0,0
28231208,0,0,0
28233016,0,0,0
28234825,0,0,0
28246016,0,0,0
28259583,0,0,0
28261398,0,0,0
28263207,0,0,0
28265016,0,0,0
28266825,0,0,0
28268633,0,0,0
28270442,0,0,0
28246016,0,0,0
28295213,0,0,0
28297022,0,0,0
28298831,0,0,0
28300640,0,0,0
28302449,0,0,0
28304260,0,0,0
28306069,0,0,0
28311552,0,0,0
28330834,0,0,0
28332643,0,0,0
28334452,0,0,0
28336261,0,0,0
28338069,0,0,0
28339886,0,0,0
28341695,0,0,0
28311552,0,0,0
28366454,0,0,0
28368263,0,0,0
28370072,0,0,0
28371888,0,0,0
28373697,0,0,0
28375508,0,0,0
28377317,0,0,0
