ets Jul 29 2019 12:21:46

rst:0x1 (POWERON_RESET),boot:0x13 (SPI_FAST_FLASH_BOOT)
configsip: 0, SPIWP:0xee
clk_drv:0x00,q_drv:0x00,d_drv:0x00,cs0_drv:0x00,hd_drv:0x00,wp_drv:0x00
mode:DIO, clock div:2
load:0x3fff0030,len:1184
load:0x40078000,len:12776
load:0x40080400,len:3032
entry 0x400805e4
400g: r, Acc: a, Gyro: g, Mag: m, LPS: l
l is pressed
time,x,y,z



6275,0



13503,0



41885,0



49121,0



77491,0



85434,0



113814,0



121042,0



149418,0



156646,0



185742,0



192972,0



221345,0



228574,0



257218,0



265163,0



293542,0



300771,0



329150,0



336385,0



365478,0



372714,0



401087,0



408325,0



436711,0



444656,0



473032,0



480268,0



508638,0



516832,0



545924,0



553156,0



581538,0



588766,0



617148,0



625091,0



653470,0



660698,0



689076,0



696304,0



725399,0



732628,0



761004,0



769219,0



797589,0



805540,0



833918,0



841150,0



869531,0



876764,0



905851,0



913080,0



941450,0



948687,0



977065,0



985016,0



1013393,0



1020622,0



1048999,0



1056229,0



1085314,0



1092550,0



1120928,0



1128159,0



1156540,0



1164484,0



1192855,0



1200083,0



1228453,0



1235689,0



1264774,0



1272013,0



1300390,0



1307619,0



1335997,0



1343948,0



1372319,0



1379555,0



1407934,0



1415165,0



1444268,0



1451497,0



1479875,0



1487111,0



1515481,0



1523425,0



1551806,0



1559035,0



1587411,0



1594639,0



1623734,0



1630964,0



1659337,0



1666571,0



1694949,0



1702900,0



1731273,0



1738502,0



1766880,0



1774116,0



1803207,0



1810435,0



1838817,0



1846045,0



1874418,0



1882366,0



1910745,0



1917976,0



1946349,0



1953579,0



1982664,0



1989900,0



2018273,0



2025502,0



2053880,0



2061823,0



2090200,0



2097429,0



2125808,0



2133037,0



2162130,0



2169360,0



2197740,0



2204971,0



2233344,0



2241286,0



2269657,0



2276887,0



2305266,0



2312494,0



2341586,0



2348821,0



2377197,0



2384426,0



2412806,0



2420759,0



2449138,0



2456370,0



2484749,0



2491985,0



2521078,0



2528307,0



2556677,0



2564824,0



2593200,0



2601150,0



2629531,0



2636764,0



2665144,0



2672383,0



2701476,0



2708712,0



2737084,0



2744322,0



2772708,0



2780652,0



2809028,0



2817209,0



2845584,0



2852821,0



2881914,0



2889150,0



2917531,0



2924764,0



2953144,0



2961087,0



2989465,0



2996694,0



3025073,0



3032301,0



3061393,0



3068621,0



3096999,0



3104229,0



3132599,0



3140547,0



3168925,0



3176156,0



3204538,0



3211766,0



3240854,0



3248082,0



3276452,0



3283688,0



3312066,0



3320016,0



3348393,0



3355621,0



3383999,0



3391229,0



3420314,0



3427550,0



3455928,0



3463159,0



3491540,0



3499484,0



3527855,0



3535083,0



3563453,0



3570689,0



3599774,0



3607013,0



3635390,0



3642619,0



3670997,0



3678948,0



3707319,0



3714555,0



3742934,0



3750165,0



3779268,0



3786497,0



3814875,0



3822111,0



3850481,0



3858425,0



3886806,0



3894035,0



3922411,0



3929639,0



3958734,0



3965964,0



3994337,0



4001571,0



4029949,0



4037900,0



4066273,0



4073502,0



4101880,0



4109116,0



4138207,0



4145435,0



4173817,0



4181045,0



4209418,0



4217366,0



4245745,0



4252976,0



4281349,0



4288579,0



4317664,0



4324900,0



4353273,0



4360502,0



4388880,0



4396823,0



4425200,0



4432429,0



4460808,0



4468037,0



4497130,0



4504360,0



4532740,0



4539971,0



4568344,0



4576286,0



4604657,0



4612824,0



4641200,0



4648429,0



4677525,0



4684762,0



4713143,0



4720374,0



4748753,0



4756696,0



4785074,0



4792303,0



4820673,0



4827909,0



4857007,0



4865210,0



4893584,0



4900821,0



4929197,0



4937149,0



4965530,0



4972764,0



5001144,0



5008383,0



5037476,0



5044712,0



5073084,0



5080322,0



5108708,0



5116652,0



5145028,0



5152265,0



5180635,0



5187871,0



5216957,0



5224192,0



5252569,0



5259805,0



5288179,0



5296130,0



5324500,0



5331737,0



5360116,0



5367346,0



5396431,0



5403660,0



5432032,0



5439268,0



5467638,0



5475588,0



5503961,0



5511198,0



5539570,0



5546805,0



5575890,0



5583126,0



5611496,0



5618732,0



5647113,0



5655064,0



5683434,0



5690662,0



5719034,0



5726270,0



5755356,0



5762586,0



5790958,0



5798192,0



5826570,0



5834522,0



5862900,0



5870138,0



5898517,0



5905754,0



5934839,0



5942075,0



5970445,0



5977681,0



6006051,0



6014007,0



6042384,0



6049613,0



6077988,0



6085221,0



6114306,0



6121544,0



6149922,0



6157153,0



6185534,0



6193479,0



6221852,0



6229080,0



6257450,0



6264687,0



6293772,0



6301007,0



6329385,0



6336613,0



6364997,0



6372948,0



6401319,0



6408555,0



6436934,0



6444165,0



6473268,0



6480497,0



6508875,0



6516111,0



6544481,0



6552425,0



6580806,0



6588035,0



6616411,0



6623639,0



6652734,0



6660823,0



6689200,0



6696429,0



6724808,0



6732759,0



6761139,0



6768370,0



6796749,0



6803985,0



6833078,0



6840306,0



6868676,0



6875912,0



6904282,0



6913209,0



6941584,0



6948821,0



6977197,0



6984426,0



7013523,0



7020759,0



7049139,0



7056371,0



7084749,0



7092692,0



7121071,0



7128299,0



7156669,0



7163905,0



7193007,0



7200235,0



7228605,0



7235839,0



7264218,0



7272162,0



7300542,0



7307772,0



7336150,0



7343385,0



7372478,0



7379714,0



7408087,0



7415325,0



7443711,0



7451656,0



7480032,0



7487268,0



7515638,0



7522874,0



7551959,0



7559198,0



7587569,0



7594805,0



7623179,0



7631130,0



7659500,0



7666737,0



7695116,0



7702346,0



7731431,0



7738660,0



7767032,0



7774268,0



7802638,0



7810588,0



7838961,0



7846198,0



7874570,0



7881805,0



7910890,0



7918126,0



7946496,0



7953732,0



7982113,0



7990064,0



8018434,0



8025662,0



8054034,0



8061270,0



8090356,0



8097586,0



8125958,0



8133192,0



8161570,0



8169522,0



8197900,0



8205138,0



8233517,0



8240754,0



8269839,0



8277075,0



8305445,0



8312681,0



8341051,0



8349007,0



8377384,0



8384613,0



8412988,0



8420221,0



8449306,0



8456544,0



8484922,0



8492153,0



8520534,0



8528479,0



8556852,0



8564080,0



8592450,0



8599687,0



8628772,0



8636007,0



8664385,0



8671613,0



8699997,0



8707948,0



8736319,0



8743555,0



8771934,0



8779165,0



8808268,0



8815497,0



8843875,0



8851111,0



8879481,0



8887425,0



8915806,0



8923035,0



8951411,0



8959411,0



8988502,0



8995739,0



9024117,0



9031348,0



9059728,0



9067673,0



9096044,0



9103273,0



9131644,0



9138880,0



9167966,0



9175200,0



9203572,0



9210807,0



9239181,0



9247132,0



9275502,0



9282739,0



9311117,0



9318348,0



9347434,0



9354662,0



9383034,0



9390270,0



9418640,0



9426591,0



9454966,0



9462200,0



9490572,0



9497806,0



9526891,0



9534127,0



9562497,0



9569733,0



9598113,0



9606064,0



9634434,0



9641662,0



9670034,0



9677270,0



9706356,0



9713586,0



9741958,0



9749192,0



9777570,0



9785522,0



9813900,0



9821138,0



9849517,0



9856754,0



9885839,0



9893075,0



9921445,0



9928681,0



9957051,0



9965007,0



9993384,0



10000613,0



10028988,0



10036221,0



10065306,0



10072544,0



10100922,0



10108153,0



10136534,0



10144479,0



10172852,0



10180080,0



10208450,0



10215687,0



10245542,0



10252772,0



10281150,0



10288385,0



10316763,0



10324714,0



10353087,0



10360324,0



10388710,0



10395949,0



10425034,0



10432270,0



10460640,0



10467877,0



10497218,0



10505162,0



10533542,0



10540772,0



10569150,0



10576385,0



10605478,0



10612714,0



10641087,0



10648325,0



10676711,0



10684656,0



10713032,0



10720268,0



10748638,0



10756832,0



10785924,0



10793156,0



10821538,0



10828766,0



10857148,0



10865091,0



10893470,0



10900698,0



10929076,0



10936304,0



10965399,0



10972628,0



11001004,0



11009219,0



11037589,0



11045540,0



11073918,0



11081150,0



11109531,0



11116764,0



11145851,0



11153080,0



11181450,0



11188687,0



11217065,0



11225016,0



11253393,0



11260622,0



11288999,0



11296229,0



11325314,0



11332550,0



11360928,0



11368159,0



11396540,0



11404484,0



11432855,0



11440083,0



11468453,0



11475689,0



11504774,0



11512013,0



11540390,0



11547619,0



11575997,0



11583948,0



11612319,0



11619555,0



11647934,0



11655165,0



11684268,0



11691497,0



11719875,0



11727111,0



11755481,0



11763425,0



11791806,0



11799035,0



11827411,0



11834639,0



11863734,0



11870964,0



11899337,0



11906571,0



11934949,0



11942900,0



11971273,0



11978502,0



12006880,0



12014116,0



12043207,0



12050435,0



12078817,0



12086045,0



12114418,0



12122366,0



12150745,0



12157976,0



12186349,0



12193579,0



12222664,0



12229900,0



12258273,0



12265502,0



12293880,0



12301823,0



12330200,0



12337429,0



12365808,0



12373037,0



12402130,0



12409360,0



12437740,0



12444971,0



12473344,0



12481286,0



12509657,0



12516887,0



12545266,0



12552494,0



12581586,0



12588821,0



12617197,0



12624426,0



12652806,0



12660759,0



12689138,0



12696370,0



12724749,0



12731985,0



12761078,0



12768307,0



12796677,0



12804824,0



12833200,0



12841150,0



12869531,0



12876764,0



12905144,0



12912383,0



12941476,0



12948712,0



12977084,0



12984322,0



13012708,0



13020652,0



13049028,0



13057209,0



13085584,0



13092821,0



13121914,0



13129150,0



13157531,0



13164764,0



13193144,0



13201087,0



13229465,0



13236694,0



13265073,0



13272301,0



13301393,0



13308621,0



13336999,0



13344229,0



13372599,0



13380547,0



13408925,0



13416156,0



13444538,0



13451766,0



13480854,0



13488082,0



13516452,0



13523688,0



13552066,0



13560016,0



13588393,0



13595621,0



13623999,0



13631229,0



13660314,0



13667550,0



13695928,0



13703159,0



13731540,0



13739484,0



13767855,0



13775083,0



13803453,0



13810689,0



13839774,0



13847013,0



13875390,0



13882619,0



13910997,0



13918948,0



13947319,0



13954555,0



13982934,0



13990165,0



14019268,0



14026497,0



14054875,0



14062111,0



14090481,0



14098425,0



14126806,0



14134035,0



14162411,0



14169639,0



14198734,0



14205964,0



14234337,0



14241571,0



14269949,0



14277900,0



14306273,0



14313502,0



14341880,0



14349116,0



14378207,0



14385435,0



14413817,0



14421045,0



14449418,0



14457366,0



14485745,0



14492976,0



14521349,0



14528579,0



14557664,0



14564900,0



14593273,0



14600502,0



14628880,0



14636823,0



14665200,0



14672429,0



14700808,0



14708037,0



14737130,0



14744360,0



14772740,0



14779971,0



14808344,0



14816286,0



14844657,0



14852824,0



14881200,0



14888429,0



14917525,0



14924762,0



14953143,0



14960374,0



14988753,0



14996696,0



15025074,0



15032303,0



15060673,0



15067909,0



15097007,0



15105210,0



15133584,0



15140821,0



15169197,0



15177149,0



15205530,0



15212764,0



15241144,0



15248383,0



15277476,0



15284712,0



15313084,0



15320322,0



15348708,0



15356652,0



15385028,0



15392265,0



15420635,0



15427871,0



15456957,0



15464192,0



15492569,0



15499805,0



15528179,0



15536130,0



15564500,0



15571737,0



15600116,0



15607346,0



15636431,0



15643660,0



15672032,0



15679268,0



15707638,0



15715588,0



15743961,0



15751198,0



15779570,0



15786805,0



15815890,0



15823126,0



15851496,0



15858732,0



15887113,0



15895064,0



15923434,0



15930662,0



15959034,0



15966270,0



15995356,0



16002586,0



16030958,0



16038192,0



16066570,0



16074522,0



16102900,0



16110138,0



16138517,0



16145754,0



16174839,0



16182075,0



16210445,0



16217681,0



16246051,0



16254007,0



16282384,0



16289613,0



16317988,0



16325221,0



16354306,0



16361544,0



16389922,0



16397153,0



16425534,0



16433479,0



16461852,0



16469080,0



16497450,0



16504687,0



16533772,0



16541007,0



16569385,0



16576613,0



16604997,0



16612948,0



16641319,0



16648555,0



16676934,0



16684165,0



16713268,0



16720497,0



16748875,0



16756111,0



16784481,0



16792425,0



16820806,0



16828035,0



16856411,0



16863639,0



16892734,0



16900823,0



16929200,0



16936429,0



16964808,0



16972759,0



17001139,0



17008370,0



17036749,0



17043985,0



17073078,0



17080306,0



17108676,0



17115912,0



17144282,0



17153209,0



17181584,0



17188821,0



17217197,0



17224426,0



17253523,0



17260759,0



17289139,0



17296371,0



17324749,0



17332692,0



17361071,0



17368299,0



17396669,0



17403905,0



17433007,0



17440235,0



17468605,0



17475839,0



17504218,0



17512162,0



17540542,0



17547772,0



17576150,0



17583385,0



17612478,0



17619714,0



17648087,0



17655325,0



17683711,0



17691656,0



17720032,0



17727268,0



17755638,0



17762874,0



17791959,0



17799198,0



17827569,0



17834805,0



17863179,0



17871130,0



17899500,0



17906737,0



17935116,0



17942346,0



17971431,0



17978660,0



18007032,0



18014268,0



18042638,0



18050588,0



18078961,0



18086198,0



18114570,0



18121805,0



18150890,0



18158126,0



18186496,0



18193732,0



18222113,0



18230064,0



18258434,0



18265662,0



18294034,0



18301270,0



18330356,0



18337586,0



18365958,0



18373192,0



18401570,0



18409522,0



18437900,0



18445138,0



18473517,0



18480754,0



18509839,0



18517075,0



18545445,0



18552681,0



18581051,0



18589007,0



18617384,0



18624613,0



18652988,0



18660221,0



18689306,0



18696544,0



18724922,0



18732153,0



18760534,0



18768479,0



18796852,0



18804080,0



18832450,0



18839687,0



18868772,0



18876007,0



18904385,0



18911613,0



18939997,0



18947948,0



18976319,0



18983555,0



19011934,0



19019165,0



19048268,0



19055497,0



19083875,0



19091111,0



19119481,0



19127425,0



19155806,0



19163035,0



19191411,0



19199411,0



19228502,0



19235739,0



19264117,0



19271348,0



19299728,0



19307673,0



19336044,0



19343273,0



19371644,0



19378880,0



19407966,0



19415200,0



19443572,0



19450807,0



19479181,0



19487132,0



19515502,0



19522739,0



19551117,0



19558348,0



19587434,0



19594662,0



19623034,0



19630270,0



19658640,0



19666591,0



19694966,0



19702200,0



19730572,0



19737806,0



19766891,0



19774127,0



19802497,0



19809733,0



19838113,0



19846064,0



19874434,0



19881662,0



19910034,0



19917270,0



19946356,0



19953586,0



19981958,0



19989192,0



20017570,0



20025522,0



20053900,0



20061138,0



20089517,0



20096754,0



20125839,0



20133075,0



20161445,0



20168681,0



20197051,0



20205007,0



20233384,0



20240613,0



20268988,0



20276221,0



20305306,0



20312544,0



20340922,0



20348153,0



20376534,0



20384479,0



20412852,0



20420080,0



20448450,0



20455687,0



20485542,0



20492772,0



20521150,0



20528385,0



20556763,0



20564714,0



20593087,0



20600324,0



20628710,0



20635949,0



20665034,0



20672270,0



20700640,0



20707877,0



20737218,0



20745162,0



20773542,0



20780772,0



20809150,0



20816385,0



20845478,0



20852714,0



20881087,0



20888325,0



20916711,0



20924656,0



20953032,0



20960268,0



20988638,0



20996832,0



21025924,0



21033156,0



21061538,0



21068766,0



21097148,0



21105091,0



21133470,0



21140698,0



21169076,0



21176304,0



21205399,0



21212628,0



21241004,0



21249219,0



21277589,0



21285540,0



21313918,0



21321150,0



21349531,0



21356764,0



21385851,0



21393080,0



21421450,0



21428687,0



21457065,0



21465016,0



21493393,0



21500622,0



21528999,0



21536229,0



21565314,0



21572550,0



21600928,0



21608159,0



21636540,0



21644484,0



21672855,0



21680083,0



21708453,0



21715689,0



21744774,0



21752013,0



21780390,0



21787619,0



21815997,0



21823948,0



21852319,0



21859555,0



21887934,0



21895165,0



21924268,0



21931497,0



21959875,0



21967111,0



21995481,0



22003425,0



22031806,0



22039035,0



22067411,0



22074639,0



22103734,0



22110964,0



22139337,0



22146571,0



22174949,0



22182900,0



22211273,0



22218502,0



22246880,0



22254116,0



22283207,0



22290435,0



22318817,0



22326045,0



22354418,0



22362366,0



22390745,0



22397976,0



22426349,0



22433579,0



22462664,0



22469900,0



22498273,0



22505502,0



22533880,0



22541823,0



22570200,0



22577429,0



22605808,0



22613037,0



22642130,0



22649360,0



22677740,0



22684971,0



22713344,0



22721286,0



22749657,0



22756887,0



22785266,0



22792494,0



22821586,0



22828821,0



22857197,0



22864426,0



22892806,0



22900759,0



22929138,0



22936370,0



22964749,0



22971985,0



23001078,0



23008307,0



23036677,0



23044824,0



23073200,0



23081150,0



23109531,0



23116764,0



23145144,0



23152383,0



23181476,0



23188712,0



23217084,0



23224322,0



23252708,0



23260652,0



23289028,0



23297209,0



23325584,0



23332821,0



23361914,0



23369150,0



23397531,0



23404764,0



23433144,0



23441087,0



23469465,0



23476694,0



23505073,0



23512301,0



23541393,0



23548621,0



23576999,0



23584229,0



23612599,0



23620547,0



23648925,0



23656156,0



23684538,0



23691766,0



23720854,0



23728082,0



23756452,0



23763688,0



23792066,0



23800016,0



23828393,0



23835621,0



23863999,0



23871229,0



23900314,0



23907550,0



23935928,0



23943159,0



23971540,0



23979484,0



24007855,0



24015083,0



24043453,0



24050689,0



24079774,0



24087013,0



24115390,0



24122619,0



24150997,0



24158948,0



24187319,0



24194555,0



24222934,0



24230165,0



24259268,0



24266497,0



24294875,0



24302111,0



24330481,0



24338425,0



24366806,0



24374035,0



24402411,0



24409639,0



24438734,0



24445964,0



24474337,0



24481571,0



24509949,0



24517900,0



24546273,0



24553502,0



24581880,0



24589116,0



24618207,0



24625435,0



24653817,0



24661045,0



24689418,0



24697366,0



24725745,0



24732976,0



24761349,0



24768579,0



24797664,0



24804900,0



24833273,0



24840502,0



24868880,0



24876823,0



24905200,0



24912429,0



24940808,0



24948037,0



24977130,0



24984360,0



25012740,0



25019971,0



25048344,0



25056286,0



25084657,0



25092824,0



25121200,0



25128429,0



25157525,0



25164762,0



25193143,0



25200374,0



25228753,0



25236696,0



25265074,0



25272303,0



25300673,0



25307909,0



25337007,0



25345210,0



25373584,0



25380821,0



25409197,0



25417149,0



25445530,0



25452764,0



25481144,0



25488383,0



25517476,0



25524712,0



25553084,0



25560322,0



25588708,0



25596652,0



25625028,0



25632265,0



25660635,0



25667871,0



25696957,0



25704192,0



25732569,0



25739805,0



25768179,0



25776130,0



25804500,0



25811737,0



25840116,0



25847346,0



25876431,0



25883660,0



25912032,0



25919268,0



25947638,0



25955588,0



25983961,0



25991198,0



26019570,0



26026805,0



26055890,0



26063126,0



26091496,0



26098732,0



26127113,0



26135064,0



26163434,0



26170662,0



26199034,0



26206270,0



26235356,0



26242586,0



26270958,0



26278192,0



26306570,0



26314522,0



26342900,0



26350138,0



26378517,0



26385754,0



26414839,0



26422075,0



26450445,0



26457681,0



26486051,0



26494007,0



26522384,0



26529613,0



26557988,0



26565221,0



26594306,0



26601544,0



26629922,0



26637153,0



26665534,0



26673479,0



26701852,0



26709080,0



26737450,0



26744687,0



26773772,0



26781007,0



26809385,0



26816613,0



26844997,0



26852948,0



26881319,0



26888555,0



26916934,0



26924165,0



26953268,0



26960497,0



26988875,0



26996111,0



27024481,0



27032425,0



27060806,0



27068035,0



27096411,0



27103639,0



27132734,0



27140823,0



27169200,0



27176429,0



27204808,0



27212759,0



27241139,0



27248370,0



27276749,0



27283985,0



27313078,0



27320306,0



27348676,0



27355912,0



27384282,0



27393209,0



27421584,0



27428821,0



27457197,0



27464426,0



27493523,0



27500759,0



27529139,0



27536371,0



27564749,0



27572692,0



27601071,0



27608299,0



27636669,0



27643905,0



27673007,0



27680235,0



27708605,0



27715839,0



27744218,0



27752162,0



27780542,0



27787772,0



27816150,0



27823385,0



27852478,0



27859714,0



27888087,0



27895325,0



27923711,0



27931656,0



27960032,0



27967268,0



27995638,0



28002874,0



28031959,0



28039198,0



28067569,0



28074805,0



28103179,0



28111130,0



28139500,0



28146737,0



28175116,0



28182346,0



28211431,0



28218660,0



28247032,0



28254268,0



28282638,0



28290588,0



28318961,0



28326198,0



28354570,0



28361805,0



28390890,0



28398126,0



28426496,0



28433732,0



28462113,0



28470064,0



28498434,0



28505662,0



28534034,0



28541270,0



28570356,0



28577586,0



28605958,0



28613192,0



28641570,0



28649522,0



28677900,0



28685138,0



28713517,0



28720754,0



28749839,0



28757075,0



28785445,0



28792681,0



28821051,0



28829007,0



28857384,0



28864613,0



28892988,0



28900221,0



28929306,0



28936544,0



28964922,0



28972153,0



29000534,0



29008479,0



29036852,0



29044080,0



29072450,0



29079687,0



29108772,0



29116007,0



29144385,0



29151613,0



29179997,0



29187948,0



29216319,0



29223555,0



29251934,0



29259165,0



29288268,0



29295497,0



29323875,0



29331111,0



29359481,0



29367425,0



29395806,0



29403035,0



29431411,0



29439411,0



29468502,0



29475739,0



29504117,0



29511348,0



29539728,0



29547673,0



29576044,0



29583273,0



29611644,0



29618880,0



29647966,0



29655200,0



29683572,0



29690807,0



29719181,0



29727132,0



29755502,0



29762739,0



29791117,0



29798348,0



29827434,0



29834662,0



29863034,0



29870270,0



29898640,0



29906591,0



29934966,0



29942200,0



29970572,0



29977806,0



30006891,0



30014127,0



30042497,0



30049733,0



30078113,0



30086064,0



30114434,0



30121662,0



30150034,0



30157270,0



30186356,0



30193586,0



30221958,0



30229192,0



30257570,0



30265522,0



30293900,0



30301138,0



30329517,0



30336754,0



30365839,0



30373075,0



30401445,0



30408681,0



30437051,0



30445007,0



30473384,0



30480613,0



30508988,0



30516221,0



30545306,0



30552544,0



30580922,0



30588153,0



30616534,0



30624479,0



30652852,0



30660080,0



30688450,0



30695687,0



30725542,0



30732772,0



30761150,0



30768385,0



30796763,0



30804714,0



30833087,0



30840324,0



30868710,0



30875949,0



30905034,0



30912270,0



30940640,0



30947877,0



30977218,0



30985162,0



31013542,0



31020772,0



31049150,0



31056385,0



31085478,0



31092714,0



31121087,0



31128325,0



31156711,0



31164656,0



31193032,0



31200268,0



31228638,0



31236832,0



31265924,0



31273156,0



31301538,0



31308766,0



31337148,0



31345091,0



31373470,0



31380698,0



31409076,0



31416304,0



31445399,0



31452628,0



31481004,0



31489219,0



31517589,0



31525540,0



31553918,0



31561150,0



31589531,0



31596764,0



31625851,0



31633080,0



31661450,0



31668687,0



31697065,0



31705016,0



31733393,0



31740622,0



31768999,0



31776229,0



31805314,0



31812550,0



31840928,0



31848159,0



31876540,0



31884484,0



31912855,0



31920083,0



31948453,0



31955689,0



31984774,0



31992013,0



32020390,0



32027619,0



32055997,0



32063948,0



32092319,0



32099555,0



32127934,0



32135165,0



32164268,0



32171497,0



32199875,0



32207111,0



32235481,0



32243425,0



32271806,0



32279035,0



32307411,0



32314639,0



32343734,0



32350964,0



32379337,0



32386571,0



32414949,0



32422900,0



32451273,0



32458502,0



32486880,0



32494116,0



32523207,0



32530435,0



32558817,0



32566045,0



32594418,0



32602366,0



32630745,0



32637976,0



32666349,0



32673579,0



32702664,0



32709900,0



32738273,0



32745502,0



32773880,0



32781823,0



32810200,0



32817429,0



32845808,0



32853037,0



32882130,0



32889360,0



32917740,0



32924971,0



32953344,0



32961286,0



32989657,0



32996887,0



33025266,0



33032494,0



33061586,0



33068821,0



33097197,0



33104426,0



33132806,0



33140759,0



33169138,0



33176370,0



33204749,0



33211985,0



33241078,0



33248307,0



33276677,0



33284824,0



33313200,0



33321150,0



33349531,0



33356764,0



33385144,0



33392383,0



33421476,0



33428712,0



33457084,0



33464322,0



33492708,0



33500652,0



33529028,0



33537209,0



33565584,0



33572821,0



33601914,0



33609150,0



33637531,0



33644764,0



33673144,0



33681087,0



33709465,0



33716694,0



33745073,0



33752301,0



33781393,0



33788621,0



33816999,0



33824229,0



33852599,0



33860547,0



33888925,0



33896156,0



33924538,0



33931766,0



33960854,0



33968082,0



33996452,0



34003688,0



34032066,0



34040016,0



34068393,0



34075621,0



34103999,0



34111229,0



34140314,0



34147550,0



34175928,0



34183159,0



34211540,0



34219484,0



34247855,0



34255083,0



34283453,0



34290689,0



34319774,0



34327013,0



34355390,0



34362619,0



34390997,0



34398948,0



34427319,0



34434555,0



34462934,0



34470165,0



34499268,0



34506497,0



34534875,0



34542111,0



34570481,0



34578425,0



34606806,0



34614035,0



34642411,0



34649639,0



34678734,0



34685964,0



34714337,0



34721571,0



34749949,0



34757900,0



34786273,0



34793502,0



34821880,0



34829116,0



34858207,0



34865435,0



34893817,0



34901045,0



34929418,0



34937366,0



34965745,0



34972976,0



35001349,0



35008579,0



35037664,0



35044900,0



35073273,0



35080502,0



35108880,0



35116823,0



35145200,0



35152429,0



35180808,0



35188037,0



35217130,0



35224360,0



35252740,0



35259971,0



35288344,0



35296286,0



35324657,0



35332824,0



35361200,0



35368429,0



35397525,0



35404762,0



35433143,0



35440374,0



35468753,0



35476696,0



35505074,0



35512303,0



35540673,0



35547909,0



35577007,0



35585210,0



35613584,0



35620821,0



35649197,0



35657149,0



35685530,0



35692764,0



35721144,0



35728383,0



35757476,0



35764712,0



35793084,0



35800322,0



35828708,0



35836652,0



35865028,0



35872265,0



35900635,0



35907871,0



35936957,0



35944192,0



35972569,0



35979805,0



36008179,0



36016130,0



36044500,0



36051737,0



36080116,0



36087346,0



36116431,0



36123660,0



36152032,0



36159268,0



36187638,0



36195588,0



36223961,0



36231198,0



36259570,0



36266805,0



36295890,0



36303126,0



36331496,0



36338732,0



36367113,0



36375064,0



36403434,0



36410662,0



36439034,0



36446270,0



36475356,0



36482586,0



36510958,0



36518192,0



36546570,0



36554522,0



36582900,0



36590138,0



36618517,0



36625754,0



36654839,0



36662075,0



36690445,0



36697681,0



36726051,0



36734007,0



36762384,0



36769613,0



36797988,0



36805221,0



36834306,0



36841544,0



36869922,0



36877153,0



36905534,0



36913479,0



36941852,0



36949080,0



36977450,0



36984687,0



37013772,0



37021007,0



37049385,0



37056613,0



37084997,0



37092948,0



37121319,0



37128555,0



37156934,0



37164165,0



37193268,0



37200497,0



37228875,0



37236111,0



37264481,0



37272425,0



37300806,0



37308035,0



37336411,0



37343639,0



37372734,0



37380823,0



37409200,0



37416429,0



37444808,0



37452759,0



37481139,0



37488370,0



37516749,0



37523985,0



37553078,0



37560306,0



37588676,0



37595912,0



37624282,0



37633209,0



37661584,0



37668821,0



37697197,0



37704426,0



37733523,0



37740759,0



37769139,0



37776371,0



37804749,0



37812692,0



37841071,0



37848299,0



37876669,0



37883905,0



37913007,0



37920235,0



37948605,0



37955839,0



37984218,0



37992162,0



38020542,0



38027772,0



38056150,0



38063385,0



38092478,0



38099714,0



38128087,0



38135325,0



38163711,0



38171656,0



38200032,0



38207268,0



38235638,0



38242874,0



38271959,0



38279198,0



38307569,0



38314805,0



38343179,0



38351130,0



38379500,0



38386737,0



38415116,0



38422346,0



38451431,0



38458660,0



38487032,0



38494268,0



38522638,0



38530588,0



38558961,0



38566198,0



38594570,0



38601805,0



38630890,0



38638126,0



38666496,0



38673732,0



38702113,0



38710064,0



38738434,0



38745662,0



38774034,0



38781270,0



38810356,0



38817586,0



38845958,0



38853192,0



38881570,0



38889522,0



38917900,0



38925138,0



38953517,0



38960754,0



38989839,0



38997075,0



39025445,0



39032681,0



39061051,0



39069007,0



39097384,0



39104613,0



39132988,0



39140221,0



39169306,0



39176544,0



39204922,0



39212153,0



39240534,0



39248479,0



39276852,0



39284080,0



39312450,0



39319687,0



39348772,0



39356007,0



39384385,0



39391613,0



39419997,0



39427948,0



39456319,0



39463555,0



39491934,0



39499165,0



39528268,0



39535497,0



39563875,0



39571111,0



39599481,0



39607425,0



39635806,0



39643035,0



39671411,0



39679411,0



39708502,0



39715739,0



39744117,0



39751348,0



39779728,0



39787673,0



39816044,0



39823273,0



39851644,0



39858880,0



39887966,0



39895200,0



39923572,0



39930807,0



39959181,0



39967132,0



39995502,0



40002739,0



40031117,0



40038348,0



40067434,0



40074662,0



40103034,0



40110270,0



40138640,0



40146591,0



40174966,0



40182200,0



40210572,0



40217806,0



40246891,0



40254127,0



40282497,0



40289733,0



40318113,0



40326064,0



40354434,0



40361662,0



40390034,0



40397270,0



40426356,0



40433586,0



40461958,0



40469192,0



40497570,0



40505522,0



40533900,0



40541138,0



40569517,0



40576754,0



40605839,0



40613075,0



40641445,0



40648681,0



40677051,0



40685007,0



40713384,0



40720613,0



40748988,0



40756221,0



40785306,0



40792544,0



40820922,0



40828153,0



40856534,0



40864479,0



40892852,0



40900080,0



40928450,0



40935687,0



40965542,0



40972772,0



41001150,0



41008385,0



41036763,0



41044714,0



41073087,0



41080324,0



41108710,0



41115949,0



41145034,0



41152270,0



41180640,0



41187877,0



41217218,0



41225162,0



41253542,0



41260772,0



41289150,0



41296385,0



41325478,0



41332714,0



41361087,0



41368325,0



41396711,0



41404656,0



41433032,0



41440268,0



41468638,0



41476832,0



41505924,0



41513156,0



41541538,0



41548766,0



41577148,0



41585091,0



41613470,0



41620698,0



41649076,0



41656304,0



41685399,0



41692628,0



41721004,0



41729219,0



41757589,0



41765540,0



41793918,0



41801150,0



41829531,0



41836764,0



41865851,0



41873080,0



41901450,0



41908687,0



41937065,0



41945016,0



41973393,0



41980622,0



42008999,0



42016229,0



42045314,0



42052550,0



42080928,0



42088159,0



42116540,0



42124484,0



42152855,0



42160083,0



42188453,0



42195689,0



42224774,0



42232013,0



42260390,0



42267619,0



42295997,0



42303948,0



42332319,0



42339555,0



42367934,0



42375165,0



42404268,0



42411497,0



42439875,0



42447111,0



42475481,0



42483425,0



42511806,0



42519035,0



42547411,0



42554639,0



42583734,0



42590964,0



42619337,0



42626571,0



42654949,0



42662900,0



42691273,0



42698502,0



42726880,0



42734116,0



42763207,0



42770435,0



42798817,0



42806045,0



42834418,0



42842366,0



42870745,0



42877976,0



42906349,0



42913579,0



42942664,0



42949900,0



42978273,0



42985502,0



43013880,0



43021823,0



43050200,0



43057429,0



43085808,0



43093037,0



43122130,0



43129360,0



43157740,0



43164971,0



43193344,0



43201286,0



43229657,0



43236887,0



43265266,0



43272494,0



43301586,0



43308821,0



43337197,0



43344426,0



43372806,0



43380759,0



43409138,0



43416370,0



43444749,0



43451985,0



43481078,0



43488307,0



43516677,0



43524824,0



43553200,0



43561150,0



43589531,0



43596764,0



43625144,0



43632383,0



43661476,0



43668712,0



43697084,0



43704322,0



43732708,0



43740652,0



43769028,0



43777209,0



43805584,0



43812821,0



43841914,0



43849150,0



43877531,0



43884764,0



43913144,0



43921087,0



43949465,0



43956694,0



43985073,0



43992301,0



44021393,0



44028621,0



44056999,0



44064229,0



44092599,0



44100547,0



44128925,0



44136156,0



44164538,0



44171766,0



44200854,0



44208082,0



44236452,0



44243688,0



44272066,0



44280016,0



44308393,0



44315621,0



44343999,0



44351229,0



44380314,0



44387550,0



44415928,0



44423159,0



44451540,0



44459484,0



44487855,0



44495083,0



44523453,0



44530689,0



44559774,0



44567013,0



44595390,0



44602619,0



44630997,0



44638948,0



44667319,0



44674555,0



44702934,0



44710165,0



44739268,0



44746497,0



44774875,0



44782111,0



44810481,0



44818425,0



44846806,0



44854035,0



44882411,0



44889639,0



44918734,0



44925964,0



44954337,0



44961571,0



44989949,0



44997900,0



45026273,0



45033502,0



45061880,0



45069116,0



45098207,0



45105435,0



45133817,0



45141045,0



45169418,0



45177366,0



45205745,0



45212976,0



45241349,0



45248579,0



45277664,0



45284900,0



45313273,0



45320502,0



45348880,0



45356823,0



45385200,0



45392429,0



45420808,0



45428037,0



45457130,0



45464360,0



45492740,0



45499971,0



45528344,0



45536286,0



45564657,0



45572824,0



45601200,0



45608429,0



45637525,0



45644762,0



45673143,0



45680374,0



45708753,0



45716696,0



45745074,0



45752303,0



45780673,0



45787909,0



45817007,0



45825210,0



45853584,0



45860821,0



45889197,0



45897149,0



45925530,0



45932764,0



45961144,0



45968383,0



45997476,0



46004712,0



46033084,0



46040322,0



46068708,0



46076652,0



46105028,0



46112265,0



46140635,0



46147871,0



46176957,0



46184192,0



46212569,0



46219805,0



46248179,0



46256130,0



46284500,0



46291737,0



46320116,0



46327346,0



46356431,0



46363660,0



46392032,0



46399268,0



46427638,0



46435588,0



46463961,0



46471198,0



46499570,0



46506805,0



46535890,0



46543126,0



46571496,0



46578732,0



46607113,0



46615064,0



46643434,0



46650662,0



46679034,0



46686270,0



46715356,0



46722586,0



46750958,0



46758192,0



46786570,0



46794522,0



46822900,0



46830138,0



46858517,0



46865754,0



46894839,0



46902075,0



46930445,0



46937681,0



46966051,0



46974007,0



47002384,0



47009613,0



47037988,0



47045221,0



47074306,0



47081544,0



47109922,0



47117153,0



47145534,0



47153479,0



47181852,0



47189080,0



47217450,0



47224687,0



47253772,0



47261007,0



47289385,0



47296613,0



47324997,0



47332948,0



47361319,0



47368555,0



47396934,0



47404165,0



47433268,0



47440497,0



47468875,0



47476111,0



47504481,0



47512425,0



47540806,0



47548035,0



47576411,0



47583639,0



47612734,0



47620823,0



47649200,0



47656429,0



47684808,0



47692759,0



47721139,0



47728370,0



47756749,0



47763985,0



47793078,0



47800306,0



47828676,0



47835912,0



47864282,0



47873209,0



47901584,0



47908821,0



47937197,0



47944426,0



47973523,0



47980759,0



48009139,0



48016371,0



48044749,0



48052692,0



48081071,0



48088299,0



48116669,0



48123905,0



48153007,0



48160235,0



48188605,0



48195839,0



48224218,0



48232162,0



48260542,0



48267772,0



48296150,0



48303385,0



48332478,0



48339714,0



48368087,0



48375325,0



48403711,0



48411656,0



48440032,0



48447268,0



48475638,0



48482874,0



48511959,0



48519198,0



48547569,0



48554805,0



48583179,0



48591130,0



48619500,0



48626737,0



48655116,0



48662346,0



48691431,0



48698660,0



48727032,0



48734268,0



48762638,0



48770588,0



48798961,0



48806198,0



48834570,0



48841805,0



48870890,0



48878126,0



48906496,0



48913732,0



48942113,0



48950064,0



48978434,0



48985662,0



49014034,0



49021270,0



49050356,0



49057586,0



49085958,0



49093192,0



49121570,0



49129522,0



49157900,0



49165138,0



49193517,0



49200754,0



49229839,0



49237075,0



49265445,0



49272681,0



49301051,0



49309007,0



49337384,0



49344613,0



49372988,0



49380221,0



49409306,0



49416544,0



49444922,0



49452153,0



49480534,0



49488479,0



49516852,0



49524080,0



49552450,0



49559687,0



49588772,0



49596007,0



49624385,0



49631613,0



49659997,0



49667948,0



49696319,0



49703555,0



49731934,0



49739165,0



49768268,0



49775497,0



49803875,0



49811111,0



49839481,0



49847425,0



49875806,0



49883035,0



49911411,0



49919411,0



49948502,0



49955739,0



49984117,0



49991348,0



50019728,0



50027673,0



50056044,0



50063273,0



50091644,0



50098880,0



50127966,0



50135200,0



50163572,0



50170807,0



50199181,0



50207132,0



50235502,0



50242739,0



50271117,0



50278348,0



50307434,0



50314662,0



50343034,0



50350270,0



50378640,0



50386591,0



50414966,0



50422200,0



50450572,0



50457806,0



50486891,0



50494127,0



50522497,0



50529733,0



50558113,0



50566064,0



50594434,0



50601662,0



50630034,0



50637270,0



50666356,0



50673586,0



50701958,0



50709192,0



50737570,0



50745522,0



50773900,0



50781138,0



50809517,0



50816754,0



50845839,0



50853075,0



50881445,0



50888681,0



50917051,0



50925007,0



50953384,0



50960613,0



50988988,0



50996221,0



51025306,0



51032544,0



51060922,0



51068153,0



51096534,0



51104479,0



51132852,0



51140080,0



51168450,0



51175687,0



51205542,0



51212772,0



51241150,0



51248385,0



51276763,0



51284714,0



51313087,0



51320324,0



51348710,0



51355949,0



51385034,0



51392270,0



51420640,0



51427877,0



51457218,0



51465162,0



51493542,0



51500772,0



51529150,0



51536385,0



51565478,0



51572714,0



51601087,0



51608325,0



51636711,0



51644656,0



51673032,0



51680268,0



51708638,0



51716832,0



51745924,0



51753156,0



51781538,0



51788766,0



51817148,0



51825091,0



51853470,0



51860698,0



51889076,0



51896304,0



51925399,0



51932628,0



51961004,0



51969219,0



51997589,0



52005540,0



52033918,0



52041150,0



52069531,0



52076764,0



52105851,0



52113080,0



52141450,0



52148687,0



52177065,0



52185016,0



52213393,0



52220622,0



52248999,0



52256229,0



52285314,0



52292550,0



52320928,0



52328159,0



52356540,0



52364484,0



52392855,0



52400083,0



52428453,0



52435689,0



52464774,0



52472013,0



52500390,0



52507619,0



52535997,0



52543948,0



52572319,0



52579555,0



52607934,0



52615165,0



52644268,0



52651497,0



52679875,0



52687111,0



52715481,0



52723425,0



52751806,0



52759035,0



52787411,0



52794639,0



52823734,0



52830964,0



52859337,0



52866571,0



52894949,0



52902900,0



52931273,0



52938502,0



52966880,0



52974116,0



53003207,0



53010435,0



53038817,0



53046045,0



53074418,0



53082366,0



53110745,0



53117976,0



53146349,0



53153579,0



53182664,0



53189900,0



53218273,0



53225502,0



53253880,0



53261823,0



53290200,0



53297429,0



53325808,0



53333037,0



53362130,0



53369360,0



53397740,0



53404971,0



53433344,0



53441286,0



53469657,0



53476887,0



53505266,0



53512494,0



53541586,0



53548821,0



53577197,0



53584426,0



53612806,0



53620759,0



53649138,0



53656370,0



53684749,0



53691985,0



53721078,0



53728307,0



53756677,0



53764824,0



53793200,0



53801150,0



53829531,0



53836764,0



53865144,0



53872383,0



53901476,0



53908712,0



53937084,0



53944322,0



53972708,0



53980652,0



54009028,0



54017209,0



54045584,0



54052821,0



54081914,0



54089150,0



54117531,0



54124764,0



54153144,0



54161087,0



54189465,0



54196694,0



54225073,0



54232301,0



54261393,0



54268621,0



54296999,0



54304229,0



54332599,0



54340547,0



54368925,0



54376156,0



54404538,0



54411766,0



54440854,0



54448082,0



54476452,0



54483688,0



54512066,0



54520016,0



54548393,0



54555621,0



54583999,0



54591229,0



54620314,0



54627550,0



54655928,0



54663159,0



54691540,0



54699484,0



54727855,0



54735083,0



54763453,0



54770689,0



54799774,0



54807013,0



54835390,0



54842619,0



54870997,0



54878948,0



54907319,0



54914555,0



54942934,0



54950165,0



54979268,0



54986497,0



55014875,0



55022111,0



55050481,0



55058425,0



55086806,0



55094035,0



55122411,0



55129639,0



55158734,0



55165964,0



55194337,0



55201571,0



55229949,0



55237900,0



55266273,0



55273502,0



55301880,0



55309116,0



55338207,0



55345435,0



55373817,0



55381045,0



55409418,0



55417366,0



55445745,0



55452976,0



55481349,0



55488579,0



55517664,0



55524900,0



55553273,0



55560502,0



55588880,0



55596823,0



55625200,0



55632429,0



55660808,0



55668037,0



55697130,0



55704360,0



55732740,0



55739971,0



55768344,0



55776286,0



55804657,0



55812824,0



55841200,0



55848429,0



55877525,0



55884762,0



55913143,0



55920374,0



55948753,0



55956696,0



55985074,0



55992303,0



56020673,0



56027909,0



56057007,0



56065210,0



56093584,0



56100821,0



56129197,0



56137149,0



56165530,0



56172764,0



56201144,0



56208383,0



56237476,0



56244712,0



56273084,0



56280322,0



56308708,0



56316652,0



56345028,0



56352265,0



56380635,0



56387871,0



56416957,0



56424192,0



56452569,0



56459805,0



56488179,0



56496130,0



56524500,0



56531737,0



56560116,0



56567346,0



56596431,0



56603660,0



56632032,0



56639268,0



56667638,0



56675588,0



56703961,0



56711198,0



56739570,0



56746805,0



56775890,0



56783126,0



56811496,0



56818732,0



56847113,0



56855064,0



56883434,0



56890662,0



56919034,0



56926270,0



56955356,0



56962586,0



56990958,0



56998192,0



57026570,0



57034522,0



57062900,0



57070138,0



57098517,0



57105754,0



57134839,0



57142075,0



57170445,0



57177681,0



57206051,0



57214007,0



57242384,0



57249613,0



57277988,0



57285221,0



57314306,0



57321544,0



57349922,0



57357153,0



57385534,0



57393479,0



57421852,0



57429080,0



57457450,0



57464687,0



57493772,0



57501007,0



57529385,0



57536613,0



57564997,0



57572948,0



57601319,0



57608555,0



57636934,0



57644165,0



57673268,0



57680497,0



57708875,0



57716111,0



57744481,0



57752425,0



57780806,0



57788035,0



57816411,0



57823639,0



57852734,0



57860823,0



57889200,0



57896429,0



57924808,0



57932759,0



57961139,0



57968370,0



57996749,0



58003985,0



58033078,0



58040306,0



58068676,0



58075912,0



58104282,0



58113209,0



58141584,0



58148821,0



58177197,0



58184426,0



58213523,0



58220759,0



58249139,0



58256371,0



58284749,0



58292692,0



58321071,0



58328299,0



58356669,0



58363905,0



58393007,0



58400235,0



58428605,0



58435839,0



58464218,0



58472162,0



58500542,0



58507772,0



58536150,0



58543385,0



58572478,0



58579714,0



58608087,0



58615325,0



58643711,0



58651656,0



58680032,0



58687268,0



58715638,0



58722874,0



58751959,0



58759198,0



58787569,0



58794805,0



58823179,0



58831130,0



58859500,0



58866737,0



58895116,0



58902346,0



58931431,0



58938660,0



58967032,0



58974268,0



59002638,0



59010588,0



59038961,0



59046198,0



59074570,0



59081805,0



59110890,0



59118126,0



59146496,0



59153732,0



59182113,0



59190064,0



59218434,0



59225662,0



59254034,0



59261270,0



59290356,0



59297586,0



59325958,0



59333192,0



59361570,0



59369522,0



59397900,0



59405138,0



59433517,0



59440754,0



59469839,0



59477075,0



59505445,0



59512681,0



59541051,0



59549007,0



59577384,0



59584613,0



59612988,0



59620221,0



59649306,0



59656544,0



59684922,0



59692153,0



59720534,0



59728479,0



59756852,0



59764080,0



59792450,0



59799687,0



59828772,0



59836007,0



59864385,0



59871613,0



59899997,0



59907948,0



59936319,0



59943555,0



59971934,0



59979165,0



60008268,0



60015497,0



60043875,0



60051111,0



60079481,0



60087425,0



60115806,0



60123035,0



60151411,0



60159411,0



60188502,0



60195739,0



60224117,0



60231348,0



60259728,0



60267673,0



60296044,0



60303273,0



60331644,0



60338880,0



60367966,0



60375200,0



60403572,0



60410807,0



60439181,0



60447132,0



60475502,0



60482739,0



60511117,0



60518348,0



60547434,0



60554662,0



60583034,0



60590270,0



60618640,0



60626591,0



60654966,0



60662200,0



60690572,0



60697806,0



60726891,0



60734127,0



60762497,0



60769733,0



60798113,0



60806064,0



60834434,0



60841662,0



60870034,0



60877270,0



60906356,0



60913586,0



60941958,0



60949192,0



60977570,0



60985522,0



61013900,0



61021138,0



61049517,0



61056754,0



61085839,0



61093075,0



61121445,0



61128681,0



61157051,0



61165007,0



61193384,0



61200613,0



61228988,0



61236221,0



61265306,0



61272544,0



61300922,0



61308153,0



61336534,0



61344479,0



61372852,0



61380080,0



61408450,0



61415687,0



61445542,0



61452772,0



61481150,0



61488385,0



61516763,0



61524714,0



61553087,0



61560324,0



61588710,0



61595949,0



61625034,0



61632270,0



61660640,0



61667877,0



61697218,0



61705162,0



61733542,0



61740772,0



61769150,0



61776385,0



61805478,0



61812714,0



61841087,0



61848325,0



61876711,0



61884656,0



61913032,0



61920268,0



61948638,0



61956832,0



61985924,0



61993156,0



62021538,0



62028766,0



62057148,0



62065091,0



62093470,0



62100698,0



62129076,0



62136304,0



62165399,0



62172628,0



62201004,0



62209219,0



62237589,0



62245540,0



62273918,0



62281150,0



62309531,0



62316764,0



62345851,0



62353080,0



62381450,0



62388687,0



62417065,0



62425016,0



62453393,0



62460622,0



62488999,0



62496229,0



62525314,0



62532550,0



62560928,0



62568159,0



62596540,0



62604484,0



62632855,0



62640083,0



62668453,0



62675689,0



62704774,0



62712013,0



62740390,0



62747619,0



62775997,0



62783948,0



62812319,0



62819555,0



62847934,0



62855165,0



62884268,0



62891497,0



62919875,0



62927111,0



62955481,0



62963425,0



62991806,0



62999035,0



63027411,0



63034639,0



63063734,0



63070964,0



63099337,0



63106571,0



63134949,0



63142900,0



63171273,0



63178502,0



63206880,0



63214116,0



63243207,0



63250435,0



63278817,0



63286045,0



63314418,0



63322366,0



63350745,0



63357976,0



63386349,0



63393579,0



63422664,0



63429900,0



63458273,0



63465502,0



63493880,0



63501823,0



63530200,0



63537429,0



63565808,0



63573037,0



63602130,0



63609360,0



63637740,0



63644971,0



63673344,0



63681286,0



63709657,0



63716887,0



63745266,0



63752494,0



63781586,0



63788821,0



63817197,0



63824426,0



63852806,0



63860759,0



63889138,0



63896370,0



63924749,0



63931985,0



63961078,0



63968307,0



63996677,0



64004824,0



64033200,0



64041150,0



64069531,0



64076764,0



64105144,0



64112383,0



64141476,0



64148712,0



64177084,0



64184322,0



64212708,0



64220652,0



64249028,0



64257209,0



64285584,0



64292821,0



64321914,0



64329150,0



64357531,0



64364764,0



64393144,0



64401087,0



64429465,0



64436694,0



64465073,0



64472301,0



64501393,0



64508621,0



64536999,0



64544229,0



64572599,0



64580547,0



64608925,0



64616156,0



64644538,0



64651766,0



64680854,0



64688082,0



64716452,0



64723688,0



64752066,0



64760016,0



64788393,0



64795621,0



64823999,0



64831229,0



64860314,0



64867550,0



64895928,0



64903159,0



64931540,0



64939484,0



64967855,0



64975083,0



65003453,0



65010689,0



65039774,0



65047013,0



65075390,0



65082619,0



65110997,0



65118948,0



65147319,0



65154555,0



65182934,0



65190165,0



65219268,0



65226497,0



65254875,0



65262111,0



65290481,0



65298425,0



65326806,0



65334035,0



65362411,0



65369639,0
No Data
.....
