-214,-123,2063,-1,-5,38
-234,-134,2059,51,-15,51
-199,-108,2049,22,72,24
-201,-110,2050,24,19,30
-192,-140,2066,40,-12,37
-212,-116,2078,38,-19,35
-194,-104,2052,25,15,-3
-222,-96,2071,16,-16,0
-194,-127,2053,-1,11,1
-195,-145,2051,-3,31,10
-193,-102,2096,11,33,24
-224,-116,2058,-2,20,14
-205,-134,2051,32,39,13
-210,-121,2078,22,-1,31
-212,-104,2053,34,-7,17
-216,-148,2086,24,-4,8
-213,-132,2070,44,-13,33
-186,-120,2060,22,-10,-27
-232,-132,2059,21,-8,41
-211,-125,2073,1,-2,38
-209,-120,2058,31,7,-1
-220,-129,2059,17,11,46
-187,-105,2056,20,7,36
-196,-128,2039,34,5,59
-210,-111,2064,15,6,8
-189,-141,2060,4,6,31
-192,-142,2066,36,22,9
-227,-113,2074,31,9,28
-231,-131,2054,12,-3,19
-221,-139,2084,-4,-23,30
-206,-108,2068,44,-2,7
-227,-126,2053,18,24,4
-210,-119,2067,2,47,-34
-208,-111,2069,10,-25,-3
-203,-119,2035,1,-32,-4
-223,-122,2054,-16,-20,-32
-219,-107,2071,37,22,-8
-230,-139,2074,25,-22,-18
-207,-111,2052,24,-7,5
-203,-137,2060,33,15,-12
-221,-123,2077,39,0,-10
-209,-97,2037,27,5,8
-194,-119,2070,21,22,20
-191,-132,2069,-7,24,22
-218,-124,2065,-14,-15,39
-209,-131,2055,4,7,24
-201,-134,2052,37,13,11
-205,-121,2048,14,-19,36
-193,-116,2075,4,-5,-42
-203,-123,2069,21,7,6
-200,-137,2054,24,-26,-11
-206,-132,2065,20,-13,42
-193,-126,2041,11,8,12
-221,-115,2034,16,5,32
-238,-134,2086,29,14,40
-206,-135,2074,-2,-11,27
-189,-130,2073,20,-13,37
-175,-122,2080,32,-2,-23
-184,-94,2060,19,1,6
-189,-98,2049,36,12,60
-197,-115,2041,45,5,21
-228,-132,2050,41,21,-7
-216,-155,2051,1,12,20
-207,-123,2040,28,-28,37
-205,-124,2063,42,12,11
-213,-117,2066,15,-7,-6
-228,-136,2051,60,-22,26
-200,-118,2052,36,-9,-8
-217,-124,2068,24,22,6
-208,-126,2080,26,-7,19
-188,-117,2067,6,16,-19
-220,-126,2064,20,19,-6
-206,-125,2045,25,-52,-13
-195,-136,2056,50,-26,27
-183,-94,2069,17,6,-7
-213,-127,2081,-11,23,29
-188,-123,2084,0,-13,33
-210,-93,2055,24,-16,1
-202,-140,2060,16,13,6
-203,-144,2049,42,19,19
-203,-119,2067,34,-10,13
-224,-113,2076,16,35,-25
-213,-114,2091,35,-19,23
-211,-115,2069,23,5,16
-211,-122,2038,26,-13,37
-208,-117,2056,37,1,29
-199,-119,2052,36,29,41
-214,-111,2042,17,18,17
-199,-120,2045,59,-12,56
-201,-106,2078,49,18,22
-209,-103,2045,36,18,22
-203,-119,2054,43,9,12
-190,-96,2051,17,-4,9
-210,-104,2069,39,2,31
-210,-145,2068,40,-9,4
-219,-133,2073,30,3,-25
-205,-122,2069,29,15,26
-213,-119,2075,46,-7,22
-190,-139,2060,29,-47,21
-200,-117,2058,5,15,32
-205,-100,2072,44,15,15
-194,-101,2065,-5,11,20
-213,-142,2052,26,12,9
-203,-124,2074,61,5,21
-204,-110,2057,4,17,-23
-202,-111,2066,42,16,30
-200,-109,2055,29,-2,32
-196,-139,2054,35,5,16
-211,-121,2049,-3,4,-17
-228,-118,2053,18,4,-17
-216,-130,2053,47,-18,4
-188,-134,2072,21,42,-11
-205,-128,2089,14,32,-1
-206,-134,2069,29,1,15
-207,-132,2072,-6,20,40
-213,-97,2086,11,-13,-5
-191,-116,2071,-10,-17,31
-185,-124,2062,15,22,15
-209,-125,2052,1,38,-1
-209,-128,2061,-3,42,42
-232,-119,2088,22,-18,32
-216,-143,2051,46,-4,45
-193,-128,2062,-6,-1,4
-203,-141,2052,24,8,42
-208,-132,2067,40,-20,48
-206,-128,2064,39,-5,16
-202,-118,2074,18,14,21
-208,-120,2056,37,-24,43
-217,-112,2071,23,19,28
-207,-124,2062,16,-27,8
-212,-107,2069,3,-1,25
-205,-115,2064,-4,-29,10
-200,-124,2051,22,-27,-6
-198,-129,2058,29,38,-8
-197,-133,2064,17,4,8
-228,-128,2061,14,-7,-20
-209,-130,2046,23,-6,-6
-218,-137,2062,32,9,21
-194,-122,2046,33,-1,27
-214,-137,2064,-8,12,7
-218,-127,2065,32,9,5
-206,-112,2066,15,-27,17
-206,-127,2066,22,5,-12
-215,-126,2057,-31,5,-15
-225,-136,2042,3,-4,-17
-205,-129,2045,37,-13,34
-200,-143,2059,23,-3,-2
-193,-123,2050,15,-8,20
-227,-124,2064,45,-16,11
-201,-127,2056,23,-2,24
-196,-149,2060,11,6,27
-192,-108,2075,10,-35,15
-199,-113,2060,1,-12,11
-201,-112,2071,5,35,20
-208,-112,2080,24,-3,30
-194,-126,2064,3,-14,18
-204,-92,2063,53,-4,0
-176,-145,2076,19,4,10
-218,-160,2055,11,-4,11
-200,-134,2097,34,-17,12
-191,-112,2079,21,5,-5
-217,-133,2061,34,-1,31
-190,-136,2057,55,-1,32
-208,-111,2048,20,-9,11
-189,-102,2052,30,9,3
-202,-113,2073,21,12,20
-181,-83,2062,35,5,8
-203,-112,2066,52,-10,-5
-200,-143,2073,31,11,-20
-174,-139,2067,29,38,-38
-185,-136,2071,33,-17,-26
-208,-136,2065,10,-15,16
-206,-106,2047,0,-37,-25
-203,-132,2057,3,31,-39
-207,-128,2068,28,13,16
-215,-125,2069,46,-11,8
-216,-128,2087,0,-5,-5
-198,-123,2066,37,-5,8
-208,-133,2069,39,3,9
-166,-131,2059,44,10,-18
-202,-126,2054,20,37,-9
-196,-124,2057,15,-12,31
-213,-116,2061,14,-13,-14
-220,-109,2054,-7,-6,-29
-219,-147,2069,13,1,-30
-199,-110,2071,48,23,9
-208,-120,2064,43,-16,10
-203,-141,2042,17,24,-10
-187,-113,2057,16,-12,17
-213,-124,2072,19,-3,8
-193,-130,2075,34,16,-9
-207,-123,2050,-3,-2,-5
-217,-136,2062,47,4,25
-190,-145,2058,34,-26,40
-223,-118,2061,70,19,6
-209,-134,2073,44,38,11
-209,-125,2059,36,24,10
-188,-109,2063,58,29,45
-204,-108,2055,16,-2,11
-242,-141,2062,20,-11,17
-225,-123,2047,-3,-7,9
-196,-131,2065,9,-4,6
-206,-117,2045,11,33,35
-214,-123,2077,37,13,5
-203,-117,2059,25,-8,10
-216,-144,2061,15,6,11
-205,-97,2051,47,11,30
-206,-105,2054,36,30,12
-195,-111,2050,37,1,5
-227,-122,2061,34,19,-3
-203,-132,2086,10,19,-15
-217,-116,2067,33,-16,-14
-229,-128,2051,29,5,8
-204,-142,2038,23,3,0
-199,-128,2033,24,0,-2
-217,-85,2061,16,23,12
-217,-115,2039,18,19,-2
-229,-134,2046,28,1,-10
-210,-147,2046,34,-20,17
-207,-122,2071,15,15,30
-216,-129,2049,32,9,32
-210,-101,2059,6,-26,-4
-200,-142,2089,-14,-5,-14
-192,-129,2091,10,-15,7
-196,-111,2060,37,18,35
-201,-131,2057,11,-3,1
-229,-139,2068,17,11,13
-208,-102,2072,24,8,38
-198,-123,2050,25,9,24
-203,-134,2050,22,2,20
-222,-129,2065,37,-13,29
-192,-129,2057,24,28,18
-195,-126,2058,39,0,15
-216,-108,2069,44,18,43
-217,-152,2075,35,12,5
-196,-147,2079,21,-5,27
-184,-111,2069,39,-13,24
-209,-123,2046,31,25,48
-208,-131,2053,46,26,29
-200,-116,2066,23,-15,20
-225,-132,2067,5,27,3
-234,-111,2071,23,6,19
-205,-124,2056,15,-26,-2
-199,-114,2063,26,-4,8
-205,-122,2068,24,-23,11
-207,-122,2088,66,22,33
-201,-144,2076,24,30,22
-207,-113,2080,3,34,23
-200,-140,2058,27,-16,32
-204,-118,2058,32,-12,40
-199,-113,2070,32,-9,41
-209,-114,2069,20,-39,13
-204,-122,2042,8,17,22
-195,-106,2059,21,22,-1
-217,-131,2049,41,41,37
-190,-125,2053,1,24,6
-213,-132,2076,13,-43,46
-207,-130,2077,31,19,38
-205,-123,2060,33,-1,19
-200,-148,2066,53,1,-10
-220,-131,2075,29,-6,23
-218,-140,2045,6,2,4
-194,-118,2072,26,-18,15
-198,-126,2076,37,10,40
-199,-138,2074,3,28,27
-182,-133,2075,-2,12,17
-215,-105,2073,24,-11,16
-225,-129,2069,13,0,10
-207,-124,2047,30,-28,6
-232,-130,2057,68,-23,35
-200,-120,2060,36,-31,12
-232,-109,2077,5,-5,18
-214,-142,2053,16,33,32
-193,-136,2066,-16,14,10
-185,-148,2030,20,27,1
-213,-120,2071,15,-6,20
-200,-115,2073,-11,37,-20
-198,-121,2051,10,25,30
-204,-129,2061,27,-17,25
-199,-87,2068,11,17,4
-200,-126,2083,22,3,36
-195,-121,2077,-10,-16,0
-201,-137,2052,18,3,14
-194,-126,2076,4,28,-6
-191,-144,2082,2,23,-27
-226,-124,2071,-10,3,-13
-168,-142,2069,10,8,-28
-194,-107,2057,31,29,-15
-209,-119,2061,1,2,40
-208,-120,2063,33,-7,35
-223,-117,2048,6,-3,1
-210,-119,2060,32,-11,2
-185,-106,2061,14,-17,39
-220,-110,2071,15,8,11
-222,-123,2083,3,-6,-5
-217,-141,2076,10,13,8
-200,-134,2097,20,21,-1
-205,-125,2049,30,28,10
-192,-126,2067,25,-51,14
-186,-108,2066,32,-19,-18
-173,-113,2079,22,2,1
-227,-111,2072,17,18,18
-199,-108,2063,43,2,-9
-192,-118,2050,-6,11,-23
-202,-113,2053,20,-29,33
-221,-135,2083,18,-7,14
-204,-95,2057,37,-12,64
-197,-116,2064,21,7,48
-183,-104,2057,7,0,50
-205,-128,2059,33,3,36
-208,-141,2081,37,8,3
-211,-117,2064,8,1,26
-213,-120,2048,53,0,10
-218,-137,2077,32,14,5
-222,-123,2073,32,-6,8
-214,-106,2059,19,8,-17
-208,-134,2074,27,7,11
-200,-117,2058,20,16,0
-212,-118,2070,34,-17,9
-193,-134,2049,25,12,35
-215,-150,2052,46,22,35
-197,-127,2069,19,5,41
-220,-119,2072,28,9,28
-226,-112,2064,28,-1,-3
-181,-122,2060,13,-1,18
-187,-122,2065,22,9,10
-196,-119,2067,31,-4,27
-207,-96,2073,5,6,39
-201,-142,2051,14,3,16
-196,-125,2057,31,2,23
-204,-124,2062,36,-30,-11
-197,-108,2083,10,82,-28
-204,-111,2064,22,-2,3
-199,-115,2065,39,9,0
-208,-117,2051,10,-24,12
-203,-117,2053,21,2,28
-203,-133,2038,63,-16,48
-205,-108,2060,22,28,37
-194,-129,2062,24,6,18
-217,-115,2073,42,-19,45
-216,-126,2090,39,-11,37
-214,-112,2061,-10,33,2
-212,-119,2042,13,-34,14
-227,-104,2048,42,-25,26
-211,-114,2055,0,-13,21
-210,-113,2078,35,16,22
-208,-137,2076,12,25,2
-191,-117,2072,17,2,16
-204,-119,2068,3,14,-5
-203,-102,2056,17,1,-1
-229,-119,2056,14,8,-10
-204,-120,2051,22,25,13
-196,-129,2050,50,7,33
-198,-130,2054,7,-36,7
-205,-126,2075,-1,2,-20
-217,-141,2066,15,3,-1
-217,-137,2056,44,15,4
-203,-120,2077,34,11,-8
-209,-110,2072,40,-24,-6
-211,-147,2069,26,-4,43
-206,-115,2060,26,-14,5
-197,-138,2068,-17,31,22
-195,-122,2043,26,-12,48
-186,-117,2050,5,-44,7
-184,-108,2063,22,-7,5
-220,-110,2085,-6,2,26
-207,-118,2066,42,-30,10
-187,-118,2064,39,-18,11
-208,-119,2084,25,13,4
-213,-125,2090,43,5,20
-209,-113,2081,30,20,28
-177,-134,2066,24,2,10
-204,-111,2072,24,-8,18
-231,-142,2049,13,-13,13
-219,-105,2056,10,0,-4
-208,-110,2083,45,-7,9
-209,-128,2076,16,-10,13
-226,-116,2075,20,-12,8
-182,-119,2060,14,21,-12
-172,-127,2060,43,-6,18
-211,-106,2054,-5,-8,14
-188,-121,2059,-1,13,-8
-213,-124,2080,1,1,10
-168,-116,2061,3,11,13
-218,-143,2075,3,22,-9
-214,-142,2058,11,2,1
-194,-148,2046,30,-21,1
-203,-128,2058,-4,60,0
-188,-119,2058,35,34,-7
-210,-141,2060,21,-12,4
-185,-149,2048,8,-13,34
-199,-134,2034,6,-10,7
-205,-110,2053,12,-6,-3
-215,-124,2055,23,11,17
-195,-126,2059,19,23,-7
-190,-124,2079,25,11,-15
-217,-112,2083,23,-11,5
-212,-121,2059,12,30,-3
-202,-121,2069,37,26,-7
-196,-120,2075,51,4,-13
-190,-112,2068,13,1,-12
-204,-120,2072,43,-16,-7
-217,-123,2067,7,6,-4
-222,-109,2054,24,-19,18
-185,-144,2066,28,23,3
-191,-134,2063,8,-1,0
-209,-126,2070,46,-2,-3
-227,-143,2074,6,33,30
-209,-140,2081,-1,-3,10
-192,-133,2051,7,-25,8
-209,-112,2054,7,-21,21
-220,-116,2044,-12,33,9
-196,-142,2059,10,-16,18
-205,-144,2070,44,16,1
-226,-132,2077,6,6,9
-212,-121,2083,41,-14,4
-190,-120,2089,4,-8,17
-222,-132,2068,14,18,9
-200,-125,2075,40,-26,13
-209,-146,2065,11,-22,12
-208,-117,2078,14,-1,4
-208,-126,2062,11,-2,8
-241,-125,2055,47,36,23
-189,-129,2056,16,8,13
-188,-150,2071,48,-16,12
-208,-108,2062,28,16,7
-199,-142,2070,40,20,-16
-212,-131,2076,24,-9,-19
-224,-146,2095,31,-5,-24
-208,-117,2047,39,37,4
-194,-110,2083,17,57,13
-181,-146,2054,28,2,14
-197,-112,2080,9,-30,23
-229,-117,2061,22,28,5
-222,-120,2058,26,21,9
-211,-115,2063,18,3,-10
-226,-115,2063,27,6,24
-204,-98,2064,31,39,-16
-209,-113,2057,38,-9,-8
-217,-116,2075,30,5,5
-213,-133,2070,-6,10,19
-189,-122,2091,10,30,5
-184,-103,2045,-16,1,25
-199,-116,2060,3,-29,-9
-224,-131,2064,-5,25,0
-205,-122,2059,8,-29,-7
-212,-117,2050,22,-27,49
-215,-100,2070,11,-5,37
-213,-126,2072,10,20,27
-210,-112,2055,33,17,8
-199,-123,2061,19,1,4
-199,-121,2063,46,11,9
-205,-131,2061,27,11,21
-216,-107,2068,1,11,12
-193,-119,2069,23,-6,41
-212,-102,2084,10,28,20
-207,-98,2069,62,49,-5
-218,-112,2051,6,14,20
-201,-108,2052,-19,34,-7
-196,-126,2065,-10,-15,15
-219,-115,2067,8,-30,22
-204,-141,2073,2,1,-4
-188,-137,2054,27,15,-6
-211,-134,2060,14,2,26
-204,-110,2096,46,9,10
-216,-121,2071,-4,13,-12
-221,-144,2088,-10,-2,42
-209,-134,2049,-8,-5,18
-176,-123,2088,28,11,53
-205,-134,2033,-19,5,19
-209,-130,2080,20,-18,6
-202,-113,2054,26,-8,19
-197,-117,2066,-8,7,31
-208,-131,2058,27,19,7
-202,-132,2073,26,-20,34
-199,-122,2056,10,-1,13
-205,-125,2065,12,9,4
-217,-124,2048,36,50,23
-219,-115,2064,23,22,10
-190,-144,2074,30,-29,16
-207,-112,2055,4,-16,43
-213,-101,2075,-6,-22,16
-232,-131,2061,-2,-8,12
-228,-156,2052,13,31,28
-234,-152,2047,-27,26,8
-204,-127,2059,15,-10,-8
-199,-126,2048,20,-39,14
-226,-118,2086,34,-33,8
-203,-143,2066,11,16,20
-201,-135,2076,28,6,6
-211,-131,2068,17,-9,-13
-178,-141,2065,-1,16,-14
-189,-123,2075,8,32,-23
-219,-112,2050,23,-16,0
-199,-134,2050,40,-4,-18
-203,-114,2042,33,-18,-19
-185,-140,2057,13,-12,-14
-206,-129,2062,1,24,1
-233,-107,2057,22,-7,-7
-217,-123,2059,14,-2,11
-182,-117,2055,-2,1,2
-193,-129,2063,29,26,8
-201,-134,2077,0,18,33
-192,-106,2063,11,-10,21
-195,-120,2085,45,2,32
-204,-146,2067,10,38,26
-199,-121,2067,39,-7,17
-201,-136,2058,21,0,11
-191,-112,2038,-6,1,3
-192,-126,2070,17,5,0
-192,-109,2067,17,-16,-11
-209,-95,2057,-1,-25,-13
-203,-110,2063,28,-4,3
-186,-126,2064,55,-29,8
-217,-118,2066,9,38,-15
-205,-141,2051,13,5,40
-209,-127,2060,11,-13,38
-197,-129,2073,15,20,23
-220,-132,2056,25,12,3
-215,-112,2046,31,-3,50
-195,-106,2075,5,8,19
-221,-103,2070,25,0,42
-213,-126,2061,27,33,29
-203,-136,2068,30,10,43
-204,-131,2053,53,-36,31
-223,-129,2081,20,11,10
-212,-136,2073,33,22,32
-215,-122,2066,22,8,23
-210,-140,2037,11,4,0
-213,-128,2052,22,-4,-1
-215,-119,2066,26,2,32
-208,-129,2057,-1,11,46
-203,-126,2047,13,-18,18
-184,-127,2072,21,3,0
-213,-106,2059,16,-7,11
-177,-111,2083,5,12,5
-193,-98,2049,33,0,42
-202,-122,2056,46,5,3
-205,-114,2040,-6,16,39
-225,-104,2068,43,-15,51
-220,-121,2057,24,-6,18
-225,-105,2063,12,19,-20
-195,-119,2086,34,15,13
-228,-89,2067,48,19,41
-210,-125,2065,26,-6,-8
-215,-121,2067,80,-14,31
-190,-119,2069,19,32,38
-184,-122,2079,33,-14,37
-223,-118,2051,17,-4,14
-199,-116,2062,27,21,-7
-195,-111,2075,59,4,20
-219,-90,2076,20,-20,-28
-202,-105,2068,-5,4,-43
-201,-130,2067,32,1,6
-190,-124,2045,24,-11,-13
-212,-92,2052,-7,21,-55
-224,-122,2053,29,10,51
-207,-106,2072,22,-5,39
-210,-118,2051,18,6,15
-215,-127,2051,40,21,4
-216,-127,2059,33,-19,24
-218,-131,2073,24,9,10
-196,-147,2076,19,-17,35
-225,-126,2045,31,-15,31
-227,-99,2087,58,-4,10
-220,-97,2057,9,13,-26
-210,-102,2052,31,18,-9
-191,-136,2070,45,-9,-15
-213,-139,2052,18,3,-14
-204,-109,2078,1,13,28
-200,-126,2048,24,-11,50
-197,-121,2067,7,30,40
-198,-118,2063,45,-2,62
-201,-121,2072,-6,3,37
-224,-125,2079,8,-17,43
-201,-101,2076,38,35,0
-208,-102,2068,18,0,22
-194,-135,2064,17,-22,5
-217,-158,2067,12,-14,-1
-212,-132,2068,42,-20,37
-209,-132,2052,6,30,3
-212,-118,2054,17,17,15
-221,-137,2059,39,-3,31
-216,-150,2059,13,9,-8
-200,-117,2048,21,-23,19
-189,-127,2100,20,4,18
-207,-117,2056,4,15,14
-209,-137,2065,-14,23,34
-205,-133,2056,16,-39,52
-213,-108,2050,24,-24,35
-214,-131,2043,-12,-2,19
-205,-133,2065,25,-3,19
-203,-114,2046,31,-8,15
-194,-132,2059,57,-4,1
-196,-108,2086,6,11,12
-215,-135,2080,19,-27,16
-195,-164,2050,-4,11,-6
-212,-150,2040,-19,3,-2
-196,-140,2058,13,-46,23
-222,-148,2073,39,17,40
-191,-126,2063,12,-3,-1
-199,-101,2067,22,-15,42
-201,-127,2074,5,-18,40
-228,-137,2077,19,13,30
-223,-156,2079,26,15,30
-204,-122,2077,27,-20,27
-224,-115,2072,24,-4,19
-232,-120,2066,12,25,2
-196,-110,2071,28,19,26
-193,-120,2044,25,-34,16
-191,-132,2038,31,-21,39
-219,-103,2052,-16,-38,15
-224,-129,2064,4,14,26
-214,-134,2057,22,9,-5
-194,-117,2068,27,12,24
-199,-122,2070,-4,47,39
-181,-147,2061,11,45,12
-201,-115,2050,16,-43,65
-203,-104,2059,35,-25,53
-221,-114,2054,19,20,28
-214,-138,2059,60,8,63
-221,-121,2090,-7,8,49
-191,-141,2068,22,8,-22
-223,-112,2076,18,-2,-2
-200,-134,2064,16,-10,24
-209,-145,2085,22,16,9
-187,-128,2077,18,-25,13
-202,-121,2056,33,-28,35
-180,-138,2034,6,21,-10
-188,-121,2058,-7,-32,8
-181,-108,2059,27,-8,12
-229,-116,2040,12,10,55
-195,-115,2065,5,40,32
-197,-145,2033,46,-37,36
-203,-137,2084,12,-2,14
-196,-95,2067,-14,30,39
-198,-103,2049,21,30,14
-193,-101,2061,45,-31,27
-208,-131,2061,7,26,-3
-185,-128,2056,19,7,-6
-203,-127,2062,35,-2,4
-186,-133,2067,61,0,19
-190,-119,2087,28,26,13
-192,-113,2085,29,7,28
-211,-113,2065,29,-4,23
-221,-106,2061,21,9,22
-230,-109,2073,31,-14,17
-187,-114,2050,19,-5,22
-214,-122,2054,18,41,10
-215,-122,2031,45,16,1
-207,-133,2093,14,0,-25
-209,-138,2073,23,17,-14
-192,-119,2032,41,3,28
-191,-111,2055,6,-1,26
-220,-121,2059,3,22,-8
-220,-128,2055,21,6,11
-216,-135,2051,23,-14,11
-209,-124,2087,21,24,-10
-190,-125,2069,16,37,-24
-195,-125,2054,16,-6,-39
-198,-118,2052,40,-25,58
-196,-103,2063,-5,-18,24
-193,-130,2065,18,-15,41
-220,-121,2054,48,14,52
-212,-138,2047,32,0,12
-208,-135,2057,2,14,-5
-206,-113,2086,23,-10,31
-208,-126,2072,7,6,9
-219,-130,2074,34,6,17
-206,-129,2063,34,-7,-3
-211,-123,2079,32,-13,-2
-208,-119,2051,14,2,-15
-210,-112,2066,53,6,-14
-210,-135,2068,40,13,0
-211,-118,2062,33,4,-9
-184,-118,2071,45,-33,-24
-198,-116,2077,12,-24,-24
-183,-130,2058,18,-6,3
-222,-109,2067,14,0,-4
-235,-121,2085,24,-3,12
-218,-99,2062,37,7,-2
-191,-118,2070,26,24,-24
-189,-113,2062,19,11,6
-211,-116,2063,28,3,11
-219,-123,2079,17,-1,-6
-223,-108,2074,9,11,-12
-217,-135,2061,29,4,39
-213,-110,2063,29,35,13
-221,-122,2064,55,-14,-3
-184,-98,2059,43,-17,17
-203,-112,2060,60,-3,12
-217,-130,2064,18,-3,-15
-214,-125,2062,11,4,6
-218,-115,2063,34,-25,-12
-225,-116,2065,18,-1,44
-194,-102,2088,23,-20,12
-195,-99,2081,15,-24,23
-206,-108,2059,11,-44,48
-227,-107,2081,-6,30,5
-208,-120,2062,12,17,19
-191,-122,2058,35,22,43
-204,-123,2057,34,1,24
-205,-138,2074,25,-14,37
-204,-129,2073,-6,11,1
-195,-128,2071,0,29,44
-204,-119,2055,19,-13,49
-203,-105,2083,52,22,13
-208,-129,2075,31,50,15
-178,-112,2055,56,-9,27
-193,-130,2075,18,-13,7
-206,-135,2081,22,-26,-12
-188,-114,2055,41,-13,20
-210,-133,2051,29,-3,25
-203,-119,2064,4,-2,46
-182,-114,2058,37,12,11
-202,-119,2063,33,-3,24
-189,-125,2082,-4,-10,5
-192,-120,2072,11,-3,5
-212,-125,2052,10,-5,6
-200,-131,2071,30,3,17
-212,-142,2060,11,45,3
-211,-112,2063,18,10,-5
-212,-116,2065,19,-10,22
-202,-138,2058,14,8,19
-212,-119,2090,21,3,3
-193,-131,2080,35,-4,29
-188,-125,2046,35,7,9
-197,-118,2048,8,32,22
-220,-105,2078,31,23,23
-185,-125,2042,31,-12,20
-215,-109,2076,59,-29,8
-223,-128,2083,45,-7,-9
-207,-122,2067,8,21,-9
-214,-140,2065,15,48,-8
-196,-105,2066,19,3,-10
-205,-134,2070,12,-11,17
-209,-119,2062,3,13,7
-178,-130,2063,-7,-9,0
-202,-116,2059,12,-21,65
-199,-119,2057,2,48,14
-229,-133,2064,-5,-9,20
-187,-122,2036,57,-2,53
-218,-121,2064,28,-14,33
-217,-116,2068,36,8,0
-178,-134,2059,51,10,16
-194,-122,2066,68,22,6
-201,-100,2057,41,28,15
-230,-122,2076,43,8,16
-196,-128,2049,34,-8,2
-202,-112,2048,32,-23,37
-224,-118,2072,5,-5,22
-191,-121,2046,14,42,8
-191,-118,2051,15,8,-1
-205,-139,2083,11,13,22
-219,-96,2031,-7,3,0
-214,-145,2035,47,11,4
-205,-103,2061,36,-3,36
-223,-117,2053,11,4,8
-201,-129,2056,28,-12,23
-213,-113,2069,4,9,-21
-235,-124,2066,23,21,9
-223,-111,2038,42,-7,42
-214,-109,2056,28,-14,5
-198,-127,2061,17,3,17
-206,-131,2062,24,20,17
-216,-123,2066,28,22,14
-216,-125,2022,0,-37,-19
-216,-117,2056,23,-25,-16
-207,-115,2039,21,-5,1
-205,-129,2086,5,24,-36
-187,-112,2059,8,-3,-14
-196,-129,2051,39,26,-15
-202,-127,2056,28,22,23
-216,-140,2078,39,31,8
-212,-130,2060,62,-39,24
-182,-127,2054,63,17,-16
-177,-118,2059,11,12,9
-230,-114,2079,22,-19,-7
-209,-121,2075,11,-12,31
-189,-122,2051,9,20,24
-197,-99,2039,12,24,38
-226,-91,2051,20,18,32
-210,-112,2050,10,19,38
-213,-118,2051,7,-14,20
-213,-110,2048,10,6,9
-210,-117,2040,11,18,-11
-210,-129,2066,34,-25,7
-223,-126,2058,13,7,27
-233,-131,2061,21,11,23
-224,-120,2062,4,-20,26
-193,-143,2056,52,-6,-5
-201,-140,2064,27,-4,-28
-211,-124,2070,14,-23,13
-192,-116,2061,4,22,0
-169,-148,2068,23,23,-2
-159,-114,2054,23,33,6
-199,-116,2059,35,-15,13
-207,-122,2047,-15,42,5
-198,-141,2055,12,-6,15
-221,-121,2045,7,-12,15
-211,-133,2059,8,-13,-6
-203,-133,2076,-1,-11,31
-187,-101,2063,19,17,-2
-198,-134,2079,33,1,-11
-210,-126,2055,12,14,-22
-221,-133,2050,1,7,1
-214,-134,2049,-19,-1,2
-198,-126,2089,-7,-6,-8
-195,-128,2062,18,-17,15
-193,-132,2061,13,-19,37
-202,-144,2046,11,-11,26
-207,-129,2063,6,34,6
-211,-132,2064,17,13,19
-204,-110,2070,-2,9,22
-200,-155,2023,54,9,23
-217,-142,2052,16,17,27
-212,-149,2045,7,-25,28
-211,-142,2060,41,3,-17
-203,-122,2058,40,-28,37
-219,-106,2052,6,-21,-27
-220,-122,2068,9,-8,-14
-190,-125,2069,1,-2,-3
-204,-124,2068,10,12,-35
-218,-139,2074,7,18,-1
-191,-134,2064,27,24,3
-189,-146,2052,10,-10,5
-204,-132,2060,36,-20,27
-187,-130,2035,36,-14,43
-202,-104,2085,37,13,28
-210,-126,2072,48,-1,17
-192,-127,2080,10,-8,32
-189,-122,2053,20,-4,21
-214,-135,2081,5,17,11
-224,-124,2086,33,-31,21
-232,-133,2071,16,-8,27
-214,-130,2053,12,39,18
-212,-139,2081,33,37,23
-178,-133,2050,13,-8,7
-192,-130,2063,2,-1,-9
-186,-124,2062,13,-26,-19
-201,-119,2078,5,-8,27
-202,-114,2062,8,24,27
-196,-117,2054,-8,11,36
-194,-109,2045,33,-10,0
-191,-104,2083,-2,1,-11
-206,-116,2086,36,17,-14
-194,-128,2065,46,0,43
-203,-132,2063,3,14,-14
-205,-114,2042,57,41,-3
-187,-125,2066,52,18,-10
-193,-128,2045,49,-3,10
-219,-100,2080,32,21,-16
-218,-118,2074,29,13,4
-212,-116,2061,40,8,13
-194,-93,2064,12,-5,1
-229,-126,2065,41,8,-20
-206,-124,2057,22,-21,-8
-214,-118,2042,38,4,25
-203,-118,2059,15,-5,-1
-198,-124,2071,20,-9,0
-219,-130,2098,42,-33,36
-219,-133,2037,35,37,26
-208,-126,2079,8,19,3
-206,-124,2079,25,8,16
-203,-93,2069,31,21,-8
-189,-108,2057,27,-7,3
-218,-105,2078,13,4,-5
-222,-105,2063,10,59,-17
-192,-129,2066,22,12,3
-213,-149,2053,18,6,29
-209,-105,2047,20,34,10
-196,-116,2079,41,38,26
-215,-121,2063,26,1,25
-222,-118,2073,-5,21,-24
-217,-133,2062,-10,14,7
-205,-121,2075,17,10,34
-217,-102,2052,0,3,17
-225,-90,2075,37,-23,12
-202,-112,2061,7,-1,40
-188,-123,2064,27,4,17
-217,-128,2060,25,14,-1
-201,-113,2069,26,-23,28
-219,-119,2051,61,-37,-1
-203,-112,2074,18,8,20
-189,-121,2063,32,5,29
-203,-110,2071,-3,-16,29
-224,-118,2048,17,-13,22
-201,-123,2085,21,-7,2
-189,-100,2082,45,12,26
-185,-109,2066,26,11,16
-198,-119,2071,-2,9,7
-216,-116,2061,25,2,19
-217,-120,2068,19,-9,4
-215,-142,2082,8,26,-11
-232,-123,2082,15,19,-1
-231,-128,2064,20,3,18
-199,-106,2059,25,-3,-9
-215,-123,2042,8,-20,46
-232,-128,2071,43,1,28
-207,-116,2060,26,27,-8
-201,-123,2065,16,9,11
-201,-123,2055,32,-9,3
-206,-137,2053,15,12,0
-219,-120,2057,37,2,9
-211,-111,2053,30,13,8
-205,-146,2066,42,14,3
-197,-151,2076,31,-9,7
-196,-119,2058,39,-4,-16
-206,-109,2053,26,4,-16
-221,-100,2065,-9,25,-30
-177,-122,2072,27,1,-9
-209,-131,2058,22,5,-13
-196,-115,2070,5,10,-38
-204,-129,2059,13,-20,-16
-192,-139,2076,35,-3,-8
-181,-135,2070,20,43,5
-192,-148,2059,57,27,19
-192,-118,2067,69,-20,30
-218,-137,2066,30,-34,42
-181,-129,2056,46,5,-2
-198,-125,2051,45,20,8
-189,-123,2072,47,13,42
-210,-133,2073,6,21,-5
-217,-131,2071,26,-13,33
-202,-144,2081,37,3,5
-215,-137,2063,26,-2,-35
-183,-138,2069,43,-26,13
-213,-140,2059,0,-25,-10
-211,-130,2054,34,21,2
-191,-137,2072,31,0,-24
-216,-125,2080,35,-21,-2
-204,-117,2048,7,-47,5
-221,-116,2052,29,34,-7
-197,-115,2072,16,0,-9
-217,-127,2071,42,1,38
-205,-119,2087,20,18,17
-203,-122,2076,23,14,15
-203,-116,2074,34,8,47
-205,-137,2075,20,35,17
-205,-104,2078,26,-11,39
-205,-125,2073,41,0,-13
-202,-105,2055,23,49,-29
-204,-102,2076,14,18,4
-222,-132,2069,43,-18,-2
-187,-121,2056,37,-18,-2
-209,-123,2037,-24,-33,12
-221,-139,2057,-11,4,33
-199,-129,2058,19,13,31
-204,-110,2077,3,14,8
-203,-130,2069,6,20,36
-192,-126,2053,3,-30,56
-202,-117,2061,36,11,26
-178,-140,2080,1,15,37
-199,-124,2069,13,7,38
-221,-114,2061,0,-3,39
-184,-128,2046,11,-5,23
-202,-97,2055,42,-20,46
-209,-128,2046,9,36,43
-190,-111,2062,23,-4,-14
-186,-111,2055,0,19,7
-200,-114,2060,49,15,33
-195,-121,2053,13,10,5
-210,-109,2061,28,-1,-14
-202,-109,2053,45,-11,37
-212,-136,2042,33,-12,14
-215,-133,2034,36,11,17
-232,-135,2063,21,9,16
-200,-103,2048,45,-9,23
-192,-135,2065,11,7,-19
-224,-132,2058,40,6,47
-216,-121,2080,34,18,22
-204,-135,2053,46,10,21
-219,-129,2056,36,-34,34
-214,-118,2067,35,37,11
-190,-133,2055,27,8,7
-210,-119,2080,56,-5,39
-194,-137,2065,-9,34,-24
-216,-126,2059,9,29,2
-230,-124,2068,36,23,6
-204,-110,2091,24,9,1
-215,-90,2070,26,-16,-1
-197,-112,2051,48,-6,-6
-212,-111,2067,6,-16,-8
-219,-135,2075,33,-15,-12
-201,-125,2056,-19,-26,-34
-206,-131,2072,-1,14,0
-213,-124,2053,15,34,-5
-221,-118,2055,-6,15,-20
-224,-121,2048,12,17,20
-220,-131,2059,-2,-3,11
-195,-101,2071,29,-33,-3
-202,-115,2060,8,17,-3
-211,-114,2054,14,21,4
-222,-116,2058,44,-16,10
-212,-124,2060,33,-25,-11
-220,-130,2084,33,14,10
-186,-118,2091,12,2,9
-206,-120,2052,36,2,18
-183,-123,2075,17,17,14
-202,-133,2067,36,-17,21
-213,-104,2051,25,-18,22
-186,-110,2045,15,2,12
-199,-119,2066,10,-26,6
-208,-154,2049,4,-16,-41
-197,-123,2064,-5,-8,22
-200,-121,2079,32,16,9
-221,-136,2056,31,15,9
-210,-125,2061,12,-5,0
-212,-128,2057,2,1,23
-203,-133,2050,18,-1,27
-206,-118,2074,18,12,21
-213,-128,2053,11,7,14
-214,-137,2080,47,-32,47
-192,-112,2087,12,21,29
-180,-133,2070,11,13,46
-192,-107,2071,3,-6,38
-195,-109,2080,12,-1,8
-201,-129,2060,15,-41,64
-195,-99,2066,35,-10,68
-208,-134,2057,17,10,37
-196,-118,2038,2,10,21
-212,-150,2072,21,-27,59
-203,-118,2054,40,5,20
-190,-114,2059,40,-11,29
-199,-113,2027,15,-16,44
-205,-117,2045,43,-6,15
-200,-122,2061,4,11,24
-222,-123,2070,15,-15,57
-212,-135,2052,7,21,17
-203,-127,2062,33,5,12
-218,-142,2057,39,-22,18
-211,-100,2063,35,23,-5
-201,-122,2055,9,35,-5
-192,-102,2070,27,2,17
-202,-138,2064,42,5,-3
-192,-137,2073,47,11,20
-179,-128,2054,9,10,21
-197,-131,2060,11,-9,12
-188,-132,2045,43,-35,15
-215,-122,2070,65,17,27
-196,-113,2080,17,52,4
-191,-106,2078,30,-3,9
-220,-110,2089,23,-26,15
-214,-125,2074,10,-1,-12
-206,-130,2053,17,14,12
-207,-136,2066,27,-17,29
-206,-105,2071,10,-4,-1
-205,-119,2071,30,-4,25
-197,-124,2058,9,28,-12
-203,-104,2051,18,-30,10
-197,-137,2067,-14,9,-12
-218,-148,2071,2,5,-13
-222,-99,2058,13,65,7
-224,-133,2062,20,25,7
-219,-134,2057,21,18,-3
-210,-112,2064,19,14,1
-216,-112,2068,2,-30,9
-195,-111,2087,14,3,5
-190,-116,2084,39,1,-22
-204,-121,2085,6,13,8
-216,-142,2060,24,4,28
-224,-138,2037,37,19,38
-208,-148,2072,-4,4,9
-194,-135,2045,41,5,35
-201,-129,2068,23,-14,49
-190,-124,2055,16,30,20
-191,-106,2087,15,4,-21
-217,-105,2057,26,23,0
-204,-117,2053,12,-21,-27
-184,-90,2057,-19,-2,-13
-221,-136,2064,-6,14,22
-220,-129,2049,15,13,10
-204,-131,2048,44,-5,29
-202,-127,2061,14,24,28
-212,-113,2073,10,23,15
-193,-126,2057,26,-6,31
-191,-125,2092,12,18,12
-205,-107,2076,47,19,26
-200,-127,2046,37,1,15
-235,-102,2060,47,38,8
-214,-115,2043,36,8,25
-212,-106,2052,25,22,21
-206,-117,2078,33,29,-1
-196,-129,2055,58,-33,19
-214,-108,2078,19,32,15
-193,-133,2068,32,6,-11
-220,-94,2062,28,-15,10
-203,-143,2061,26,21,2
-202,-128,2065,25,8,13
-186,-123,2050,12,28,27
-229,-109,2071,6,16,38
-226,-118,2062,45,-27,50
-212,-119,2061,4,-14,15
-206,-116,2062,19,-19,16
-194,-118,2048,7,5,48
-199,-115,2057,39,8,-4
-215,-124,2081,-2,7,-6
-216,-139,2069,8,14,17
-194,-126,2050,26,6,30
-221,-124,2065,14,10,-14
-201,-110,2077,42,6,-1
-208,-104,2063,30,-41,16
-191,-125,2066,10,20,10
-201,-134,2074,29,0,-33
-191,-112,2074,26,-2,3
-207,-127,2061,2,34,-10
-208,-118,2066,4,45,-8
-187,-111,2059,17,-15,-20
-205,-128,2054,-3,19,-13
-207,-165,2037,-3,27,9
-223,-118,2060,17,-5,-9
-216,-125,2062,15,-12,28
-218,-95,2025,38,-7,42
-213,-118,2082,6,29,15
-185,-133,2031,25,12,21
-201,-143,2054,3,-6,27
-195,-138,2080,16,-42,10
-212,-148,2048,35,-14,34
-199,-138,2067,1,15,23
-199,-132,2055,-31,35,32
-209,-141,2061,10,-26,-12
-190,-113,2064,31,0,-19
-173,-103,2053,17,35,-5
-193,-126,2066,18,24,-16
-194,-107,2068,2,-19,4
-210,-116,2079,-9,-7,-3
-199,-102,2069,-8,8,-35
-193,-118,2076,-5,14,-5
-226,-130,2047,-1,1,-3
-229,-113,2091,13,6,41
-213,-141,2085,-10,0,-17
-209,-134,2061,9,18,14
-199,-131,2048,31,-5,13
-215,-137,2049,27,26,26
-203,-127,2077,34,-11,32
-194,-92,2063,30,-11,43
-202,-110,2079,-10,-8,0
-190,-125,2062,8,6,-16
-204,-124,2052,16,-25,17
-196,-134,2058,7,19,16
-184,-114,2052,9,-10,-11
-188,-118,2055,23,-3,7
-189,-148,2046,-1,3,-2
-215,-132,2062,-6,9,28
-211,-125,2069,3,11,41
-179,-134,2082,31,35,44
-209,-156,2064,29,-8,46
-217,-138,2079,29,-14,27
-183,-95,2070,3,58,10
-192,-117,2086,6,40,-7
-208,-127,2095,10,10,0
-232,-123,2053,47,-9,7
-212,-119,2057,40,6,27
-225,-122,2036,37,18,35
-193,-126,2072,19,36,9
-199,-124,2075,21,16,-3
-214,-115,2050,40,-40,26
-214,-122,2058,11,-28,24
-206,-120,2075,23,-8,37
-192,-120,2062,24,23,18
-201,-115,2048,3,-6,36
-192,-136,2063,1,12,-5
-199,-120,2063,23,13,24
-192,-124,2053,28,-24,26
-219,-116,2087,23,-4,8
-213,-133,2082,53,-12,14
-222,-108,2073,34,1,45
-213,-115,2069,11,25,-17
-226,-145,2084,13,41,-4
-210,-144,2039,19,36,16
-233,-137,2058,10,4,34
-209,-106,2067,-19,4,1
-204,-111,2051,25,6,30
-213,-122,2063,51,-5,17
-210,-118,2067,37,-3,39
-213,-106,2064,23,34,8
-214,-109,2064,16,16,24
-205,-128,2064,88,13,8
-203,-119,2063,2,21,-4
-196,-124,2065,37,-5,35
-190,-132,2060,18,25,-8
-192,-135,2053,11,13,-38
-199,-127,2048,7,27,10
-213,-104,2048,2,16,14
-207,-105,2059,8,-21,20
-187,-106,2057,5,0,35
-192,-116,2058,7,11,17
-211,-139,2063,67,14,17
-188,-141,2071,29,9,29
-224,-115,2072,58,-8,26
-201,-124,2067,40,12,13
-170,-125,2056,24,-17,11
-195,-150,2068,31,5,15
-206,-139,2051,16,-10,-4
-210,-142,2073,8,-26,-1
-190,-106,2057,32,-1,0
-221,-112,2066,18,-9,-5
-200,-115,2044,12,35,-19
-198,-120,2060,13,-9,11
-210,-109,2057,14,-23,6
-205,-113,2083,2,29,-7
-217,-122,2061,20,1,12
-230,-115,2066,31,21,21
-215,-131,2052,19,-6,13
-209,-96,2058,8,9,-25
-213,-107,2072,13,32,13
-224,-130,2081,0,-29,-7
-213,-104,2087,16,-28,-20
-192,-128,2089,43,-24,24
-200,-122,2086,-2,-15,-4
-220,-108,2063,34,-41,-5
-217,-125,2068,31,33,-9
-214,-112,2061,30,16,11
-199,-114,2055,28,14,16
-186,-137,2055,56,-37,-8
-195,-138,2054,23,14,14
-195,-124,2086,43,22,28
-169,-123,2059,34,41,4
-208,-153,2069,67,-15,37
-222,-125,2072,32,-22,4
-219,-128,2039,14,-21,12
-204,-123,2055,23,-3,23
-218,-103,2036,0,-33,-4
-211,-144,2063,4,0,21
-212,-124,2048,25,-28,31
-175,-151,2072,31,25,5
-208,-116,2062,6,23,27
-200,-117,2064,2,-9,4
-212,-140,2063,10,42,26
-206,-122,2042,25,43,-1
-202,-145,2031,20,-39,14
-201,-136,2048,41,-42,11
-219,-132,2060,2,5,5
-202,-148,2067,19,29,-16
-199,-100,2060,25,1,-5
-200,-134,2068,9,-4,-16
-202,-127,2070,49,-7,-27
-176,-111,2067,36,5,-11
-208,-117,2062,12,-6,16
-188,-127,2063,31,1,-2
-203,-110,2035,3,29,3
-195,-116,2038,16,25,13
-204,-101,2056,10,3,4
-203,-114,2074,24,-38,-3
-190,-116,2069,16,-40,17
-201,-137,2063,44,-30,21
-231,-116,2069,18,18,10
-193,-126,2057,28,18,47
-196,-133,2096,31,6,9
-207,-140,2059,-14,46,2
-187,-124,2082,20,-14,26
-182,-110,2056,27,9,5
-195,-140,2070,39,13,-1
-184,-110,2062,39,-14,-18
-195,-122,2064,37,-19,31
-215,-119,2025,17,-3,-12
-203,-115,2061,28,9,-21
-197,-122,2077,16,-40,6
-188,-138,2050,0,38,-24
-204,-125,2071,35,2,6
-209,-121,2056,19,25,-3
-184,-125,2048,12,0,-10
-192,-128,2052,14,-63,-11
-182,-111,2059,16,-15,37
-209,-120,2058,22,-1,31
-208,-120,2059,25,0,4
-205,-109,2049,29,-7,29
-229,-108,2051,2,15,0
-231,-106,2074,27,-3,12
-212,-104,2079,51,4,28
-186,-139,2062,19,-11,-5
-200,-123,2060,29,10,42
-212,-108,2051,30,-5,47
-194,-121,2056,31,-3,24
-196,-120,2083,27,-21,19
-212,-115,2072,-3,28,-26
-208,-119,2074,9,-17,-6
-195,-130,2064,22,6,-7
-188,-130,2067,-3,8,-5
-211,-132,2066,21,-5,0
-195,-109,2033,10,13,-12
-217,-125,2055,44,-18,7
-209,-122,2062,1,13,-10
-224,-129,2060,6,-3,18
-192,-117,2057,45,5,17
-192,-120,2072,23,16,-6
-195,-114,2073,18,-27,17
-225,-115,2077,11,-18,20
-198,-133,2067,45,-16,-6
-191,-118,2062,44,-7,13
-210,-114,2046,20,4,25
-206,-95,2091,65,5,5
-234,-115,2085,18,8,-1
-195,-103,2065,22,-6,7
-200,-127,2039,27,4,8
-216,-124,2067,21,9,3
-203,-125,2066,3,-4,14
-199,-118,2082,40,9,0
-228,-131,2046,46,21,-5
-210,-124,2047,37,2,15
-185,-128,2052,3,-14,-1
-219,-115,2055,14,27,-19
-225,-98,2078,41,60,8
-222,-97,2071,18,7,9
-172,-119,2049,36,-32,6
-192,-138,2017,46,30,27
-207,-131,2047,35,15,21
-202,-137,2060,6,54,-12
-236,-160,2039,41,-23,-3
-179,-130,2064,6,-34,28
-225,-146,2064,29,-50,31
-194,-135,2093,32,32,30
-203,-113,2064,6,-5,23
-171,-142,2067,1,24,-23
-188,-129,2039,15,29,19
-200,-141,2064,-4,4,6
-219,-131,2080,6,-10,17
-206,-116,2057,12,-8,9
-190,-117,2066,28,12,47
-197,-111,2064,55,-5,-3
-214,-121,2064,3,-18,-3
-200,-128,2064,28,-3,-15
-232,-119,2063,33,2,2
-205,-128,2041,38,22,0
-192,-143,2045,25,16,-8
-230,-119,2065,41,10,26
-196,-123,2067,9,3,-2
-185,-146,2050,54,12,7
-211,-117,2080,9,22,20
-206,-142,2073,44,54,13
-210,-129,2063,1,-1,49
-219,-129,2078,3,32,30
-204,-117,2080,-2,33,29
-209,-120,2069,10,-16,52
-190,-130,2069,-8,-1,45
-183,-131,2081,12,-3,45
-189,-136,2080,19,16,-18
-188,-141,2064,7,-11,8
-178,-120,2061,15,19,4
-184,-133,2069,27,-4,35
-184,-111,2066,22,9,-2
-219,-106,2059,21,19,-8
-199,-134,2052,20,1,-22
-187,-120,2066,5,-11,16
-210,-140,2067,23,-17,7
-188,-142,2075,-1,-1,-3
-220,-133,2047,28,-11,-13
-220,-116,2050,7,-22,1
-212,-144,2042,33,26,22
-180,-128,2042,9,-31,15
-203,-122,2059,3,-36,32
-208,-115,2040,22,-37,3
-195,-116,2038,27,36,-7
-213,-124,2045,9,20,-11
-209,-145,2033,50,-11,1
-190,-135,2067,1,16,-30
-193,-122,2076,20,19,17
-194,-124,2050,44,-6,47
-212,-117,2035,5,5,-14
-196,-113,2044,55,22,24
-208,-108,2059,29,-48,29
-211,-108,2091,40,-53,13
-204,-135,2081,23,19,17
-193,-121,2074,30,46,30
-214,-126,2063,15,12,16
-208,-134,2071,29,17,20
-229,-117,2083,38,28,0
-206,-127,2077,28,7,-14
-189,-131,2059,-11,9,-56
-201,-129,2080,7,7,4
-193,-123,2077,-9,-7,10
-197,-120,2068,6,0,-4
-187,-140,2042,25,32,12
-190,-141,2056,14,-1,26
-206,-126,2068,12,19,-8
-196,-142,2052,8,-2,18
-193,-125,2072,47,-4,46
-188,-143,2075,20,12,23
-187,-104,2056,30,33,-14
-199,-131,2084,23,4,23
-226,-121,2067,48,11,13
-228,-116,2054,24,27,-27
-201,-104,2057,45,6,12
-196,-129,2081,16,30,-8
-214,-136,2053,31,-1,3
-215,-113,2057,12,-3,-6
-190,-150,2033,32,4,21
-192,-119,2062,-4,66,20
-175,-126,2058,-2,21,6
-223,-115,2068,40,-36,16
-201,-98,2060,30,-2,-1
-227,-106,2058,27,6,28
-189,-138,2073,54,14,57
-198,-137,2051,29,31,27
-207,-141,2058,56,-16,47
-212,-127,2066,58,-2,44
-216,-132,2064,15,58,8
-204,-125,2062,10,34,-10
-207,-139,2042,26,47,12
-215,-119,2064,-12,-31,-15
-228,-113,2054,23,-26,-19
-210,-136,2084,31,34,-23
-218,-118,2062,34,-6,6
-220,-142,2069,24,9,19
-218,-128,2073,19,-7,47
-214,-140,2057,51,-8,-32
-241,-103,2070,21,-5,-9
-200,-126,2059,18,2,36
-211,-138,2044,32,29,-4
-219,-139,2054,33,3,11
-200,-128,2060,4,13,15
-167,-122,2050,31,-6,9
-223,-121,2054,10,-24,6
-206,-119,2055,38,2,24
-231,-120,2060,26,13,14
-217,-130,2064,48,18,33
-196,-124,2067,19,-4,2
-183,-130,2068,24,-31,40
-220,-98,2075,26,-40,38
-214,-99,2089,30,14,36
-191,-137,2072,11,35,-2
-201,-135,2073,12,4,9
-193,-112,2071,25,-18,47
-218,-114,2070,17,-7,26
-215,-109,2097,30,36,51
-192,-154,2065,28,1,-14
-208,-124,2064,9,13,-28
-189,-117,2060,36,-3,2
-192,-122,2071,12,9,-20
-189,-117,2060,-7,-5,-20
-212,-134,2062,-16,-15,-4
-227,-115,2071,2,16,46
-197,-108,2067,15,-12,29
-188,-127,2070,7,-4,32
-195,-135,2054,15,-5,40
-217,-109,2059,21,-8,33
-202,-132,2067,34,24,20
-206,-129,2076,-8,24,24
-198,-136,2078,-10,-50,57
-205,-107,2062,25,-39,5
-204,-115,2023,-6,-24,-9
-213,-126,2046,10,-18,-39
-213,-120,2061,43,20,-22
-178,-118,2084,36,13,-2
-229,-126,2039,55,17,6
-202,-135,2058,29,10,-2
-204,-120,2055,53,2,0
-212,-134,2069,21,9,-5
-204,-138,2046,35,-23,10
-211,-133,2068,20,-16,-3
-194,-131,2056,40,-7,12
-195,-140,2056,3,24,18
-193,-145,2063,22,-5,19
-196,-111,2086,34,14,29
-203,-122,2081,20,3,31
-219,-129,2048,46,-15,18
-192,-104,2077,-6,1,-20
-203,-127,2058,11,10,9
-194,-107,2059,38,2,22
-198,-142,2045,34,6,18
-193,-125,2071,24,-44,6
-217,-147,2088,13,14,33
-218,-131,2056,23,15,25
-199,-122,2048,33,-34,18
-209,-132,2072,28,-34,12
-190,-136,2067,33,26,19
-198,-120,2074,33,20,11
-189,-126,2044,53,-14,-14
-193,-93,2066,37,-14,-2
-212,-96,2074,19,-17,-7
-182,-116,2048,38,-7,-18
-176,-131,2075,29,-8,12
-211,-125,2073,36,24,-10
-205,-144,2054,0,31,-4
-209,-134,2067,19,-2,4
-196,-108,2050,16,-7,-28
-210,-111,2052,0,29,14
-230,-114,2046,28,-20,7
-213,-116,2071,6,17,-15
-215,-139,2055,16,21,-2
-206,-141,2037,34,31,11
-217,-132,2050,-14,8,-4
-205,-138,2069,2,-9,5
-209,-121,2053,4,-7,44
-196,-147,2081,36,-18,12
-206,-112,2063,-2,-3,-5
-203,-144,2093,26,-8,16
-187,-135,2067,24,0,15
-200,-123,2048,46,-11,20
-207,-119,2075,25,-16,15
-219,-106,2082,15,-9,6
-214,-127,2071,34,0,44
-182,-104,2066,15,17,40
-186,-109,2058,32,37,31
-194,-111,2036,39,11,15
-215,-101,2029,27,3,-1
-195,-131,2060,26,23,21
-176,-129,2079,12,-8,13
-214,-130,2050,-2,32,3
-199,-132,2050,27,-33,16
-202,-128,2073,6,36,0
-190,-128,2051,-2,-2,15
-212,-140,2072,4,16,22
-211,-104,2070,41,-20,36
-214,-111,2056,10,25,24
-198,-138,2082,32,-13,43
-196,-117,2078,68,2,13
-208,-126,2055,36,22,23
-213,-107,2062,32,-33,17
-196,-141,2073,38,5,11
-203,-137,2071,19,41,-16
-216,-124,2075,51,1,8
-214,-123,2050,20,-23,14
-191,-133,2061,32,-13,-22
-222,-104,2068,10,23,26
-218,-104,2061,28,15,43
-211,-105,2078,7,9,22
-191,-113,2068,22,-20,17
-204,-123,2086,13,1,42
-173,-112,2065,8,35,12
-201,-143,2063,28,8,15
-202,-116,2070,-9,11,33
-186,-114,2040,39,22,45
-200,-120,2049,20,17,7
-202,-133,2057,9,-20,23
-222,-141,2082,6,20,14
-245,-147,2085,29,35,44
-231,-123,2088,20,12,0
-224,-109,2066,-12,46,-24
-214,-111,2078,-7,15,23
-196,-103,2054,25,-39,8
-208,-119,2062,12,19,4
-203,-112,2058,33,27,4
-219,-115,2062,10,33,2
-219,-102,2060,8,9,9
-216,-123,2070,11,9,-16
-205,-115,2061,-5,-13,18
-226,-130,2046,12,24,12
-201,-128,2040,-3,21,-1
-203,-112,2065,29,15,5
-211,-105,2068,32,-35,7
-191,-104,2072,42,28,-26
-217,-130,2069,-13,12,37
-216,-124,2074,26,-3,19
-233,-116,2086,8,6,-10
-199,-116,2080,-11,28,11
-223,-116,2069,4,-8,0
-208,-116,2103,22,-4,20
-204,-115,2048,-3,-9,22
-201,-133,2060,13,-10,-3
-224,-115,2065,45,8,12
-228,-111,2087,14,-2,44
-216,-120,2056,-6,-20,4
-180,-108,2057,37,6,16
-186,-134,2058,64,-11,22
-222,-103,2076,20,12,10
-219,-121,2068,29,-1,27
-185,-145,2071,46,-13,4
-210,-119,2074,28,7,-15
-220,-120,2064,22,-17,-14
-207,-122,2050,34,-11,1
-198,-107,2049,47,-48,-11
-200,-127,2079,25,23,20
-220,-121,2066,-1,-11,-17
-203,-129,2057,42,-2,-23
-189,-146,2063,34,-11,17
-200,-114,2057,30,31,-6
-192,-124,2058,5,15,35
-200,-128,2057,32,22,3
-191,-131,2068,17,9,1
-182,-128,2078,32,-31,14
-186,-135,2054,16,-29,22
-175,-107,2058,23,19,-18
-204,-124,2065,36,6,3
-183,-114,2060,35,-19,20
-199,-122,2074,12,3,9
-207,-134,2049,15,-9,20
-194,-130,2053,9,8,19
-198,-119,2059,14,0,23
-205,-107,2072,3,-25,8
-206,-118,2054,51,9,17
-200,-113,2080,33,-12,-25
-205,-125,2075,53,-11,-9
-207,-142,2055,36,2,-14
-228,-151,2068,34,12,-13
-194,-131,2075,19,-12,15
-199,-127,2057,5,8,3
-186,-143,2052,34,29,12
-204,-118,2050,-14,-11,-4
-211,-111,2053,-1,4,22
-190,-125,2051,18,5,18
-218,-118,2063,7,-13,11
-218,-147,2092,0,40,-3
-195,-118,2044,19,6,16
-185,-125,2059,18,-16,24
-199,-125,2044,15,-33,-9
-205,-129,2062,8,24,-4
-211,-124,2078,34,38,-15
-196,-125,2052,33,27,33
-192,-123,2056,7,15,-6
-206,-145,2040,17,1,27
-187,-138,2050,2,37,29
-172,-131,2034,46,10,49
-221,-127,2061,53,11,13
-213,-112,2054,20,11,-4
-215,-115,2047,33,24,12
-205,-131,2034,6,8,23
-216,-125,2058,-13,20,-4
-213,-116,2052,32,16,3
-191,-130,2051,14,32,-12
-234,-131,2065,18,0,11
-199,-103,2068,52,6,26
-180,-119,2078,26,35,-5
-207,-102,2073,16,-33,0
-198,-112,2048,25,-20,-7
-184,-137,2075,15,5,-7
-203,-94,2061,21,4,24
-218,-132,2056,20,-16,12
-211,-144,2076,25,-16,27
-218,-122,2081,9,-4,28
-233,-115,2072,29,-4,64
-211,-122,2076,6,-18,14
-198,-138,2075,43,28,-3
-198,-128,2049,44,23,-4
-202,-130,2054,71,-30,22
-201,-114,2058,38,-14,14
-208,-125,2057,21,24,-5
-202,-113,2057,34,-4,15
-226,-121,2031,6,34,17
-225,-141,2076,28,-10,23
-222,-126,2054,22,-15,3
-218,-110,2063,37,10,23
-230,-102,2047,21,-5,12
-214,-147,2064,7,-12,-1
-207,-125,2045,28,-8,18
-206,-127,2074,26,4,32
-211,-123,2053,49,18,38
-214,-128,2045,30,26,26
-219,-123,2058,41,-45,52
-222,-112,2071,42,48,27
-194,-122,2070,20,22,13
-220,-107,2073,64,1,24
-202,-137,2093,20,-15,9
-212,-135,2069,15,2,8
-205,-140,2039,30,30,16
-216,-124,2051,28,20,-10
-185,-125,2063,0,2,42
-191,-157,2073,30,-13,51
-190,-133,2084,5,18,42
-214,-153,2043,14,-5,53
-210,-117,2075,2,9,7
-204,-99,2074,-6,-18,0
-206,-128,2041,13,-26,14
-224,-140,2062,26,-6,18
-206,-145,2048,-4,9,-14
-220,-119,2051,25,16,-8
-210,-108,2079,16,-33,-3
-212,-134,2075,23,-24,1
-178,-126,2075,20,-21,-3
-205,-119,2071,7,3,-35
-193,-120,2068,-6,3,-13
-201,-119,2066,25,18,2
-199,-118,2067,19,21,-15
-220,-146,2060,5,1,8
-189,-115,2066,39,-8,22
-216,-121,2078,37,30,15
-201,-113,2070,24,11,29
-206,-135,2050,7,-9,-9
-206,-117,2053,37,-12,15
-226,-122,2066,24,-20,34
-207,-119,2062,-23,-3,26
-220,-115,2063,36,15,18
-181,-120,2064,-4,-15,-11
-195,-119,2057,-5,-11,27
-196,-120,2063,51,-11,22
-232,-133,2050,-5,37,21
-186,-125,2070,0,39,-3
-189,-133,2065,46,-9,0
-219,-122,2068,21,-5,9
-203,-152,2076,26,-4,0
-181,-137,2065,42,-6,19
-205,-126,2054,39,11,24
-182,-105,2058,24,-23,20
-194,-102,2092,29,-1,-22
-203,-144,2067,27,-2,-10
-198,-137,2044,42,16,-14
-214,-142,2056,20,-1,-47
-181,-134,2094,-4,-38,1
-204,-121,2073,16,-12,2
-172,-124,2048,22,-39,19
-219,-100,2053,13,19,2
-197,-108,2064,34,1,5
-186,-130,2090,35,-1,31
-209,-120,2071,36,-1,28
-225,-143,2074,15,15,-38
-194,-121,2083,-1,-18,-8
-189,-124,2055,73,-26,-6
-190,-106,2059,28,5,-26
-170,-113,2050,29,6,-14
-217,-108,2066,1,-27,20
-196,-125,2051,29,-12,45
-200,-104,2061,26,41,11
-207,-112,2059,39,14,26
-170,-122,2062,21,-17,-19
-186,-124,2084,47,-1,11
-218,-133,2064,31,-7,27
-215,-145,2095,47,-14,24
-202,-111,2067,33,0,20
-208,-110,2063,9,37,14
-184,-138,2078,47,15,20
-186,-135,2070,22,31,18
-157,-130,2060,44,50,11
-207,-136,2064,31,-6,-15
-184,-115,2070,56,-4,8
-170,-122,2061,-2,10,-6
-226,-124,2065,18,26,-2
-191,-120,2063,26,23,-14
-198,-116,2081,-11,25,9
-211,-115,2065,12,36,-11
-227,-123,2067,13,-12,19
-188,-123,2061,-39,39,8
-197,-137,2063,17,33,7
-188,-114,2062,9,31,10
-201,-135,2071,7,31,3
-202,-116,2067,6,-5,35
-200,-132,2060,33,-23,33
-179,-113,2051,46,10,13
-194,-113,2066,37,13,20
-210,-94,2066,-8,-5,5
-212,-137,2084,55,9,-4
-216,-110,2067,37,17,6
-228,-124,2073,30,-3,-25
-203,-135,2048,17,18,-2
-200,-122,2054,26,-22,-10
-185,-128,2101,23,10,48
-221,-119,2047,37,4,23
-215,-123,2061,44,1,16
-187,-124,2038,24,16,7
-192,-119,2063,34,2,-9
-195,-120,2051,32,-16,34
-200,-106,2079,3,14,3
-218,-108,2045,24,43,-26
-180,-124,2048,16,-31,-25
-170,-143,2056,39,-42,-13
-214,-128,2052,1,11,-4
-213,-123,2075,16,-14,0
-218,-115,2063,19,13,-11
-230,-99,2078,45,1,7
-216,-108,2082,11,-10,-19
-203,-108,2069,46,-19,12
-220,-122,2057,30,-1,21
-178,-114,2056,15,24,-8
-191,-105,2066,32,-13,16
-198,-103,2080,52,-21,30
-206,-103,2053,45,-13,-11
-197,-110,2057,19,-1,-8
-206,-116,2052,-5,2,5
-206,-136,2030,35,9,16
-202,-133,2062,16,25,4
-215,-115,2076,14,15,6
-206,-129,2052,23,0,-7
-221,-143,2091,12,13,-9
-216,-121,2050,-2,-10,19
-208,-131,2065,1,-15,29
-202,-143,2065,-13,-11,5
-222,-115,2058,20,-9,21
-217,-129,2054,-2,29,-13
-203,-133,2079,22,11,11
-198,-118,2059,-20,19,12
-196,-99,2070,1,21,-28
-193,-116,2056,-6,-15,20
-194,-91,2068,-4,-20,9
-190,-128,2074,39,14,-14
-187,-125,2076,4,0,4
-185,-104,2065,16,-10,6
-216,-140,2081,35,-2,24
-222,-130,2076,23,-11,-14
-203,-132,2064,5,-2,26
-206,-143,2071,46,19,16
-216,-137,2064,38,-2,31
-229,-100,2069,31,29,24
-216,-123,2055,31,-20,43
-191,-122,2067,50,7,13
-193,-110,2058,7,16,-12
-199,-111,2065,23,-22,9
-189,-128,2077,18,-20,26
-201,-119,2079,-8,9,4
-207,-127,2058,-1,14,15
-205,-118,2062,26,-11,42
-199,-102,2063,61,7,3
-190,-103,2061,17,36,-17
-189,-122,2077,33,-31,6
-227,-110,2062,3,16,-10
-220,-125,2055,34,1,-3
-201,-119,2065,13,-8,8
-190,-122,2062,24,0,34
-207,-120,2050,10,0,6
-212,-117,2067,58,-14,30
-220,-127,2077,29,3,29
-224,-115,2040,19,4,-9
-203,-126,2069,23,-1,-5
-212,-120,2069,23,-6,59
-203,-117,2065,39,11,4
-201,-139,2052,20,29,19
-195,-145,2032,24,-4,51
-200,-108,2065,9,8,43
-187,-116,2059,27,-18,11
-215,-114,2048,28,-19,-26
-195,-124,2074,8,-50,2
-199,-120,2049,6,1,-6
-189,-123,2052,37,23,-19
-209,-116,2051,37,7,-1
-215,-116,2057,-2,13,-16
-208,-144,2069,-3,22,-3
-196,-135,2074,-8,-6,7
-213,-128,2056,17,1,44
-174,-119,2071,19,27,2
-189,-138,2106,26,-28,-4
-203,-117,2071,22,-20,29
-186,-124,2092,16,-1,-4
-204,-144,2070,34,-10,-24
-213,-129,2057,38,0,-34
-235,-129,2059,33,0,18
-204,-129,2080,17,17,-18
-197,-118,2063,42,-11,-22
-177,-133,2071,13,14,21
-184,-119,2066,43,13,22
-218,-110,2078,16,27,35
-198,-106,2082,37,-24,38
-207,-127,2070,33,14,18
-178,-143,2058,6,14,7
-183,-105,2046,50,7,7
-218,-107,2048,8,25,-24
-208,-115,2042,17,10,-6
-183,-134,2071,35,23,3
-182,-120,2085,33,12,-15
-188,-122,2069,36,-3,-25
-207,-122,2063,34,-11,36
-212,-135,2049,5,11,6
-190,-132,2061,32,42,17
-187,-121,2061,-6,-25,46
-187,-102,2060,3,28,29
-230,-133,2058,35,19,34
-205,-121,2045,29,-27,3
-182,-154,2054,-15,34,1
-188,-127,2070,-1,30,14
-214,-135,2063,38,40,14
-219,-123,2043,7,6,4
-195,-124,2056,27,-18,22
-196,-117,2059,0,-1,5
-214,-122,2080,7,20,2
-230,-124,2077,21,-3,-12
-213,-106,2072,27,-3,0
-195,-125,2044,34,8,1
-202,-116,2042,23,23,-4
-209,-133,2046,2,26,-16
-220,-123,2066,33,-17,30
-229,-136,2048,33,-10,-3
-202,-112,2064,13,27,13
-216,-110,2065,26,-5,27
-200,-118,2065,15,-11,-8
-201,-114,2071,17,-1,24
-184,-112,2074,21,6,-27
-207,-123,2062,27,-16,11
-197,-126,2053,30,23,3
-201,-121,2060,12,8,24
-196,-124,2076,43,-11,14
-198,-131,2080,33,-34,19
-184,-116,2086,27,16,-8
-203,-117,2074,19,31,10
-203,-126,2066,22,-2,-19
-212,-113,2053,-6,-24,-24
-174,-117,2072,28,-9,8
-215,-133,2087,36,-3,1
-200,-124,2045,26,15,12
-203,-129,2075,21,-16,2
-209,-115,2056,48,-29,1
-209,-126,2065,32,20,3
-193,-148,2042,30,-7,-36
-225,-141,2074,26,4,11
-194,-127,2052,21,-24,12
-203,-117,2055,15,17,-23
-220,-117,2074,29,33,-10
-184,-134,2059,23,11,11
-235,-151,2049,49,15,32
-215,-119,2073,19,4,23
-214,-123,2069,42,-27,19
-209,-125,2072,3,2,20
-191,-118,2066,41,-9,19
-202,-103,2056,22,-1,25
-216,-104,2054,12,-26,43
-210,-119,2045,11,-29,50
-196,-126,2078,33,-35,65
-196,-113,2043,32,25,47
-226,-129,2079,48,24,57
-212,-97,2083,12,-10,30
-201,-116,2060,-21,52,-6
-204,-106,2061,3,36,-17
-232,-128,2063,9,-37,-5
-207,-110,2058,-2,-8,0
-201,-108,2062,29,4,-1
-172,-135,2058,43,14,3
-177,-135,2069,41,-8,-6
-197,-115,2067,23,-12,13
-199,-136,2058,13,1,-14
-224,-137,2044,38,6,-18
-197,-131,2047,34,31,-9
-185,-113,2069,13,-8,-18
-202,-136,2047,8,-20,24
-197,-133,2049,35,-4,24
-206,-134,2060,26,-20,19
-210,-138,2055,9,22,13
-193,-127,2053,27,-5,-2
-213,-126,2071,6,7,5
-184,-115,2071,23,8,12
-178,-126,2081,34,31,-36
-221,-134,2084,31,-10,-22
-192,-120,2071,31,-2,18
-195,-121,2071,11,-14,-20
-191,-102,2080,29,14,-12
-225,-107,2048,31,-20,0
-208,-113,2066,27,12,-42
-206,-112,2051,1,25,16
-199,-126,2066,43,50,4
-198,-131,2083,22,-1,8
-197,-111,2067,39,-45,7
-209,-136,2040,18,-13,-4
-196,-94,2073,24,15,-2
-202,-120,2054,6,23,-17
-206,-114,2066,52,-21,8
-207,-135,2040,51,-14,23
-195,-126,2063,28,-3,4
-192,-141,2077,11,19,-18
-198,-105,2068,20,-18,-8
-211,-101,2051,8,-6,-4
-195,-120,2055,1,8,-35
-219,-144,2033,45,22,-14
-226,-126,2061,23,20,27
-217,-118,2045,44,30,-17
-196,-121,2070,34,-21,27
-200,-108,2056,51,-32,9
-198,-137,2059,32,10,-1
-201,-121,2062,46,-6,13
-198,-126,2060,28,-22,17
-208,-131,2059,32,-14,9
-220,-118,2072,31,18,31
-213,-128,2061,39,-13,0
-199,-122,2067,20,-22,29
-206,-127,2068,43,0,-3
-207,-120,2084,18,-22,18
-206,-119,2050,20,-31,16
-214,-109,2064,13,38,-6
-237,-109,2067,5,28,18
-211,-138,2072,22,4,37
-200,-99,2054,18,-13,-4
-219,-121,2078,-2,36,-27
-223,-134,2071,6,27,16
-206,-100,2076,22,-26,31
-188,-130,2058,7,19,7
-200,-134,2041,18,15,9
-203,-131,2088,-1,2,-14
-213,-119,2047,-32,8,-12
-217,-127,2077,29,16,-14
-220,-132,2047,38,-10,14
-206,-140,2040,11,20,15
-209,-127,2058,28,17,15
-220,-111,2067,9,23,25
-229,-128,2036,25,22,-5
-202,-131,2049,22,32,-25
-200,-130,2071,21,-22,-14
-212,-112,2061,52,2,10
-201,-100,2055,33,-4,-20
-210,-112,2073,33,-17,-5
-191,-119,2074,7,-25,40
-198,-127,2065,37,-27,15
-207,-114,2064,27,-12,20
-198,-118,2069,21,14,22
-215,-118,2079,53,21,6
-191,-101,2068,-4,34,1
-201,-111,2057,36,32,23
-208,-112,2055,54,-19,32
-194,-132,2083,41,-11,35
-216,-119,2094,-10,-5,18
-209,-115,2073,23,12,47
-182,-123,2068,26,11,33
-210,-135,2059,1,14,29
-203,-138,2064,20,-19,25
-172,-128,2075,-1,19,17
-184,-118,2066,2,23,13
-204,-134,2071,15,10,25
-214,-135,2066,9,2,-1
-221,-107,2088,12,5,12
-215,-139,2074,37,-7,25
-178,-115,2053,46,4,0
-195,-103,2049,20,-28,7
-193,-130,2056,39,-5,36
-205,-131,2055,26,-13,7
-196,-110,2069,29,17,44
-190,-129,2040,5,-23,56
-195,-144,2057,23,16,12
-179,-122,2062,-2,2,12
-193,-104,2053,48,6,57
-183,-135,2071,11,-12,19
-180,-135,2052,65,-7,47
-174,-103,2081,45,-25,17
-185,-106,2065,32,10,6
-178,-109,2063,45,-7,25
-190,-116,2070,34,-10,-5
-192,-143,2057,10,15,2
-226,-122,2060,40,-10,-43
-209,-135,2069,19,-11,35
-222,-136,2059,17,13,-5
-205,-136,2044,21,15,24
-181,-141,2059,22,-6,8
-209,-134,2087,37,-10,32
-213,-134,2067,13,9,13
-222,-110,2094,22,11,14
-196,-130,2050,14,17,6
-192,-115,2065,27,-11,-13
-216,-129,2056,18,-15,26
-198,-133,2083,65,-17,5
-208,-138,2090,5,11,29
-224,-131,2065,43,2,50
-212,-111,2081,32,28,46
-197,-120,2053,20,8,39
-216,-123,2072,52,-23,29
-208,-120,2075,9,43,-23
-198,-146,2074,11,65,16
-193,-119,2081,40,29,-12
-207,-145,2058,6,-33,-30
-201,-142,2068,24,-17,11
-218,-131,2078,21,-20,-8
-190,-120,2063,25,11,3
-237,-121,2045,-22,37,9
-203,-122,2044,32,-21,13
-224,-122,2061,28,-40,8
-205,-125,2066,32,23,-10
-197,-126,2056,8,17,11
-183,-131,2064,9,-28,43
-216,-103,2045,-3,19,37
-227,-121,2046,1,-21,-20
-222,-144,2070,35,9,12
-210,-128,2079,-17,12,20
-189,-133,2070,12,8,-10
-205,-118,2072,36,22,17
-203,-113,2040,44,8,-7
-204,-125,2068,-5,11,-3
-197,-125,2071,22,0,34
-197,-125,2047,-8,11,27
-209,-122,2073,-21,13,23
-214,-141,2043,23,33,5
-228,-112,2067,42,-4,17
-215,-130,2066,25,-1,4
-222,-129,2072,38,7,-6
-206,-104,2059,27,11,23
-217,-118,2050,18,24,8
-197,-94,2057,8,10,-11
-209,-118,2069,-7,-3,23
-189,-124,2074,39,-27,39
-206,-133,2063,13,-1,7
-201,-125,2060,54,20,22
-217,-100,2063,15,6,-5
-225,-126,2054,-4,23,-14
-214,-137,2071,-9,6,12
-229,-108,2052,24,-3,6
-222,-146,2063,20,24,8
-221,-123,2062,43,15,6
-216,-129,2047,34,-19,16
-196,-116,2082,25,13,30
-215,-143,2073,-18,-3,37
-223,-123,2053,29,-5,62
-221,-130,2073,35,-3,17
-203,-121,2064,1,13,5
-192,-117,2047,49,-6,59
-190,-134,2037,14,13,-7
-221,-103,2074,52,-6,11
-200,-135,2056,17,-18,11
-226,-118,2062,25,-2,2
-219,-119,2053,55,5,71
-228,-116,2055,65,8,30
-210,-141,2042,1,8,-26
-195,-126,2057,34,-13,-9
-191,-104,2073,4,8,3
-190,-128,2068,-13,10,0
-215,-104,2083,-13,10,13
-196,-132,2070,5,-8,-16
-192,-119,2066,15,9,-4
-189,-107,2063,10,15,7
-204,-142,2055,10,1,5
-211,-147,2041,-7,9,-20
-218,-134,2051,-6,-20,8
-215,-131,2064,20,-12,18
-213,-118,2041,66,-15,21
-205,-129,2063,24,-7,6
-205,-123,2069,48,3,40
-221,-109,2055,6,-12,-1
-249,-113,2048,38,12,-14
-212,-108,2069,38,-5,8
-209,-107,2051,15,-13,-2
-201,-136,2051,28,-11,-9
-193,-156,2060,42,16,8
-204,-116,2033,46,10,25
-193,-107,2059,16,-2,4
-204,-114,2065,49,-23,22
-203,-148,2070,45,-19,33
-194,-123,2076,3,2,37
-203,-129,2055,34,17,1
-222,-118,2057,-3,-13,37
-202,-115,2081,12,-29,12
-197,-111,2064,-7,16,7
-189,-119,2049,41,-34,20
-219,-133,2085,10,-8,-10
-217,-110,2052,-4,2,17
-223,-121,2063,21,5,24
-201,-120,2065,12,-11,1
-210,-108,2058,-5,-32,-1
-197,-136,2062,-14,23,19
-228,-123,2057,29,-33,31
-193,-129,2052,22,-8,40
-197,-147,2056,-6,-17,1
-216,-129,2052,11,-17,38
-197,-104,2060,1,46,48
-206,-117,2056,35,11,-3
-221,-117,2067,28,12,-13
-196,-120,2088,49,-1,11
-235,-137,2056,18,2,-16
-242,-104,2060,27,25,-4
-225,-125,2064,47,17,-3
-207,-120,2053,49,-6,43
-209,-150,2066,18,1,18
-195,-139,2060,7,20,30
-204,-135,2038,15,-24,55
-205,-109,2042,8,23,-22
-221,-113,2069,39,22,-7
-180,-139,2093,0,-32,24
-195,-130,2057,29,-14,8
-220,-107,2067,25,-14,22
-222,-101,2067,31,-17,8
-202,-113,2086,65,-17,13
-218,-130,2049,42,35,-15
-215,-139,2050,-19,18,-12
-213,-148,2071,49,-26,15
-213,-96,2082,18,4,1
-202,-93,2077,-10,16,8
-209,-127,2065,4,30,-15
-208,-115,2051,-10,9,-7
-202,-128,2064,21,33,-22
-207,-112,2067,9,5,12
-192,-122,2057,22,-20,23
-185,-128,2088,17,5,-12
-205,-129,2078,16,9,-6
-198,-116,2062,-5,18,35
-218,-123,2040,22,6,25
-223,-96,2059,16,21,-1
-200,-143,2056,16,-23,10
-208,-105,2069,3,26,-1
-203,-132,2069,31,24,33
-212,-118,2038,-4,-5,40
-206,-117,2060,-19,-17,23
-205,-113,2070,40,-12,28
-210,-115,2080,42,-16,10
-196,-104,2074,13,20,11
-184,-135,2048,25,16,20
-218,-113,2046,28,21,-1
-215,-111,2045,9,-3,-10
-202,-112,2057,27,9,0
-207,-127,2041,3,33,3
-210,-135,2042,33,8,12
-213,-132,2057,9,-9,-4
-241,-132,2068,4,15,-13
-223,-136,2055,6,30,-12
-214,-156,2040,27,-44,13
-190,-146,2054,8,-40,-18
-198,-124,2052,-6,-10,-1
-223,-109,2038,25,-1,-7
-227,-133,2075,46,-10,-4
-216,-125,2068,-3,27,17
-212,-136,2054,45,24,11
-192,-127,2063,52,-9,-5
-209,-118,2052,36,-3,12
-202,-120,2066,24,-5,37
-186,-117,2065,23,29,-33
-192,-128,2050,-28,11,-11
-199,-104,2062,22,-12,7
-212,-141,2062,43,-33,31
-203,-124,2060,14,-31,-13
-205,-138,2072,-11,18,-8
-207,-125,2044,22,-36,6
-189,-130,2039,27,-9,-18
-220,-151,2082,18,-2,-7
-224,-109,2081,21,-7,8
-211,-119,2057,17,-1,-7
-199,-132,2094,5,-3,-22
-211,-94,2065,8,-8,6
-202,-109,2064,-32,-10,-11
-222,-137,2075,14,-6,-7
-220,-150,2060,8,12,-5
-208,-93,2042,25,24,-13
-218,-127,2058,22,32,12
-217,-127,2054,28,17,38
-211,-127,2044,10,5,-31
-197,-102,2063,24,-39,-63
-207,-106,2065,24,-32,-2
-222,-116,2053,3,-22,-1
-219,-149,2053,-12,51,-8
-202,-138,2058,31,-1,-13
-203,-115,2068,18,19,3
-202,-124,2072,11,-1,43
-167,-97,2046,22,-2,16
-193,-118,2065,12,11,15
-200,-129,2066,19,2,45
-166,-122,2079,51,-2,11
-189,-112,2072,6,-20,17
-198,-112,2065,37,17,35
-204,-104,2055,13,27,25
-220,-117,2072,33,3,-3
-189,-122,2051,36,-29,0
-202,-121,2069,25,16,19
-219,-102,2057,34,18,-1
-216,-122,2057,43,-34,41
-202,-119,2052,15,-15,3
-207,-110,2035,18,23,30
-192,-117,2054,44,7,45
-205,-126,2068,24,11,27
-210,-121,2062,34,14,-17
-215,-126,2060,39,0,-16
-220,-114,2068,15,18,-6
-219,-136,2041,30,18,4
-205,-129,2063,39,2,2
-203,-117,2058,-13,1,20
-205,-115,2057,32,-27,-11
-190,-123,2088,61,-11,58
-182,-116,2054,23,10,46
-189,-122,2056,10,9,33
-208,-131,2039,34,-15,24
-182,-132,2087,25,4,26
-190,-120,2067,3,22,-2
-206,-110,2058,26,5,-2
-235,-138,2071,43,17,3
-236,-133,2062,-4,16,-17
-198,-145,2049,2,-34,8
-210,-148,2070,23,4,22
-196,-138,2073,2,2,13
-202,-126,2071,13,1,-15
-197,-108,2069,19,14,26
-211,-128,2058,40,-3,25
-216,-130,2050,2,3,7
-214,-123,2082,3,3,-8
-203,-91,2058,49,-34,4
-192,-119,2058,33,1,-18
-220,-128,2066,36,16,-38
-202,-126,2039,40,-2,13
-198,-112,2060,25,24,-24
-200,-144,2051,11,25,20
-217,-122,2056,20,-6,-8
-218,-123,2066,-2,20,-7
-202,-114,2063,6,-2,5
-204,-99,2077,14,12,36
-222,-117,2076,4,19,4
-194,-120,2050,-18,35,11
-221,-142,2070,21,-9,53
-201,-110,2078,31,5,33
-179,-122,2088,3,7,20
-213,-141,2056,15,7,37
-195,-121,2074,7,16,47
-209,-144,2058,31,6,31
-205,-132,2060,10,-24,28
-228,-107,2054,25,10,29
-211,-111,2070,12,4,22
-205,-124,2070,25,22,18
-213,-143,2077,22,-13,31
-206,-103,2086,22,17,33
-205,-117,2055,6,19,-5
-233,-109,2057,-4,-5,23
-219,-140,2088,37,-43,31
-220,-110,2058,25,45,30
-215,-112,2063,9,25,3
-199,-132,2036,28,-3,35
-213,-136,2064,20,-20,38
-220,-143,2074,4,32,22
-231,-133,2058,8,-15,24
-193,-123,2066,37,6,45
-200,-139,2049,25,23,40
-223,-132,2031,21,0,20
-201,-128,2093,16,2,26
-212,-125,2060,14,28,1
-200,-113,2055,37,7,28
-209,-122,2043,31,-26,33
-220,-135,2061,22,-4,38
-201,-126,2078,39,38,18
-200,-118,2063,47,7,26
-216,-126,2064,42,-28,21
-210,-129,2061,21,-9,8
-195,-148,2063,8,-2,0
-220,-122,2047,33,6,16
-234,-122,2069,45,10,3
-200,-160,2053,39,-6,12
-202,-148,2047,8,-15,-23
-203,-116,2068,9,-37,10
-191,-135,2064,4,-6,-6
-219,-147,2057,17,10,-17
-209,-115,2044,5,31,41
-197,-108,2078,18,-19,51
-199,-139,2063,-7,-6,22
-197,-128,2069,21,33,8
-208,-137,2063,42,-10,30
-225,-108,2048,31,6,30
-197,-115,2070,22,40,-1
-202,-121,2073,37,-10,29
-208,-137,2076,40,-6,25
-213,-150,2061,14,2,16
-199,-131,2058,26,-10,21
-198,-129,2075,46,-2,50
-215,-98,2034,18,-17,-34
-216,-110,2040,35,-10,19
-208,-125,2076,36,4,29
-213,-131,2041,13,54,-2
-210,-127,2035,12,43,9
-247,-137,2053,31,-17,11
-206,-144,2052,4,-21,8
-195,-131,2069,13,7,20
-211,-134,2047,57,28,48
-193,-134,2046,30,14,48
-202,-138,2066,41,-16,46
-223,-116,2068,26,-14,15
-191,-127,2074,16,11,18
-201,-143,2065,28,-9,-27
-199,-122,2072,25,-22,-6
-206,-153,2089,22,-12,1
-191,-118,2041,17,5,-23
-218,-129,2040,33,-5,-6
-198,-127,2038,29,4,15
-206,-109,2060,35,-7,-4
-227,-136,2089,28,-13,-20
-212,-138,2064,-21,14,-7
-208,-132,2067,-12,-5,11
-215,-94,2078,22,-10,-14
-191,-110,2073,-15,20,-15
-184,-112,2068,-24,24,-6
-193,-136,2055,-2,-16,3
-182,-126,2073,56,-26,21
-187,-130,2074,13,36,-8
-196,-127,2058,5,-3,0
-196,-137,2074,17,9,14
-203,-107,2072,-24,-1,4
-209,-136,2069,-18,12,18
-215,-123,2057,16,20,4
-196,-138,2052,-6,23,-12
-210,-122,2075,7,4,-23
-202,-124,2088,8,7,4
-189,-104,2049,-19,28,16
-207,-110,2066,8,23,-17
-203,-154,2051,25,-19,9
-194,-89,2077,0,22,-2
-211,-135,2062,50,42,-5
-205,-126,2063,48,-13,30
-218,-134,2058,14,-19,-36
-215,-130,2052,18,-22,-35
-215,-138,2069,-22,-26,-24
-216,-123,2056,-1,-24,-35
-195,-127,2063,15,30,57
-224,-103,2060,-2,13,56
-208,-106,2063,23,14,47
-211,-134,2079,40,-10,67
-226,-131,2053,28,14,41
-214,-146,2060,39,-5,49
-214,-118,2076,20,-42,4
-203,-110,2028,5,37,-3
-209,-108,2052,0,26,-6
-207,-111,2059,6,17,7
-205,-127,2068,28,-18,-11
-197,-125,2051,27,-9,-13
-240,-124,2052,32,-1,46
-222,-134,2072,54,-4,13
-214,-130,2073,23,18,6
-193,-115,2076,18,-13,9
-199,-123,2077,27,-4,14
-221,-130,2071,29,13,23
-209,-144,2059,16,1,-11
-202,-133,2086,10,-26,2
-206,-139,2061,20,7,18
-212,-119,2069,-25,8,-12
-198,-118,2072,-6,10,1
-219,-131,2082,5,11,5
-207,-128,2087,29,39,-12
-213,-102,2069,30,1,26
-210,-119,2068,13,27,22
-204,-107,2087,15,-7,18
-183,-149,2060,25,-29,40
-211,-154,2042,-1,-22,57
-216,-120,2048,7,15,8
-204,-130,2061,8,-10,5
-210,-112,2064,8,-32,24
-207,-112,2056,47,-31,18
-217,-125,2060,18,23,16
-209,-104,2052,33,10,40
-228,-134,2064,13,-36,27
-220,-108,2074,-2,23,-6
-209,-141,2057,16,30,-6
-191,-134,2061,23,-21,7
-195,-116,2055,28,15,-21
-209,-114,2064,42,-5,-18
-216,-111,2066,-12,9,-28
-214,-139,2090,41,-5,8
-215,-143,2079,5,6,-14
-207,-130,2068,-19,37,-22
-210,-124,2082,5,44,-8
-207,-118,2072,1,-29,5
-193,-132,2055,47,-6,15
-188,-103,2070,4,10,22
-196,-116,2069,18,-11,26
-234,-120,2039,25,-10,18
-243,-129,2033,30,-3,29
-212,-110,2064,34,-16,39
-211,-104,2044,33,-9,2
-206,-131,2066,-3,-13,-22
-184,-112,2054,14,-2,-17
-213,-99,2040,-3,21,2
-202,-129,2057,24,10,11
-194,-137,2045,46,-13,5
-209,-134,2074,15,13,2
-202,-106,2070,27,16,9
-200,-120,2069,60,-9,-6
-204,-122,2072,4,4,-3
-201,-143,2071,23,-11,-1
-196,-120,2050,38,-30,20
-240,-127,2062,-4,8,-2
-199,-128,2068,48,39,8
-210,-122,2072,0,43,2
-207,-144,2052,35,-5,21
-216,-120,2061,6,2,22
-205,-116,2063,31,6,72
-176,-145,2065,24,-14,1
-217,-136,2064,-8,20,23
-221,-131,2071,34,29,36
-207,-106,2069,43,1,15
-197,-103,2055,64,-13,14
-213,-124,2054,41,-2,15
-196,-106,2084,28,21,25
-186,-106,2066,11,29,-11
-221,-127,2061,28,-23,-6
-220,-114,2069,46,17,24
-184,-115,2069,24,12,15
-219,-125,2043,4,-20,16
-194,-131,2081,5,9,33
-202,-136,2044,14,15,6
-219,-101,2064,36,7,35
-220,-133,2061,24,-1,12
-205,-126,2055,41,8,5
-186,-129,2036,20,-28,7
-194,-139,2080,-13,-7,-28
-214,-125,2083,-6,-29,3
-207,-128,2083,34,-18,14
-183,-134,2062,30,-20,27
-221,-126,2071,-1,42,21
-216,-133,2070,26,29,44
-198,-141,2063,26,18,32
-195,-121,2063,29,-6,-3
-209,-118,2063,5,27,5
-222,-133,2060,14,-20,31
-202,-134,2074,50,-22,20
-215,-119,2057,12,11,33
-186,-102,2057,38,3,28
-207,-119,2076,17,28,39
-205,-127,2074,9,33,27
-205,-113,2079,31,-17,30
-197,-113,2046,27,-13,28
-213,-135,2058,18,13,23
-203,-130,2046,4,-1,27
-217,-111,2077,25,-17,1
-200,-124,2049,3,2,7
-192,-126,2044,29,-12,38
-191,-102,2066,45,7,10
-194,-98,2089,29,20,-12
-198,-102,2081,16,-10,11
-193,-112,2073,33,3,19
-203,-113,2063,16,40,-6
-209,-112,2082,49,-15,-13
-217,-115,2056,12,-4,2
-216,-99,2046,46,6,43
-200,-105,2046,19,13,1
-195,-114,2064,24,-13,51
-226,-116,2076,-1,-2,24
-219,-123,2063,33,14,32
-203,-110,2090,31,28,26
-197,-101,2040,33,-38,26
-191,-111,2081,15,1,3
-215,-128,2058,46,44,-21
-201,-124,2053,1,34,48
-191,-119,2050,5,-10,33
-187,-106,2052,4,-31,-1
-203,-133,2062,17,-34,20
-217,-116,2075,8,-2,16
-220,-125,2047,34,13,4
-206,-139,2053,13,-19,4
-208,-107,2074,21,16,5
-201,-129,2067,18,4,2
-186,-110,2064,21,3,-3
-201,-108,2062,29,-8,26
-210,-138,2046,8,-20,2
-187,-109,2085,38,8,-7
-218,-133,2085,37,-5,42
-201,-106,2069,25,9,-9
-213,-101,2044,13,1,6
-177,-128,2045,36,13,38
-179,-136,2069,9,-11,11
-201,-137,2044,17,10,22
-212,-113,2081,-10,14,-9
-201,-123,2057,6,14,14
-197,-138,2060,37,-28,36
-206,-119,2051,-18,16,-3
-220,-119,2077,-10,23,-12
-208,-108,2055,15,0,13
-211,-110,2069,-13,7,1
-197,-122,2055,31,13,-6
-214,-109,2066,50,3,23
-194,-111,2061,17,-22,-2
-209,-113,2070,46,-57,30
-199,-124,2050,29,19,6
-190,-103,2043,24,25,4
-205,-127,2053,25,9,-7
-214,-139,2077,20,8,-6
-216,-134,2064,31,8,17
-198,-125,2055,23,-4,6
-212,-118,2057,5,22,-3
-212,-124,2061,-15,8,4
-201,-106,2059,10,8,-3
-191,-142,2071,13,3,-8
-200,-115,2051,-2,41,16
-197,-124,2089,48,-20,35
-199,-138,2057,-10,-15,19
-206,-119,2051,20,-14,16
-202,-117,2053,22,-16,30
-220,-131,2061,37,42,-2
-197,-140,2031,54,-9,32
-186,-125,2073,33,5,15
-216,-111,2054,46,4,29
-203,-117,2063,-4,11,1
-200,-117,2056,32,10,-1
-191,-129,2079,37,-2,9
-223,-108,2077,20,4,9
-226,-114,2073,12,15,3
-224,-131,2070,29,-31,32
-196,-132,2064,10,15,24
-197,-127,2066,-15,25,24
-206,-121,2060,53,26,25
-211,-120,2064,-17,-6,53
-199,-115,2083,-12,5,-10
-179,-93,2055,7,-9,22
-218,-117,2058,51,18,-32
-201,-131,2062,17,49,-18
-196,-134,2061,23,-11,18
-198,-147,2062,62,7,2
-210,-135,2053,25,5,-11
-219,-125,2057,34,-2,-9
-193,-115,2064,41,-7,-2
-193,-123,2050,8,24,11
-194,-137,2064,9,40,-17
-210,-124,2061,-4,11,16
-213,-132,2049,41,-18,21
-206,-118,2072,47,8,-10
-193,-136,2067,36,35,5
-206,-113,2056,46,7,27
-210,-133,2058,37,11,-5
-230,-123,2071,-3,15,11
-218,-105,2054,38,11,-10
-193,-126,2053,41,11,36
-225,-138,2071,42,-18,12
-203,-123,2081,48,-26,-7
-195,-123,2050,27,-20,0
-217,-124,2062,18,-29,43
-195,-132,2054,-7,7,42
-198,-129,2082,11,24,13
-198,-114,2054,12,7,-14
-193,-134,2073,9,-19,21
-209,-135,2063,6,19,-18
-198,-133,2049,14,15,-17
-216,-116,2071,1,1,14
-201,-116,2067,-6,-6,6
-198,-136,2063,-3,3,7
-227,-124,2083,-1,-41,-7
-214,-127,2054,31,-43,-22
-184,-135,2063,10,33,-27
-217,-127,2072,36,35,-31
-207,-106,2048,-5,-11,-11
-216,-135,2051,23,-7,-15
-229,-123,2070,3,3,13
-185,-108,2045,17,21,58
-211,-135,2066,35,13,29
-226,-118,2056,41,34,10
-216,-139,2057,19,10,36
-195,-116,2065,36,19,-12
-195,-121,2068,29,-7,9
-186,-135,2068,18,-9,3
-237,-120,2056,14,-36,18
-225,-119,2064,-24,46,14
-224,-112,2064,15,5,37
-219,-123,2055,34,-8,15
-224,-132,2069,11,12,37
-205,-124,2062,43,-2,-27
-213,-108,2068,33,-9,9
-213,-131,2058,33,-18,0
-202,-140,2042,13,18,-21
-205,-157,2059,26,-21,-10
-211,-120,2070,24,-11,-22
-182,-139,2074,71,9,58
-201,-129,2058,46,35,23
-201,-132,2057,45,0,34
-216,-100,2074,36,-8,14
-193,-119,2068,27,-8,3
-206,-130,2058,29,-7,26
-222,-99,2065,16,-13,-16
-211,-97,2054,7,3,17
-208,-111,2064,20,-1,7
-198,-125,2067,-16,18,2
-189,-154,2068,-13,-6,16
-197,-135,2039,7,-7,28
-225,-131,2075,48,-21,35
-210,-112,2069,-16,3,44
-217,-108,2062,17,7,12
-199,-116,2054,0,-12,29
-201,-113,2061,-4,-8,33
-182,-128,2050,12,-1,53
-218,-124,2068,38,-13,17
-218,-124,2073,-8,-9,-2
-196,-115,2053,23,-8,6
-207,-109,2084,37,31,29
-205,-131,2046,23,3,32
-195,-115,2052,42,3,19
-202,-123,2045,61,-44,24
-208,-128,2073,-3,-40,3
-185,-105,2068,25,9,-9
-200,-119,2073,21,16,11
-200,-139,2049,8,11,-10
-207,-135,2056,9,-6,-16
-204,-117,2044,-27,11,-14
-208,-120,2066,8,-20,13
-214,-125,2076,53,-29,11
-193,-122,2047,2,21,-10
-201,-132,2069,28,48,21
-201,-125,2060,20,-16,16
-205,-126,2060,32,24,30
-196,-165,2065,35,15,6
-197,-160,2055,19,-16,38
-206,-136,2044,-7,-22,-13
-207,-125,2061,40,8,26
-211,-129,2067,62,10,14
-210,-121,2063,19,-20,-4
-217,-120,2053,7,12,3
-205,-126,2067,16,-6,19
-202,-137,2065,38,16,-7
-187,-107,2067,14,33,-16
-190,-117,2059,7,15,-8
-207,-131,2067,18,4,-27
-201,-122,2048,17,-17,42
-210,-132,2066,12,-13,-13
-188,-144,2073,28,-4,11
-203,-138,2040,35,-7,33
-204,-122,2082,48,16,7
-203,-124,2084,20,23,-5
-203,-135,2068,51,-35,18
-196,-87,2074,21,38,33
-200,-116,2073,32,20,19
-212,-108,2059,36,19,36
-208,-144,2047,13,0,-6
-177,-130,2050,9,-12,-19
-197,-123,2095,16,7,-8
-209,-122,2085,8,25,-26
-204,-130,2088,2,40,-8
-212,-136,2059,24,-11,-4
-217,-112,2072,0,-34,-25
-211,-128,2076,18,23,-7
-204,-116,2072,-30,-6,-14
-217,-104,2068,-20,12,26
-208,-132,2050,30,37,7
-203,-140,2069,22,9,10
-213,-111,2085,13,19,8
-184,-126,2053,27,-31,5
-202,-138,2057,2,0,-11
-187,-125,2066,-4,5,6
-209,-136,2074,21,13,-6
-211,-144,2061,-1,5,-5
-200,-131,2071,11,27,20
-202,-132,2076,34,-10,20
-196,-135,2069,5,19,7
-186,-125,2031,6,-3,41
-215,-127,2051,16,7,45
-192,-143,2051,26,23,25
-194,-139,2085,13,-16,-37
-202,-126,2075,43,-7,-17
-182,-124,2064,1,14,-28
-202,-130,2078,-11,14,-26
-182,-131,2058,7,29,-11
-195,-130,2047,29,13,3
-198,-133,2051,6,17,9
-212,-112,2073,28,-9,18
-189,-113,2080,2,-25,11
-203,-138,2058,21,5,8
-207,-127,2067,31,23,22
-199,-117,2063,50,15,29
-191,-125,2077,12,28,-22
-192,-101,2062,6,17,4
-214,-120,2067,31,-2,21
-196,-115,2064,23,4,15
-216,-118,2059,8,-13,27
-206,-119,2068,24,-10,19
-242,-111,2072,21,16,-24
-199,-139,2059,18,-27,-30
-209,-104,2045,37,-13,1
-204,-117,2058,22,-4,-21
-202,-107,2087,35,5,19
-202,-109,2075,29,15,38
-221,-120,2064,6,44,17
-198,-131,2058,24,-15,13
-203,-116,2058,45,-17,35
-209,-102,2079,-19,-27,25
-225,-123,2083,24,7,17
-180,-118,2056,14,23,30
-214,-121,2056,12,-24,20
-191,-125,2061,25,-1,26
-210,-122,2078,45,8,40
-213,-113,2063,7,7,14
-210,-115,2049,31,5,28
-189,-112,2082,51,11,18
-198,-109,2071,14,11,-22
-205,-133,2066,25,-18,-28
-224,-112,2086,10,-2,-13
-201,-136,2064,-28,7,-13
-205,-116,2069,-1,4,28
-195,-133,2076,14,-8,43
-195,-102,2060,40,-11,38
-184,-114,2064,40,-11,25
-195,-138,2058,6,2,28
-190,-127,2036,13,6,37
-205,-124,2066,2,21,38
-211,-121,2080,33,1,48
-191,-121,2058,-1,-2,28
-204,-118,2048,-11,-32,10
-214,-127,2051,-15,6,37
-183,-112,2065,21,-2,7
-212,-113,2044,27,28,-8
-187,-140,2080,44,-7,28
-207,-125,2058,29,13,-4
-200,-139,2053,30,7,35
-212,-114,2068,-7,49,13
-181,-134,2062,27,-9,16
-193,-129,2058,5,-13,-18
-215,-108,2064,55,-4,6
-210,-139,2080,11,18,19
-194,-149,2062,57,-36,16
-209,-121,2085,26,22,3
-209,-126,2067,29,28,4
-192,-114,2058,34,19,14
-207,-103,2074,3,-1,-13
-190,-116,2084,0,5,-45
-215,-110,2049,20,-10,1
-212,-122,2083,21,7,-23
-218,-118,2062,24,25,4
-196,-108,2048,20,10,8
-180,-109,2067,3,15,-11
-194,-120,2078,41,0,37
-193,-124,2070,39,2,21
-214,-154,2078,33,18,8
-200,-142,2057,29,-16,6
-210,-137,2034,48,-43,8
-195,-126,2072,33,-3,0
-220,-107,2082,8,24,-27
-216,-109,2081,26,0,13
-185,-97,2063,8,9,-1
-201,-103,2076,-2,-3,-9
-196,-125,2055,3,-23,-10
-202,-121,2054,61,10,20
-179,-115,2065,17,-20,-1
-190,-110,2081,6,18,0
-204,-128,2080,-6,26,19
-214,-128,2047,56,-7,7
-202,-112,2088,18,-12,-22
-187,-114,2062,48,9,-11
-219,-112,2047,14,-8,29
-211,-117,2050,27,-14,23
-189,-129,2035,-15,5,26
-211,-131,2035,25,-6,27
-199,-112,2065,58,-17,13
-218,-135,2063,33,36,8
-190,-125,2064,1,-2,3
-200,-142,2048,13,12,-6
-206,-112,2061,30,11,43
-185,-128,2066,-8,45,8
-227,-116,2037,23,-27,-2
-176,-117,2085,54,-44,39
-201,-107,2068,49,11,48
-198,-95,2072,49,11,37
-192,-112,2070,44,-19,40
-207,-126,2070,21,11,9
-185,-122,2085,26,-21,10
-191,-121,2068,31,-35,13
-207,-112,2062,39,-6,5
-204,-129,2065,1,-19,1
-191,-101,2055,15,12,21
-214,-116,2079,14,34,17
-203,-139,2071,5,37,20
-199,-123,2064,26,7,24
-207,-130,2041,26,-11,7
-199,-126,2033,19,32,9
-189,-129,2048,-5,-40,-9
-207,-128,2070,69,-1,21
-192,-125,2061,5,16,-14
-208,-119,2041,33,8,-11
-208,-131,2062,28,-28,39
-204,-105,2062,29,-33,13
-198,-123,2059,23,29,-8
-194,-124,2067,30,38,41
-201,-112,2050,15,7,43
-184,-115,2072,23,-24,31
-211,-114,2068,43,33,35
-210,-113,2043,35,23,3
-190,-106,2055,-25,-1,1
-202,-120,2061,33,5,12
-190,-132,2060,-9,45,22
-206,-132,2055,23,43,-4
-214,-106,2061,-2,-5,1
-184,-105,2061,18,6,38
-208,-126,2070,18,3,8
-205,-116,2047,19,53,15
-231,-129,2088,37,-18,42
-200,-116,2068,22,-40,23
-203,-118,2063,1,-10,0
-218,-122,2073,33,-5,28
-196,-124,2069,7,8,22
-205,-128,2068,0,21,13
-216,-114,2057,6,-25,19
-183,-130,2060,19,15,41
-202,-108,2070,22,39,11
-189,-109,2079,29,10,5
-227,-106,2079,30,16,-1
-197,-116,2054,34,-24,-11
-209,-114,2062,48,-12,14
-220,-142,2063,46,5,16
-195,-103,2068,16,33,-6
-186,-90,2039,21,17,0
-212,-139,2070,13,-3,1
-223,-124,2052,8,10,-16
-223,-128,2069,4,13,19
-213,-144,2088,25,-11,11
-218,-122,2050,40,30,28
-228,-134,2066,-2,-11,31
-220,-119,2064,39,-23,28
-212,-130,2059,31,-11,17
-195,-117,2071,33,29,2
-216,-106,2053,29,17,22
-205,-101,2057,15,19,-7
-217,-111,2056,11,22,8
-202,-110,2060,11,-42,-19
-186,-101,2073,1,7,-12
-196,-122,2083,15,19,6
-205,-138,2071,31,20,1
-210,-124,2042,27,-7,47
-220,-103,2057,8,-23,25
-193,-111,2048,18,10,59
-200,-127,2070,26,-21,60
-203,-125,2059,26,21,17
-177,-135,2057,16,7,-19
-204,-126,2027,38,-31,-12
-217,-116,2039,19,-5,0
-188,-98,2064,-12,37,-14
-206,-115,2068,36,32,-19
-199,-132,2065,28,8,5
-204,-132,2064,23,5,26
-207,-119,2049,12,47,21
-194,-117,2058,29,-18,6
-207,-130,2065,-2,0,-18
-201,-136,2049,-7,4,18
-197,-139,2061,25,1,10
-208,-115,2036,69,8,30
-189,-142,2054,29,-6,-14
-200,-138,2057,4,-12,30
-221,-126,2052,35,-25,47
-218,-127,2057,26,20,-10
-183,-119,2064,16,6,25
-227,-132,2062,12,-27,14
-196,-99,2052,25,-36,18
-192,-113,2054,32,-15,-2
-215,-121,2068,30,1,18
-215,-128,2072,6,21,-13
-205,-122,2057,9,40,14
-222,-139,2067,13,-14,25
-211,-127,2069,24,-25,23
-205,-104,2079,-3,46,3
-211,-132,2042,18,-10,14
-200,-112,2051,21,2,77
-213,-135,2054,-28,7,53
-193,-124,2067,-1,14,5
-186,-128,2052,18,-18,0
-199,-119,2055,19,-14,-16
-192,-132,2062,-7,-25,32
-202,-125,2060,4,18,23
-200,-105,2063,-12,8,-2
-203,-113,2060,30,-5,-21
-208,-107,2058,28,5,32
-194,-114,2073,20,35,16
-195,-135,2036,3,12,-15
-198,-116,2066,22,14,28
-201,-115,2029,26,-24,34
-195,-141,2090,17,38,-13
-196,-123,2071,1,9,-33
-179,-143,2073,20,7,7
-201,-108,2060,24,-32,1
-218,-130,2061,-20,3,-35
-189,-103,2062,23,14,-28
-185,-119,2068,45,-13,7
-219,-134,2056,40,2,28
-207,-131,2058,15,19,34
-184,-131,2063,40,-2,22
-219,-121,2065,28,29,23
-186,-136,2065,55,31,19
-215,-135,2080,1,9,34
-223,-127,2067,20,2,29
-206,-93,2072,36,-27,17
-204,-105,2064,24,-5,41
-206,-134,2077,11,-10,35
-213,-135,2077,41,5,40
-211,-128,2077,41,-3,28
-238,-135,2070,24,-30,38
-205,-131,2058,67,-22,6
-186,-120,2082,29,20,49
-186,-113,2066,15,19,32
-203,-122,2063,14,-9,28
-199,-130,2055,45,9,20
-189,-141,2058,20,34,22
-216,-141,2055,41,-12,27
-208,-116,2056,5,-14,36
-196,-117,2047,28,-5,-23
-224,-114,2059,37,0,-8
-213,-118,2073,25,4,-2
-201,-121,2069,28,9,-3
-200,-127,2086,13,32,-17
-224,-137,2064,25,-27,10
-222,-124,2051,40,-39,27
-200,-124,2076,25,-10,6
-219,-116,2057,11,-10,-9
-203,-135,2062,12,13,26
-190,-111,2063,19,-2,7
-179,-129,2074,4,46,-13
-189,-106,2049,40,-12,5
-179,-131,2052,4,-14,-10
-194,-147,2049,26,-28,54
-179,-135,2083,9,-5,34
-198,-112,2071,4,10,31
-213,-143,2051,0,18,-14
-190,-134,2053,-5,29,10
-191,-135,2044,0,-1,11
-202,-141,2032,18,3,-3
-210,-112,2053,4,-3,-16
-185,-115,2062,-8,-4,14
-197,-122,2067,12,9,3
-220,-133,2069,40,4,26
-217,-136,2047,38,23,12
-218,-106,2049,4,19,-36
-184,-130,2067,29,0,14
-224,-118,2061,1,14,-16
-199,-105,2062,36,-15,-10
-185,-141,2064,56,-16,4
-202,-122,2072,27,14,-17
-197,-117,2069,28,16,59
-200,-125,2080,17,18,37
-192,-106,2045,27,3,58
-206,-144,2055,3,-10,47
-192,-144,2051,30,-1,29
-193,-130,2042,17,-10,37
-233,-106,2061,5,-18,25
-220,-118,2048,-8,-7,-18
-192,-113,2064,31,-41,11
-212,-117,2060,17,-12,-21
-217,-138,2077,4,0,-32
-200,-156,2054,23,11,12
-198,-132,2074,24,12,39
-235,-116,2055,20,23,10
-216,-107,2045,15,-15,-5
-235,-107,2072,34,-23,21
-232,-117,2082,27,9,17
-201,-120,2084,14,-2,-6
-198,-109,2049,-4,9,12
-203,-108,2060,-7,32,32
-202,-128,2065,-3,14,11
-197,-119,2064,24,29,36
-198,-143,2044,7,-27,37
-211,-102,2063,27,15,36
-186,-112,2076,39,0,27
-201,-121,2053,22,-9,19
-202,-129,2049,24,-8,50
-200,-119,2057,39,-32,19
-210,-100,2058,44,-24,13
-197,-105,2065,18,-5,15
-204,-111,2079,29,3,20
-211,-122,2071,66,-21,16
-198,-139,2071,-23,-13,24
-203,-106,2084,18,36,-13
-231,-98,2083,32,-13,12
-191,-120,2046,26,27,39
-193,-134,2072,-3,3,23
-181,-133,2047,18,-41,16
-219,-127,2062,19,-48,22
-206,-133,2055,1,-14,5
-202,-117,2045,38,31,18
-210,-85,2084,54,-51,22
-196,-91,2073,13,-25,6
-211,-122,2058,-4,1,-9
-210,-128,2053,14,11,31
-208,-137,2057,7,3,11
-192,-132,2063,20,9,5
-201,-139,2027,-12,-2,9
-173,-116,2038,19,2,18
-215,-119,2060,9,20,-20
-216,-110,2065,8,10,28
-210,-132,2080,25,-7,27
-203,-118,2083,14,6,-1
-187,-143,2072,-18,6,13
-195,-128,2069,1,8,15
-200,-138,2062,27,-1,36
-193,-132,2057,-24,13,24
-187,-112,2062,4,-17,23
-206,-119,2064,24,9,33
-207,-119,2073,-4,6,5
-194,-121,2053,36,0,27
-208,-117,2069,39,25,19
-192,-132,2035,49,27,-27
-199,-130,2048,55,-23,-27
-226,-136,2073,10,-63,22
-203,-139,2064,18,-5,14
-227,-142,2053,30,20,13
-206,-114,2055,12,-2,28
-199,-144,2073,-3,14,33
-189,-121,2049,31,-27,48
-215,-141,2067,38,-1,34
-218,-114,2072,21,-4,-32
-203,-120,2048,21,11,-23
-202,-128,2067,17,-25,-22
-200,-132,2050,52,-5,5
-189,-127,2074,48,55,-8
-214,-130,2059,45,-19,-2
-205,-126,2049,34,13,33
-208,-117,2067,11,8,0
-193,-119,2060,45,-23,-14
-205,-116,2067,43,-2,43
-220,-128,2062,4,26,7
-202,-121,2060,2,17,8
-171,-119,2074,26,-7,14
-208,-124,2104,19,1,13
-205,-130,2080,-1,15,16
-222,-127,2054,3,-2,31
-190,-141,2076,-21,-14,15
-199,-129,2049,21,-23,8
-195,-130,2051,33,45,3
-209,-144,2048,43,19,13
-183,-116,2054,15,14,-8
-187,-131,2053,24,-22,2
-227,-117,2053,25,-23,24
-208,-116,2077,17,20,0
-195,-106,2070,-20,-15,-10
-203,-114,2073,3,-32,-15
-203,-129,2079,42,-6,0
-207,-129,2069,51,3,1
-227,-135,2049,56,30,-1
-206,-120,2069,38,-12,30
-191,-141,2082,40,-11,11
-213,-106,2065,9,4,-10
-207,-137,2038,16,-5,32
-196,-126,2064,25,-30,11
-211,-121,2069,15,19,5
-204,-125,2085,8,-6,33
-201,-130,2046,47,-13,10
-194,-143,2051,20,7,-28
-226,-117,2049,61,12,-14
-210,-108,2058,30,30,-1
-190,-129,2063,33,1,-17
-174,-126,2066,-4,-12,8
-229,-125,2061,14,3,-9
-183,-131,2087,40,-17,-5
-197,-128,2045,8,17,-10
-201,-133,2061,10,-13,-16
-216,-123,2061,34,22,1
-190,-129,2066,38,5,3
-205,-115,2050,17,4,35
-208,-114,2056,11,2,-13
-200,-137,2058,55,-1,35
-219,-125,2058,39,-2,14
-209,-120,2056,25,-34,38
-188,-126,2068,28,-16,6
-202,-121,2051,21,17,8
-241,-108,2040,3,30,22
-213,-131,2066,43,-14,17
-209,-116,2056,18,21,5
-201,-128,2051,50,18,35
-217,-115,2063,15,-2,15
-203,-117,2045,3,30,-19
-207,-120,2032,14,-10,1
-221,-130,2039,22,-21,41
-204,-116,2058,12,7,-3
-193,-111,2055,29,-10,-7
-224,-113,2065,28,6,-14
-206,-124,2064,9,-6,25
-212,-137,2067,19,-5,-15
-218,-135,2070,14,18,4
-212,-93,2063,27,11,9
-204,-134,2049,3,-2,-12
-193,-116,2060,33,3,13
-216,-132,2033,30,-14,23
-227,-122,2061,36,24,-28
-233,-137,2063,45,-29,-5
-202,-113,2046,-14,-9,28
-221,-135,2061,-16,5,8
-233,-101,2061,2,5,-11
-212,-112,2072,25,0,-29
-235,-134,2079,4,12,-19
-204,-122,2049,-7,27,22
-213,-121,2072,15,-11,8
-200,-131,2092,25,-6,41
-198,-120,2046,5,11,-8
-197,-129,2061,65,5,6
-209,-113,2054,26,2,9
-213,-134,2052,15,23,-3
-205,-120,2071,25,-3,28
-201,-102,2040,24,12,1
-196,-136,2037,25,15,12
-214,-115,2068,-12,25,22
-217,-130,2069,31,-32,25
-210,-99,2052,35,-5,9
-219,-117,2060,9,-11,7
-195,-117,2081,10,12,24
-202,-124,2072,-6,24,16
-193,-138,2050,45,40,-30
-204,-115,2055,50,11,2
-205,-146,2088,12,36,-34
-213,-118,2093,3,8,-34
-192,-111,2063,19,-17,-31
-198,-103,2043,2,-65,42
-185,-128,2060,-19,-21,20
-181,-120,2057,-3,11,32
-168,-123,2059,3,24,32
-194,-113,2044,-7,12,13
-207,-118,2044,17,18,24
-220,-111,2067,22,-9,-9
-209,-127,2090,21,-17,-11
-222,-148,2073,4,-4,-22
-222,-129,2060,3,3,-11
-193,-105,2068,0,30,30
-204,-134,2056,-7,9,-12
-205,-113,2050,-15,41,8
-212,-122,2052,18,-8,15
-219,-127,2065,57,-7,28
-176,-115,2060,14,-38,0
-204,-135,2066,4,-18,28
-174,-107,2052,26,0,20
-187,-132,2048,33,-16,-1
-209,-148,2083,-7,8,-22
-227,-131,2069,14,26,-9
-181,-126,2039,8,7,6
-190,-125,2048,-9,25,13
-205,-122,2065,-1,-24,24
-213,-143,2043,49,21,-12
-213,-146,2059,28,-3,-2
-234,-121,2033,6,-2,-15
-221,-113,2057,45,11,11
-210,-121,2085,34,18,-10
-217,-130,2045,23,27,-14
-187,-114,2059,34,-8,-6
-197,-132,2043,38,-20,36
-228,-126,2065,39,2,17
-184,-123,2041,8,31,13
-193,-126,2031,29,47,41
-211,-131,2051,22,-23,43
-230,-113,2059,26,1,5
-212,-124,2087,-15,-9,3
-214,-134,2047,31,15,10
-228,-98,2050,25,3,-7
-203,-106,2059,24,-5,-11
-210,-105,2061,8,1,18
-195,-115,2072,4,-7,39
-206,-138,2071,23,6,16
-189,-131,2079,29,24,35
-221,-129,2054,18,-16,34
-195,-120,2067,38,-31,37
-202,-120,2048,36,-34,19
-181,-122,2052,30,-7,7
-203,-140,2052,24,-3,25
-206,-156,2063,44,24,26
-179,-112,2067,22,32,8
-208,-135,2060,39,-17,-5
-208,-141,2044,33,-8,24
-207,-140,2062,13,1,4
-198,-103,2077,14,-35,-14
-177,-113,2064,22,-13,1
-181,-110,2061,39,10,30
-218,-116,2053,8,30,2
-200,-146,2062,15,-13,-5
-188,-109,2049,31,-31,26
-202,-105,2088,68,-8,31
-200,-103,2030,19,29,21
-178,-128,2067,37,50,26
-207,-124,2069,25,2,2
-200,-122,2059,47,-14,10
-223,-104,2066,43,24,57
-217,-129,2056,37,23,47
-198,-135,2071,32,11,28
-250,-144,2056,20,-8,41
-203,-142,2084,29,31,37
-202,-147,2085,38,15,29
-220,-137,2041,10,1,-8
-205,-145,2067,8,29,-14
-210,-132,2068,33,4,15
-189,-99,2067,4,-7,-15
-190,-125,2085,-19,-2,1
-206,-125,2079,10,9,25
-200,-123,2058,29,-3,38
-195,-106,2053,21,36,33
-177,-87,2030,28,21,29
-188,-110,2061,34,34,33
-206,-122,2092,11,6,28
-206,-105,2056,20,-29,21
-208,-116,2069,42,20,2
-222,-104,2065,20,8,-7
-199,-112,2060,26,-21,13
-230,-153,2055,-1,4,7
-211,-128,2050,15,22,7
-214,-118,2061,15,-5,22
-199,-128,2037,25,-13,36
-226,-123,2080,-4,-19,31
-175,-124,2044,3,11,12
-212,-132,2060,24,-6,48
-206,-119,2057,-9,8,10
-194,-116,2072,15,7,11
-221,-116,2058,32,-11,10
-166,-129,2083,16,19,15
-225,-147,2078,32,22,-13
-214,-135,2062,15,9,0
-187,-111,2053,55,-6,7
-211,-156,2060,45,23,-1
-228,-112,2051,18,27,7
-214,-142,2078,30,-13,23
-218,-99,2073,4,2,8
-204,-106,2069,15,-14,36
-216,-123,2073,-14,19,23
-206,-106,2062,20,11,4
-202,-126,2061,9,-29,33
-191,-150,2050,37,-5,6
-194,-93,2067,14,44,-30
-213,-109,2065,0,39,49
-228,-129,2054,18,2,35
-199,-123,2052,11,3,10
-211,-120,2039,30,-4,-1
-216,-124,2061,24,27,41
-221,-128,2038,39,27,27
-206,-123,2053,0,30,23
-211,-122,2044,24,-15,36
-209,-132,2055,23,-9,23
-189,-93,2041,18,12,12
-176,-105,2059,22,-6,14
-180,-123,2076,24,38,12
-194,-124,2067,19,3,14
-205,-122,2050,25,-8,-7
-194,-107,2036,15,24,16
-240,-124,2056,27,28,25
-245,-132,2089,23,3,40
-206,-119,2046,28,-12,22
-230,-130,2051,15,-12,39
-220,-119,2073,34,-18,33
-214,-131,2075,7,35,15
-214,-125,2062,20,1,10
-187,-130,2046,16,14,13
-203,-117,2065,21,22,28
-177,-113,2062,-7,31,12
-196,-134,2043,35,-19,20
-186,-130,2068,36,-10,3
-216,-135,2078,4,10,-1
-217,-136,2069,38,-10,23
-199,-138,2039,35,-9,-15
-207,-125,2040,31,16,-31
-200,-115,2063,33,-3,1
-192,-113,2055,30,4,-39
-196,-103,2038,29,17,-6
-197,-139,2038,11,5,-20
-174,-144,2051,35,-36,5
-199,-111,2063,7,-2,16
-192,-114,2076,11,13,-2
-193,-116,2065,25,29,35
-205,-136,2070,63,11,26
-189,-145,2056,13,1,27
-210,-146,2058,35,4,37
-191,-142,2054,35,18,1
-205,-159,2043,50,-6,18
-229,-129,2058,23,-4,23
-196,-117,2061,34,-22,50
-186,-120,2064,2,-26,30
-199,-122,2070,16,16,33
-185,-141,2034,9,31,1
-190,-115,2036,25,23,37
-208,-132,2047,18,-22,58
-186,-108,2074,18,24,17
-212,-111,2067,0,10,-27
-206,-156,2045,10,4,24
-226,-118,2042,2,6,0
-215,-109,2050,-7,-5,14
-199,-109,2053,25,-14,25
-206,-125,2062,-5,3,17
-193,-142,2067,27,15,6
-201,-140,2069,8,9,-3
-211,-135,2065,31,-5,-2
-211,-113,2086,10,-11,26
-195,-126,2066,40,-6,40
-197,-130,2056,31,-18,-40
-223,-125,2053,8,14,24
-207,-115,2066,39,11,11
-197,-135,2058,-11,28,-40
-213,-136,2050,-3,35,48
-214,-115,2077,37,-4,59
-208,-130,2039,-12,-13,39
-195,-158,2050,27,-32,40
-214,-131,2064,48,30,21
-214,-133,2044,43,18,31
-220,-141,2034,20,23,50
-233,-151,2054,47,-9,-4
-187,-124,2065,10,21,9
-225,-119,2060,36,14,16
-221,-137,2063,21,9,-17
-201,-123,2052,36,1,-7
-186,-113,2070,34,17,39
-213,-137,2074,36,19,11
-215,-135,2071,2,0,-11
-209,-119,2080,40,-7,14
-181,-130,2066,13,30,39
-190,-130,2069,34,0,39
-214,-115,2059,10,-6,14
-176,-134,2047,1,2,31
-193,-119,2060,21,29,9
-191,-133,2057,-1,5,4
-208,-134,2080,8,13,1
-211,-138,2039,9,-26,-2
-202,-125,2070,5,7,-17
-222,-122,2054,3,14,-17
-207,-91,2041,36,28,-3
-197,-111,2059,26,6,65
-192,-113,2055,4,-14,44
-214,-103,2053,17,-31,33
-207,-125,2071,2,5,19
-204,-132,2065,28,12,18
-192,-114,2084,17,-7,22
-208,-131,2056,38,18,12
-214,-126,2078,-4,-17,-5
-204,-119,2083,44,7,31
-174,-101,2054,52,-14,28
-205,-121,2062,28,9,15
-220,-128,2073,16,15,-33
-192,-134,2083,-2,17,-21
-195,-143,2065,34,2,40
-210,-139,2058,18,13,-21
-214,-137,2073,34,-9,-6
-192,-116,2062,56,3,47
-242,-106,2092,33,-3,30
-204,-132,2053,39,12,0
-207,-124,2047,26,-12,-5
-208,-150,2085,34,-4,31
-214,-133,2037,-4,20,2
-208,-102,2060,59,-1,-6
-208,-117,2068,16,0,-4
-213,-114,2072,1,13,45
-211,-125,2050,-15,-12,16
-211,-111,2081,29,3,30
-202,-102,2045,5,23,-16
-210,-123,2073,8,14,19
-218,-140,2077,37,-31,10
-180,-122,2071,28,-17,5
-206,-143,2058,5,-3,-19
-196,-140,2057,25,-2,16
-207,-133,2062,33,11,37
-214,-124,2068,-5,30,13
-182,-111,2066,27,-10,1
-179,-124,2052,34,-13,-26
-217,-121,2059,24,28,-39
-217,-116,2058,20,26,0
-184,-145,2046,14,20,7
-213,-128,2047,26,1,-26
-191,-134,2070,29,6,2
-192,-114,2062,54,-28,16
-204,-117,2069,31,-22,-2
-195,-99,2063,10,30,-19
-200,-131,2072,58,-9,14
-228,-129,2078,12,-7,12
-188,-110,2063,9,-4,8
-191,-123,2039,7,3,0
-207,-120,2046,22,2,23
-210,-150,2071,6,-10,-3
-207,-117,2054,9,-7,-6
-191,-118,2060,24,13,18
-211,-128,2087,28,-16,20
-198,-112,2054,33,8,31
-193,-112,2054,53,28,7
-209,-117,2062,39,-5,36
-216,-125,2056,10,16,21
-204,-99,2078,40,2,42
-219,-125,2060,37,-8,50
-209,-125,2064,22,23,10
-187,-135,2067,11,14,32
-201,-133,2047,17,-25,54
-197,-131,2063,11,-1,20
-194,-140,2076,6,-8,30
-206,-117,2060,53,14,6
-184,-105,2077,3,1,28
-210,-112,2068,62,-23,29
-195,-119,2068,-11,29,44
-200,-113,2086,27,15,28
-203,-127,2067,27,22,55
-202,-112,2078,29,-10,-17
-182,-127,2064,14,-22,20
-206,-151,2062,24,16,25
-186,-135,2059,24,45,23
-196,-114,2055,22,35,0
-206,-127,2063,22,-5,34
-195,-143,2056,7,-15,8
-213,-149,2044,10,-2,3
-186,-140,2071,28,-14,27
-217,-131,2058,-7,8,12
-228,-150,2062,-6,10,16
-209,-107,2059,-5,-17,42
-192,-124,2051,37,-26,16
-199,-139,2033,49,-28,9
-199,-138,2060,0,-25,-3
-199,-125,2043,37,10,13
-196,-106,2056,35,0,-5
-203,-106,2055,10,11,-1
-212,-129,2060,24,-5,6
-183,-113,2065,47,-1,30
-190,-117,2047,13,26,10
-183,-118,2063,45,-29,24
-241,-125,2043,22,-28,24
-204,-148,2083,8,8,18
-222,-133,2059,21,-6,17
-203,-131,2062,2,13,46
-217,-133,2061,2,26,39
-207,-119,2058,8,-45,11
-182,-135,2060,26,-9,49
-195,-124,2059,-29,11,24
-184,-99,2071,-8,-9,1
-175,-110,2075,-6,5,35
-200,-139,2061,36,17,8
-200,-129,2065,5,24,2
-222,-136,2050,34,-49,15
-225,-130,2070,5,4,9
-198,-116,2059,1,27,25
-208,-145,2083,29,28,41
-191,-122,2074,42,-5,16
-207,-126,2066,-10,-3,4
-221,-124,2072,17,8,24
-189,-122,2055,19,10,10
-232,-110,2058,12,43,-10
-212,-110,2088,15,18,4
-202,-110,2080,19,-9,1
-195,-113,2060,10,-11,-18
-206,-117,2059,20,-14,4
-182,-141,2064,38,-36,2
-185,-124,2061,28,11,53
-212,-128,2051,-5,-20,13
-225,-110,2048,30,-1,28
-197,-127,2049,46,20,26
-178,-116,2049,26,27,14
-212,-109,2059,13,-10,28
-199,-124,2073,59,36,11
-225,-107,2072,48,34,-11
-197,-119,2073,45,-17,-33
-209,-112,2055,63,-15,11
-189,-135,2045,5,-4,-28
-197,-117,2064,8,-8,51
-224,-125,2033,13,-30,62
-219,-117,2072,15,-11,28
-175,-130,2051,37,23,-9
-200,-130,2049,41,-2,52
-188,-123,2065,27,0,-24
-204,-137,2052,43,-1,-3
-206,-126,2063,16,9,2
-217,-132,2067,34,-6,25
-188,-128,2063,32,-30,-6
-209,-147,2083,-12,-1,-9
-205,-148,2071,24,-4,4
-206,-120,2063,17,3,20
-200,-121,2055,-1,8,32
-211,-121,2060,15,13,21
-211,-111,2069,8,2,18
-203,-130,2064,-17,53,17
-202,-141,2081,35,55,-8
-194,-131,2044,-16,26,-42
-204,-120,2059,-9,-33,-15
-220,-133,2078,-4,-22,-5
-224,-139,2054,-10,-9,-16
-216,-135,2067,34,14,1
-194,-90,2052,35,-22,7
-193,-119,2046,32,45,28
-207,-156,2062,21,17,12
-217,-139,2070,20,-35,30
-202,-139,2080,25,30,5
-194,-137,2066,10,17,22
-212,-128,2083,39,19,28
-209,-126,2068,-2,47,7
-201,-122,2071,41,34,33
-225,-117,2082,44,-6,55
-212,-113,2069,28,-21,15
-217,-116,2078,14,4,8
-201,-133,2094,29,13,29
-204,-136,2066,-3,4,11
-204,-122,2050,34,16,20
-222,-112,2056,20,17,65
-204,-108,2063,3,33,41
-193,-127,2062,7,-56,25
-221,-121,2050,6,15,2
-204,-140,2060,5,10,-8
-202,-131,2067,57,26,-8
-198,-118,2080,17,19,-9
-189,-144,2053,5,16,-6
-192,-135,2056,11,-24,27
-198,-108,2044,32,6,-14
-229,-106,2030,6,3,-46
-197,-123,2037,54,5,-6
-198,-134,2087,42,-15,-10
-217,-113,2053,46,4,-21
-185,-121,2072,24,19,10
-208,-146,2067,45,-12,-1
-218,-114,2061,37,5,28
-206,-111,2084,16,6,10
-225,-106,2081,15,7,9
-207,-124,2073,19,8,16
-186,-133,2082,5,1,18
-212,-142,2051,27,-35,26
-197,-114,2055,46,0,-12
-219,-116,2069,43,19,-13
-232,-120,2079,75,-1,11
-205,-109,2080,37,33,-19
-209,-112,2063,24,-27,-23
-216,-140,2059,7,-20,6
-215,-102,2092,29,-27,54
-211,-134,2059,4,-21,11
-222,-117,2081,-5,16,-3
-205,-111,2066,11,-37,15
-215,-115,2053,-5,-10,-2
-190,-133,2055,-10,-27,-23
-203,-138,2060,10,-1,15
-218,-128,2076,11,1,22
-235,-121,2043,17,-18,5
-222,-144,2064,6,36,4
-213,-147,2042,32,-17,2
-198,-122,2041,-1,4,-17
-205,-111,2064,5,-8,5
-203,-119,2076,-9,-5,45
-219,-147,2068,-3,21,39
-210,-100,2067,44,0,37
-202,-126,2073,6,8,25
-206,-146,2048,36,-8,0
-188,-116,2083,17,-27,5
-203,-113,2067,10,-8,3
-217,-117,2059,11,-5,27
-200,-100,2068,25,-10,-4
-192,-120,2071,6,17,-6
-206,-141,2054,23,-34,-4
-205,-126,2065,22,16,31
-204,-129,2049,0,6,19
-180,-99,2028,-13,-6,8
-206,-133,2063,30,-4,10
-200,-139,2051,20,35,12
-203,-110,2048,20,-19,34
-197,-134,2046,19,-21,20
-173,-126,2047,44,-27,20
-198,-122,2087,-7,-11,26
-214,-122,2086,49,3,5
-204,-146,2061,44,23,28
-194,-150,2065,0,-25,10
-208,-92,2068,8,27,-3
-199,-138,2058,42,14,14
-214,-134,2060,31,-2,6
-202,-128,2062,15,-3,-9
-199,-153,2063,33,10,27
-182,-142,2049,24,45,14
-216,-121,2058,9,55,3
-198,-118,2067,9,-11,24
-198,-137,2060,-5,1,2
-219,-147,2076,23,-13,30
-177,-125,2065,12,-10,-2
-207,-124,2051,-8,42,-12
-198,-120,2056,-8,23,8
-203,-124,2040,11,7,7
-198,-122,2072,20,-14,38
-195,-112,2047,6,7,14
-218,-113,2052,-5,-26,27
-215,-140,2042,16,-11,34
-195,-128,2051,37,25,28
-198,-93,2051,16,-3,15
-198,-103,2063,36,-25,30
-205,-103,2052,7,13,-7
-217,-105,2075,1,23,42
-214,-125,2080,5,26,36
-209,-120,2055,28,14,34
-200,-116,2079,16,9,15
-203,-124,2063,58,-36,21
-200,-104,2078,12,26,30
-224,-125,2076,19,12,-9
-206,-100,2050,22,25,30
-235,-122,2057,45,-3,20
-212,-123,2038,36,8,-4
-214,-112,2067,5,10,-2
-187,-118,2060,26,-12,14
-185,-127,2075,19,3,16
-212,-112,2078,36,-8,30
-209,-127,2073,21,-13,41
-222,-119,2074,26,-26,29
-201,-125,2091,29,-6,17
-209,-120,2063,25,10,44
-191,-136,2061,-3,40,15
-190,-137,2053,14,19,5
-186,-125,2066,21,-1,53
-195,-130,2060,23,-2,39
-189,-111,2047,24,-6,24
-205,-115,2054,32,-11,35
-199,-122,2066,2,27,11
-213,-112,2054,29,12,22
-204,-130,2076,15,27,-1
-211,-130,2064,44,13,33
-190,-111,2073,20,23,7
-203,-101,2054,26,-39,-3
-203,-150,2067,45,-40,58
-196,-113,2061,13,0,3
-211,-130,2083,31,-12,2
-209,-136,2073,20,-26,13
-190,-109,2067,27,23,5
-203,-121,2061,54,4,-4
-221,-144,2058,46,3,32
-202,-120,2072,21,-8,-2
-186,-113,2061,32,28,-55
-205,-121,2058,11,-5,-34
-208,-130,2062,39,0,5
-216,-141,2059,5,-15,-36
-200,-111,2068,58,-3,10
-188,-117,2041,35,3,-2
-236,-87,2071,17,10,14
-207,-118,2048,24,-10,24
-204,-137,2058,17,18,32
-233,-118,2042,20,35,15
-223,-116,2049,-2,1,16
-210,-119,2047,7,-8,2
-196,-123,2066,-2,37,-11
-217,-149,2062,24,7,-8
-183,-129,2081,30,-16,53
-226,-132,2076,-2,-20,13
-211,-119,2073,37,-18,13
-215,-147,2081,30,-27,27
-203,-107,2056,46,-12,0
-225,-141,2081,23,-17,-27
-197,-139,2076,16,-23,-1
-210,-122,2086,21,12,-4
-199,-127,2057,24,13,-4
-220,-116,2070,1,12,2
-212,-129,2062,26,8,-16
-204,-143,2066,13,0,38
-239,-98,2050,-2,18,35
-227,-129,2051,24,8,37
-215,-120,2054,55,-15,19
-206,-121,2070,28,0,18
-212,-141,2038,12,-13,2
-221,-129,2061,23,-5,20
-224,-128,2065,-13,8,19
-200,-95,2056,22,-3,50
-230,-118,2064,40,-11,24
-222,-140,2064,5,1,28
-191,-96,2062,-14,5,-16
-192,-116,2068,-11,18,18
-227,-130,2062,31,27,28
-205,-139,2086,20,9,-5
-213,-128,2060,14,-22,5
-211,-119,2091,32,-11,34
-202,-129,2070,20,-21,1
-194,-116,2070,21,-1,15
-183,-123,2056,42,10,28
-183,-138,2057,32,4,26
-191,-106,2061,-23,2,7
-197,-117,2076,31,-19,1
-204,-121,2078,50,-5,46
-203,-129,2059,46,13,44
-206,-133,2062,-2,26,-16
-201,-126,2056,25,8,39
-224,-128,2069,17,6,20
-194,-141,2050,36,42,42
-212,-126,2058,15,-12,-8
-224,-125,2081,26,12,-2
-211,-111,2047,13,31,-11
-225,-130,2051,-11,5,23
-205,-136,2066,21,-25,31
-213,-127,2049,7,-2,-5
-198,-155,2071,0,12,12
-202,-119,2050,34,7,30
-187,-124,2066,1,1,11
-194,-139,2058,14,23,26
-200,-123,2070,19,-22,30
-222,-120,2070,33,28,29
-172,-150,2043,23,18,1
-197,-126,2068,6,-7,-1
-201,-151,2072,21,-5,17
-209,-142,2053,17,-5,-20
-210,-140,2055,46,-5,-1
-199,-150,2073,39,6,0
-200,-117,2067,34,-20,16
-211,-105,2059,43,10,15
-203,-128,2053,39,14,29
-232,-123,2058,22,25,-4
-224,-128,2043,12,-27,9
-193,-126,2064,19,13,-7
-209,-139,2059,3,-11,-1
-216,-131,2039,0,15,37
-211,-138,2078,18,26,11
-191,-99,2050,19,17,1
-193,-112,2045,36,-32,29
-204,-122,2069,6,1,-33
-188,-141,2078,44,16,25
-209,-142,2061,12,25,31
-208,-120,2079,40,1,33
-198,-118,2058,19,9,23
-187,-139,2078,24,14,16
-199,-114,2069,39,11,-1
-199,-123,2056,43,26,-13
-197,-134,2086,41,-11,-7
-199,-128,2082,31,-32,21
-205,-89,2052,36,1,15
-206,-113,2055,44,26,3
-169,-148,2050,32,4,24
-208,-129,2065,46,10,3
-219,-120,2053,26,15,-7
-195,-111,2072,21,21,35
-214,-115,2070,-2,9,9
-202,-117,2087,18,-4,9
-177,-109,2076,49,-14,-2
-216,-115,2060,-2,28,17
-204,-132,2071,11,38,19
-186,-137,2075,13,-14,42
-174,-122,2058,32,-27,29
-212,-123,2066,23,10,28
-205,-119,2074,19,26,35
-191,-113,2058,21,-26,38
-213,-122,2084,28,-2,20
-206,-125,2077,24,-5,50
-196,-136,2077,6,1,13
-205,-125,2045,4,28,17
-206,-129,2075,20,9,49
-195,-133,2047,1,42,-13
-197,-132,2063,3,65,2
-222,-118,2017,43,35,15
-201,-144,2073,7,-8,0
-210,-130,2074,38,-21,-14
-222,-126,2070,12,11,0
-212,-125,2059,29,17,25
-208,-112,2075,-5,12,4
-188,-127,2083,4,17,28
-200,-135,2088,8,-3,25
-196,-125,2064,3,-17,-10
-197,-123,2083,-9,-30,18
-211,-117,2063,31,-8,27
-212,-102,2057,45,-9,3
-209,-135,2059,23,37,10
-211,-122,2036,45,-10,41
-185,-112,2076,31,20,7
-201,-106,2080,23,-28,-10
-221,-126,2065,24,0,29
-230,-128,2068,49,-4,49
-198,-100,2066,36,7,50
-212,-115,2061,26,11,24
-209,-113,2059,44,3,39
-207,-97,2046,40,-5,55
-197,-107,2082,-10,22,-19
-196,-123,2058,16,27,-23
-203,-143,2069,2,-10,22
-213,-145,2066,5,1,-2
-221,-141,2070,41,10,-2
-211,-124,2062,40,-11,10
-201,-110,2059,70,30,28
-225,-143,2077,24,15,-2
-208,-148,2072,58,-39,13
-206,-145,2079,33,14,4
-199,-131,2047,41,5,-15
-216,-133,2070,35,39,5
-211,-121,2062,20,12,13
-203,-126,2051,10,8,14
-213,-130,2041,26,-40,-2
-223,-136,2050,6,-24,22
-216,-122,2055,6,3,12
-187,-126,2038,14,25,24
-236,-111,2056,44,15,28
-210,-108,2053,21,-18,13
-197,-108,2044,23,-13,14
-179,-122,2068,47,-8,-2
-186,-130,2061,-2,38,-17
-221,-100,2067,17,29,17
-202,-119,2072,-2,-48,20
-199,-127,2076,49,-29,28
-191,-121,2051,25,-30,12
-216,-121,2064,39,22,9
-208,-130,2080,59,24,52
-212,-124,2093,17,1,29
-217,-125,2099,3,0,-23
-220,-120,2054,17,-17,32
-210,-111,2082,9,-2,30
-221,-102,2084,-8,-7,-14
-187,-129,2055,18,0,26
-195,-123,2068,11,7,11
-202,-114,2095,32,10,-12
-200,-124,2050,31,-6,-18
-222,-136,2063,11,-8,-2
-203,-131,2049,26,-6,-20
-182,-101,2062,15,14,9
-209,-108,2052,36,2,12
-186,-132,2056,40,33,35
-198,-122,2063,21,40,13
-188,-133,2098,42,-14,32
-186,-126,2056,30,-9,-27
-200,-110,2048,57,-14,11
-201,-129,2067,18,-25,10
-194,-108,2063,39,-23,29
-216,-118,2069,16,28,34
-210,-115,2088,21,22,46
-197,-116,2060,9,-17,9
-210,-136,2051,10,-11,31
-186,-133,2051,24,-20,10
-196,-116,2057,22,-41,67
-212,-134,2077,27,7,51
-191,-120,2067,15,21,23
-187,-128,2071,35,11,18
-212,-130,2071,26,-19,25
-206,-118,2069,44,-22,36
-201,-130,2060,34,-21,24
-196,-142,2049,15,4,9
-201,-157,2053,47,-24,-8
-216,-127,2064,19,-24,18
-207,-103,2032,3,25,21
-189,-119,2063,29,31,15
-197,-130,2071,19,26,11
-219,-136,2045,16,9,-2
-208,-131,2054,33,-30,31
-217,-113,2075,16,5,6
-218,-127,2071,7,8,-8
-200,-121,2060,-8,2,-10
-218,-134,2063,56,3,5
-200,-110,2053,21,22,-8
-202,-121,2056,13,-40,9
-232,-115,2060,53,-36,8
-179,-142,2061,-5,-2,-12
-196,-150,2079,5,40,13
-216,-143,2060,5,30,34
-203,-129,2054,-3,-10,40
-219,-118,2059,6,-6,-3
-205,-118,2054,3,3,14
-187,-116,2062,26,-18,30
-233,-126,2054,5,-9,26
-192,-122,2054,16,-21,11
-219,-130,2049,28,5,7
-188,-124,2050,10,36,-1
-189,-119,2058,27,-7,35
-187,-120,2074,16,-21,-8
-188,-152,2053,24,3,18
-212,-153,2042,0,-3,17
-213,-127,2060,18,-27,25
-200,-107,2043,7,-30,2
-192,-116,2043,-2,16,4
-201,-114,2059,30,35,22
-171,-123,2048,17,-14,12
-192,-105,2073,26,-9,-11
-184,-105,2084,35,15,-15
-191,-144,2073,50,27,4
-203,-126,2059,54,19,7
-232,-102,2058,20,24,-14
-196,-105,2079,25,-50,24
-198,-119,2065,32,5,3
-217,-116,2052,25,6,27
-202,-121,2054,12,15,42
-249,-128,2052,29,24,6
-221,-126,2053,24,-25,19
-217,-127,2078,25,-7,-9
-197,-128,2067,17,48,-35
-206,-121,2078,7,29,22
-183,-118,2064,12,-13,17
-226,-111,2075,-18,-14,-15
-213,-113,2056,-17,27,14
-200,-124,2054,7,11,38
-197,-123,2081,37,3,11
-200,-143,2059,-6,1,-2
-196,-138,2077,14,15,28
-181,-103,2069,22,0,35
-197,-113,2062,30,2,-39
-189,-112,2068,25,-1,-11
-210,-135,2062,37,8,-7
-209,-114,2074,-12,36,-24
-205,-117,2064,16,-14,18
-217,-126,2064,11,-4,4
-191,-112,2067,1,-16,21
-199,-134,2068,30,25,20
-213,-125,2060,12,10,10
-207,-129,2033,16,3,20
-202,-89,2050,14,22,16
-189,-114,2059,11,-7,23
-228,-136,2062,26,-5,12
-203,-125,2076,23,16,26
-192,-101,2054,33,5,2
-202,-114,2052,17,21,-4
-207,-126,2052,48,-16,26
-209,-112,2067,14,0,5
-193,-133,2067,31,34,20
-198,-128,2053,39,36,30
-216,-119,2074,22,-6,-17
-218,-125,2053,24,-16,9
-197,-141,2050,38,1,12
-201,-123,2056,29,67,-25
-218,-115,2070,4,2,36
-199,-105,2092,45,2,57
-202,-119,2041,5,9,43
-198,-118,2054,46,-9,57
-203,-123,2039,48,-17,30
-211,-127,2057,45,30,12
-168,-117,2043,2,-5,32
-197,-121,2048,28,15,60
-207,-117,2063,-8,-13,22
-193,-152,2075,33,22,0
-178,-145,2072,27,-15,28
-211,-122,2063,22,15,5
-228,-111,2054,2,24,-14
-213,-121,2076,38,-16,-1
-203,-107,2053,24,-7,-8
-199,-140,2078,47,4,-17
-205,-121,2098,66,-2,5
-206,-113,2062,59,-7,13
-201,-133,2067,5,15,-4
-196,-124,2069,1,33,19
-228,-104,2064,19,11,5
-200,-100,2054,6,-36,-1
-194,-101,2060,19,1,-8
-210,-108,2061,24,-12,35
-203,-110,2054,-2,2,16
-203,-109,2056,13,0,-3
-203,-114,2033,30,-4,23
-200,-137,2065,-6,-5,5
-199,-91,2068,2,17,20
-205,-98,2077,-2,16,14
-184,-128,2031,39,-4,11
-209,-145,2046,23,7,25
-215,-128,2068,22,34,32
-184,-124,2052,28,31,12
-176,-122,2081,33,2,0
-203,-134,2058,30,-36,7
-203,-113,2059,20,11,-8
-201,-139,2059,44,-13,64
-187,-135,2092,30,19,44
-189,-133,2049,29,-23,51
-198,-132,2075,33,24,15
-191,-138,2078,28,23,2
-199,-138,2066,18,17,58
-196,-124,2069,25,20,29
-188,-123,2073,23,-9,35
-204,-112,2088,24,-10,46
-192,-141,2057,26,5,37
-211,-130,2088,42,-19,1
-205,-126,2056,24,-11,24
-197,-150,2071,32,36,40
-187,-131,2049,44,10,27
-182,-114,2048,33,17,37
-208,-124,2064,32,4,51
-202,-134,2060,56,-8,42
-208,-102,2063,-4,-27,17
-193,-120,2031,10,24,-24
-196,-129,2036,-2,-3,-20
-197,-130,2052,7,-12,7
-181,-124,2037,4,-1,-4
-182,-113,2039,-6,-3,35
-189,-139,2032,-10,24,33
-176,-137,2034,3,-11,42
-181,-107,2067,-12,-4,19
-177,-120,2058,4,19,7
-180,-126,2074,20,-12,25
-154,-122,2061,23,-23,21
-178,-139,2066,10,5,46
-172,-116,2073,-11,51,0
-193,-109,2077,38,29,20
-218,-109,2065,4,-5,2
-209,-119,2070,-1,-1,-8
-204,-120,2072,18,-2,6
-207,-94,2082,22,-15,-3
-220,-138,2075,21,-15,1
-238,-121,2070,2,-11,2
-188,-113,